-- Install configuration: ""
-- Execute custom install script
-- Up-to-date symlink: /home/deepblue/ros2_autonomous_cpp/install/common/lib/common/lidar_monitor.py
-- Up-to-date symlink: /home/deepblue/ros2_autonomous_cpp/install/common/lib/common/ultrasonic_monitor.py
-- Up-to-date symlink: /home/deepblue/ros2_autonomous_cpp/install/common/share/common//launch/sensor_debug.launch
-- Up-to-date symlink: /home/deepblue/ros2_autonomous_cpp/install/common/share/ament_index/resource_index/package_run_dependencies/common
-- Up-to-date symlink: /home/deepblue/ros2_autonomous_cpp/install/common/share/ament_index/resource_index/parent_prefix_path/common
-- Up-to-date symlink: /home/deepblue/ros2_autonomous_cpp/install/common/share/common/environment/ament_prefix_path.sh
-- Up-to-date symlink: /home/deepblue/ros2_autonomous_cpp/install/common/share/common/environment/ament_prefix_path.dsv
-- Up-to-date symlink: /home/deepblue/ros2_autonomous_cpp/install/common/share/common/environment/path.sh
-- Up-to-date symlink: /home/deepblue/ros2_autonomous_cpp/install/common/share/common/environment/path.dsv
-- Up-to-date symlink: /home/deepblue/ros2_autonomous_cpp/install/common/share/common/local_setup.bash
-- Up-to-date symlink: /home/deepblue/ros2_autonomous_cpp/install/common/share/common/local_setup.sh
-- Up-to-date symlink: /home/deepblue/ros2_autonomous_cpp/install/common/share/common/local_setup.zsh
-- Up-to-date symlink: /home/deepblue/ros2_autonomous_cpp/install/common/share/common/local_setup.dsv
-- Symlinking: /home/deepblue/ros2_autonomous_cpp/install/common/share/common/package.dsv
-- Up-to-date symlink: /home/deepblue/ros2_autonomous_cpp/install/common/share/ament_index/resource_index/packages/common
-- Up-to-date symlink: /home/deepblue/ros2_autonomous_cpp/install/common/share/common/cmake/commonConfig.cmake
-- Up-to-date symlink: /home/deepblue/ros2_autonomous_cpp/install/common/share/common/cmake/commonConfig-version.cmake
-- Up-to-date symlink: /home/deepblue/ros2_autonomous_cpp/install/common/share/common/package.xml
