[0.013s] Invoking command in '/home/deepblue/ros2_autonomous_cpp/build/usb_cam_driver': CMAKE_PREFIX_PATH=/opt/ros/humble /usr/bin/cmake --build /home/deepblue/ros2_autonomous_cpp/build/usb_cam_driver -- -j16 -l16
[0.040s] Invoked command in '/home/deepblue/ros2_autonomous_cpp/build/usb_cam_driver' returned '0': CMAKE_PREFIX_PATH=/opt/ros/humble /usr/bin/cmake --build /home/deepblue/ros2_autonomous_cpp/build/usb_cam_driver -- -j16 -l16
[0.041s] Invoking command in '/home/deepblue/ros2_autonomous_cpp/build/usb_cam_driver': CMAKE_PREFIX_PATH=/opt/ros/humble /usr/bin/cmake --install /home/deepblue/ros2_autonomous_cpp/build/usb_cam_driver
[0.046s] -- Install configuration: ""
[0.047s] -- Execute custom install script
[0.047s] -- Up-to-date symlink: /home/deepblue/ros2_autonomous_cpp/install/usb_cam_driver/share/usb_cam_driver//launch/usb_cam.launch
[0.047s] -- Up-to-date symlink: /home/deepblue/ros2_autonomous_cpp/install/usb_cam_driver/share/usb_cam_driver//config/usb_cam.yaml
[0.047s] -- Up-to-date symlink: /home/deepblue/ros2_autonomous_cpp/install/usb_cam_driver/share/ament_index/resource_index/package_run_dependencies/usb_cam_driver
[0.047s] -- Up-to-date symlink: /home/deepblue/ros2_autonomous_cpp/install/usb_cam_driver/share/ament_index/resource_index/parent_prefix_path/usb_cam_driver
[0.048s] -- Up-to-date symlink: /home/deepblue/ros2_autonomous_cpp/install/usb_cam_driver/share/usb_cam_driver/environment/ament_prefix_path.sh
[0.048s] -- Up-to-date symlink: /home/deepblue/ros2_autonomous_cpp/install/usb_cam_driver/share/usb_cam_driver/environment/ament_prefix_path.dsv
[0.048s] -- Up-to-date symlink: /home/deepblue/ros2_autonomous_cpp/install/usb_cam_driver/share/usb_cam_driver/environment/path.sh
[0.048s] -- Up-to-date symlink: /home/deepblue/ros2_autonomous_cpp/install/usb_cam_driver/share/usb_cam_driver/environment/path.dsv
[0.048s] -- Up-to-date symlink: /home/deepblue/ros2_autonomous_cpp/install/usb_cam_driver/share/usb_cam_driver/local_setup.bash
[0.048s] -- Up-to-date symlink: /home/deepblue/ros2_autonomous_cpp/install/usb_cam_driver/share/usb_cam_driver/local_setup.sh
[0.048s] -- Up-to-date symlink: /home/deepblue/ros2_autonomous_cpp/install/usb_cam_driver/share/usb_cam_driver/local_setup.zsh
[0.048s] -- Up-to-date symlink: /home/deepblue/ros2_autonomous_cpp/install/usb_cam_driver/share/usb_cam_driver/local_setup.dsv
[0.048s] -- Symlinking: /home/deepblue/ros2_autonomous_cpp/install/usb_cam_driver/share/usb_cam_driver/package.dsv
[0.059s] -- Up-to-date symlink: /home/deepblue/ros2_autonomous_cpp/install/usb_cam_driver/share/ament_index/resource_index/packages/usb_cam_driver
[0.059s] -- Up-to-date symlink: /home/deepblue/ros2_autonomous_cpp/install/usb_cam_driver/share/usb_cam_driver/cmake/usb_cam_driverConfig.cmake
[0.059s] -- Up-to-date symlink: /home/deepblue/ros2_autonomous_cpp/install/usb_cam_driver/share/usb_cam_driver/cmake/usb_cam_driverConfig-version.cmake
[0.059s] -- Up-to-date symlink: /home/deepblue/ros2_autonomous_cpp/install/usb_cam_driver/share/usb_cam_driver/package.xml
[0.067s] Invoked command in '/home/deepblue/ros2_autonomous_cpp/build/usb_cam_driver' returned '0': CMAKE_PREFIX_PATH=/opt/ros/humble /usr/bin/cmake --install /home/deepblue/ros2_autonomous_cpp/build/usb_cam_driver
