[0.010s] Invoking command in '/home/deepblue/ros2_autonomous_cpp/build/rplidar_driver': CMAKE_PREFIX_PATH=/opt/ros/humble /usr/bin/cmake /home/deepblue/ros2_autonomous_cpp/src/drivers/rplidar_driver -DAMENT_CMAKE_SYMLINK_INSTALL=1 -DCMAKE_INSTALL_PREFIX=/home/deepblue/ros2_autonomous_cpp/install/rplidar_driver
[0.047s] -- The C compiler identification is GNU 11.4.0
[0.078s] -- The CXX compiler identification is GNU 11.4.0
[0.082s] -- Detecting C compiler ABI info
[0.121s] -- Detecting C compiler ABI info - done
[0.125s] -- Check for working C compiler: /usr/bin/cc - skipped
[0.125s] -- Detecting C compile features
[0.125s] -- Detecting C compile features - done
[0.127s] -- Detecting CXX compiler ABI info
[0.175s] -- Detecting CXX compiler ABI info - done
[0.179s] -- Check for working CXX compiler: /usr/bin/c++ - skipped
[0.179s] -- Detecting CXX compile features
[0.179s] -- Detecting CXX compile features - done
[0.180s] -- Found ament_cmake: 1.3.12 (/opt/ros/humble/share/ament_cmake/cmake)
[0.270s] -- Found Python3: /usr/bin/python3 (found version "3.10.12") found components: Interpreter 
[0.318s] -- Override CMake install command with custom implementation using symlinks instead of copying resources
[0.331s] -- Found ament_lint_auto: 0.12.14 (/opt/ros/humble/share/ament_lint_auto/cmake)
[0.378s] -- Added test 'copyright' to check source files copyright and LICENSE
[0.378s] -- Added test 'lint_cmake' to check CMake code style
[0.379s] -- Added test 'xmllint' to check XML markup files
[0.379s] -- Configuring done
[0.381s] -- Generating done
[0.382s] -- Build files have been written to: /home/deepblue/ros2_autonomous_cpp/build/rplidar_driver
[0.386s] Invoked command in '/home/deepblue/ros2_autonomous_cpp/build/rplidar_driver' returned '0': CMAKE_PREFIX_PATH=/opt/ros/humble /usr/bin/cmake /home/deepblue/ros2_autonomous_cpp/src/drivers/rplidar_driver -DAMENT_CMAKE_SYMLINK_INSTALL=1 -DCMAKE_INSTALL_PREFIX=/home/deepblue/ros2_autonomous_cpp/install/rplidar_driver
[0.388s] Invoking command in '/home/deepblue/ros2_autonomous_cpp/build/rplidar_driver': CMAKE_PREFIX_PATH=/opt/ros/humble /usr/bin/cmake --build /home/deepblue/ros2_autonomous_cpp/build/rplidar_driver -- -j16 -l16
[0.411s] Invoked command in '/home/deepblue/ros2_autonomous_cpp/build/rplidar_driver' returned '0': CMAKE_PREFIX_PATH=/opt/ros/humble /usr/bin/cmake --build /home/deepblue/ros2_autonomous_cpp/build/rplidar_driver -- -j16 -l16
[0.418s] Invoking command in '/home/deepblue/ros2_autonomous_cpp/build/rplidar_driver': CMAKE_PREFIX_PATH=/opt/ros/humble /usr/bin/cmake --install /home/deepblue/ros2_autonomous_cpp/build/rplidar_driver
[0.422s] -- Install configuration: ""
[0.423s] -- Execute custom install script
[0.423s] -- Symlinking: /home/deepblue/ros2_autonomous_cpp/install/rplidar_driver/share/rplidar_driver//launch/rplidar.launch
[0.428s] -- Symlinking: /home/deepblue/ros2_autonomous_cpp/install/rplidar_driver/share/rplidar_driver//config/rplidar.yaml
[0.434s] -- Symlinking: /home/deepblue/ros2_autonomous_cpp/install/rplidar_driver/share/ament_index/resource_index/package_run_dependencies/rplidar_driver
[0.438s] -- Symlinking: /home/deepblue/ros2_autonomous_cpp/install/rplidar_driver/share/ament_index/resource_index/parent_prefix_path/rplidar_driver
[0.442s] -- Symlinking: /home/deepblue/ros2_autonomous_cpp/install/rplidar_driver/share/rplidar_driver/environment/ament_prefix_path.sh
[0.448s] -- Symlinking: /home/deepblue/ros2_autonomous_cpp/install/rplidar_driver/share/rplidar_driver/environment/ament_prefix_path.dsv
[0.453s] -- Symlinking: /home/deepblue/ros2_autonomous_cpp/install/rplidar_driver/share/rplidar_driver/environment/path.sh
[0.458s] -- Symlinking: /home/deepblue/ros2_autonomous_cpp/install/rplidar_driver/share/rplidar_driver/environment/path.dsv
[0.463s] -- Symlinking: /home/deepblue/ros2_autonomous_cpp/install/rplidar_driver/share/rplidar_driver/local_setup.bash
[0.468s] -- Symlinking: /home/deepblue/ros2_autonomous_cpp/install/rplidar_driver/share/rplidar_driver/local_setup.sh
[0.472s] -- Symlinking: /home/deepblue/ros2_autonomous_cpp/install/rplidar_driver/share/rplidar_driver/local_setup.zsh
[0.477s] -- Symlinking: /home/deepblue/ros2_autonomous_cpp/install/rplidar_driver/share/rplidar_driver/local_setup.dsv
[0.482s] -- Symlinking: /home/deepblue/ros2_autonomous_cpp/install/rplidar_driver/share/rplidar_driver/package.dsv
[0.487s] -- Symlinking: /home/deepblue/ros2_autonomous_cpp/install/rplidar_driver/share/ament_index/resource_index/packages/rplidar_driver
[0.492s] -- Symlinking: /home/deepblue/ros2_autonomous_cpp/install/rplidar_driver/share/rplidar_driver/cmake/rplidar_driverConfig.cmake
[0.498s] -- Symlinking: /home/deepblue/ros2_autonomous_cpp/install/rplidar_driver/share/rplidar_driver/cmake/rplidar_driverConfig-version.cmake
[0.502s] -- Symlinking: /home/deepblue/ros2_autonomous_cpp/install/rplidar_driver/share/rplidar_driver/package.xml
[0.517s] Invoked command in '/home/deepblue/ros2_autonomous_cpp/build/rplidar_driver' returned '0': CMAKE_PREFIX_PATH=/opt/ros/humble /usr/bin/cmake --install /home/deepblue/ros2_autonomous_cpp/build/rplidar_driver
