-- Install configuration: ""
-- Execute custom install script
-- Up-to-date symlink: /home/deepblue/ros2_autonomous_cpp/install/usb_cam_driver/share/usb_cam_driver//launch/usb_cam.launch
-- Symlinking: /home/deepblue/ros2_autonomous_cpp/install/usb_cam_driver/share/usb_cam_driver//launch/usb_cam_launch.py
-- Up-to-date symlink: /home/deepblue/ros2_autonomous_cpp/install/usb_cam_driver/share/usb_cam_driver//config/usb_cam.yaml
-- Up-to-date symlink: /home/deepblue/ros2_autonomous_cpp/install/usb_cam_driver/share/ament_index/resource_index/package_run_dependencies/usb_cam_driver
-- Up-to-date symlink: /home/deepblue/ros2_autonomous_cpp/install/usb_cam_driver/share/ament_index/resource_index/parent_prefix_path/usb_cam_driver
-- Up-to-date symlink: /home/deepblue/ros2_autonomous_cpp/install/usb_cam_driver/share/usb_cam_driver/environment/ament_prefix_path.sh
-- Up-to-date symlink: /home/deepblue/ros2_autonomous_cpp/install/usb_cam_driver/share/usb_cam_driver/environment/ament_prefix_path.dsv
-- Up-to-date symlink: /home/deepblue/ros2_autonomous_cpp/install/usb_cam_driver/share/usb_cam_driver/environment/path.sh
-- Up-to-date symlink: /home/deepblue/ros2_autonomous_cpp/install/usb_cam_driver/share/usb_cam_driver/environment/path.dsv
-- Up-to-date symlink: /home/deepblue/ros2_autonomous_cpp/install/usb_cam_driver/share/usb_cam_driver/local_setup.bash
-- Up-to-date symlink: /home/deepblue/ros2_autonomous_cpp/install/usb_cam_driver/share/usb_cam_driver/local_setup.sh
-- Up-to-date symlink: /home/deepblue/ros2_autonomous_cpp/install/usb_cam_driver/share/usb_cam_driver/local_setup.zsh
-- Up-to-date symlink: /home/deepblue/ros2_autonomous_cpp/install/usb_cam_driver/share/usb_cam_driver/local_setup.dsv
-- Symlinking: /home/deepblue/ros2_autonomous_cpp/install/usb_cam_driver/share/usb_cam_driver/package.dsv
-- Up-to-date symlink: /home/deepblue/ros2_autonomous_cpp/install/usb_cam_driver/share/ament_index/resource_index/packages/usb_cam_driver
-- Up-to-date symlink: /home/deepblue/ros2_autonomous_cpp/install/usb_cam_driver/share/usb_cam_driver/cmake/usb_cam_driverConfig.cmake
-- Up-to-date symlink: /home/deepblue/ros2_autonomous_cpp/install/usb_cam_driver/share/usb_cam_driver/cmake/usb_cam_driverConfig-version.cmake
-- Up-to-date symlink: /home/deepblue/ros2_autonomous_cpp/install/usb_cam_driver/share/usb_cam_driver/package.xml
