[0.015s] Invoking command in '/home/deepblue/ros2_autonomous_cpp/build/usb_cam_driver': CMAKE_PREFIX_PATH=/opt/ros/humble /usr/bin/cmake --build /home/deepblue/ros2_autonomous_cpp/build/usb_cam_driver -- -j16 -l16
[0.044s] Invoked command in '/home/deepblue/ros2_autonomous_cpp/build/usb_cam_driver' returned '0': CMAKE_PREFIX_PATH=/opt/ros/humble /usr/bin/cmake --build /home/deepblue/ros2_autonomous_cpp/build/usb_cam_driver -- -j16 -l16
[0.045s] Invoking command in '/home/deepblue/ros2_autonomous_cpp/build/usb_cam_driver': CMAKE_PREFIX_PATH=/opt/ros/humble /usr/bin/cmake --install /home/deepblue/ros2_autonomous_cpp/build/usb_cam_driver
[0.049s] -- Install configuration: ""
[0.049s] -- Execute custom install script
[0.050s] -- Up-to-date symlink: /home/deepblue/ros2_autonomous_cpp/install/usb_cam_driver/share/usb_cam_driver//launch/usb_cam.launch
[0.050s] -- Symlinking: /home/deepblue/ros2_autonomous_cpp/install/usb_cam_driver/share/usb_cam_driver//launch/usb_cam_launch.py
[0.060s] -- Up-to-date symlink: /home/deepblue/ros2_autonomous_cpp/install/usb_cam_driver/share/usb_cam_driver//config/usb_cam.yaml
[0.060s] -- Up-to-date symlink: /home/deepblue/ros2_autonomous_cpp/install/usb_cam_driver/share/ament_index/resource_index/package_run_dependencies/usb_cam_driver
[0.060s] -- Up-to-date symlink: /home/deepblue/ros2_autonomous_cpp/install/usb_cam_driver/share/ament_index/resource_index/parent_prefix_path/usb_cam_driver
[0.060s] -- Up-to-date symlink: /home/deepblue/ros2_autonomous_cpp/install/usb_cam_driver/share/usb_cam_driver/environment/ament_prefix_path.sh
[0.060s] -- Up-to-date symlink: /home/deepblue/ros2_autonomous_cpp/install/usb_cam_driver/share/usb_cam_driver/environment/ament_prefix_path.dsv
[0.060s] -- Up-to-date symlink: /home/deepblue/ros2_autonomous_cpp/install/usb_cam_driver/share/usb_cam_driver/environment/path.sh
[0.060s] -- Up-to-date symlink: /home/deepblue/ros2_autonomous_cpp/install/usb_cam_driver/share/usb_cam_driver/environment/path.dsv
[0.060s] -- Up-to-date symlink: /home/deepblue/ros2_autonomous_cpp/install/usb_cam_driver/share/usb_cam_driver/local_setup.bash
[0.060s] -- Up-to-date symlink: /home/deepblue/ros2_autonomous_cpp/install/usb_cam_driver/share/usb_cam_driver/local_setup.sh
[0.061s] -- Up-to-date symlink: /home/deepblue/ros2_autonomous_cpp/install/usb_cam_driver/share/usb_cam_driver/local_setup.zsh
[0.061s] -- Up-to-date symlink: /home/deepblue/ros2_autonomous_cpp/install/usb_cam_driver/share/usb_cam_driver/local_setup.dsv
[0.061s] -- Symlinking: /home/deepblue/ros2_autonomous_cpp/install/usb_cam_driver/share/usb_cam_driver/package.dsv
[0.076s] -- Up-to-date symlink: /home/deepblue/ros2_autonomous_cpp/install/usb_cam_driver/share/ament_index/resource_index/packages/usb_cam_driver
[0.077s] -- Up-to-date symlink: /home/deepblue/ros2_autonomous_cpp/install/usb_cam_driver/share/usb_cam_driver/cmake/usb_cam_driverConfig.cmake
[0.077s] -- Up-to-date symlink: /home/deepblue/ros2_autonomous_cpp/install/usb_cam_driver/share/usb_cam_driver/cmake/usb_cam_driverConfig-version.cmake
[0.077s] -- Up-to-date symlink: /home/deepblue/ros2_autonomous_cpp/install/usb_cam_driver/share/usb_cam_driver/package.xml
[0.080s] Invoked command in '/home/deepblue/ros2_autonomous_cpp/build/usb_cam_driver' returned '0': CMAKE_PREFIX_PATH=/opt/ros/humble /usr/bin/cmake --install /home/deepblue/ros2_autonomous_cpp/build/usb_cam_driver
