[0.010s] Invoking command in '/home/deepblue/ros2_autonomous_cpp/build/common': CMAKE_PREFIX_PATH=/opt/ros/humble /usr/bin/cmake /home/deepblue/ros2_autonomous_cpp/src/common -DAMENT_CMAKE_SYMLINK_INSTALL=1 -DCMAKE_INSTALL_PREFIX=/home/deepblue/ros2_autonomous_cpp/install/common
[0.042s] -- The C compiler identification is GNU 11.4.0
[0.077s] -- The CXX compiler identification is GNU 11.4.0
[0.081s] -- Detecting C compiler ABI info
[0.120s] -- Detecting C compiler ABI info - done
[0.125s] -- Check for working C compiler: /usr/bin/cc - skipped
[0.125s] -- Detecting C compile features
[0.126s] -- Detecting C compile features - done
[0.127s] -- Detecting CXX compiler ABI info
[0.176s] -- Detecting CXX compiler ABI info - done
[0.180s] -- Check for working CXX compiler: /usr/bin/c++ - skipped
[0.180s] -- Detecting CXX compile features
[0.181s] -- Detecting CXX compile features - done
[0.182s] -- Found ament_cmake: 1.3.12 (/opt/ros/humble/share/ament_cmake/cmake)
[0.281s] -- Found Python3: /usr/bin/python3 (found version "3.10.12") found components: Interpreter 
[0.319s] -- Override CMake install command with custom implementation using symlinks instead of copying resources
[0.331s] -- Found rclpy: 3.3.19 (/opt/ros/humble/share/rclpy/cmake)
[0.331s] -- Found ament_lint_auto: 0.12.14 (/opt/ros/humble/share/ament_lint_auto/cmake)
[0.381s] -- Added test 'copyright' to check source files copyright and LICENSE
[0.381s] -- Added test 'flake8' to check Python code syntax and style conventions
[0.382s] -- Added test 'lint_cmake' to check CMake code style
[0.382s] -- Added test 'pep257' to check Python code against some of the docstring style conventions in PEP 257
[0.384s] -- Added test 'xmllint' to check XML markup files
[0.384s] -- Configuring done
[0.384s] -- Generating done
[0.385s] -- Build files have been written to: /home/deepblue/ros2_autonomous_cpp/build/common
[0.389s] Invoked command in '/home/deepblue/ros2_autonomous_cpp/build/common' returned '0': CMAKE_PREFIX_PATH=/opt/ros/humble /usr/bin/cmake /home/deepblue/ros2_autonomous_cpp/src/common -DAMENT_CMAKE_SYMLINK_INSTALL=1 -DCMAKE_INSTALL_PREFIX=/home/deepblue/ros2_autonomous_cpp/install/common
[0.390s] Invoking command in '/home/deepblue/ros2_autonomous_cpp/build/common': CMAKE_PREFIX_PATH=/opt/ros/humble /usr/bin/cmake --build /home/deepblue/ros2_autonomous_cpp/build/common -- -j16 -l16
[0.417s] Invoked command in '/home/deepblue/ros2_autonomous_cpp/build/common' returned '0': CMAKE_PREFIX_PATH=/opt/ros/humble /usr/bin/cmake --build /home/deepblue/ros2_autonomous_cpp/build/common -- -j16 -l16
[0.418s] Invoking command in '/home/deepblue/ros2_autonomous_cpp/build/common': CMAKE_PREFIX_PATH=/opt/ros/humble /usr/bin/cmake --install /home/deepblue/ros2_autonomous_cpp/build/common
[0.423s] -- Install configuration: ""
[0.424s] -- Execute custom install script
[0.424s] -- Symlinking: /home/deepblue/ros2_autonomous_cpp/install/common/lib/common/lidar_monitor.py
[0.428s] -- Symlinking: /home/deepblue/ros2_autonomous_cpp/install/common/lib/common/ultrasonic_monitor.py
[0.433s] -- Symlinking: /home/deepblue/ros2_autonomous_cpp/install/common/share/common//launch/sensor_debug.launch
[0.438s] -- Symlinking: /home/deepblue/ros2_autonomous_cpp/install/common/share/ament_index/resource_index/package_run_dependencies/common
[0.444s] -- Symlinking: /home/deepblue/ros2_autonomous_cpp/install/common/share/ament_index/resource_index/parent_prefix_path/common
[0.449s] -- Symlinking: /home/deepblue/ros2_autonomous_cpp/install/common/share/common/environment/ament_prefix_path.sh
[0.454s] -- Symlinking: /home/deepblue/ros2_autonomous_cpp/install/common/share/common/environment/ament_prefix_path.dsv
[0.459s] -- Symlinking: /home/deepblue/ros2_autonomous_cpp/install/common/share/common/environment/path.sh
[0.464s] -- Symlinking: /home/deepblue/ros2_autonomous_cpp/install/common/share/common/environment/path.dsv
[0.468s] -- Symlinking: /home/deepblue/ros2_autonomous_cpp/install/common/share/common/local_setup.bash
[0.473s] -- Symlinking: /home/deepblue/ros2_autonomous_cpp/install/common/share/common/local_setup.sh
[0.478s] -- Symlinking: /home/deepblue/ros2_autonomous_cpp/install/common/share/common/local_setup.zsh
[0.483s] -- Symlinking: /home/deepblue/ros2_autonomous_cpp/install/common/share/common/local_setup.dsv
[0.488s] -- Symlinking: /home/deepblue/ros2_autonomous_cpp/install/common/share/common/package.dsv
[0.494s] -- Symlinking: /home/deepblue/ros2_autonomous_cpp/install/common/share/ament_index/resource_index/packages/common
[0.498s] -- Symlinking: /home/deepblue/ros2_autonomous_cpp/install/common/share/common/cmake/commonConfig.cmake
[0.503s] -- Symlinking: /home/deepblue/ros2_autonomous_cpp/install/common/share/common/cmake/commonConfig-version.cmake
[0.513s] -- Symlinking: /home/deepblue/ros2_autonomous_cpp/install/common/share/common/package.xml
[0.523s] Invoked command in '/home/deepblue/ros2_autonomous_cpp/build/common' returned '0': CMAKE_PREFIX_PATH=/opt/ros/humble /usr/bin/cmake --install /home/deepblue/ros2_autonomous_cpp/build/common
