[0.009s] Invoking command in '/home/deepblue/ros2_autonomous_cpp/build/bringup': AMENT_PREFIX_PATH=/home/deepblue/ros2_autonomous_cpp/install/usb_cam_driver:/home/deepblue/ros2_autonomous_cpp/install/ultrasonic_driver:/home/deepblue/ros2_autonomous_cpp/install/rplidar_driver:/home/deepblue/ros2_autonomous_cpp/install/perception_pkg:/home/deepblue/ros2_autonomous_cpp/install/decision:/home/deepblue/ros2_autonomous_cpp/install/arduino_driver:${AMENT_PREFIX_PATH} CMAKE_PREFIX_PATH=/home/deepblue/ros2_autonomous_cpp/install/usb_cam_driver:/home/deepblue/ros2_autonomous_cpp/install/ultrasonic_driver:/home/deepblue/ros2_autonomous_cpp/install/rplidar_driver:/home/deepblue/ros2_autonomous_cpp/install/perception_pkg:/home/deepblue/ros2_autonomous_cpp/install/decision:/home/deepblue/ros2_autonomous_cpp/install/arduino_driver:/opt/ros/humble LD_LIBRARY_PATH=/home/deepblue/ros2_autonomous_cpp/install/perception_pkg/lib:${LD_LIBRARY_PATH} /usr/bin/cmake /home/deepblue/ros2_autonomous_cpp/src/bringup -DCMAKE_INSTALL_PREFIX=/home/deepblue/ros2_autonomous_cpp/install/bringup
[0.017s] -- Found ament_cmake: 1.3.12 (/opt/ros/humble/share/ament_cmake/cmake)
[0.087s] -- Override CMake install command with custom implementation using symlinks instead of copying resources
[0.091s] -- Found ament_lint_auto: 0.12.14 (/opt/ros/humble/share/ament_lint_auto/cmake)
[0.131s] -- Added test 'copyright' to check source files copyright and LICENSE
[0.132s] -- Added test 'lint_cmake' to check CMake code style
[0.132s] -- Added test 'xmllint' to check XML markup files
[0.133s] -- Configuring done
[0.134s] -- Generating done
[0.135s] -- Build files have been written to: /home/deepblue/ros2_autonomous_cpp/build/bringup
[0.137s] Invoked command in '/home/deepblue/ros2_autonomous_cpp/build/bringup' returned '0': AMENT_PREFIX_PATH=/home/deepblue/ros2_autonomous_cpp/install/usb_cam_driver:/home/deepblue/ros2_autonomous_cpp/install/ultrasonic_driver:/home/deepblue/ros2_autonomous_cpp/install/rplidar_driver:/home/deepblue/ros2_autonomous_cpp/install/perception_pkg:/home/deepblue/ros2_autonomous_cpp/install/decision:/home/deepblue/ros2_autonomous_cpp/install/arduino_driver:${AMENT_PREFIX_PATH} CMAKE_PREFIX_PATH=/home/deepblue/ros2_autonomous_cpp/install/usb_cam_driver:/home/deepblue/ros2_autonomous_cpp/install/ultrasonic_driver:/home/deepblue/ros2_autonomous_cpp/install/rplidar_driver:/home/deepblue/ros2_autonomous_cpp/install/perception_pkg:/home/deepblue/ros2_autonomous_cpp/install/decision:/home/deepblue/ros2_autonomous_cpp/install/arduino_driver:/opt/ros/humble LD_LIBRARY_PATH=/home/deepblue/ros2_autonomous_cpp/install/perception_pkg/lib:${LD_LIBRARY_PATH} /usr/bin/cmake /home/deepblue/ros2_autonomous_cpp/src/bringup -DCMAKE_INSTALL_PREFIX=/home/deepblue/ros2_autonomous_cpp/install/bringup
[0.138s] Invoking command in '/home/deepblue/ros2_autonomous_cpp/build/bringup': AMENT_PREFIX_PATH=/home/deepblue/ros2_autonomous_cpp/install/usb_cam_driver:/home/deepblue/ros2_autonomous_cpp/install/ultrasonic_driver:/home/deepblue/ros2_autonomous_cpp/install/rplidar_driver:/home/deepblue/ros2_autonomous_cpp/install/perception_pkg:/home/deepblue/ros2_autonomous_cpp/install/decision:/home/deepblue/ros2_autonomous_cpp/install/arduino_driver:${AMENT_PREFIX_PATH} CMAKE_PREFIX_PATH=/home/deepblue/ros2_autonomous_cpp/install/usb_cam_driver:/home/deepblue/ros2_autonomous_cpp/install/ultrasonic_driver:/home/deepblue/ros2_autonomous_cpp/install/rplidar_driver:/home/deepblue/ros2_autonomous_cpp/install/perception_pkg:/home/deepblue/ros2_autonomous_cpp/install/decision:/home/deepblue/ros2_autonomous_cpp/install/arduino_driver:/opt/ros/humble LD_LIBRARY_PATH=/home/deepblue/ros2_autonomous_cpp/install/perception_pkg/lib:${LD_LIBRARY_PATH} /usr/bin/cmake --build /home/deepblue/ros2_autonomous_cpp/build/bringup -- -j16 -l16
[0.161s] Invoked command in '/home/deepblue/ros2_autonomous_cpp/build/bringup' returned '0': AMENT_PREFIX_PATH=/home/deepblue/ros2_autonomous_cpp/install/usb_cam_driver:/home/deepblue/ros2_autonomous_cpp/install/ultrasonic_driver:/home/deepblue/ros2_autonomous_cpp/install/rplidar_driver:/home/deepblue/ros2_autonomous_cpp/install/perception_pkg:/home/deepblue/ros2_autonomous_cpp/install/decision:/home/deepblue/ros2_autonomous_cpp/install/arduino_driver:${AMENT_PREFIX_PATH} CMAKE_PREFIX_PATH=/home/deepblue/ros2_autonomous_cpp/install/usb_cam_driver:/home/deepblue/ros2_autonomous_cpp/install/ultrasonic_driver:/home/deepblue/ros2_autonomous_cpp/install/rplidar_driver:/home/deepblue/ros2_autonomous_cpp/install/perception_pkg:/home/deepblue/ros2_autonomous_cpp/install/decision:/home/deepblue/ros2_autonomous_cpp/install/arduino_driver:/opt/ros/humble LD_LIBRARY_PATH=/home/deepblue/ros2_autonomous_cpp/install/perception_pkg/lib:${LD_LIBRARY_PATH} /usr/bin/cmake --build /home/deepblue/ros2_autonomous_cpp/build/bringup -- -j16 -l16
[0.162s] Invoking command in '/home/deepblue/ros2_autonomous_cpp/build/bringup': AMENT_PREFIX_PATH=/home/deepblue/ros2_autonomous_cpp/install/usb_cam_driver:/home/deepblue/ros2_autonomous_cpp/install/ultrasonic_driver:/home/deepblue/ros2_autonomous_cpp/install/rplidar_driver:/home/deepblue/ros2_autonomous_cpp/install/perception_pkg:/home/deepblue/ros2_autonomous_cpp/install/decision:/home/deepblue/ros2_autonomous_cpp/install/arduino_driver:${AMENT_PREFIX_PATH} CMAKE_PREFIX_PATH=/home/deepblue/ros2_autonomous_cpp/install/usb_cam_driver:/home/deepblue/ros2_autonomous_cpp/install/ultrasonic_driver:/home/deepblue/ros2_autonomous_cpp/install/rplidar_driver:/home/deepblue/ros2_autonomous_cpp/install/perception_pkg:/home/deepblue/ros2_autonomous_cpp/install/decision:/home/deepblue/ros2_autonomous_cpp/install/arduino_driver:/opt/ros/humble LD_LIBRARY_PATH=/home/deepblue/ros2_autonomous_cpp/install/perception_pkg/lib:${LD_LIBRARY_PATH} /usr/bin/cmake --install /home/deepblue/ros2_autonomous_cpp/build/bringup
[0.168s] -- Install configuration: ""
[0.168s] -- Execute custom install script
[0.168s] -- Up-to-date symlink: /home/deepblue/ros2_autonomous_cpp/install/bringup/share/bringup//launch/mission.launch
[0.168s] -- Up-to-date symlink: /home/deepblue/ros2_autonomous_cpp/install/bringup/share/bringup//launch/obstacle.launch
[0.168s] -- Up-to-date symlink: /home/deepblue/ros2_autonomous_cpp/install/bringup/share/bringup//launch/parking.launch
[0.168s] -- Up-to-date symlink: /home/deepblue/ros2_autonomous_cpp/install/bringup/share/bringup//launch/track.launch
[0.169s] -- Up-to-date symlink: /home/deepblue/ros2_autonomous_cpp/install/bringup/share/ament_index/resource_index/package_run_dependencies/bringup
[0.169s] -- Up-to-date symlink: /home/deepblue/ros2_autonomous_cpp/install/bringup/share/ament_index/resource_index/parent_prefix_path/bringup
[0.169s] -- Up-to-date symlink: /home/deepblue/ros2_autonomous_cpp/install/bringup/share/bringup/environment/ament_prefix_path.sh
[0.169s] -- Up-to-date symlink: /home/deepblue/ros2_autonomous_cpp/install/bringup/share/bringup/environment/ament_prefix_path.dsv
[0.169s] -- Up-to-date symlink: /home/deepblue/ros2_autonomous_cpp/install/bringup/share/bringup/environment/path.sh
[0.169s] -- Up-to-date symlink: /home/deepblue/ros2_autonomous_cpp/install/bringup/share/bringup/environment/path.dsv
[0.169s] -- Up-to-date symlink: /home/deepblue/ros2_autonomous_cpp/install/bringup/share/bringup/local_setup.bash
[0.169s] -- Up-to-date symlink: /home/deepblue/ros2_autonomous_cpp/install/bringup/share/bringup/local_setup.sh
[0.170s] -- Up-to-date symlink: /home/deepblue/ros2_autonomous_cpp/install/bringup/share/bringup/local_setup.zsh
[0.170s] -- Up-to-date symlink: /home/deepblue/ros2_autonomous_cpp/install/bringup/share/bringup/local_setup.dsv
[0.170s] -- Symlinking: /home/deepblue/ros2_autonomous_cpp/install/bringup/share/bringup/package.dsv
[0.176s] -- Up-to-date symlink: /home/deepblue/ros2_autonomous_cpp/install/bringup/share/ament_index/resource_index/packages/bringup
[0.176s] -- Up-to-date symlink: /home/deepblue/ros2_autonomous_cpp/install/bringup/share/bringup/cmake/bringupConfig.cmake
[0.176s] -- Up-to-date symlink: /home/deepblue/ros2_autonomous_cpp/install/bringup/share/bringup/cmake/bringupConfig-version.cmake
[0.176s] -- Up-to-date symlink: /home/deepblue/ros2_autonomous_cpp/install/bringup/share/bringup/package.xml
[0.177s] Invoked command in '/home/deepblue/ros2_autonomous_cpp/build/bringup' returned '0': AMENT_PREFIX_PATH=/home/deepblue/ros2_autonomous_cpp/install/usb_cam_driver:/home/deepblue/ros2_autonomous_cpp/install/ultrasonic_driver:/home/deepblue/ros2_autonomous_cpp/install/rplidar_driver:/home/deepblue/ros2_autonomous_cpp/install/perception_pkg:/home/deepblue/ros2_autonomous_cpp/install/decision:/home/deepblue/ros2_autonomous_cpp/install/arduino_driver:${AMENT_PREFIX_PATH} CMAKE_PREFIX_PATH=/home/deepblue/ros2_autonomous_cpp/install/usb_cam_driver:/home/deepblue/ros2_autonomous_cpp/install/ultrasonic_driver:/home/deepblue/ros2_autonomous_cpp/install/rplidar_driver:/home/deepblue/ros2_autonomous_cpp/install/perception_pkg:/home/deepblue/ros2_autonomous_cpp/install/decision:/home/deepblue/ros2_autonomous_cpp/install/arduino_driver:/opt/ros/humble LD_LIBRARY_PATH=/home/deepblue/ros2_autonomous_cpp/install/perception_pkg/lib:${LD_LIBRARY_PATH} /usr/bin/cmake --install /home/deepblue/ros2_autonomous_cpp/build/bringup
