-- Found ament_cmake: 1.3.12 (/opt/ros/humble/share/ament_cmake/cmake)
-- Override CMake install command with custom implementation using symlinks instead of copying resources
-- Found rclcpp: 16.0.17 (/opt/ros/humble/share/rclcpp/cmake)
-- Found rosidl_generator_c: 3.1.8 (/opt/ros/humble/share/rosidl_generator_c/cmake)
-- Found rosidl_adapter: 3.1.8 (/opt/ros/humble/share/rosidl_adapter/cmake)
-- Found rosidl_generator_cpp: 3.1.8 (/opt/ros/humble/share/rosidl_generator_cpp/cmake)
-- Using all available rosidl_typesupport_c: rosidl_typesupport_fastrtps_c;rosidl_typesupport_introspection_c
-- Using all available rosidl_typesupport_cpp: rosidl_typesupport_fastrtps_cpp;rosidl_typesupport_introspection_cpp
-- Found rmw_implementation_cmake: 6.1.2 (/opt/ros/humble/share/rmw_implementation_cmake/cmake)
-- Found rmw_fastrtps_cpp: 6.2.9 (/opt/ros/humble/share/rmw_fastrtps_cpp/cmake)
-- Using RMW implementation 'rmw_fastrtps_cpp' as default
-- Found rclpy: 3.3.19 (/opt/ros/humble/share/rclpy/cmake)
-- Found sensor_msgs: 4.9.0 (/opt/ros/humble/share/sensor_msgs/cmake)
-- Found ackermann_msgs: 2.0.2 (/opt/ros/humble/share/ackermann_msgs/cmake)
-- Found ament_lint_auto: 0.12.14 (/opt/ros/humble/share/ament_lint_auto/cmake)
-- Added test 'copyright' to check source files copyright and LICENSE
-- Added test 'cppcheck' to perform static code analysis on C / C++ code
-- Configured cppcheck include dirs: $<BUILD_INTERFACE:/home/deepblue/ros2_autonomous_cpp/src/decision/include>
-- Configured cppcheck exclude dirs and/or files: 
-- Added test 'cpplint' to check C / C++ code against the Google style
-- Configured cpplint exclude dirs and/or files: 
-- Added test 'flake8' to check Python code syntax and style conventions
-- Added test 'lint_cmake' to check CMake code style
-- Added test 'pep257' to check Python code against some of the docstring style conventions in PEP 257
-- Added test 'uncrustify' to check C / C++ code style
-- Configured uncrustify additional arguments: 
-- Added test 'xmllint' to check XML markup files
-- Configuring done
-- Generating done
-- Build files have been written to: /home/deepblue/ros2_autonomous_cpp/build/decision
Consolidate compiler generated dependencies of target lidar_obstacle_node
Consolidate compiler generated dependencies of target decision_node
[ 50%] Built target decision_node
[100%] Built target lidar_obstacle_node
-- Install configuration: ""
-- Execute custom install script
-- Up-to-date symlink: /home/deepblue/ros2_autonomous_cpp/install/decision/lib/decision/decision_node
-- Up-to-date symlink: /home/deepblue/ros2_autonomous_cpp/install/decision/lib/decision/lidar_obstacle_node
-- Up-to-date symlink: /home/deepblue/ros2_autonomous_cpp/install/decision/lib/decision/decision_node.py
-- Up-to-date symlink: /home/deepblue/ros2_autonomous_cpp/install/decision/lib/decision/decision_node_2026.py
-- Up-to-date symlink: /home/deepblue/ros2_autonomous_cpp/install/decision/lib/decision/decision_node_ai.py
-- Up-to-date symlink: /home/deepblue/ros2_autonomous_cpp/install/decision/lib/decision/lidar_obstacle_node.py
-- Up-to-date symlink: /home/deepblue/ros2_autonomous_cpp/install/decision/include/decision/decision_node.hpp
-- Up-to-date symlink: /home/deepblue/ros2_autonomous_cpp/install/decision/include/decision/lidar_obstacle_node.hpp
-- Up-to-date symlink: /home/deepblue/ros2_autonomous_cpp/install/decision/share/ament_index/resource_index/package_run_dependencies/decision
-- Up-to-date symlink: /home/deepblue/ros2_autonomous_cpp/install/decision/share/ament_index/resource_index/parent_prefix_path/decision
-- Up-to-date symlink: /home/deepblue/ros2_autonomous_cpp/install/decision/share/decision/environment/ament_prefix_path.sh
-- Up-to-date symlink: /home/deepblue/ros2_autonomous_cpp/install/decision/share/decision/environment/ament_prefix_path.dsv
-- Up-to-date symlink: /home/deepblue/ros2_autonomous_cpp/install/decision/share/decision/environment/path.sh
-- Up-to-date symlink: /home/deepblue/ros2_autonomous_cpp/install/decision/share/decision/environment/path.dsv
-- Up-to-date symlink: /home/deepblue/ros2_autonomous_cpp/install/decision/share/decision/local_setup.bash
-- Up-to-date symlink: /home/deepblue/ros2_autonomous_cpp/install/decision/share/decision/local_setup.sh
-- Up-to-date symlink: /home/deepblue/ros2_autonomous_cpp/install/decision/share/decision/local_setup.zsh
-- Up-to-date symlink: /home/deepblue/ros2_autonomous_cpp/install/decision/share/decision/local_setup.dsv
-- Symlinking: /home/deepblue/ros2_autonomous_cpp/install/decision/share/decision/package.dsv
-- Up-to-date symlink: /home/deepblue/ros2_autonomous_cpp/install/decision/share/ament_index/resource_index/packages/decision
-- Up-to-date symlink: /home/deepblue/ros2_autonomous_cpp/install/decision/share/decision/cmake/decisionConfig.cmake
-- Up-to-date symlink: /home/deepblue/ros2_autonomous_cpp/install/decision/share/decision/cmake/decisionConfig-version.cmake
-- Up-to-date symlink: /home/deepblue/ros2_autonomous_cpp/install/decision/share/decision/package.xml
