[0.012s] Invoking command in '/home/deepblue/ros2_autonomous_cpp/build/decision': CMAKE_PREFIX_PATH=/opt/ros/humble /usr/bin/cmake /home/deepblue/ros2_autonomous_cpp/src/decision -DCMAKE_INSTALL_PREFIX=/home/deepblue/ros2_autonomous_cpp/install/decision
[0.020s] -- Found ament_cmake: 1.3.12 (/opt/ros/humble/share/ament_cmake/cmake)
[0.116s] -- Override CMake install command with custom implementation using symlinks instead of copying resources
[0.116s] -- Found rclcpp: 16.0.17 (/opt/ros/humble/share/rclcpp/cmake)
[0.129s] -- Found rosidl_generator_c: 3.1.8 (/opt/ros/humble/share/rosidl_generator_c/cmake)
[0.130s] -- Found rosidl_adapter: 3.1.8 (/opt/ros/humble/share/rosidl_adapter/cmake)
[0.134s] -- Found rosidl_generator_cpp: 3.1.8 (/opt/ros/humble/share/rosidl_generator_cpp/cmake)
[0.139s] -- Using all available rosidl_typesupport_c: rosidl_typesupport_fastrtps_c;rosidl_typesupport_introspection_c
[0.147s] -- Using all available rosidl_typesupport_cpp: rosidl_typesupport_fastrtps_cpp;rosidl_typesupport_introspection_cpp
[0.168s] -- Found rmw_implementation_cmake: 6.1.2 (/opt/ros/humble/share/rmw_implementation_cmake/cmake)
[0.168s] -- Found rmw_fastrtps_cpp: 6.2.9 (/opt/ros/humble/share/rmw_fastrtps_cpp/cmake)
[0.225s] -- Using RMW implementation 'rmw_fastrtps_cpp' as default
[0.249s] -- Found rclpy: 3.3.19 (/opt/ros/humble/share/rclpy/cmake)
[0.249s] -- Found sensor_msgs: 4.9.0 (/opt/ros/humble/share/sensor_msgs/cmake)
[0.265s] -- Found ackermann_msgs: 2.0.2 (/opt/ros/humble/share/ackermann_msgs/cmake)
[0.274s] -- Found ament_lint_auto: 0.12.14 (/opt/ros/humble/share/ament_lint_auto/cmake)
[0.322s] -- Added test 'copyright' to check source files copyright and LICENSE
[0.323s] -- Added test 'cppcheck' to perform static code analysis on C / C++ code
[0.323s] -- Configured cppcheck include dirs: $<BUILD_INTERFACE:/home/deepblue/ros2_autonomous_cpp/src/decision/include>
[0.323s] -- Configured cppcheck exclude dirs and/or files: 
[0.323s] -- Added test 'cpplint' to check C / C++ code against the Google style
[0.323s] -- Configured cpplint exclude dirs and/or files: 
[0.323s] -- Added test 'flake8' to check Python code syntax and style conventions
[0.323s] -- Added test 'lint_cmake' to check CMake code style
[0.324s] -- Added test 'pep257' to check Python code against some of the docstring style conventions in PEP 257
[0.324s] -- Added test 'uncrustify' to check C / C++ code style
[0.324s] -- Configured uncrustify additional arguments: 
[0.324s] -- Added test 'xmllint' to check XML markup files
[0.324s] -- Configuring done
[0.331s] -- Generating done
[0.334s] -- Build files have been written to: /home/deepblue/ros2_autonomous_cpp/build/decision
[0.340s] Invoked command in '/home/deepblue/ros2_autonomous_cpp/build/decision' returned '0': CMAKE_PREFIX_PATH=/opt/ros/humble /usr/bin/cmake /home/deepblue/ros2_autonomous_cpp/src/decision -DCMAKE_INSTALL_PREFIX=/home/deepblue/ros2_autonomous_cpp/install/decision
[0.340s] Invoking command in '/home/deepblue/ros2_autonomous_cpp/build/decision': CMAKE_PREFIX_PATH=/opt/ros/humble /usr/bin/cmake --build /home/deepblue/ros2_autonomous_cpp/build/decision -- -j16 -l16
[0.366s] Consolidate compiler generated dependencies of target lidar_obstacle_node
[0.367s] Consolidate compiler generated dependencies of target decision_node
[0.374s] [ 50%] Built target decision_node
[0.374s] [100%] Built target lidar_obstacle_node
[0.383s] Invoked command in '/home/deepblue/ros2_autonomous_cpp/build/decision' returned '0': CMAKE_PREFIX_PATH=/opt/ros/humble /usr/bin/cmake --build /home/deepblue/ros2_autonomous_cpp/build/decision -- -j16 -l16
[0.383s] Invoking command in '/home/deepblue/ros2_autonomous_cpp/build/decision': CMAKE_PREFIX_PATH=/opt/ros/humble /usr/bin/cmake --install /home/deepblue/ros2_autonomous_cpp/build/decision
[0.387s] -- Install configuration: ""
[0.388s] -- Execute custom install script
[0.388s] -- Up-to-date symlink: /home/deepblue/ros2_autonomous_cpp/install/decision/lib/decision/decision_node
[0.388s] -- Up-to-date symlink: /home/deepblue/ros2_autonomous_cpp/install/decision/lib/decision/lidar_obstacle_node
[0.388s] -- Up-to-date symlink: /home/deepblue/ros2_autonomous_cpp/install/decision/lib/decision/decision_node.py
[0.388s] -- Up-to-date symlink: /home/deepblue/ros2_autonomous_cpp/install/decision/lib/decision/decision_node_2026.py
[0.388s] -- Up-to-date symlink: /home/deepblue/ros2_autonomous_cpp/install/decision/lib/decision/decision_node_ai.py
[0.388s] -- Up-to-date symlink: /home/deepblue/ros2_autonomous_cpp/install/decision/lib/decision/lidar_obstacle_node.py
[0.388s] -- Up-to-date symlink: /home/deepblue/ros2_autonomous_cpp/install/decision/include/decision/decision_node.hpp
[0.388s] -- Up-to-date symlink: /home/deepblue/ros2_autonomous_cpp/install/decision/include/decision/lidar_obstacle_node.hpp
[0.388s] -- Up-to-date symlink: /home/deepblue/ros2_autonomous_cpp/install/decision/share/ament_index/resource_index/package_run_dependencies/decision
[0.388s] -- Up-to-date symlink: /home/deepblue/ros2_autonomous_cpp/install/decision/share/ament_index/resource_index/parent_prefix_path/decision
[0.389s] -- Up-to-date symlink: /home/deepblue/ros2_autonomous_cpp/install/decision/share/decision/environment/ament_prefix_path.sh
[0.389s] -- Up-to-date symlink: /home/deepblue/ros2_autonomous_cpp/install/decision/share/decision/environment/ament_prefix_path.dsv
[0.389s] -- Up-to-date symlink: /home/deepblue/ros2_autonomous_cpp/install/decision/share/decision/environment/path.sh
[0.389s] -- Up-to-date symlink: /home/deepblue/ros2_autonomous_cpp/install/decision/share/decision/environment/path.dsv
[0.389s] -- Up-to-date symlink: /home/deepblue/ros2_autonomous_cpp/install/decision/share/decision/local_setup.bash
[0.389s] -- Up-to-date symlink: /home/deepblue/ros2_autonomous_cpp/install/decision/share/decision/local_setup.sh
[0.389s] -- Up-to-date symlink: /home/deepblue/ros2_autonomous_cpp/install/decision/share/decision/local_setup.zsh
[0.389s] -- Up-to-date symlink: /home/deepblue/ros2_autonomous_cpp/install/decision/share/decision/local_setup.dsv
[0.389s] -- Symlinking: /home/deepblue/ros2_autonomous_cpp/install/decision/share/decision/package.dsv
[0.394s] -- Up-to-date symlink: /home/deepblue/ros2_autonomous_cpp/install/decision/share/ament_index/resource_index/packages/decision
[0.395s] -- Up-to-date symlink: /home/deepblue/ros2_autonomous_cpp/install/decision/share/decision/cmake/decisionConfig.cmake
[0.395s] -- Up-to-date symlink: /home/deepblue/ros2_autonomous_cpp/install/decision/share/decision/cmake/decisionConfig-version.cmake
[0.395s] -- Up-to-date symlink: /home/deepblue/ros2_autonomous_cpp/install/decision/share/decision/package.xml
[0.396s] Invoked command in '/home/deepblue/ros2_autonomous_cpp/build/decision' returned '0': CMAKE_PREFIX_PATH=/opt/ros/humble /usr/bin/cmake --install /home/deepblue/ros2_autonomous_cpp/build/decision
