[0.061s] DEBUG:colcon:Command line arguments: ['/usr/bin/colcon', 'build', '--symlink-install']
[0.061s] DEBUG:colcon:Parsed command line arguments: Namespace(log_base=None, log_level=None, verb_name='build', build_base='build', install_base='install', merge_install=False, symlink_install=True, test_result_base=None, continue_on_error=False, executor='parallel', parallel_workers=16, event_handlers=None, ignore_user_meta=False, metas=['./colcon.meta'], base_paths=['.'], packages_ignore=None, packages_ignore_regex=None, paths=None, packages_up_to=None, packages_up_to_regex=None, packages_above=None, packages_above_and_dependencies=None, packages_above_depth=None, packages_select_by_dep=None, packages_skip_by_dep=None, packages_skip_up_to=None, packages_select_build_failed=False, packages_skip_build_finished=False, packages_select_test_failures=False, packages_skip_test_passed=False, packages_select=None, packages_skip=None, packages_select_regex=None, packages_skip_regex=None, packages_start=None, packages_end=None, allow_overriding=[], cmake_args=None, cmake_target=None, cmake_target_skip_unavailable=False, cmake_clean_cache=False, cmake_clean_first=False, cmake_force_configure=False, ament_cmake_args=None, catkin_cmake_args=None, catkin_skip_building_tests=False, verb_parser=<colcon_defaults.argument_parser.defaults.DefaultArgumentsDecorator object at 0x7f0947e1bc10>, verb_extension=<colcon_core.verb.build.BuildVerb object at 0x7f0947e1b6a0>, main=<bound method BuildVerb.main of <colcon_core.verb.build.BuildVerb object at 0x7f0947e1b6a0>>)
[0.133s] Level 1:colcon.colcon_core.package_discovery:discover_packages(colcon_meta) check parameters
[0.134s] Level 1:colcon.colcon_core.package_discovery:discover_packages(recursive) check parameters
[0.134s] Level 1:colcon.colcon_core.package_discovery:discover_packages(ignore) check parameters
[0.134s] Level 1:colcon.colcon_core.package_discovery:discover_packages(path) check parameters
[0.134s] Level 1:colcon.colcon_core.package_discovery:discover_packages(colcon_meta) discover
[0.134s] Level 1:colcon.colcon_core.package_discovery:discover_packages(recursive) discover
[0.134s] INFO:colcon.colcon_core.package_discovery:Crawling recursively for packages in '/home/deepblue/ros2_autonomous_cpp'
[0.134s] Level 1:colcon.colcon_core.package_identification:_identify(.) by extensions ['ignore', 'ignore_ament_install']
[0.134s] Level 1:colcon.colcon_core.package_identification:_identify(.) by extension 'ignore'
[0.134s] Level 1:colcon.colcon_core.package_identification:_identify(.) by extension 'ignore_ament_install'
[0.134s] Level 1:colcon.colcon_core.package_identification:_identify(.) by extensions ['colcon_pkg']
[0.134s] Level 1:colcon.colcon_core.package_identification:_identify(.) by extension 'colcon_pkg'
[0.134s] Level 1:colcon.colcon_core.package_identification:_identify(.) by extensions ['colcon_meta']
[0.134s] Level 1:colcon.colcon_core.package_identification:_identify(.) by extension 'colcon_meta'
[0.134s] Level 1:colcon.colcon_core.package_identification:_identify(.) by extensions ['ros']
[0.134s] Level 1:colcon.colcon_core.package_identification:_identify(.) by extension 'ros'
[0.140s] Level 1:colcon.colcon_core.package_identification:_identify(.) by extensions ['cmake', 'python']
[0.140s] Level 1:colcon.colcon_core.package_identification:_identify(.) by extension 'cmake'
[0.140s] Level 1:colcon.colcon_core.package_identification:_identify(.) by extension 'python'
[0.140s] Level 1:colcon.colcon_core.package_identification:_identify(.) by extensions ['python_setup_py']
[0.140s] Level 1:colcon.colcon_core.package_identification:_identify(.) by extension 'python_setup_py'
[0.140s] Level 1:colcon.colcon_core.package_identification:_identify(build) by extensions ['ignore', 'ignore_ament_install']
[0.140s] Level 1:colcon.colcon_core.package_identification:_identify(build) by extension 'ignore'
[0.140s] Level 1:colcon.colcon_core.package_identification:_identify(build) ignored
[0.140s] Level 1:colcon.colcon_core.package_identification:_identify(install) by extensions ['ignore', 'ignore_ament_install']
[0.141s] Level 1:colcon.colcon_core.package_identification:_identify(install) by extension 'ignore'
[0.141s] Level 1:colcon.colcon_core.package_identification:_identify(install) ignored
[0.141s] Level 1:colcon.colcon_core.package_identification:_identify(log) by extensions ['ignore', 'ignore_ament_install']
[0.141s] Level 1:colcon.colcon_core.package_identification:_identify(log) by extension 'ignore'
[0.141s] Level 1:colcon.colcon_core.package_identification:_identify(log) ignored
[0.141s] Level 1:colcon.colcon_core.package_identification:_identify(src) by extensions ['ignore', 'ignore_ament_install']
[0.141s] Level 1:colcon.colcon_core.package_identification:_identify(src) by extension 'ignore'
[0.141s] Level 1:colcon.colcon_core.package_identification:_identify(src) by extension 'ignore_ament_install'
[0.141s] Level 1:colcon.colcon_core.package_identification:_identify(src) by extensions ['colcon_pkg']
[0.141s] Level 1:colcon.colcon_core.package_identification:_identify(src) by extension 'colcon_pkg'
[0.141s] Level 1:colcon.colcon_core.package_identification:_identify(src) by extensions ['colcon_meta']
[0.141s] Level 1:colcon.colcon_core.package_identification:_identify(src) by extension 'colcon_meta'
[0.141s] Level 1:colcon.colcon_core.package_identification:_identify(src) by extensions ['ros']
[0.141s] Level 1:colcon.colcon_core.package_identification:_identify(src) by extension 'ros'
[0.141s] Level 1:colcon.colcon_core.package_identification:_identify(src) by extensions ['cmake', 'python']
[0.141s] Level 1:colcon.colcon_core.package_identification:_identify(src) by extension 'cmake'
[0.141s] Level 1:colcon.colcon_core.package_identification:_identify(src) by extension 'python'
[0.141s] Level 1:colcon.colcon_core.package_identification:_identify(src) by extensions ['python_setup_py']
[0.141s] Level 1:colcon.colcon_core.package_identification:_identify(src) by extension 'python_setup_py'
[0.141s] Level 1:colcon.colcon_core.package_identification:_identify(src/bringup) by extensions ['ignore', 'ignore_ament_install']
[0.141s] Level 1:colcon.colcon_core.package_identification:_identify(src/bringup) by extension 'ignore'
[0.141s] Level 1:colcon.colcon_core.package_identification:_identify(src/bringup) by extension 'ignore_ament_install'
[0.141s] Level 1:colcon.colcon_core.package_identification:_identify(src/bringup) by extensions ['colcon_pkg']
[0.141s] Level 1:colcon.colcon_core.package_identification:_identify(src/bringup) by extension 'colcon_pkg'
[0.141s] Level 1:colcon.colcon_core.package_identification:_identify(src/bringup) by extensions ['colcon_meta']
[0.141s] Level 1:colcon.colcon_core.package_identification:_identify(src/bringup) by extension 'colcon_meta'
[0.141s] Level 1:colcon.colcon_core.package_identification:_identify(src/bringup) by extensions ['ros']
[0.141s] Level 1:colcon.colcon_core.package_identification:_identify(src/bringup) by extension 'ros'
[0.142s] DEBUG:colcon.colcon_core.package_identification:Package 'src/bringup' with type 'ros.ament_cmake' and name 'bringup'
[0.142s] Level 1:colcon.colcon_core.package_identification:_identify(src/common) by extensions ['ignore', 'ignore_ament_install']
[0.142s] Level 1:colcon.colcon_core.package_identification:_identify(src/common) by extension 'ignore'
[0.143s] Level 1:colcon.colcon_core.package_identification:_identify(src/common) by extension 'ignore_ament_install'
[0.143s] Level 1:colcon.colcon_core.package_identification:_identify(src/common) by extensions ['colcon_pkg']
[0.143s] Level 1:colcon.colcon_core.package_identification:_identify(src/common) by extension 'colcon_pkg'
[0.143s] Level 1:colcon.colcon_core.package_identification:_identify(src/common) by extensions ['colcon_meta']
[0.143s] Level 1:colcon.colcon_core.package_identification:_identify(src/common) by extension 'colcon_meta'
[0.143s] Level 1:colcon.colcon_core.package_identification:_identify(src/common) by extensions ['ros']
[0.143s] Level 1:colcon.colcon_core.package_identification:_identify(src/common) by extension 'ros'
[0.143s] DEBUG:colcon.colcon_core.package_identification:Package 'src/common' with type 'ros.ament_cmake' and name 'common'
[0.143s] Level 1:colcon.colcon_core.package_identification:_identify(src/decision) by extensions ['ignore', 'ignore_ament_install']
[0.143s] Level 1:colcon.colcon_core.package_identification:_identify(src/decision) by extension 'ignore'
[0.143s] Level 1:colcon.colcon_core.package_identification:_identify(src/decision) by extension 'ignore_ament_install'
[0.143s] Level 1:colcon.colcon_core.package_identification:_identify(src/decision) by extensions ['colcon_pkg']
[0.143s] Level 1:colcon.colcon_core.package_identification:_identify(src/decision) by extension 'colcon_pkg'
[0.143s] Level 1:colcon.colcon_core.package_identification:_identify(src/decision) by extensions ['colcon_meta']
[0.143s] Level 1:colcon.colcon_core.package_identification:_identify(src/decision) by extension 'colcon_meta'
[0.143s] Level 1:colcon.colcon_core.package_identification:_identify(src/decision) by extensions ['ros']
[0.143s] Level 1:colcon.colcon_core.package_identification:_identify(src/decision) by extension 'ros'
[0.144s] DEBUG:colcon.colcon_core.package_identification:Package 'src/decision' with type 'ros.ament_cmake' and name 'decision'
[0.144s] Level 1:colcon.colcon_core.package_identification:_identify(src/drivers) by extensions ['ignore', 'ignore_ament_install']
[0.144s] Level 1:colcon.colcon_core.package_identification:_identify(src/drivers) by extension 'ignore'
[0.144s] Level 1:colcon.colcon_core.package_identification:_identify(src/drivers) by extension 'ignore_ament_install'
[0.144s] Level 1:colcon.colcon_core.package_identification:_identify(src/drivers) by extensions ['colcon_pkg']
[0.144s] Level 1:colcon.colcon_core.package_identification:_identify(src/drivers) by extension 'colcon_pkg'
[0.144s] Level 1:colcon.colcon_core.package_identification:_identify(src/drivers) by extensions ['colcon_meta']
[0.144s] Level 1:colcon.colcon_core.package_identification:_identify(src/drivers) by extension 'colcon_meta'
[0.144s] Level 1:colcon.colcon_core.package_identification:_identify(src/drivers) by extensions ['ros']
[0.144s] Level 1:colcon.colcon_core.package_identification:_identify(src/drivers) by extension 'ros'
[0.144s] Level 1:colcon.colcon_core.package_identification:_identify(src/drivers) by extensions ['cmake', 'python']
[0.144s] Level 1:colcon.colcon_core.package_identification:_identify(src/drivers) by extension 'cmake'
[0.144s] Level 1:colcon.colcon_core.package_identification:_identify(src/drivers) by extension 'python'
[0.144s] Level 1:colcon.colcon_core.package_identification:_identify(src/drivers) by extensions ['python_setup_py']
[0.144s] Level 1:colcon.colcon_core.package_identification:_identify(src/drivers) by extension 'python_setup_py'
[0.144s] Level 1:colcon.colcon_core.package_identification:_identify(src/drivers/arduino_driver) by extensions ['ignore', 'ignore_ament_install']
[0.144s] Level 1:colcon.colcon_core.package_identification:_identify(src/drivers/arduino_driver) by extension 'ignore'
[0.144s] Level 1:colcon.colcon_core.package_identification:_identify(src/drivers/arduino_driver) by extension 'ignore_ament_install'
[0.144s] Level 1:colcon.colcon_core.package_identification:_identify(src/drivers/arduino_driver) by extensions ['colcon_pkg']
[0.144s] Level 1:colcon.colcon_core.package_identification:_identify(src/drivers/arduino_driver) by extension 'colcon_pkg'
[0.144s] Level 1:colcon.colcon_core.package_identification:_identify(src/drivers/arduino_driver) by extensions ['colcon_meta']
[0.144s] Level 1:colcon.colcon_core.package_identification:_identify(src/drivers/arduino_driver) by extension 'colcon_meta'
[0.144s] Level 1:colcon.colcon_core.package_identification:_identify(src/drivers/arduino_driver) by extensions ['ros']
[0.144s] Level 1:colcon.colcon_core.package_identification:_identify(src/drivers/arduino_driver) by extension 'ros'
[0.145s] DEBUG:colcon.colcon_core.package_identification:Package 'src/drivers/arduino_driver' with type 'ros.ament_cmake' and name 'arduino_driver'
[0.145s] Level 1:colcon.colcon_core.package_identification:_identify(src/drivers/rplidar_driver) by extensions ['ignore', 'ignore_ament_install']
[0.145s] Level 1:colcon.colcon_core.package_identification:_identify(src/drivers/rplidar_driver) by extension 'ignore'
[0.145s] Level 1:colcon.colcon_core.package_identification:_identify(src/drivers/rplidar_driver) by extension 'ignore_ament_install'
[0.145s] Level 1:colcon.colcon_core.package_identification:_identify(src/drivers/rplidar_driver) by extensions ['colcon_pkg']
[0.145s] Level 1:colcon.colcon_core.package_identification:_identify(src/drivers/rplidar_driver) by extension 'colcon_pkg'
[0.145s] Level 1:colcon.colcon_core.package_identification:_identify(src/drivers/rplidar_driver) by extensions ['colcon_meta']
[0.145s] Level 1:colcon.colcon_core.package_identification:_identify(src/drivers/rplidar_driver) by extension 'colcon_meta'
[0.145s] Level 1:colcon.colcon_core.package_identification:_identify(src/drivers/rplidar_driver) by extensions ['ros']
[0.145s] Level 1:colcon.colcon_core.package_identification:_identify(src/drivers/rplidar_driver) by extension 'ros'
[0.145s] DEBUG:colcon.colcon_core.package_identification:Package 'src/drivers/rplidar_driver' with type 'ros.ament_cmake' and name 'rplidar_driver'
[0.145s] Level 1:colcon.colcon_core.package_identification:_identify(src/drivers/ultrasonic_driver) by extensions ['ignore', 'ignore_ament_install']
[0.145s] Level 1:colcon.colcon_core.package_identification:_identify(src/drivers/ultrasonic_driver) by extension 'ignore'
[0.145s] Level 1:colcon.colcon_core.package_identification:_identify(src/drivers/ultrasonic_driver) by extension 'ignore_ament_install'
[0.145s] Level 1:colcon.colcon_core.package_identification:_identify(src/drivers/ultrasonic_driver) by extensions ['colcon_pkg']
[0.145s] Level 1:colcon.colcon_core.package_identification:_identify(src/drivers/ultrasonic_driver) by extension 'colcon_pkg'
[0.145s] Level 1:colcon.colcon_core.package_identification:_identify(src/drivers/ultrasonic_driver) by extensions ['colcon_meta']
[0.145s] Level 1:colcon.colcon_core.package_identification:_identify(src/drivers/ultrasonic_driver) by extension 'colcon_meta'
[0.145s] Level 1:colcon.colcon_core.package_identification:_identify(src/drivers/ultrasonic_driver) by extensions ['ros']
[0.145s] Level 1:colcon.colcon_core.package_identification:_identify(src/drivers/ultrasonic_driver) by extension 'ros'
[0.146s] DEBUG:colcon.colcon_core.package_identification:Package 'src/drivers/ultrasonic_driver' with type 'ros.ament_cmake' and name 'ultrasonic_driver'
[0.146s] Level 1:colcon.colcon_core.package_identification:_identify(src/drivers/usb_cam_driver) by extensions ['ignore', 'ignore_ament_install']
[0.146s] Level 1:colcon.colcon_core.package_identification:_identify(src/drivers/usb_cam_driver) by extension 'ignore'
[0.146s] Level 1:colcon.colcon_core.package_identification:_identify(src/drivers/usb_cam_driver) by extension 'ignore_ament_install'
[0.146s] Level 1:colcon.colcon_core.package_identification:_identify(src/drivers/usb_cam_driver) by extensions ['colcon_pkg']
[0.146s] Level 1:colcon.colcon_core.package_identification:_identify(src/drivers/usb_cam_driver) by extension 'colcon_pkg'
[0.146s] Level 1:colcon.colcon_core.package_identification:_identify(src/drivers/usb_cam_driver) by extensions ['colcon_meta']
[0.146s] Level 1:colcon.colcon_core.package_identification:_identify(src/drivers/usb_cam_driver) by extension 'colcon_meta'
[0.146s] Level 1:colcon.colcon_core.package_identification:_identify(src/drivers/usb_cam_driver) by extensions ['ros']
[0.146s] Level 1:colcon.colcon_core.package_identification:_identify(src/drivers/usb_cam_driver) by extension 'ros'
[0.146s] DEBUG:colcon.colcon_core.package_identification:Package 'src/drivers/usb_cam_driver' with type 'ros.ament_cmake' and name 'usb_cam_driver'
[0.146s] Level 1:colcon.colcon_core.package_identification:_identify(src/perception_pkg) by extensions ['ignore', 'ignore_ament_install']
[0.146s] Level 1:colcon.colcon_core.package_identification:_identify(src/perception_pkg) by extension 'ignore'
[0.146s] Level 1:colcon.colcon_core.package_identification:_identify(src/perception_pkg) by extension 'ignore_ament_install'
[0.146s] Level 1:colcon.colcon_core.package_identification:_identify(src/perception_pkg) by extensions ['colcon_pkg']
[0.146s] Level 1:colcon.colcon_core.package_identification:_identify(src/perception_pkg) by extension 'colcon_pkg'
[0.146s] Level 1:colcon.colcon_core.package_identification:_identify(src/perception_pkg) by extensions ['colcon_meta']
[0.146s] Level 1:colcon.colcon_core.package_identification:_identify(src/perception_pkg) by extension 'colcon_meta'
[0.146s] Level 1:colcon.colcon_core.package_identification:_identify(src/perception_pkg) by extensions ['ros']
[0.146s] Level 1:colcon.colcon_core.package_identification:_identify(src/perception_pkg) by extension 'ros'
[0.147s] DEBUG:colcon.colcon_core.package_identification:Package 'src/perception_pkg' with type 'ros.ament_cmake' and name 'perception_pkg'
[0.147s] Level 1:colcon.colcon_core.package_discovery:discover_packages(recursive) using defaults
[0.147s] Level 1:colcon.colcon_core.package_discovery:discover_packages(ignore) discover
[0.147s] Level 1:colcon.colcon_core.package_discovery:discover_packages(ignore) using defaults
[0.147s] Level 1:colcon.colcon_core.package_discovery:discover_packages(path) discover
[0.147s] Level 1:colcon.colcon_core.package_discovery:discover_packages(path) using defaults
[0.159s] Level 1:colcon.colcon_core.package_discovery:discover_packages(prefix_path) check parameters
[0.159s] Level 1:colcon.colcon_core.package_discovery:discover_packages(prefix_path) discover
[0.160s] DEBUG:colcon.colcon_installed_package_information.package_discovery:Found 272 installed packages in /opt/ros/humble
[0.172s] Level 1:colcon.colcon_core.package_discovery:discover_packages(prefix_path) using defaults
[0.190s] Level 5:colcon.colcon_core.verb:set package 'arduino_driver' build argument 'cmake_args' from command line to 'None'
[0.190s] Level 5:colcon.colcon_core.verb:set package 'arduino_driver' build argument 'cmake_target' from command line to 'None'
[0.190s] Level 5:colcon.colcon_core.verb:set package 'arduino_driver' build argument 'cmake_target_skip_unavailable' from command line to 'False'
[0.190s] Level 5:colcon.colcon_core.verb:set package 'arduino_driver' build argument 'cmake_clean_cache' from command line to 'False'
[0.190s] Level 5:colcon.colcon_core.verb:set package 'arduino_driver' build argument 'cmake_clean_first' from command line to 'False'
[0.190s] Level 5:colcon.colcon_core.verb:set package 'arduino_driver' build argument 'cmake_force_configure' from command line to 'False'
[0.190s] Level 5:colcon.colcon_core.verb:set package 'arduino_driver' build argument 'ament_cmake_args' from command line to 'None'
[0.190s] Level 5:colcon.colcon_core.verb:set package 'arduino_driver' build argument 'catkin_cmake_args' from command line to 'None'
[0.190s] Level 5:colcon.colcon_core.verb:set package 'arduino_driver' build argument 'catkin_skip_building_tests' from command line to 'False'
[0.190s] DEBUG:colcon.colcon_core.verb:Building package 'arduino_driver' with the following arguments: {'ament_cmake_args': None, 'build_base': '/home/deepblue/ros2_autonomous_cpp/build/arduino_driver', 'catkin_cmake_args': None, 'catkin_skip_building_tests': False, 'cmake_args': None, 'cmake_clean_cache': False, 'cmake_clean_first': False, 'cmake_force_configure': False, 'cmake_target': None, 'cmake_target_skip_unavailable': False, 'install_base': '/home/deepblue/ros2_autonomous_cpp/install/arduino_driver', 'merge_install': False, 'path': '/home/deepblue/ros2_autonomous_cpp/src/drivers/arduino_driver', 'symlink_install': True, 'test_result_base': None}
[0.190s] Level 5:colcon.colcon_core.verb:set package 'common' build argument 'cmake_args' from command line to 'None'
[0.190s] Level 5:colcon.colcon_core.verb:set package 'common' build argument 'cmake_target' from command line to 'None'
[0.190s] Level 5:colcon.colcon_core.verb:set package 'common' build argument 'cmake_target_skip_unavailable' from command line to 'False'
[0.190s] Level 5:colcon.colcon_core.verb:set package 'common' build argument 'cmake_clean_cache' from command line to 'False'
[0.190s] Level 5:colcon.colcon_core.verb:set package 'common' build argument 'cmake_clean_first' from command line to 'False'
[0.190s] Level 5:colcon.colcon_core.verb:set package 'common' build argument 'cmake_force_configure' from command line to 'False'
[0.190s] Level 5:colcon.colcon_core.verb:set package 'common' build argument 'ament_cmake_args' from command line to 'None'
[0.190s] Level 5:colcon.colcon_core.verb:set package 'common' build argument 'catkin_cmake_args' from command line to 'None'
[0.190s] Level 5:colcon.colcon_core.verb:set package 'common' build argument 'catkin_skip_building_tests' from command line to 'False'
[0.190s] DEBUG:colcon.colcon_core.verb:Building package 'common' with the following arguments: {'ament_cmake_args': None, 'build_base': '/home/deepblue/ros2_autonomous_cpp/build/common', 'catkin_cmake_args': None, 'catkin_skip_building_tests': False, 'cmake_args': None, 'cmake_clean_cache': False, 'cmake_clean_first': False, 'cmake_force_configure': False, 'cmake_target': None, 'cmake_target_skip_unavailable': False, 'install_base': '/home/deepblue/ros2_autonomous_cpp/install/common', 'merge_install': False, 'path': '/home/deepblue/ros2_autonomous_cpp/src/common', 'symlink_install': True, 'test_result_base': None}
[0.190s] Level 5:colcon.colcon_core.verb:set package 'decision' build argument 'cmake_args' from command line to 'None'
[0.190s] Level 5:colcon.colcon_core.verb:set package 'decision' build argument 'cmake_target' from command line to 'None'
[0.190s] Level 5:colcon.colcon_core.verb:set package 'decision' build argument 'cmake_target_skip_unavailable' from command line to 'False'
[0.190s] Level 5:colcon.colcon_core.verb:set package 'decision' build argument 'cmake_clean_cache' from command line to 'False'
[0.190s] Level 5:colcon.colcon_core.verb:set package 'decision' build argument 'cmake_clean_first' from command line to 'False'
[0.190s] Level 5:colcon.colcon_core.verb:set package 'decision' build argument 'cmake_force_configure' from command line to 'False'
[0.190s] Level 5:colcon.colcon_core.verb:set package 'decision' build argument 'ament_cmake_args' from command line to 'None'
[0.190s] Level 5:colcon.colcon_core.verb:set package 'decision' build argument 'catkin_cmake_args' from command line to 'None'
[0.190s] Level 5:colcon.colcon_core.verb:set package 'decision' build argument 'catkin_skip_building_tests' from command line to 'False'
[0.190s] DEBUG:colcon.colcon_core.verb:Building package 'decision' with the following arguments: {'ament_cmake_args': None, 'build_base': '/home/deepblue/ros2_autonomous_cpp/build/decision', 'catkin_cmake_args': None, 'catkin_skip_building_tests': False, 'cmake_args': None, 'cmake_clean_cache': False, 'cmake_clean_first': False, 'cmake_force_configure': False, 'cmake_target': None, 'cmake_target_skip_unavailable': False, 'install_base': '/home/deepblue/ros2_autonomous_cpp/install/decision', 'merge_install': False, 'path': '/home/deepblue/ros2_autonomous_cpp/src/decision', 'symlink_install': True, 'test_result_base': None}
[0.190s] Level 5:colcon.colcon_core.verb:set package 'perception_pkg' build argument 'cmake_args' from command line to 'None'
[0.190s] Level 5:colcon.colcon_core.verb:set package 'perception_pkg' build argument 'cmake_target' from command line to 'None'
[0.190s] Level 5:colcon.colcon_core.verb:set package 'perception_pkg' build argument 'cmake_target_skip_unavailable' from command line to 'False'
[0.190s] Level 5:colcon.colcon_core.verb:set package 'perception_pkg' build argument 'cmake_clean_cache' from command line to 'False'
[0.190s] Level 5:colcon.colcon_core.verb:set package 'perception_pkg' build argument 'cmake_clean_first' from command line to 'False'
[0.190s] Level 5:colcon.colcon_core.verb:set package 'perception_pkg' build argument 'cmake_force_configure' from command line to 'False'
[0.190s] Level 5:colcon.colcon_core.verb:set package 'perception_pkg' build argument 'ament_cmake_args' from command line to 'None'
[0.190s] Level 5:colcon.colcon_core.verb:set package 'perception_pkg' build argument 'catkin_cmake_args' from command line to 'None'
[0.191s] Level 5:colcon.colcon_core.verb:set package 'perception_pkg' build argument 'catkin_skip_building_tests' from command line to 'False'
[0.191s] DEBUG:colcon.colcon_core.verb:Building package 'perception_pkg' with the following arguments: {'ament_cmake_args': None, 'build_base': '/home/deepblue/ros2_autonomous_cpp/build/perception_pkg', 'catkin_cmake_args': None, 'catkin_skip_building_tests': False, 'cmake_args': None, 'cmake_clean_cache': False, 'cmake_clean_first': False, 'cmake_force_configure': False, 'cmake_target': None, 'cmake_target_skip_unavailable': False, 'install_base': '/home/deepblue/ros2_autonomous_cpp/install/perception_pkg', 'merge_install': False, 'path': '/home/deepblue/ros2_autonomous_cpp/src/perception_pkg', 'symlink_install': True, 'test_result_base': None}
[0.191s] Level 5:colcon.colcon_core.verb:set package 'rplidar_driver' build argument 'cmake_args' from command line to 'None'
[0.191s] Level 5:colcon.colcon_core.verb:set package 'rplidar_driver' build argument 'cmake_target' from command line to 'None'
[0.191s] Level 5:colcon.colcon_core.verb:set package 'rplidar_driver' build argument 'cmake_target_skip_unavailable' from command line to 'False'
[0.191s] Level 5:colcon.colcon_core.verb:set package 'rplidar_driver' build argument 'cmake_clean_cache' from command line to 'False'
[0.191s] Level 5:colcon.colcon_core.verb:set package 'rplidar_driver' build argument 'cmake_clean_first' from command line to 'False'
[0.191s] Level 5:colcon.colcon_core.verb:set package 'rplidar_driver' build argument 'cmake_force_configure' from command line to 'False'
[0.191s] Level 5:colcon.colcon_core.verb:set package 'rplidar_driver' build argument 'ament_cmake_args' from command line to 'None'
[0.191s] Level 5:colcon.colcon_core.verb:set package 'rplidar_driver' build argument 'catkin_cmake_args' from command line to 'None'
[0.191s] Level 5:colcon.colcon_core.verb:set package 'rplidar_driver' build argument 'catkin_skip_building_tests' from command line to 'False'
[0.191s] DEBUG:colcon.colcon_core.verb:Building package 'rplidar_driver' with the following arguments: {'ament_cmake_args': None, 'build_base': '/home/deepblue/ros2_autonomous_cpp/build/rplidar_driver', 'catkin_cmake_args': None, 'catkin_skip_building_tests': False, 'cmake_args': None, 'cmake_clean_cache': False, 'cmake_clean_first': False, 'cmake_force_configure': False, 'cmake_target': None, 'cmake_target_skip_unavailable': False, 'install_base': '/home/deepblue/ros2_autonomous_cpp/install/rplidar_driver', 'merge_install': False, 'path': '/home/deepblue/ros2_autonomous_cpp/src/drivers/rplidar_driver', 'symlink_install': True, 'test_result_base': None}
[0.191s] Level 5:colcon.colcon_core.verb:set package 'ultrasonic_driver' build argument 'cmake_args' from command line to 'None'
[0.191s] Level 5:colcon.colcon_core.verb:set package 'ultrasonic_driver' build argument 'cmake_target' from command line to 'None'
[0.191s] Level 5:colcon.colcon_core.verb:set package 'ultrasonic_driver' build argument 'cmake_target_skip_unavailable' from command line to 'False'
[0.191s] Level 5:colcon.colcon_core.verb:set package 'ultrasonic_driver' build argument 'cmake_clean_cache' from command line to 'False'
[0.191s] Level 5:colcon.colcon_core.verb:set package 'ultrasonic_driver' build argument 'cmake_clean_first' from command line to 'False'
[0.191s] Level 5:colcon.colcon_core.verb:set package 'ultrasonic_driver' build argument 'cmake_force_configure' from command line to 'False'
[0.191s] Level 5:colcon.colcon_core.verb:set package 'ultrasonic_driver' build argument 'ament_cmake_args' from command line to 'None'
[0.191s] Level 5:colcon.colcon_core.verb:set package 'ultrasonic_driver' build argument 'catkin_cmake_args' from command line to 'None'
[0.191s] Level 5:colcon.colcon_core.verb:set package 'ultrasonic_driver' build argument 'catkin_skip_building_tests' from command line to 'False'
[0.191s] DEBUG:colcon.colcon_core.verb:Building package 'ultrasonic_driver' with the following arguments: {'ament_cmake_args': None, 'build_base': '/home/deepblue/ros2_autonomous_cpp/build/ultrasonic_driver', 'catkin_cmake_args': None, 'catkin_skip_building_tests': False, 'cmake_args': None, 'cmake_clean_cache': False, 'cmake_clean_first': False, 'cmake_force_configure': False, 'cmake_target': None, 'cmake_target_skip_unavailable': False, 'install_base': '/home/deepblue/ros2_autonomous_cpp/install/ultrasonic_driver', 'merge_install': False, 'path': '/home/deepblue/ros2_autonomous_cpp/src/drivers/ultrasonic_driver', 'symlink_install': True, 'test_result_base': None}
[0.191s] Level 5:colcon.colcon_core.verb:set package 'usb_cam_driver' build argument 'cmake_args' from command line to 'None'
[0.191s] Level 5:colcon.colcon_core.verb:set package 'usb_cam_driver' build argument 'cmake_target' from command line to 'None'
[0.191s] Level 5:colcon.colcon_core.verb:set package 'usb_cam_driver' build argument 'cmake_target_skip_unavailable' from command line to 'False'
[0.191s] Level 5:colcon.colcon_core.verb:set package 'usb_cam_driver' build argument 'cmake_clean_cache' from command line to 'False'
[0.191s] Level 5:colcon.colcon_core.verb:set package 'usb_cam_driver' build argument 'cmake_clean_first' from command line to 'False'
[0.191s] Level 5:colcon.colcon_core.verb:set package 'usb_cam_driver' build argument 'cmake_force_configure' from command line to 'False'
[0.191s] Level 5:colcon.colcon_core.verb:set package 'usb_cam_driver' build argument 'ament_cmake_args' from command line to 'None'
[0.191s] Level 5:colcon.colcon_core.verb:set package 'usb_cam_driver' build argument 'catkin_cmake_args' from command line to 'None'
[0.191s] Level 5:colcon.colcon_core.verb:set package 'usb_cam_driver' build argument 'catkin_skip_building_tests' from command line to 'False'
[0.191s] DEBUG:colcon.colcon_core.verb:Building package 'usb_cam_driver' with the following arguments: {'ament_cmake_args': None, 'build_base': '/home/deepblue/ros2_autonomous_cpp/build/usb_cam_driver', 'catkin_cmake_args': None, 'catkin_skip_building_tests': False, 'cmake_args': None, 'cmake_clean_cache': False, 'cmake_clean_first': False, 'cmake_force_configure': False, 'cmake_target': None, 'cmake_target_skip_unavailable': False, 'install_base': '/home/deepblue/ros2_autonomous_cpp/install/usb_cam_driver', 'merge_install': False, 'path': '/home/deepblue/ros2_autonomous_cpp/src/drivers/usb_cam_driver', 'symlink_install': True, 'test_result_base': None}
[0.191s] Level 5:colcon.colcon_core.verb:set package 'bringup' build argument 'cmake_args' from command line to 'None'
[0.191s] Level 5:colcon.colcon_core.verb:set package 'bringup' build argument 'cmake_target' from command line to 'None'
[0.191s] Level 5:colcon.colcon_core.verb:set package 'bringup' build argument 'cmake_target_skip_unavailable' from command line to 'False'
[0.191s] Level 5:colcon.colcon_core.verb:set package 'bringup' build argument 'cmake_clean_cache' from command line to 'False'
[0.191s] Level 5:colcon.colcon_core.verb:set package 'bringup' build argument 'cmake_clean_first' from command line to 'False'
[0.191s] Level 5:colcon.colcon_core.verb:set package 'bringup' build argument 'cmake_force_configure' from command line to 'False'
[0.191s] Level 5:colcon.colcon_core.verb:set package 'bringup' build argument 'ament_cmake_args' from command line to 'None'
[0.191s] Level 5:colcon.colcon_core.verb:set package 'bringup' build argument 'catkin_cmake_args' from command line to 'None'
[0.191s] Level 5:colcon.colcon_core.verb:set package 'bringup' build argument 'catkin_skip_building_tests' from command line to 'False'
[0.191s] DEBUG:colcon.colcon_core.verb:Building package 'bringup' with the following arguments: {'ament_cmake_args': None, 'build_base': '/home/deepblue/ros2_autonomous_cpp/build/bringup', 'catkin_cmake_args': None, 'catkin_skip_building_tests': False, 'cmake_args': None, 'cmake_clean_cache': False, 'cmake_clean_first': False, 'cmake_force_configure': False, 'cmake_target': None, 'cmake_target_skip_unavailable': False, 'install_base': '/home/deepblue/ros2_autonomous_cpp/install/bringup', 'merge_install': False, 'path': '/home/deepblue/ros2_autonomous_cpp/src/bringup', 'symlink_install': True, 'test_result_base': None}
[0.192s] INFO:colcon.colcon_core.executor:Executing jobs using 'parallel' executor
[0.192s] DEBUG:colcon.colcon_parallel_executor.executor.parallel:run_until_complete
[0.193s] INFO:colcon.colcon_ros.task.ament_cmake.build:Building ROS package in '/home/deepblue/ros2_autonomous_cpp/src/drivers/arduino_driver' with build type 'ament_cmake'
[0.193s] INFO:colcon.colcon_cmake.task.cmake.build:Building CMake package in '/home/deepblue/ros2_autonomous_cpp/src/drivers/arduino_driver'
[0.194s] INFO:colcon.colcon_core.plugin_system:Skipping extension 'colcon_core.shell.bat': Not used on non-Windows systems
[0.194s] INFO:colcon.colcon_core.shell:Skip shell extension 'powershell' for command environment: Not usable outside of PowerShell
[0.194s] DEBUG:colcon.colcon_core.shell:Skip shell extension 'dsv' for command environment
[0.196s] INFO:colcon.colcon_ros.task.ament_cmake.build:Building ROS package in '/home/deepblue/ros2_autonomous_cpp/src/decision' with build type 'ament_cmake'
[0.196s] INFO:colcon.colcon_cmake.task.cmake.build:Building CMake package in '/home/deepblue/ros2_autonomous_cpp/src/decision'
[0.196s] INFO:colcon.colcon_core.shell:Skip shell extension 'powershell' for command environment: Not usable outside of PowerShell
[0.196s] DEBUG:colcon.colcon_core.shell:Skip shell extension 'dsv' for command environment
[0.197s] INFO:colcon.colcon_ros.task.ament_cmake.build:Building ROS package in '/home/deepblue/ros2_autonomous_cpp/src/perception_pkg' with build type 'ament_cmake'
[0.197s] INFO:colcon.colcon_cmake.task.cmake.build:Building CMake package in '/home/deepblue/ros2_autonomous_cpp/src/perception_pkg'
[0.197s] INFO:colcon.colcon_core.shell:Skip shell extension 'powershell' for command environment: Not usable outside of PowerShell
[0.197s] DEBUG:colcon.colcon_core.shell:Skip shell extension 'dsv' for command environment
[0.199s] INFO:colcon.colcon_ros.task.ament_cmake.build:Building ROS package in '/home/deepblue/ros2_autonomous_cpp/src/drivers/rplidar_driver' with build type 'ament_cmake'
[0.199s] INFO:colcon.colcon_cmake.task.cmake.build:Building CMake package in '/home/deepblue/ros2_autonomous_cpp/src/drivers/rplidar_driver'
[0.199s] INFO:colcon.colcon_core.shell:Skip shell extension 'powershell' for command environment: Not usable outside of PowerShell
[0.199s] DEBUG:colcon.colcon_core.shell:Skip shell extension 'dsv' for command environment
[0.200s] INFO:colcon.colcon_ros.task.ament_cmake.build:Building ROS package in '/home/deepblue/ros2_autonomous_cpp/src/drivers/ultrasonic_driver' with build type 'ament_cmake'
[0.200s] INFO:colcon.colcon_cmake.task.cmake.build:Building CMake package in '/home/deepblue/ros2_autonomous_cpp/src/drivers/ultrasonic_driver'
[0.200s] INFO:colcon.colcon_core.shell:Skip shell extension 'powershell' for command environment: Not usable outside of PowerShell
[0.200s] DEBUG:colcon.colcon_core.shell:Skip shell extension 'dsv' for command environment
[0.201s] INFO:colcon.colcon_ros.task.ament_cmake.build:Building ROS package in '/home/deepblue/ros2_autonomous_cpp/src/drivers/usb_cam_driver' with build type 'ament_cmake'
[0.201s] INFO:colcon.colcon_cmake.task.cmake.build:Building CMake package in '/home/deepblue/ros2_autonomous_cpp/src/drivers/usb_cam_driver'
[0.201s] INFO:colcon.colcon_core.shell:Skip shell extension 'powershell' for command environment: Not usable outside of PowerShell
[0.201s] DEBUG:colcon.colcon_core.shell:Skip shell extension 'dsv' for command environment
[0.203s] INFO:colcon.colcon_ros.task.ament_cmake.build:Building ROS package in '/home/deepblue/ros2_autonomous_cpp/src/common' with build type 'ament_cmake'
[0.203s] INFO:colcon.colcon_cmake.task.cmake.build:Building CMake package in '/home/deepblue/ros2_autonomous_cpp/src/common'
[0.203s] INFO:colcon.colcon_core.shell:Skip shell extension 'powershell' for command environment: Not usable outside of PowerShell
[0.203s] DEBUG:colcon.colcon_core.shell:Skip shell extension 'dsv' for command environment
[0.206s] DEBUG:colcon.colcon_core.event_handler.log_command:Invoking command in '/home/deepblue/ros2_autonomous_cpp/build/arduino_driver': CMAKE_PREFIX_PATH=/opt/ros/humble /usr/bin/cmake /home/deepblue/ros2_autonomous_cpp/src/drivers/arduino_driver -DAMENT_CMAKE_SYMLINK_INSTALL=1 -DCMAKE_INSTALL_PREFIX=/home/deepblue/ros2_autonomous_cpp/install/arduino_driver
[0.207s] DEBUG:colcon.colcon_core.event_handler.log_command:Invoking command in '/home/deepblue/ros2_autonomous_cpp/build/decision': CMAKE_PREFIX_PATH=/opt/ros/humble /usr/bin/cmake /home/deepblue/ros2_autonomous_cpp/src/decision -DAMENT_CMAKE_SYMLINK_INSTALL=1 -DCMAKE_INSTALL_PREFIX=/home/deepblue/ros2_autonomous_cpp/install/decision
[0.208s] DEBUG:colcon.colcon_core.event_handler.log_command:Invoking command in '/home/deepblue/ros2_autonomous_cpp/build/perception_pkg': CMAKE_PREFIX_PATH=/opt/ros/humble /usr/bin/cmake /home/deepblue/ros2_autonomous_cpp/src/perception_pkg -DAMENT_CMAKE_SYMLINK_INSTALL=1 -DCMAKE_INSTALL_PREFIX=/home/deepblue/ros2_autonomous_cpp/install/perception_pkg
[0.209s] DEBUG:colcon.colcon_core.event_handler.log_command:Invoking command in '/home/deepblue/ros2_autonomous_cpp/build/rplidar_driver': CMAKE_PREFIX_PATH=/opt/ros/humble /usr/bin/cmake /home/deepblue/ros2_autonomous_cpp/src/drivers/rplidar_driver -DAMENT_CMAKE_SYMLINK_INSTALL=1 -DCMAKE_INSTALL_PREFIX=/home/deepblue/ros2_autonomous_cpp/install/rplidar_driver
[0.209s] DEBUG:colcon.colcon_core.event_handler.log_command:Invoking command in '/home/deepblue/ros2_autonomous_cpp/build/ultrasonic_driver': CMAKE_PREFIX_PATH=/opt/ros/humble /usr/bin/cmake /home/deepblue/ros2_autonomous_cpp/src/drivers/ultrasonic_driver -DAMENT_CMAKE_SYMLINK_INSTALL=1 -DCMAKE_INSTALL_PREFIX=/home/deepblue/ros2_autonomous_cpp/install/ultrasonic_driver
[0.211s] DEBUG:colcon.colcon_core.event_handler.log_command:Invoking command in '/home/deepblue/ros2_autonomous_cpp/build/usb_cam_driver': CMAKE_PREFIX_PATH=/opt/ros/humble /usr/bin/cmake /home/deepblue/ros2_autonomous_cpp/src/drivers/usb_cam_driver -DAMENT_CMAKE_SYMLINK_INSTALL=1 -DCMAKE_INSTALL_PREFIX=/home/deepblue/ros2_autonomous_cpp/install/usb_cam_driver
[0.213s] DEBUG:colcon.colcon_core.event_handler.log_command:Invoking command in '/home/deepblue/ros2_autonomous_cpp/build/common': CMAKE_PREFIX_PATH=/opt/ros/humble /usr/bin/cmake /home/deepblue/ros2_autonomous_cpp/src/common -DAMENT_CMAKE_SYMLINK_INSTALL=1 -DCMAKE_INSTALL_PREFIX=/home/deepblue/ros2_autonomous_cpp/install/common
[0.585s] DEBUG:colcon.colcon_core.event_handler.log_command:Invoked command in '/home/deepblue/ros2_autonomous_cpp/build/rplidar_driver' returned '0': CMAKE_PREFIX_PATH=/opt/ros/humble /usr/bin/cmake /home/deepblue/ros2_autonomous_cpp/src/drivers/rplidar_driver -DAMENT_CMAKE_SYMLINK_INSTALL=1 -DCMAKE_INSTALL_PREFIX=/home/deepblue/ros2_autonomous_cpp/install/rplidar_driver
[0.587s] DEBUG:colcon.colcon_core.event_handler.log_command:Invoking command in '/home/deepblue/ros2_autonomous_cpp/build/rplidar_driver': CMAKE_PREFIX_PATH=/opt/ros/humble /usr/bin/cmake --build /home/deepblue/ros2_autonomous_cpp/build/rplidar_driver -- -j16 -l16
[0.590s] DEBUG:colcon.colcon_core.event_handler.log_command:Invoked command in '/home/deepblue/ros2_autonomous_cpp/build/usb_cam_driver' returned '0': CMAKE_PREFIX_PATH=/opt/ros/humble /usr/bin/cmake /home/deepblue/ros2_autonomous_cpp/src/drivers/usb_cam_driver -DAMENT_CMAKE_SYMLINK_INSTALL=1 -DCMAKE_INSTALL_PREFIX=/home/deepblue/ros2_autonomous_cpp/install/usb_cam_driver
[0.591s] DEBUG:colcon.colcon_core.event_handler.log_command:Invoking command in '/home/deepblue/ros2_autonomous_cpp/build/usb_cam_driver': CMAKE_PREFIX_PATH=/opt/ros/humble /usr/bin/cmake --build /home/deepblue/ros2_autonomous_cpp/build/usb_cam_driver -- -j16 -l16
[0.592s] DEBUG:colcon.colcon_core.event_handler.log_command:Invoked command in '/home/deepblue/ros2_autonomous_cpp/build/common' returned '0': CMAKE_PREFIX_PATH=/opt/ros/humble /usr/bin/cmake /home/deepblue/ros2_autonomous_cpp/src/common -DAMENT_CMAKE_SYMLINK_INSTALL=1 -DCMAKE_INSTALL_PREFIX=/home/deepblue/ros2_autonomous_cpp/install/common
[0.593s] DEBUG:colcon.colcon_core.event_handler.log_command:Invoking command in '/home/deepblue/ros2_autonomous_cpp/build/common': CMAKE_PREFIX_PATH=/opt/ros/humble /usr/bin/cmake --build /home/deepblue/ros2_autonomous_cpp/build/common -- -j16 -l16
[0.610s] DEBUG:colcon.colcon_core.event_handler.log_command:Invoked command in '/home/deepblue/ros2_autonomous_cpp/build/rplidar_driver' returned '0': CMAKE_PREFIX_PATH=/opt/ros/humble /usr/bin/cmake --build /home/deepblue/ros2_autonomous_cpp/build/rplidar_driver -- -j16 -l16
[0.617s] DEBUG:colcon.colcon_core.event_handler.log_command:Invoking command in '/home/deepblue/ros2_autonomous_cpp/build/rplidar_driver': CMAKE_PREFIX_PATH=/opt/ros/humble /usr/bin/cmake --install /home/deepblue/ros2_autonomous_cpp/build/rplidar_driver
[0.618s] DEBUG:colcon.colcon_core.event_handler.log_command:Invoked command in '/home/deepblue/ros2_autonomous_cpp/build/usb_cam_driver' returned '0': CMAKE_PREFIX_PATH=/opt/ros/humble /usr/bin/cmake --build /home/deepblue/ros2_autonomous_cpp/build/usb_cam_driver -- -j16 -l16
[0.619s] DEBUG:colcon.colcon_core.event_handler.log_command:Invoking command in '/home/deepblue/ros2_autonomous_cpp/build/usb_cam_driver': CMAKE_PREFIX_PATH=/opt/ros/humble /usr/bin/cmake --install /home/deepblue/ros2_autonomous_cpp/build/usb_cam_driver
[0.619s] DEBUG:colcon.colcon_core.event_handler.log_command:Invoked command in '/home/deepblue/ros2_autonomous_cpp/build/common' returned '0': CMAKE_PREFIX_PATH=/opt/ros/humble /usr/bin/cmake --build /home/deepblue/ros2_autonomous_cpp/build/common -- -j16 -l16
[0.620s] DEBUG:colcon.colcon_core.event_handler.log_command:Invoking command in '/home/deepblue/ros2_autonomous_cpp/build/common': CMAKE_PREFIX_PATH=/opt/ros/humble /usr/bin/cmake --install /home/deepblue/ros2_autonomous_cpp/build/common
[0.706s] Level 1:colcon.colcon_core.environment:create_environment_scripts_only(usb_cam_driver)
[0.707s] DEBUG:colcon.colcon_core.event_handler.log_command:Invoked command in '/home/deepblue/ros2_autonomous_cpp/build/usb_cam_driver' returned '0': CMAKE_PREFIX_PATH=/opt/ros/humble /usr/bin/cmake --install /home/deepblue/ros2_autonomous_cpp/build/usb_cam_driver
[0.708s] Level 1:colcon.colcon_core.environment:checking '/home/deepblue/ros2_autonomous_cpp/install/usb_cam_driver' for CMake module files
[0.708s] Level 1:colcon.colcon_core.environment:checking '/home/deepblue/ros2_autonomous_cpp/install/usb_cam_driver' for CMake config files
[0.708s] Level 1:colcon.colcon_core.shell:create_environment_hook('usb_cam_driver', 'cmake_prefix_path')
[0.708s] INFO:colcon.colcon_core.shell:Creating environment hook '/home/deepblue/ros2_autonomous_cpp/install/usb_cam_driver/share/usb_cam_driver/hook/cmake_prefix_path.ps1'
[0.709s] INFO:colcon.colcon_core.shell:Creating environment descriptor '/home/deepblue/ros2_autonomous_cpp/install/usb_cam_driver/share/usb_cam_driver/hook/cmake_prefix_path.dsv'
[0.709s] INFO:colcon.colcon_core.shell:Creating environment hook '/home/deepblue/ros2_autonomous_cpp/install/usb_cam_driver/share/usb_cam_driver/hook/cmake_prefix_path.sh'
[0.710s] Level 1:colcon.colcon_core.environment:checking '/home/deepblue/ros2_autonomous_cpp/install/usb_cam_driver/bin'
[0.710s] Level 1:colcon.colcon_core.environment:checking '/home/deepblue/ros2_autonomous_cpp/install/usb_cam_driver/lib/pkgconfig/usb_cam_driver.pc'
[0.710s] Level 1:colcon.colcon_core.environment:checking '/home/deepblue/ros2_autonomous_cpp/install/usb_cam_driver/lib/python3.10/site-packages'
[0.710s] Level 1:colcon.colcon_core.environment:checking '/home/deepblue/ros2_autonomous_cpp/install/usb_cam_driver/bin'
[0.710s] INFO:colcon.colcon_core.shell:Creating package script '/home/deepblue/ros2_autonomous_cpp/install/usb_cam_driver/share/usb_cam_driver/package.ps1'
[0.711s] INFO:colcon.colcon_core.shell:Creating package descriptor '/home/deepblue/ros2_autonomous_cpp/install/usb_cam_driver/share/usb_cam_driver/package.dsv'
[0.711s] INFO:colcon.colcon_core.shell:Creating package script '/home/deepblue/ros2_autonomous_cpp/install/usb_cam_driver/share/usb_cam_driver/package.sh'
[0.711s] INFO:colcon.colcon_core.shell:Creating package script '/home/deepblue/ros2_autonomous_cpp/install/usb_cam_driver/share/usb_cam_driver/package.bash'
[0.712s] INFO:colcon.colcon_core.shell:Creating package script '/home/deepblue/ros2_autonomous_cpp/install/usb_cam_driver/share/usb_cam_driver/package.zsh'
[0.712s] Level 1:colcon.colcon_core.environment:create_file_with_runtime_dependencies(/home/deepblue/ros2_autonomous_cpp/install/usb_cam_driver/share/colcon-core/packages/usb_cam_driver)
[0.712s] Level 1:colcon.colcon_core.environment:create_environment_scripts_only(usb_cam_driver)
[0.712s] Level 1:colcon.colcon_core.environment:checking '/home/deepblue/ros2_autonomous_cpp/install/usb_cam_driver' for CMake module files
[0.713s] Level 1:colcon.colcon_core.environment:checking '/home/deepblue/ros2_autonomous_cpp/install/usb_cam_driver' for CMake config files
[0.713s] Level 1:colcon.colcon_core.shell:create_environment_hook('usb_cam_driver', 'cmake_prefix_path')
[0.713s] INFO:colcon.colcon_core.shell:Creating environment hook '/home/deepblue/ros2_autonomous_cpp/install/usb_cam_driver/share/usb_cam_driver/hook/cmake_prefix_path.ps1'
[0.713s] INFO:colcon.colcon_core.shell:Creating environment descriptor '/home/deepblue/ros2_autonomous_cpp/install/usb_cam_driver/share/usb_cam_driver/hook/cmake_prefix_path.dsv'
[0.713s] INFO:colcon.colcon_core.shell:Creating environment hook '/home/deepblue/ros2_autonomous_cpp/install/usb_cam_driver/share/usb_cam_driver/hook/cmake_prefix_path.sh'
[0.713s] Level 1:colcon.colcon_core.environment:checking '/home/deepblue/ros2_autonomous_cpp/install/usb_cam_driver/bin'
[0.714s] Level 1:colcon.colcon_core.environment:checking '/home/deepblue/ros2_autonomous_cpp/install/usb_cam_driver/lib/pkgconfig/usb_cam_driver.pc'
[0.714s] Level 1:colcon.colcon_core.environment:checking '/home/deepblue/ros2_autonomous_cpp/install/usb_cam_driver/lib/python3.10/site-packages'
[0.714s] Level 1:colcon.colcon_core.environment:checking '/home/deepblue/ros2_autonomous_cpp/install/usb_cam_driver/bin'
[0.714s] INFO:colcon.colcon_core.shell:Creating package script '/home/deepblue/ros2_autonomous_cpp/install/usb_cam_driver/share/usb_cam_driver/package.ps1'
[0.714s] INFO:colcon.colcon_core.shell:Creating package descriptor '/home/deepblue/ros2_autonomous_cpp/install/usb_cam_driver/share/usb_cam_driver/package.dsv'
[0.714s] INFO:colcon.colcon_core.shell:Creating package script '/home/deepblue/ros2_autonomous_cpp/install/usb_cam_driver/share/usb_cam_driver/package.sh'
[0.715s] INFO:colcon.colcon_core.shell:Creating package script '/home/deepblue/ros2_autonomous_cpp/install/usb_cam_driver/share/usb_cam_driver/package.bash'
[0.715s] INFO:colcon.colcon_core.shell:Creating package script '/home/deepblue/ros2_autonomous_cpp/install/usb_cam_driver/share/usb_cam_driver/package.zsh'
[0.715s] Level 1:colcon.colcon_core.environment:create_file_with_runtime_dependencies(/home/deepblue/ros2_autonomous_cpp/install/usb_cam_driver/share/colcon-core/packages/usb_cam_driver)
[0.716s] Level 1:colcon.colcon_core.environment:create_environment_scripts_only(rplidar_driver)
[0.716s] Level 1:colcon.colcon_core.environment:checking '/home/deepblue/ros2_autonomous_cpp/install/rplidar_driver' for CMake module files
[0.716s] DEBUG:colcon.colcon_core.event_handler.log_command:Invoked command in '/home/deepblue/ros2_autonomous_cpp/build/rplidar_driver' returned '0': CMAKE_PREFIX_PATH=/opt/ros/humble /usr/bin/cmake --install /home/deepblue/ros2_autonomous_cpp/build/rplidar_driver
[0.716s] Level 1:colcon.colcon_core.environment:checking '/home/deepblue/ros2_autonomous_cpp/install/rplidar_driver' for CMake config files
[0.717s] Level 1:colcon.colcon_core.shell:create_environment_hook('rplidar_driver', 'cmake_prefix_path')
[0.717s] INFO:colcon.colcon_core.shell:Creating environment hook '/home/deepblue/ros2_autonomous_cpp/install/rplidar_driver/share/rplidar_driver/hook/cmake_prefix_path.ps1'
[0.718s] INFO:colcon.colcon_core.shell:Creating environment descriptor '/home/deepblue/ros2_autonomous_cpp/install/rplidar_driver/share/rplidar_driver/hook/cmake_prefix_path.dsv'
[0.718s] INFO:colcon.colcon_core.shell:Creating environment hook '/home/deepblue/ros2_autonomous_cpp/install/rplidar_driver/share/rplidar_driver/hook/cmake_prefix_path.sh'
[0.718s] Level 1:colcon.colcon_core.environment:checking '/home/deepblue/ros2_autonomous_cpp/install/rplidar_driver/bin'
[0.718s] Level 1:colcon.colcon_core.environment:checking '/home/deepblue/ros2_autonomous_cpp/install/rplidar_driver/lib/pkgconfig/rplidar_driver.pc'
[0.719s] Level 1:colcon.colcon_core.environment:checking '/home/deepblue/ros2_autonomous_cpp/install/rplidar_driver/lib/python3.10/site-packages'
[0.719s] Level 1:colcon.colcon_core.environment:checking '/home/deepblue/ros2_autonomous_cpp/install/rplidar_driver/bin'
[0.719s] INFO:colcon.colcon_core.shell:Creating package script '/home/deepblue/ros2_autonomous_cpp/install/rplidar_driver/share/rplidar_driver/package.ps1'
[0.719s] INFO:colcon.colcon_core.shell:Creating package descriptor '/home/deepblue/ros2_autonomous_cpp/install/rplidar_driver/share/rplidar_driver/package.dsv'
[0.719s] INFO:colcon.colcon_core.shell:Creating package script '/home/deepblue/ros2_autonomous_cpp/install/rplidar_driver/share/rplidar_driver/package.sh'
[0.720s] INFO:colcon.colcon_core.shell:Creating package script '/home/deepblue/ros2_autonomous_cpp/install/rplidar_driver/share/rplidar_driver/package.bash'
[0.720s] INFO:colcon.colcon_core.shell:Creating package script '/home/deepblue/ros2_autonomous_cpp/install/rplidar_driver/share/rplidar_driver/package.zsh'
[0.720s] Level 1:colcon.colcon_core.environment:create_file_with_runtime_dependencies(/home/deepblue/ros2_autonomous_cpp/install/rplidar_driver/share/colcon-core/packages/rplidar_driver)
[0.720s] Level 1:colcon.colcon_core.environment:create_environment_scripts_only(rplidar_driver)
[0.720s] Level 1:colcon.colcon_core.environment:checking '/home/deepblue/ros2_autonomous_cpp/install/rplidar_driver' for CMake module files
[0.721s] Level 1:colcon.colcon_core.environment:checking '/home/deepblue/ros2_autonomous_cpp/install/rplidar_driver' for CMake config files
[0.721s] Level 1:colcon.colcon_core.shell:create_environment_hook('rplidar_driver', 'cmake_prefix_path')
[0.721s] INFO:colcon.colcon_core.shell:Creating environment hook '/home/deepblue/ros2_autonomous_cpp/install/rplidar_driver/share/rplidar_driver/hook/cmake_prefix_path.ps1'
[0.721s] INFO:colcon.colcon_core.shell:Creating environment descriptor '/home/deepblue/ros2_autonomous_cpp/install/rplidar_driver/share/rplidar_driver/hook/cmake_prefix_path.dsv'
[0.721s] INFO:colcon.colcon_core.shell:Creating environment hook '/home/deepblue/ros2_autonomous_cpp/install/rplidar_driver/share/rplidar_driver/hook/cmake_prefix_path.sh'
[0.722s] Level 1:colcon.colcon_core.environment:checking '/home/deepblue/ros2_autonomous_cpp/install/rplidar_driver/bin'
[0.722s] Level 1:colcon.colcon_core.environment:checking '/home/deepblue/ros2_autonomous_cpp/install/rplidar_driver/lib/pkgconfig/rplidar_driver.pc'
[0.722s] Level 1:colcon.colcon_core.environment:checking '/home/deepblue/ros2_autonomous_cpp/install/rplidar_driver/lib/python3.10/site-packages'
[0.722s] Level 1:colcon.colcon_core.environment:checking '/home/deepblue/ros2_autonomous_cpp/install/rplidar_driver/bin'
[0.722s] INFO:colcon.colcon_core.shell:Creating package script '/home/deepblue/ros2_autonomous_cpp/install/rplidar_driver/share/rplidar_driver/package.ps1'
[0.723s] INFO:colcon.colcon_core.shell:Creating package descriptor '/home/deepblue/ros2_autonomous_cpp/install/rplidar_driver/share/rplidar_driver/package.dsv'
[0.723s] INFO:colcon.colcon_core.shell:Creating package script '/home/deepblue/ros2_autonomous_cpp/install/rplidar_driver/share/rplidar_driver/package.sh'
[0.723s] INFO:colcon.colcon_core.shell:Creating package script '/home/deepblue/ros2_autonomous_cpp/install/rplidar_driver/share/rplidar_driver/package.bash'
[0.724s] INFO:colcon.colcon_core.shell:Creating package script '/home/deepblue/ros2_autonomous_cpp/install/rplidar_driver/share/rplidar_driver/package.zsh'
[0.724s] Level 1:colcon.colcon_core.environment:create_file_with_runtime_dependencies(/home/deepblue/ros2_autonomous_cpp/install/rplidar_driver/share/colcon-core/packages/rplidar_driver)
[0.725s] Level 1:colcon.colcon_core.environment:create_environment_scripts_only(common)
[0.725s] Level 1:colcon.colcon_core.environment:checking '/home/deepblue/ros2_autonomous_cpp/install/common' for CMake module files
[0.726s] DEBUG:colcon.colcon_core.event_handler.log_command:Invoked command in '/home/deepblue/ros2_autonomous_cpp/build/common' returned '0': CMAKE_PREFIX_PATH=/opt/ros/humble /usr/bin/cmake --install /home/deepblue/ros2_autonomous_cpp/build/common
[0.726s] Level 1:colcon.colcon_core.environment:checking '/home/deepblue/ros2_autonomous_cpp/install/common' for CMake config files
[0.726s] Level 1:colcon.colcon_core.shell:create_environment_hook('common', 'cmake_prefix_path')
[0.726s] INFO:colcon.colcon_core.shell:Creating environment hook '/home/deepblue/ros2_autonomous_cpp/install/common/share/common/hook/cmake_prefix_path.ps1'
[0.727s] INFO:colcon.colcon_core.shell:Creating environment descriptor '/home/deepblue/ros2_autonomous_cpp/install/common/share/common/hook/cmake_prefix_path.dsv'
[0.727s] INFO:colcon.colcon_core.shell:Creating environment hook '/home/deepblue/ros2_autonomous_cpp/install/common/share/common/hook/cmake_prefix_path.sh'
[0.727s] Level 1:colcon.colcon_core.environment:checking '/home/deepblue/ros2_autonomous_cpp/install/common/lib'
[0.727s] Level 1:colcon.colcon_core.environment:checking '/home/deepblue/ros2_autonomous_cpp/install/common/bin'
[0.727s] Level 1:colcon.colcon_core.environment:checking '/home/deepblue/ros2_autonomous_cpp/install/common/lib/pkgconfig/common.pc'
[0.727s] Level 1:colcon.colcon_core.environment:checking '/home/deepblue/ros2_autonomous_cpp/install/common/lib/python3.10/site-packages'
[0.728s] Level 1:colcon.colcon_core.environment:checking '/home/deepblue/ros2_autonomous_cpp/install/common/bin'
[0.728s] INFO:colcon.colcon_core.shell:Creating package script '/home/deepblue/ros2_autonomous_cpp/install/common/share/common/package.ps1'
[0.728s] INFO:colcon.colcon_core.shell:Creating package descriptor '/home/deepblue/ros2_autonomous_cpp/install/common/share/common/package.dsv'
[0.728s] INFO:colcon.colcon_core.shell:Creating package script '/home/deepblue/ros2_autonomous_cpp/install/common/share/common/package.sh'
[0.729s] INFO:colcon.colcon_core.shell:Creating package script '/home/deepblue/ros2_autonomous_cpp/install/common/share/common/package.bash'
[0.729s] INFO:colcon.colcon_core.shell:Creating package script '/home/deepblue/ros2_autonomous_cpp/install/common/share/common/package.zsh'
[0.729s] Level 1:colcon.colcon_core.environment:create_file_with_runtime_dependencies(/home/deepblue/ros2_autonomous_cpp/install/common/share/colcon-core/packages/common)
[0.729s] Level 1:colcon.colcon_core.environment:create_environment_scripts_only(common)
[0.729s] Level 1:colcon.colcon_core.environment:checking '/home/deepblue/ros2_autonomous_cpp/install/common' for CMake module files
[0.729s] Level 1:colcon.colcon_core.environment:checking '/home/deepblue/ros2_autonomous_cpp/install/common' for CMake config files
[0.730s] Level 1:colcon.colcon_core.shell:create_environment_hook('common', 'cmake_prefix_path')
[0.730s] INFO:colcon.colcon_core.shell:Creating environment hook '/home/deepblue/ros2_autonomous_cpp/install/common/share/common/hook/cmake_prefix_path.ps1'
[0.730s] INFO:colcon.colcon_core.shell:Creating environment descriptor '/home/deepblue/ros2_autonomous_cpp/install/common/share/common/hook/cmake_prefix_path.dsv'
[0.730s] INFO:colcon.colcon_core.shell:Creating environment hook '/home/deepblue/ros2_autonomous_cpp/install/common/share/common/hook/cmake_prefix_path.sh'
[0.730s] Level 1:colcon.colcon_core.environment:checking '/home/deepblue/ros2_autonomous_cpp/install/common/lib'
[0.730s] Level 1:colcon.colcon_core.environment:checking '/home/deepblue/ros2_autonomous_cpp/install/common/bin'
[0.730s] Level 1:colcon.colcon_core.environment:checking '/home/deepblue/ros2_autonomous_cpp/install/common/lib/pkgconfig/common.pc'
[0.731s] Level 1:colcon.colcon_core.environment:checking '/home/deepblue/ros2_autonomous_cpp/install/common/lib/python3.10/site-packages'
[0.731s] Level 1:colcon.colcon_core.environment:checking '/home/deepblue/ros2_autonomous_cpp/install/common/bin'
[0.731s] INFO:colcon.colcon_core.shell:Creating package script '/home/deepblue/ros2_autonomous_cpp/install/common/share/common/package.ps1'
[0.731s] INFO:colcon.colcon_core.shell:Creating package descriptor '/home/deepblue/ros2_autonomous_cpp/install/common/share/common/package.dsv'
[0.732s] INFO:colcon.colcon_core.shell:Creating package script '/home/deepblue/ros2_autonomous_cpp/install/common/share/common/package.sh'
[0.732s] INFO:colcon.colcon_core.shell:Creating package script '/home/deepblue/ros2_autonomous_cpp/install/common/share/common/package.bash'
[0.732s] INFO:colcon.colcon_core.shell:Creating package script '/home/deepblue/ros2_autonomous_cpp/install/common/share/common/package.zsh'
[0.732s] Level 1:colcon.colcon_core.environment:create_file_with_runtime_dependencies(/home/deepblue/ros2_autonomous_cpp/install/common/share/colcon-core/packages/common)
[0.806s] DEBUG:colcon.colcon_core.event_handler.log_command:Invoked command in '/home/deepblue/ros2_autonomous_cpp/build/arduino_driver' returned '1': CMAKE_PREFIX_PATH=/opt/ros/humble /usr/bin/cmake /home/deepblue/ros2_autonomous_cpp/src/drivers/arduino_driver -DAMENT_CMAKE_SYMLINK_INSTALL=1 -DCMAKE_INSTALL_PREFIX=/home/deepblue/ros2_autonomous_cpp/install/arduino_driver
[0.814s] Level 1:colcon.colcon_core.environment:create_environment_scripts_only(arduino_driver)
[0.815s] Level 1:colcon.colcon_core.environment:checking '/home/deepblue/ros2_autonomous_cpp/install/arduino_driver' for CMake module files
[0.815s] Level 1:colcon.colcon_core.environment:checking '/home/deepblue/ros2_autonomous_cpp/install/arduino_driver' for CMake config files
[0.815s] Level 1:colcon.colcon_core.environment:checking '/home/deepblue/ros2_autonomous_cpp/install/arduino_driver/bin'
[0.815s] Level 1:colcon.colcon_core.environment:checking '/home/deepblue/ros2_autonomous_cpp/install/arduino_driver/lib/pkgconfig/arduino_driver.pc'
[0.815s] Level 1:colcon.colcon_core.environment:checking '/home/deepblue/ros2_autonomous_cpp/install/arduino_driver/lib/python3.10/site-packages'
[0.816s] Level 1:colcon.colcon_core.environment:checking '/home/deepblue/ros2_autonomous_cpp/install/arduino_driver/bin'
[0.816s] INFO:colcon.colcon_core.shell:Creating package script '/home/deepblue/ros2_autonomous_cpp/install/arduino_driver/share/arduino_driver/package.ps1'
[0.816s] INFO:colcon.colcon_core.shell:Creating package descriptor '/home/deepblue/ros2_autonomous_cpp/install/arduino_driver/share/arduino_driver/package.dsv'
[0.816s] INFO:colcon.colcon_core.shell:Creating package script '/home/deepblue/ros2_autonomous_cpp/install/arduino_driver/share/arduino_driver/package.sh'
[0.817s] INFO:colcon.colcon_core.shell:Creating package script '/home/deepblue/ros2_autonomous_cpp/install/arduino_driver/share/arduino_driver/package.bash'
[0.817s] INFO:colcon.colcon_core.shell:Creating package script '/home/deepblue/ros2_autonomous_cpp/install/arduino_driver/share/arduino_driver/package.zsh'
[0.817s] Level 1:colcon.colcon_core.environment:create_file_with_runtime_dependencies(/home/deepblue/ros2_autonomous_cpp/install/arduino_driver/share/colcon-core/packages/arduino_driver)
[0.971s] DEBUG:colcon.colcon_parallel_executor.executor.parallel:closing loop
[0.971s] DEBUG:colcon.colcon_parallel_executor.executor.parallel:loop closed
[0.972s] DEBUG:colcon.colcon_parallel_executor.executor.parallel:run_until_complete finished with '1'
[0.972s] DEBUG:colcon.colcon_core.event_reactor:joining thread
[0.976s] INFO:colcon.colcon_core.plugin_system:Skipping extension 'colcon_notification.desktop_notification.terminal_notifier': Not used on non-Darwin systems
[0.976s] INFO:colcon.colcon_core.plugin_system:Skipping extension 'colcon_notification.desktop_notification.win32': Not used on non-Windows systems
[0.976s] INFO:colcon.colcon_notification.desktop_notification:Sending desktop notification using 'notify2'
[0.984s] DEBUG:colcon.colcon_core.event_reactor:joined thread
[0.984s] INFO:colcon.colcon_core.shell:Creating prefix script '/home/deepblue/ros2_autonomous_cpp/install/local_setup.ps1'
[0.985s] INFO:colcon.colcon_core.shell:Creating prefix util module '/home/deepblue/ros2_autonomous_cpp/install/_local_setup_util_ps1.py'
[0.986s] INFO:colcon.colcon_core.shell:Creating prefix chain script '/home/deepblue/ros2_autonomous_cpp/install/setup.ps1'
[0.986s] INFO:colcon.colcon_core.shell:Creating prefix script '/home/deepblue/ros2_autonomous_cpp/install/local_setup.sh'
[0.986s] INFO:colcon.colcon_core.shell:Creating prefix util module '/home/deepblue/ros2_autonomous_cpp/install/_local_setup_util_sh.py'
[0.987s] INFO:colcon.colcon_core.shell:Creating prefix chain script '/home/deepblue/ros2_autonomous_cpp/install/setup.sh'
[0.987s] INFO:colcon.colcon_core.shell:Creating prefix script '/home/deepblue/ros2_autonomous_cpp/install/local_setup.bash'
[0.987s] INFO:colcon.colcon_core.shell:Creating prefix chain script '/home/deepblue/ros2_autonomous_cpp/install/setup.bash'
[0.988s] INFO:colcon.colcon_core.shell:Creating prefix script '/home/deepblue/ros2_autonomous_cpp/install/local_setup.zsh'
[0.988s] INFO:colcon.colcon_core.shell:Creating prefix chain script '/home/deepblue/ros2_autonomous_cpp/install/setup.zsh'
