[0.060s] DEBUG:colcon:Command line arguments: ['/usr/bin/colcon', 'build', '--symlink-install', '--packages-select', 'arduino_driver', 'ultrasonic_driver', 'decision', 'rplidar_driver', 'usb_cam_driver', 'common', 'bringup']
[0.060s] DEBUG:colcon:Parsed command line arguments: Namespace(log_base=None, log_level=None, verb_name='build', build_base='build', install_base='install', merge_install=False, symlink_install=True, test_result_base=None, continue_on_error=False, executor='parallel', parallel_workers=16, event_handlers=None, ignore_user_meta=False, metas=['./colcon.meta'], base_paths=['.'], packages_ignore=None, packages_ignore_regex=None, paths=None, packages_up_to=None, packages_up_to_regex=None, packages_above=None, packages_above_and_dependencies=None, packages_above_depth=None, packages_select_by_dep=None, packages_skip_by_dep=None, packages_skip_up_to=None, packages_select_build_failed=False, packages_skip_build_finished=False, packages_select_test_failures=False, packages_skip_test_passed=False, packages_select=['arduino_driver', 'ultrasonic_driver', 'decision', 'rplidar_driver', 'usb_cam_driver', 'common', 'bringup'], packages_skip=None, packages_select_regex=None, packages_skip_regex=None, packages_start=None, packages_end=None, allow_overriding=[], cmake_args=None, cmake_target=None, cmake_target_skip_unavailable=False, cmake_clean_cache=False, cmake_clean_first=False, cmake_force_configure=False, ament_cmake_args=None, catkin_cmake_args=None, catkin_skip_building_tests=False, verb_parser=<colcon_defaults.argument_parser.defaults.DefaultArgumentsDecorator object at 0x7a68b181fc10>, verb_extension=<colcon_core.verb.build.BuildVerb object at 0x7a68b181f6a0>, main=<bound method BuildVerb.main of <colcon_core.verb.build.BuildVerb object at 0x7a68b181f6a0>>)
[0.137s] Level 1:colcon.colcon_core.package_discovery:discover_packages(colcon_meta) check parameters
[0.137s] Level 1:colcon.colcon_core.package_discovery:discover_packages(recursive) check parameters
[0.137s] Level 1:colcon.colcon_core.package_discovery:discover_packages(ignore) check parameters
[0.137s] Level 1:colcon.colcon_core.package_discovery:discover_packages(path) check parameters
[0.137s] Level 1:colcon.colcon_core.package_discovery:discover_packages(colcon_meta) discover
[0.137s] Level 1:colcon.colcon_core.package_discovery:discover_packages(recursive) discover
[0.137s] INFO:colcon.colcon_core.package_discovery:Crawling recursively for packages in '/home/deepblue/ros2_autonomous_cpp'
[0.137s] Level 1:colcon.colcon_core.package_identification:_identify(.) by extensions ['ignore', 'ignore_ament_install']
[0.137s] Level 1:colcon.colcon_core.package_identification:_identify(.) by extension 'ignore'
[0.137s] Level 1:colcon.colcon_core.package_identification:_identify(.) by extension 'ignore_ament_install'
[0.137s] Level 1:colcon.colcon_core.package_identification:_identify(.) by extensions ['colcon_pkg']
[0.137s] Level 1:colcon.colcon_core.package_identification:_identify(.) by extension 'colcon_pkg'
[0.137s] Level 1:colcon.colcon_core.package_identification:_identify(.) by extensions ['colcon_meta']
[0.137s] Level 1:colcon.colcon_core.package_identification:_identify(.) by extension 'colcon_meta'
[0.137s] Level 1:colcon.colcon_core.package_identification:_identify(.) by extensions ['ros']
[0.137s] Level 1:colcon.colcon_core.package_identification:_identify(.) by extension 'ros'
[0.145s] Level 1:colcon.colcon_core.package_identification:_identify(.) by extensions ['cmake', 'python']
[0.145s] Level 1:colcon.colcon_core.package_identification:_identify(.) by extension 'cmake'
[0.145s] Level 1:colcon.colcon_core.package_identification:_identify(.) by extension 'python'
[0.145s] Level 1:colcon.colcon_core.package_identification:_identify(.) by extensions ['python_setup_py']
[0.145s] Level 1:colcon.colcon_core.package_identification:_identify(.) by extension 'python_setup_py'
[0.145s] Level 1:colcon.colcon_core.package_identification:_identify(build) by extensions ['ignore', 'ignore_ament_install']
[0.145s] Level 1:colcon.colcon_core.package_identification:_identify(build) by extension 'ignore'
[0.145s] Level 1:colcon.colcon_core.package_identification:_identify(build) ignored
[0.145s] Level 1:colcon.colcon_core.package_identification:_identify(install) by extensions ['ignore', 'ignore_ament_install']
[0.145s] Level 1:colcon.colcon_core.package_identification:_identify(install) by extension 'ignore'
[0.146s] Level 1:colcon.colcon_core.package_identification:_identify(install) ignored
[0.146s] Level 1:colcon.colcon_core.package_identification:_identify(log) by extensions ['ignore', 'ignore_ament_install']
[0.146s] Level 1:colcon.colcon_core.package_identification:_identify(log) by extension 'ignore'
[0.146s] Level 1:colcon.colcon_core.package_identification:_identify(log) ignored
[0.146s] Level 1:colcon.colcon_core.package_identification:_identify(src) by extensions ['ignore', 'ignore_ament_install']
[0.146s] Level 1:colcon.colcon_core.package_identification:_identify(src) by extension 'ignore'
[0.146s] Level 1:colcon.colcon_core.package_identification:_identify(src) by extension 'ignore_ament_install'
[0.146s] Level 1:colcon.colcon_core.package_identification:_identify(src) by extensions ['colcon_pkg']
[0.146s] Level 1:colcon.colcon_core.package_identification:_identify(src) by extension 'colcon_pkg'
[0.146s] Level 1:colcon.colcon_core.package_identification:_identify(src) by extensions ['colcon_meta']
[0.146s] Level 1:colcon.colcon_core.package_identification:_identify(src) by extension 'colcon_meta'
[0.146s] Level 1:colcon.colcon_core.package_identification:_identify(src) by extensions ['ros']
[0.146s] Level 1:colcon.colcon_core.package_identification:_identify(src) by extension 'ros'
[0.146s] Level 1:colcon.colcon_core.package_identification:_identify(src) by extensions ['cmake', 'python']
[0.146s] Level 1:colcon.colcon_core.package_identification:_identify(src) by extension 'cmake'
[0.146s] Level 1:colcon.colcon_core.package_identification:_identify(src) by extension 'python'
[0.146s] Level 1:colcon.colcon_core.package_identification:_identify(src) by extensions ['python_setup_py']
[0.146s] Level 1:colcon.colcon_core.package_identification:_identify(src) by extension 'python_setup_py'
[0.146s] Level 1:colcon.colcon_core.package_identification:_identify(src/bringup) by extensions ['ignore', 'ignore_ament_install']
[0.146s] Level 1:colcon.colcon_core.package_identification:_identify(src/bringup) by extension 'ignore'
[0.146s] Level 1:colcon.colcon_core.package_identification:_identify(src/bringup) by extension 'ignore_ament_install'
[0.146s] Level 1:colcon.colcon_core.package_identification:_identify(src/bringup) by extensions ['colcon_pkg']
[0.146s] Level 1:colcon.colcon_core.package_identification:_identify(src/bringup) by extension 'colcon_pkg'
[0.146s] Level 1:colcon.colcon_core.package_identification:_identify(src/bringup) by extensions ['colcon_meta']
[0.146s] Level 1:colcon.colcon_core.package_identification:_identify(src/bringup) by extension 'colcon_meta'
[0.146s] Level 1:colcon.colcon_core.package_identification:_identify(src/bringup) by extensions ['ros']
[0.146s] Level 1:colcon.colcon_core.package_identification:_identify(src/bringup) by extension 'ros'
[0.148s] DEBUG:colcon.colcon_core.package_identification:Package 'src/bringup' with type 'ros.ament_cmake' and name 'bringup'
[0.148s] Level 1:colcon.colcon_core.package_identification:_identify(src/common) by extensions ['ignore', 'ignore_ament_install']
[0.148s] Level 1:colcon.colcon_core.package_identification:_identify(src/common) by extension 'ignore'
[0.148s] Level 1:colcon.colcon_core.package_identification:_identify(src/common) by extension 'ignore_ament_install'
[0.148s] Level 1:colcon.colcon_core.package_identification:_identify(src/common) by extensions ['colcon_pkg']
[0.148s] Level 1:colcon.colcon_core.package_identification:_identify(src/common) by extension 'colcon_pkg'
[0.148s] Level 1:colcon.colcon_core.package_identification:_identify(src/common) by extensions ['colcon_meta']
[0.148s] Level 1:colcon.colcon_core.package_identification:_identify(src/common) by extension 'colcon_meta'
[0.148s] Level 1:colcon.colcon_core.package_identification:_identify(src/common) by extensions ['ros']
[0.148s] Level 1:colcon.colcon_core.package_identification:_identify(src/common) by extension 'ros'
[0.148s] DEBUG:colcon.colcon_core.package_identification:Package 'src/common' with type 'ros.ament_cmake' and name 'common'
[0.148s] Level 1:colcon.colcon_core.package_identification:_identify(src/decision) by extensions ['ignore', 'ignore_ament_install']
[0.148s] Level 1:colcon.colcon_core.package_identification:_identify(src/decision) by extension 'ignore'
[0.148s] Level 1:colcon.colcon_core.package_identification:_identify(src/decision) by extension 'ignore_ament_install'
[0.148s] Level 1:colcon.colcon_core.package_identification:_identify(src/decision) by extensions ['colcon_pkg']
[0.148s] Level 1:colcon.colcon_core.package_identification:_identify(src/decision) by extension 'colcon_pkg'
[0.148s] Level 1:colcon.colcon_core.package_identification:_identify(src/decision) by extensions ['colcon_meta']
[0.148s] Level 1:colcon.colcon_core.package_identification:_identify(src/decision) by extension 'colcon_meta'
[0.148s] Level 1:colcon.colcon_core.package_identification:_identify(src/decision) by extensions ['ros']
[0.148s] Level 1:colcon.colcon_core.package_identification:_identify(src/decision) by extension 'ros'
[0.149s] DEBUG:colcon.colcon_core.package_identification:Package 'src/decision' with type 'ros.ament_cmake' and name 'decision'
[0.149s] Level 1:colcon.colcon_core.package_identification:_identify(src/drivers) by extensions ['ignore', 'ignore_ament_install']
[0.149s] Level 1:colcon.colcon_core.package_identification:_identify(src/drivers) by extension 'ignore'
[0.149s] Level 1:colcon.colcon_core.package_identification:_identify(src/drivers) by extension 'ignore_ament_install'
[0.149s] Level 1:colcon.colcon_core.package_identification:_identify(src/drivers) by extensions ['colcon_pkg']
[0.149s] Level 1:colcon.colcon_core.package_identification:_identify(src/drivers) by extension 'colcon_pkg'
[0.149s] Level 1:colcon.colcon_core.package_identification:_identify(src/drivers) by extensions ['colcon_meta']
[0.149s] Level 1:colcon.colcon_core.package_identification:_identify(src/drivers) by extension 'colcon_meta'
[0.149s] Level 1:colcon.colcon_core.package_identification:_identify(src/drivers) by extensions ['ros']
[0.149s] Level 1:colcon.colcon_core.package_identification:_identify(src/drivers) by extension 'ros'
[0.149s] Level 1:colcon.colcon_core.package_identification:_identify(src/drivers) by extensions ['cmake', 'python']
[0.149s] Level 1:colcon.colcon_core.package_identification:_identify(src/drivers) by extension 'cmake'
[0.149s] Level 1:colcon.colcon_core.package_identification:_identify(src/drivers) by extension 'python'
[0.149s] Level 1:colcon.colcon_core.package_identification:_identify(src/drivers) by extensions ['python_setup_py']
[0.149s] Level 1:colcon.colcon_core.package_identification:_identify(src/drivers) by extension 'python_setup_py'
[0.149s] Level 1:colcon.colcon_core.package_identification:_identify(src/drivers/arduino_driver) by extensions ['ignore', 'ignore_ament_install']
[0.149s] Level 1:colcon.colcon_core.package_identification:_identify(src/drivers/arduino_driver) by extension 'ignore'
[0.149s] Level 1:colcon.colcon_core.package_identification:_identify(src/drivers/arduino_driver) by extension 'ignore_ament_install'
[0.149s] Level 1:colcon.colcon_core.package_identification:_identify(src/drivers/arduino_driver) by extensions ['colcon_pkg']
[0.149s] Level 1:colcon.colcon_core.package_identification:_identify(src/drivers/arduino_driver) by extension 'colcon_pkg'
[0.149s] Level 1:colcon.colcon_core.package_identification:_identify(src/drivers/arduino_driver) by extensions ['colcon_meta']
[0.149s] Level 1:colcon.colcon_core.package_identification:_identify(src/drivers/arduino_driver) by extension 'colcon_meta'
[0.149s] Level 1:colcon.colcon_core.package_identification:_identify(src/drivers/arduino_driver) by extensions ['ros']
[0.149s] Level 1:colcon.colcon_core.package_identification:_identify(src/drivers/arduino_driver) by extension 'ros'
[0.150s] DEBUG:colcon.colcon_core.package_identification:Package 'src/drivers/arduino_driver' with type 'ros.ament_cmake' and name 'arduino_driver'
[0.150s] Level 1:colcon.colcon_core.package_identification:_identify(src/drivers/rplidar_driver) by extensions ['ignore', 'ignore_ament_install']
[0.150s] Level 1:colcon.colcon_core.package_identification:_identify(src/drivers/rplidar_driver) by extension 'ignore'
[0.150s] Level 1:colcon.colcon_core.package_identification:_identify(src/drivers/rplidar_driver) by extension 'ignore_ament_install'
[0.150s] Level 1:colcon.colcon_core.package_identification:_identify(src/drivers/rplidar_driver) by extensions ['colcon_pkg']
[0.150s] Level 1:colcon.colcon_core.package_identification:_identify(src/drivers/rplidar_driver) by extension 'colcon_pkg'
[0.150s] Level 1:colcon.colcon_core.package_identification:_identify(src/drivers/rplidar_driver) by extensions ['colcon_meta']
[0.150s] Level 1:colcon.colcon_core.package_identification:_identify(src/drivers/rplidar_driver) by extension 'colcon_meta'
[0.150s] Level 1:colcon.colcon_core.package_identification:_identify(src/drivers/rplidar_driver) by extensions ['ros']
[0.150s] Level 1:colcon.colcon_core.package_identification:_identify(src/drivers/rplidar_driver) by extension 'ros'
[0.150s] DEBUG:colcon.colcon_core.package_identification:Package 'src/drivers/rplidar_driver' with type 'ros.ament_cmake' and name 'rplidar_driver'
[0.150s] Level 1:colcon.colcon_core.package_identification:_identify(src/drivers/ultrasonic_driver) by extensions ['ignore', 'ignore_ament_install']
[0.150s] Level 1:colcon.colcon_core.package_identification:_identify(src/drivers/ultrasonic_driver) by extension 'ignore'
[0.150s] Level 1:colcon.colcon_core.package_identification:_identify(src/drivers/ultrasonic_driver) by extension 'ignore_ament_install'
[0.150s] Level 1:colcon.colcon_core.package_identification:_identify(src/drivers/ultrasonic_driver) by extensions ['colcon_pkg']
[0.150s] Level 1:colcon.colcon_core.package_identification:_identify(src/drivers/ultrasonic_driver) by extension 'colcon_pkg'
[0.150s] Level 1:colcon.colcon_core.package_identification:_identify(src/drivers/ultrasonic_driver) by extensions ['colcon_meta']
[0.150s] Level 1:colcon.colcon_core.package_identification:_identify(src/drivers/ultrasonic_driver) by extension 'colcon_meta'
[0.150s] Level 1:colcon.colcon_core.package_identification:_identify(src/drivers/ultrasonic_driver) by extensions ['ros']
[0.150s] Level 1:colcon.colcon_core.package_identification:_identify(src/drivers/ultrasonic_driver) by extension 'ros'
[0.151s] DEBUG:colcon.colcon_core.package_identification:Package 'src/drivers/ultrasonic_driver' with type 'ros.ament_cmake' and name 'ultrasonic_driver'
[0.151s] Level 1:colcon.colcon_core.package_identification:_identify(src/drivers/usb_cam_driver) by extensions ['ignore', 'ignore_ament_install']
[0.151s] Level 1:colcon.colcon_core.package_identification:_identify(src/drivers/usb_cam_driver) by extension 'ignore'
[0.151s] Level 1:colcon.colcon_core.package_identification:_identify(src/drivers/usb_cam_driver) by extension 'ignore_ament_install'
[0.151s] Level 1:colcon.colcon_core.package_identification:_identify(src/drivers/usb_cam_driver) by extensions ['colcon_pkg']
[0.151s] Level 1:colcon.colcon_core.package_identification:_identify(src/drivers/usb_cam_driver) by extension 'colcon_pkg'
[0.151s] Level 1:colcon.colcon_core.package_identification:_identify(src/drivers/usb_cam_driver) by extensions ['colcon_meta']
[0.151s] Level 1:colcon.colcon_core.package_identification:_identify(src/drivers/usb_cam_driver) by extension 'colcon_meta'
[0.151s] Level 1:colcon.colcon_core.package_identification:_identify(src/drivers/usb_cam_driver) by extensions ['ros']
[0.151s] Level 1:colcon.colcon_core.package_identification:_identify(src/drivers/usb_cam_driver) by extension 'ros'
[0.151s] DEBUG:colcon.colcon_core.package_identification:Package 'src/drivers/usb_cam_driver' with type 'ros.ament_cmake' and name 'usb_cam_driver'
[0.151s] Level 1:colcon.colcon_core.package_identification:_identify(src/perception_pkg) by extensions ['ignore', 'ignore_ament_install']
[0.151s] Level 1:colcon.colcon_core.package_identification:_identify(src/perception_pkg) by extension 'ignore'
[0.151s] Level 1:colcon.colcon_core.package_identification:_identify(src/perception_pkg) by extension 'ignore_ament_install'
[0.151s] Level 1:colcon.colcon_core.package_identification:_identify(src/perception_pkg) by extensions ['colcon_pkg']
[0.151s] Level 1:colcon.colcon_core.package_identification:_identify(src/perception_pkg) by extension 'colcon_pkg'
[0.151s] Level 1:colcon.colcon_core.package_identification:_identify(src/perception_pkg) by extensions ['colcon_meta']
[0.151s] Level 1:colcon.colcon_core.package_identification:_identify(src/perception_pkg) by extension 'colcon_meta'
[0.151s] Level 1:colcon.colcon_core.package_identification:_identify(src/perception_pkg) by extensions ['ros']
[0.151s] Level 1:colcon.colcon_core.package_identification:_identify(src/perception_pkg) by extension 'ros'
[0.152s] DEBUG:colcon.colcon_core.package_identification:Package 'src/perception_pkg' with type 'ros.ament_cmake' and name 'perception_pkg'
[0.152s] Level 1:colcon.colcon_core.package_discovery:discover_packages(recursive) using defaults
[0.152s] Level 1:colcon.colcon_core.package_discovery:discover_packages(ignore) discover
[0.152s] Level 1:colcon.colcon_core.package_discovery:discover_packages(ignore) using defaults
[0.152s] Level 1:colcon.colcon_core.package_discovery:discover_packages(path) discover
[0.152s] Level 1:colcon.colcon_core.package_discovery:discover_packages(path) using defaults
[0.165s] INFO:colcon.colcon_core.package_selection:Skipping not selected package 'perception_pkg' in 'src/perception_pkg'
[0.165s] Level 1:colcon.colcon_core.package_discovery:discover_packages(prefix_path) check parameters
[0.165s] Level 1:colcon.colcon_core.package_discovery:discover_packages(prefix_path) discover
[0.166s] DEBUG:colcon.colcon_installed_package_information.package_discovery:Found 280 installed packages in /opt/ros/humble
[0.179s] Level 1:colcon.colcon_core.package_discovery:discover_packages(prefix_path) using defaults
[0.199s] Level 5:colcon.colcon_core.verb:set package 'arduino_driver' build argument 'cmake_args' from command line to 'None'
[0.200s] Level 5:colcon.colcon_core.verb:set package 'arduino_driver' build argument 'cmake_target' from command line to 'None'
[0.200s] Level 5:colcon.colcon_core.verb:set package 'arduino_driver' build argument 'cmake_target_skip_unavailable' from command line to 'False'
[0.200s] Level 5:colcon.colcon_core.verb:set package 'arduino_driver' build argument 'cmake_clean_cache' from command line to 'False'
[0.200s] Level 5:colcon.colcon_core.verb:set package 'arduino_driver' build argument 'cmake_clean_first' from command line to 'False'
[0.200s] Level 5:colcon.colcon_core.verb:set package 'arduino_driver' build argument 'cmake_force_configure' from command line to 'False'
[0.200s] Level 5:colcon.colcon_core.verb:set package 'arduino_driver' build argument 'ament_cmake_args' from command line to 'None'
[0.200s] Level 5:colcon.colcon_core.verb:set package 'arduino_driver' build argument 'catkin_cmake_args' from command line to 'None'
[0.200s] Level 5:colcon.colcon_core.verb:set package 'arduino_driver' build argument 'catkin_skip_building_tests' from command line to 'False'
[0.200s] DEBUG:colcon.colcon_core.verb:Building package 'arduino_driver' with the following arguments: {'ament_cmake_args': None, 'build_base': '/home/deepblue/ros2_autonomous_cpp/build/arduino_driver', 'catkin_cmake_args': None, 'catkin_skip_building_tests': False, 'cmake_args': None, 'cmake_clean_cache': False, 'cmake_clean_first': False, 'cmake_force_configure': False, 'cmake_target': None, 'cmake_target_skip_unavailable': False, 'install_base': '/home/deepblue/ros2_autonomous_cpp/install/arduino_driver', 'merge_install': False, 'path': '/home/deepblue/ros2_autonomous_cpp/src/drivers/arduino_driver', 'symlink_install': True, 'test_result_base': None}
[0.200s] Level 5:colcon.colcon_core.verb:set package 'common' build argument 'cmake_args' from command line to 'None'
[0.200s] Level 5:colcon.colcon_core.verb:set package 'common' build argument 'cmake_target' from command line to 'None'
[0.200s] Level 5:colcon.colcon_core.verb:set package 'common' build argument 'cmake_target_skip_unavailable' from command line to 'False'
[0.200s] Level 5:colcon.colcon_core.verb:set package 'common' build argument 'cmake_clean_cache' from command line to 'False'
[0.200s] Level 5:colcon.colcon_core.verb:set package 'common' build argument 'cmake_clean_first' from command line to 'False'
[0.200s] Level 5:colcon.colcon_core.verb:set package 'common' build argument 'cmake_force_configure' from command line to 'False'
[0.200s] Level 5:colcon.colcon_core.verb:set package 'common' build argument 'ament_cmake_args' from command line to 'None'
[0.200s] Level 5:colcon.colcon_core.verb:set package 'common' build argument 'catkin_cmake_args' from command line to 'None'
[0.200s] Level 5:colcon.colcon_core.verb:set package 'common' build argument 'catkin_skip_building_tests' from command line to 'False'
[0.200s] DEBUG:colcon.colcon_core.verb:Building package 'common' with the following arguments: {'ament_cmake_args': None, 'build_base': '/home/deepblue/ros2_autonomous_cpp/build/common', 'catkin_cmake_args': None, 'catkin_skip_building_tests': False, 'cmake_args': None, 'cmake_clean_cache': False, 'cmake_clean_first': False, 'cmake_force_configure': False, 'cmake_target': None, 'cmake_target_skip_unavailable': False, 'install_base': '/home/deepblue/ros2_autonomous_cpp/install/common', 'merge_install': False, 'path': '/home/deepblue/ros2_autonomous_cpp/src/common', 'symlink_install': True, 'test_result_base': None}
[0.200s] Level 5:colcon.colcon_core.verb:set package 'decision' build argument 'cmake_args' from command line to 'None'
[0.200s] Level 5:colcon.colcon_core.verb:set package 'decision' build argument 'cmake_target' from command line to 'None'
[0.200s] Level 5:colcon.colcon_core.verb:set package 'decision' build argument 'cmake_target_skip_unavailable' from command line to 'False'
[0.200s] Level 5:colcon.colcon_core.verb:set package 'decision' build argument 'cmake_clean_cache' from command line to 'False'
[0.200s] Level 5:colcon.colcon_core.verb:set package 'decision' build argument 'cmake_clean_first' from command line to 'False'
[0.200s] Level 5:colcon.colcon_core.verb:set package 'decision' build argument 'cmake_force_configure' from command line to 'False'
[0.200s] Level 5:colcon.colcon_core.verb:set package 'decision' build argument 'ament_cmake_args' from command line to 'None'
[0.200s] Level 5:colcon.colcon_core.verb:set package 'decision' build argument 'catkin_cmake_args' from command line to 'None'
[0.200s] Level 5:colcon.colcon_core.verb:set package 'decision' build argument 'catkin_skip_building_tests' from command line to 'False'
[0.200s] DEBUG:colcon.colcon_core.verb:Building package 'decision' with the following arguments: {'ament_cmake_args': None, 'build_base': '/home/deepblue/ros2_autonomous_cpp/build/decision', 'catkin_cmake_args': None, 'catkin_skip_building_tests': False, 'cmake_args': None, 'cmake_clean_cache': False, 'cmake_clean_first': False, 'cmake_force_configure': False, 'cmake_target': None, 'cmake_target_skip_unavailable': False, 'install_base': '/home/deepblue/ros2_autonomous_cpp/install/decision', 'merge_install': False, 'path': '/home/deepblue/ros2_autonomous_cpp/src/decision', 'symlink_install': True, 'test_result_base': None}
[0.200s] Level 5:colcon.colcon_core.verb:set package 'rplidar_driver' build argument 'cmake_args' from command line to 'None'
[0.200s] Level 5:colcon.colcon_core.verb:set package 'rplidar_driver' build argument 'cmake_target' from command line to 'None'
[0.200s] Level 5:colcon.colcon_core.verb:set package 'rplidar_driver' build argument 'cmake_target_skip_unavailable' from command line to 'False'
[0.200s] Level 5:colcon.colcon_core.verb:set package 'rplidar_driver' build argument 'cmake_clean_cache' from command line to 'False'
[0.200s] Level 5:colcon.colcon_core.verb:set package 'rplidar_driver' build argument 'cmake_clean_first' from command line to 'False'
[0.200s] Level 5:colcon.colcon_core.verb:set package 'rplidar_driver' build argument 'cmake_force_configure' from command line to 'False'
[0.200s] Level 5:colcon.colcon_core.verb:set package 'rplidar_driver' build argument 'ament_cmake_args' from command line to 'None'
[0.200s] Level 5:colcon.colcon_core.verb:set package 'rplidar_driver' build argument 'catkin_cmake_args' from command line to 'None'
[0.200s] Level 5:colcon.colcon_core.verb:set package 'rplidar_driver' build argument 'catkin_skip_building_tests' from command line to 'False'
[0.200s] DEBUG:colcon.colcon_core.verb:Building package 'rplidar_driver' with the following arguments: {'ament_cmake_args': None, 'build_base': '/home/deepblue/ros2_autonomous_cpp/build/rplidar_driver', 'catkin_cmake_args': None, 'catkin_skip_building_tests': False, 'cmake_args': None, 'cmake_clean_cache': False, 'cmake_clean_first': False, 'cmake_force_configure': False, 'cmake_target': None, 'cmake_target_skip_unavailable': False, 'install_base': '/home/deepblue/ros2_autonomous_cpp/install/rplidar_driver', 'merge_install': False, 'path': '/home/deepblue/ros2_autonomous_cpp/src/drivers/rplidar_driver', 'symlink_install': True, 'test_result_base': None}
[0.201s] Level 5:colcon.colcon_core.verb:set package 'ultrasonic_driver' build argument 'cmake_args' from command line to 'None'
[0.201s] Level 5:colcon.colcon_core.verb:set package 'ultrasonic_driver' build argument 'cmake_target' from command line to 'None'
[0.201s] Level 5:colcon.colcon_core.verb:set package 'ultrasonic_driver' build argument 'cmake_target_skip_unavailable' from command line to 'False'
[0.201s] Level 5:colcon.colcon_core.verb:set package 'ultrasonic_driver' build argument 'cmake_clean_cache' from command line to 'False'
[0.201s] Level 5:colcon.colcon_core.verb:set package 'ultrasonic_driver' build argument 'cmake_clean_first' from command line to 'False'
[0.201s] Level 5:colcon.colcon_core.verb:set package 'ultrasonic_driver' build argument 'cmake_force_configure' from command line to 'False'
[0.201s] Level 5:colcon.colcon_core.verb:set package 'ultrasonic_driver' build argument 'ament_cmake_args' from command line to 'None'
[0.201s] Level 5:colcon.colcon_core.verb:set package 'ultrasonic_driver' build argument 'catkin_cmake_args' from command line to 'None'
[0.201s] Level 5:colcon.colcon_core.verb:set package 'ultrasonic_driver' build argument 'catkin_skip_building_tests' from command line to 'False'
[0.201s] DEBUG:colcon.colcon_core.verb:Building package 'ultrasonic_driver' with the following arguments: {'ament_cmake_args': None, 'build_base': '/home/deepblue/ros2_autonomous_cpp/build/ultrasonic_driver', 'catkin_cmake_args': None, 'catkin_skip_building_tests': False, 'cmake_args': None, 'cmake_clean_cache': False, 'cmake_clean_first': False, 'cmake_force_configure': False, 'cmake_target': None, 'cmake_target_skip_unavailable': False, 'install_base': '/home/deepblue/ros2_autonomous_cpp/install/ultrasonic_driver', 'merge_install': False, 'path': '/home/deepblue/ros2_autonomous_cpp/src/drivers/ultrasonic_driver', 'symlink_install': True, 'test_result_base': None}
[0.201s] Level 5:colcon.colcon_core.verb:set package 'usb_cam_driver' build argument 'cmake_args' from command line to 'None'
[0.201s] Level 5:colcon.colcon_core.verb:set package 'usb_cam_driver' build argument 'cmake_target' from command line to 'None'
[0.201s] Level 5:colcon.colcon_core.verb:set package 'usb_cam_driver' build argument 'cmake_target_skip_unavailable' from command line to 'False'
[0.201s] Level 5:colcon.colcon_core.verb:set package 'usb_cam_driver' build argument 'cmake_clean_cache' from command line to 'False'
[0.201s] Level 5:colcon.colcon_core.verb:set package 'usb_cam_driver' build argument 'cmake_clean_first' from command line to 'False'
[0.201s] Level 5:colcon.colcon_core.verb:set package 'usb_cam_driver' build argument 'cmake_force_configure' from command line to 'False'
[0.201s] Level 5:colcon.colcon_core.verb:set package 'usb_cam_driver' build argument 'ament_cmake_args' from command line to 'None'
[0.201s] Level 5:colcon.colcon_core.verb:set package 'usb_cam_driver' build argument 'catkin_cmake_args' from command line to 'None'
[0.201s] Level 5:colcon.colcon_core.verb:set package 'usb_cam_driver' build argument 'catkin_skip_building_tests' from command line to 'False'
[0.201s] DEBUG:colcon.colcon_core.verb:Building package 'usb_cam_driver' with the following arguments: {'ament_cmake_args': None, 'build_base': '/home/deepblue/ros2_autonomous_cpp/build/usb_cam_driver', 'catkin_cmake_args': None, 'catkin_skip_building_tests': False, 'cmake_args': None, 'cmake_clean_cache': False, 'cmake_clean_first': False, 'cmake_force_configure': False, 'cmake_target': None, 'cmake_target_skip_unavailable': False, 'install_base': '/home/deepblue/ros2_autonomous_cpp/install/usb_cam_driver', 'merge_install': False, 'path': '/home/deepblue/ros2_autonomous_cpp/src/drivers/usb_cam_driver', 'symlink_install': True, 'test_result_base': None}
[0.201s] Level 5:colcon.colcon_core.verb:set package 'bringup' build argument 'cmake_args' from command line to 'None'
[0.201s] Level 5:colcon.colcon_core.verb:set package 'bringup' build argument 'cmake_target' from command line to 'None'
[0.201s] Level 5:colcon.colcon_core.verb:set package 'bringup' build argument 'cmake_target_skip_unavailable' from command line to 'False'
[0.201s] Level 5:colcon.colcon_core.verb:set package 'bringup' build argument 'cmake_clean_cache' from command line to 'False'
[0.201s] Level 5:colcon.colcon_core.verb:set package 'bringup' build argument 'cmake_clean_first' from command line to 'False'
[0.201s] Level 5:colcon.colcon_core.verb:set package 'bringup' build argument 'cmake_force_configure' from command line to 'False'
[0.201s] Level 5:colcon.colcon_core.verb:set package 'bringup' build argument 'ament_cmake_args' from command line to 'None'
[0.201s] Level 5:colcon.colcon_core.verb:set package 'bringup' build argument 'catkin_cmake_args' from command line to 'None'
[0.201s] Level 5:colcon.colcon_core.verb:set package 'bringup' build argument 'catkin_skip_building_tests' from command line to 'False'
[0.201s] DEBUG:colcon.colcon_core.verb:Building package 'bringup' with the following arguments: {'ament_cmake_args': None, 'build_base': '/home/deepblue/ros2_autonomous_cpp/build/bringup', 'catkin_cmake_args': None, 'catkin_skip_building_tests': False, 'cmake_args': None, 'cmake_clean_cache': False, 'cmake_clean_first': False, 'cmake_force_configure': False, 'cmake_target': None, 'cmake_target_skip_unavailable': False, 'install_base': '/home/deepblue/ros2_autonomous_cpp/install/bringup', 'merge_install': False, 'path': '/home/deepblue/ros2_autonomous_cpp/src/bringup', 'symlink_install': True, 'test_result_base': None}
[0.201s] INFO:colcon.colcon_core.executor:Executing jobs using 'parallel' executor
[0.202s] DEBUG:colcon.colcon_parallel_executor.executor.parallel:run_until_complete
[0.202s] INFO:colcon.colcon_ros.task.ament_cmake.build:Building ROS package in '/home/deepblue/ros2_autonomous_cpp/src/drivers/arduino_driver' with build type 'ament_cmake'
[0.202s] INFO:colcon.colcon_cmake.task.cmake.build:Building CMake package in '/home/deepblue/ros2_autonomous_cpp/src/drivers/arduino_driver'
[0.204s] INFO:colcon.colcon_core.plugin_system:Skipping extension 'colcon_core.shell.bat': Not used on non-Windows systems
[0.204s] INFO:colcon.colcon_core.shell:Skip shell extension 'powershell' for command environment: Not usable outside of PowerShell
[0.204s] DEBUG:colcon.colcon_core.shell:Skip shell extension 'dsv' for command environment
[0.206s] INFO:colcon.colcon_ros.task.ament_cmake.build:Building ROS package in '/home/deepblue/ros2_autonomous_cpp/src/decision' with build type 'ament_cmake'
[0.206s] INFO:colcon.colcon_cmake.task.cmake.build:Building CMake package in '/home/deepblue/ros2_autonomous_cpp/src/decision'
[0.207s] INFO:colcon.colcon_core.shell:Skip shell extension 'powershell' for command environment: Not usable outside of PowerShell
[0.207s] DEBUG:colcon.colcon_core.shell:Skip shell extension 'dsv' for command environment
[0.208s] INFO:colcon.colcon_ros.task.ament_cmake.build:Building ROS package in '/home/deepblue/ros2_autonomous_cpp/src/drivers/rplidar_driver' with build type 'ament_cmake'
[0.208s] INFO:colcon.colcon_cmake.task.cmake.build:Building CMake package in '/home/deepblue/ros2_autonomous_cpp/src/drivers/rplidar_driver'
[0.209s] INFO:colcon.colcon_core.shell:Skip shell extension 'powershell' for command environment: Not usable outside of PowerShell
[0.209s] DEBUG:colcon.colcon_core.shell:Skip shell extension 'dsv' for command environment
[0.210s] INFO:colcon.colcon_ros.task.ament_cmake.build:Building ROS package in '/home/deepblue/ros2_autonomous_cpp/src/drivers/ultrasonic_driver' with build type 'ament_cmake'
[0.210s] INFO:colcon.colcon_cmake.task.cmake.build:Building CMake package in '/home/deepblue/ros2_autonomous_cpp/src/drivers/ultrasonic_driver'
[0.210s] INFO:colcon.colcon_core.shell:Skip shell extension 'powershell' for command environment: Not usable outside of PowerShell
[0.210s] DEBUG:colcon.colcon_core.shell:Skip shell extension 'dsv' for command environment
[0.211s] INFO:colcon.colcon_ros.task.ament_cmake.build:Building ROS package in '/home/deepblue/ros2_autonomous_cpp/src/drivers/usb_cam_driver' with build type 'ament_cmake'
[0.211s] INFO:colcon.colcon_cmake.task.cmake.build:Building CMake package in '/home/deepblue/ros2_autonomous_cpp/src/drivers/usb_cam_driver'
[0.212s] INFO:colcon.colcon_core.shell:Skip shell extension 'powershell' for command environment: Not usable outside of PowerShell
[0.212s] DEBUG:colcon.colcon_core.shell:Skip shell extension 'dsv' for command environment
[0.213s] INFO:colcon.colcon_ros.task.ament_cmake.build:Building ROS package in '/home/deepblue/ros2_autonomous_cpp/src/common' with build type 'ament_cmake'
[0.213s] INFO:colcon.colcon_cmake.task.cmake.build:Building CMake package in '/home/deepblue/ros2_autonomous_cpp/src/common'
[0.213s] INFO:colcon.colcon_core.shell:Skip shell extension 'powershell' for command environment: Not usable outside of PowerShell
[0.213s] DEBUG:colcon.colcon_core.shell:Skip shell extension 'dsv' for command environment
[0.218s] DEBUG:colcon.colcon_core.event_handler.log_command:Invoking command in '/home/deepblue/ros2_autonomous_cpp/build/arduino_driver': CMAKE_PREFIX_PATH=/opt/ros/humble /usr/bin/cmake --build /home/deepblue/ros2_autonomous_cpp/build/arduino_driver -- -j16 -l16
[0.220s] DEBUG:colcon.colcon_core.event_handler.log_command:Invoking command in '/home/deepblue/ros2_autonomous_cpp/build/decision': CMAKE_PREFIX_PATH=/opt/ros/humble /usr/bin/cmake --build /home/deepblue/ros2_autonomous_cpp/build/decision -- -j16 -l16
[0.221s] DEBUG:colcon.colcon_core.event_handler.log_command:Invoking command in '/home/deepblue/ros2_autonomous_cpp/build/rplidar_driver': CMAKE_PREFIX_PATH=/opt/ros/humble /usr/bin/cmake --build /home/deepblue/ros2_autonomous_cpp/build/rplidar_driver -- -j16 -l16
[0.222s] DEBUG:colcon.colcon_core.event_handler.log_command:Invoking command in '/home/deepblue/ros2_autonomous_cpp/build/ultrasonic_driver': CMAKE_PREFIX_PATH=/opt/ros/humble /usr/bin/cmake --build /home/deepblue/ros2_autonomous_cpp/build/ultrasonic_driver -- -j16 -l16
[0.223s] DEBUG:colcon.colcon_core.event_handler.log_command:Invoking command in '/home/deepblue/ros2_autonomous_cpp/build/common': CMAKE_PREFIX_PATH=/opt/ros/humble /usr/bin/cmake --build /home/deepblue/ros2_autonomous_cpp/build/common -- -j16 -l16
[0.225s] DEBUG:colcon.colcon_core.event_handler.log_command:Invoking command in '/home/deepblue/ros2_autonomous_cpp/build/usb_cam_driver': CMAKE_PREFIX_PATH=/opt/ros/humble /usr/bin/cmake --build /home/deepblue/ros2_autonomous_cpp/build/usb_cam_driver -- -j16 -l16
[0.241s] DEBUG:colcon.colcon_core.event_handler.log_command:Invoked command in '/home/deepblue/ros2_autonomous_cpp/build/rplidar_driver' returned '0': CMAKE_PREFIX_PATH=/opt/ros/humble /usr/bin/cmake --build /home/deepblue/ros2_autonomous_cpp/build/rplidar_driver -- -j16 -l16
[0.248s] DEBUG:colcon.colcon_core.event_handler.log_command:Invoking command in '/home/deepblue/ros2_autonomous_cpp/build/rplidar_driver': CMAKE_PREFIX_PATH=/opt/ros/humble /usr/bin/cmake --install /home/deepblue/ros2_autonomous_cpp/build/rplidar_driver
[0.251s] DEBUG:colcon.colcon_core.event_handler.log_command:Invoked command in '/home/deepblue/ros2_autonomous_cpp/build/common' returned '0': CMAKE_PREFIX_PATH=/opt/ros/humble /usr/bin/cmake --build /home/deepblue/ros2_autonomous_cpp/build/common -- -j16 -l16
[0.252s] DEBUG:colcon.colcon_core.event_handler.log_command:Invoking command in '/home/deepblue/ros2_autonomous_cpp/build/common': CMAKE_PREFIX_PATH=/opt/ros/humble /usr/bin/cmake --install /home/deepblue/ros2_autonomous_cpp/build/common
[0.252s] DEBUG:colcon.colcon_core.event_handler.log_command:Invoked command in '/home/deepblue/ros2_autonomous_cpp/build/usb_cam_driver' returned '0': CMAKE_PREFIX_PATH=/opt/ros/humble /usr/bin/cmake --build /home/deepblue/ros2_autonomous_cpp/build/usb_cam_driver -- -j16 -l16
[0.252s] DEBUG:colcon.colcon_core.event_handler.log_command:Invoking command in '/home/deepblue/ros2_autonomous_cpp/build/usb_cam_driver': CMAKE_PREFIX_PATH=/opt/ros/humble /usr/bin/cmake --install /home/deepblue/ros2_autonomous_cpp/build/usb_cam_driver
[0.259s] DEBUG:colcon.colcon_core.event_handler.log_command:Invoked command in '/home/deepblue/ros2_autonomous_cpp/build/ultrasonic_driver' returned '0': CMAKE_PREFIX_PATH=/opt/ros/humble /usr/bin/cmake --build /home/deepblue/ros2_autonomous_cpp/build/ultrasonic_driver -- -j16 -l16
[0.259s] DEBUG:colcon.colcon_core.event_handler.log_command:Invoking command in '/home/deepblue/ros2_autonomous_cpp/build/ultrasonic_driver': CMAKE_PREFIX_PATH=/opt/ros/humble /usr/bin/cmake --install /home/deepblue/ros2_autonomous_cpp/build/ultrasonic_driver
[0.261s] DEBUG:colcon.colcon_core.event_handler.log_command:Invoked command in '/home/deepblue/ros2_autonomous_cpp/build/decision' returned '0': CMAKE_PREFIX_PATH=/opt/ros/humble /usr/bin/cmake --build /home/deepblue/ros2_autonomous_cpp/build/decision -- -j16 -l16
[0.261s] DEBUG:colcon.colcon_core.event_handler.log_command:Invoking command in '/home/deepblue/ros2_autonomous_cpp/build/decision': CMAKE_PREFIX_PATH=/opt/ros/humble /usr/bin/cmake --install /home/deepblue/ros2_autonomous_cpp/build/decision
[0.263s] DEBUG:colcon.colcon_core.event_handler.log_command:Invoked command in '/home/deepblue/ros2_autonomous_cpp/build/arduino_driver' returned '0': CMAKE_PREFIX_PATH=/opt/ros/humble /usr/bin/cmake --build /home/deepblue/ros2_autonomous_cpp/build/arduino_driver -- -j16 -l16
[0.263s] DEBUG:colcon.colcon_core.event_handler.log_command:Invoking command in '/home/deepblue/ros2_autonomous_cpp/build/arduino_driver': CMAKE_PREFIX_PATH=/opt/ros/humble /usr/bin/cmake --install /home/deepblue/ros2_autonomous_cpp/build/arduino_driver
[0.264s] Level 1:colcon.colcon_core.environment:create_environment_scripts_only(rplidar_driver)
[0.265s] DEBUG:colcon.colcon_core.event_handler.log_command:Invoked command in '/home/deepblue/ros2_autonomous_cpp/build/rplidar_driver' returned '0': CMAKE_PREFIX_PATH=/opt/ros/humble /usr/bin/cmake --install /home/deepblue/ros2_autonomous_cpp/build/rplidar_driver
[0.266s] Level 1:colcon.colcon_core.environment:checking '/home/deepblue/ros2_autonomous_cpp/install/rplidar_driver' for CMake module files
[0.266s] Level 1:colcon.colcon_core.environment:checking '/home/deepblue/ros2_autonomous_cpp/install/rplidar_driver' for CMake config files
[0.266s] Level 1:colcon.colcon_core.shell:create_environment_hook('rplidar_driver', 'cmake_prefix_path')
[0.266s] INFO:colcon.colcon_core.shell:Creating environment hook '/home/deepblue/ros2_autonomous_cpp/install/rplidar_driver/share/rplidar_driver/hook/cmake_prefix_path.ps1'
[0.267s] INFO:colcon.colcon_core.shell:Creating environment descriptor '/home/deepblue/ros2_autonomous_cpp/install/rplidar_driver/share/rplidar_driver/hook/cmake_prefix_path.dsv'
[0.267s] INFO:colcon.colcon_core.shell:Creating environment hook '/home/deepblue/ros2_autonomous_cpp/install/rplidar_driver/share/rplidar_driver/hook/cmake_prefix_path.sh'
[0.268s] Level 1:colcon.colcon_core.environment:checking '/home/deepblue/ros2_autonomous_cpp/install/rplidar_driver/bin'
[0.268s] Level 1:colcon.colcon_core.environment:checking '/home/deepblue/ros2_autonomous_cpp/install/rplidar_driver/lib/pkgconfig/rplidar_driver.pc'
[0.268s] Level 1:colcon.colcon_core.environment:checking '/home/deepblue/ros2_autonomous_cpp/install/rplidar_driver/lib/python3.10/site-packages'
[0.268s] Level 1:colcon.colcon_core.environment:checking '/home/deepblue/ros2_autonomous_cpp/install/rplidar_driver/bin'
[0.269s] INFO:colcon.colcon_core.shell:Creating package script '/home/deepblue/ros2_autonomous_cpp/install/rplidar_driver/share/rplidar_driver/package.ps1'
[0.269s] INFO:colcon.colcon_core.shell:Creating package descriptor '/home/deepblue/ros2_autonomous_cpp/install/rplidar_driver/share/rplidar_driver/package.dsv'
[0.270s] INFO:colcon.colcon_core.shell:Creating package script '/home/deepblue/ros2_autonomous_cpp/install/rplidar_driver/share/rplidar_driver/package.sh'
[0.270s] INFO:colcon.colcon_core.shell:Creating package script '/home/deepblue/ros2_autonomous_cpp/install/rplidar_driver/share/rplidar_driver/package.bash'
[0.271s] INFO:colcon.colcon_core.shell:Creating package script '/home/deepblue/ros2_autonomous_cpp/install/rplidar_driver/share/rplidar_driver/package.zsh'
[0.271s] Level 1:colcon.colcon_core.environment:create_file_with_runtime_dependencies(/home/deepblue/ros2_autonomous_cpp/install/rplidar_driver/share/colcon-core/packages/rplidar_driver)
[0.271s] Level 1:colcon.colcon_core.environment:create_environment_scripts_only(rplidar_driver)
[0.271s] Level 1:colcon.colcon_core.environment:checking '/home/deepblue/ros2_autonomous_cpp/install/rplidar_driver' for CMake module files
[0.271s] Level 1:colcon.colcon_core.environment:checking '/home/deepblue/ros2_autonomous_cpp/install/rplidar_driver' for CMake config files
[0.271s] Level 1:colcon.colcon_core.shell:create_environment_hook('rplidar_driver', 'cmake_prefix_path')
[0.272s] INFO:colcon.colcon_core.shell:Creating environment hook '/home/deepblue/ros2_autonomous_cpp/install/rplidar_driver/share/rplidar_driver/hook/cmake_prefix_path.ps1'
[0.272s] INFO:colcon.colcon_core.shell:Creating environment descriptor '/home/deepblue/ros2_autonomous_cpp/install/rplidar_driver/share/rplidar_driver/hook/cmake_prefix_path.dsv'
[0.272s] INFO:colcon.colcon_core.shell:Creating environment hook '/home/deepblue/ros2_autonomous_cpp/install/rplidar_driver/share/rplidar_driver/hook/cmake_prefix_path.sh'
[0.272s] Level 1:colcon.colcon_core.environment:checking '/home/deepblue/ros2_autonomous_cpp/install/rplidar_driver/bin'
[0.272s] Level 1:colcon.colcon_core.environment:checking '/home/deepblue/ros2_autonomous_cpp/install/rplidar_driver/lib/pkgconfig/rplidar_driver.pc'
[0.272s] Level 1:colcon.colcon_core.environment:checking '/home/deepblue/ros2_autonomous_cpp/install/rplidar_driver/lib/python3.10/site-packages'
[0.273s] Level 1:colcon.colcon_core.environment:checking '/home/deepblue/ros2_autonomous_cpp/install/rplidar_driver/bin'
[0.273s] INFO:colcon.colcon_core.shell:Creating package script '/home/deepblue/ros2_autonomous_cpp/install/rplidar_driver/share/rplidar_driver/package.ps1'
[0.273s] INFO:colcon.colcon_core.shell:Creating package descriptor '/home/deepblue/ros2_autonomous_cpp/install/rplidar_driver/share/rplidar_driver/package.dsv'
[0.273s] INFO:colcon.colcon_core.shell:Creating package script '/home/deepblue/ros2_autonomous_cpp/install/rplidar_driver/share/rplidar_driver/package.sh'
[0.273s] INFO:colcon.colcon_core.shell:Creating package script '/home/deepblue/ros2_autonomous_cpp/install/rplidar_driver/share/rplidar_driver/package.bash'
[0.273s] INFO:colcon.colcon_core.shell:Creating package script '/home/deepblue/ros2_autonomous_cpp/install/rplidar_driver/share/rplidar_driver/package.zsh'
[0.274s] Level 1:colcon.colcon_core.environment:create_file_with_runtime_dependencies(/home/deepblue/ros2_autonomous_cpp/install/rplidar_driver/share/colcon-core/packages/rplidar_driver)
[0.275s] Level 1:colcon.colcon_core.environment:create_environment_scripts_only(common)
[0.275s] Level 1:colcon.colcon_core.environment:checking '/home/deepblue/ros2_autonomous_cpp/install/common' for CMake module files
[0.276s] DEBUG:colcon.colcon_core.event_handler.log_command:Invoked command in '/home/deepblue/ros2_autonomous_cpp/build/common' returned '0': CMAKE_PREFIX_PATH=/opt/ros/humble /usr/bin/cmake --install /home/deepblue/ros2_autonomous_cpp/build/common
[0.276s] Level 1:colcon.colcon_core.environment:checking '/home/deepblue/ros2_autonomous_cpp/install/common' for CMake config files
[0.276s] Level 1:colcon.colcon_core.shell:create_environment_hook('common', 'cmake_prefix_path')
[0.276s] INFO:colcon.colcon_core.shell:Creating environment hook '/home/deepblue/ros2_autonomous_cpp/install/common/share/common/hook/cmake_prefix_path.ps1'
[0.276s] INFO:colcon.colcon_core.shell:Creating environment descriptor '/home/deepblue/ros2_autonomous_cpp/install/common/share/common/hook/cmake_prefix_path.dsv'
[0.277s] INFO:colcon.colcon_core.shell:Creating environment hook '/home/deepblue/ros2_autonomous_cpp/install/common/share/common/hook/cmake_prefix_path.sh'
[0.277s] Level 1:colcon.colcon_core.environment:checking '/home/deepblue/ros2_autonomous_cpp/install/common/lib'
[0.277s] Level 1:colcon.colcon_core.environment:checking '/home/deepblue/ros2_autonomous_cpp/install/common/bin'
[0.277s] Level 1:colcon.colcon_core.environment:checking '/home/deepblue/ros2_autonomous_cpp/install/common/lib/pkgconfig/common.pc'
[0.277s] Level 1:colcon.colcon_core.environment:checking '/home/deepblue/ros2_autonomous_cpp/install/common/lib/python3.10/site-packages'
[0.277s] Level 1:colcon.colcon_core.environment:checking '/home/deepblue/ros2_autonomous_cpp/install/common/bin'
[0.277s] INFO:colcon.colcon_core.shell:Creating package script '/home/deepblue/ros2_autonomous_cpp/install/common/share/common/package.ps1'
[0.278s] INFO:colcon.colcon_core.shell:Creating package descriptor '/home/deepblue/ros2_autonomous_cpp/install/common/share/common/package.dsv'
[0.278s] INFO:colcon.colcon_core.shell:Creating package script '/home/deepblue/ros2_autonomous_cpp/install/common/share/common/package.sh'
[0.278s] INFO:colcon.colcon_core.shell:Creating package script '/home/deepblue/ros2_autonomous_cpp/install/common/share/common/package.bash'
[0.279s] INFO:colcon.colcon_core.shell:Creating package script '/home/deepblue/ros2_autonomous_cpp/install/common/share/common/package.zsh'
[0.279s] Level 1:colcon.colcon_core.environment:create_file_with_runtime_dependencies(/home/deepblue/ros2_autonomous_cpp/install/common/share/colcon-core/packages/common)
[0.279s] Level 1:colcon.colcon_core.environment:create_environment_scripts_only(common)
[0.279s] Level 1:colcon.colcon_core.environment:checking '/home/deepblue/ros2_autonomous_cpp/install/common' for CMake module files
[0.280s] Level 1:colcon.colcon_core.environment:checking '/home/deepblue/ros2_autonomous_cpp/install/common' for CMake config files
[0.280s] Level 1:colcon.colcon_core.shell:create_environment_hook('common', 'cmake_prefix_path')
[0.280s] INFO:colcon.colcon_core.shell:Creating environment hook '/home/deepblue/ros2_autonomous_cpp/install/common/share/common/hook/cmake_prefix_path.ps1'
[0.280s] INFO:colcon.colcon_core.shell:Creating environment descriptor '/home/deepblue/ros2_autonomous_cpp/install/common/share/common/hook/cmake_prefix_path.dsv'
[0.281s] INFO:colcon.colcon_core.shell:Creating environment hook '/home/deepblue/ros2_autonomous_cpp/install/common/share/common/hook/cmake_prefix_path.sh'
[0.281s] Level 1:colcon.colcon_core.environment:checking '/home/deepblue/ros2_autonomous_cpp/install/common/lib'
[0.281s] Level 1:colcon.colcon_core.environment:checking '/home/deepblue/ros2_autonomous_cpp/install/common/bin'
[0.281s] Level 1:colcon.colcon_core.environment:checking '/home/deepblue/ros2_autonomous_cpp/install/common/lib/pkgconfig/common.pc'
[0.281s] Level 1:colcon.colcon_core.environment:checking '/home/deepblue/ros2_autonomous_cpp/install/common/lib/python3.10/site-packages'
[0.281s] Level 1:colcon.colcon_core.environment:checking '/home/deepblue/ros2_autonomous_cpp/install/common/bin'
[0.281s] INFO:colcon.colcon_core.shell:Creating package script '/home/deepblue/ros2_autonomous_cpp/install/common/share/common/package.ps1'
[0.282s] INFO:colcon.colcon_core.shell:Creating package descriptor '/home/deepblue/ros2_autonomous_cpp/install/common/share/common/package.dsv'
[0.282s] INFO:colcon.colcon_core.shell:Creating package script '/home/deepblue/ros2_autonomous_cpp/install/common/share/common/package.sh'
[0.282s] INFO:colcon.colcon_core.shell:Creating package script '/home/deepblue/ros2_autonomous_cpp/install/common/share/common/package.bash'
[0.282s] INFO:colcon.colcon_core.shell:Creating package script '/home/deepblue/ros2_autonomous_cpp/install/common/share/common/package.zsh'
[0.282s] Level 1:colcon.colcon_core.environment:create_file_with_runtime_dependencies(/home/deepblue/ros2_autonomous_cpp/install/common/share/colcon-core/packages/common)
[0.282s] Level 1:colcon.colcon_core.environment:create_environment_scripts_only(usb_cam_driver)
[0.283s] Level 1:colcon.colcon_core.environment:checking '/home/deepblue/ros2_autonomous_cpp/install/usb_cam_driver' for CMake module files
[0.283s] DEBUG:colcon.colcon_core.event_handler.log_command:Invoked command in '/home/deepblue/ros2_autonomous_cpp/build/usb_cam_driver' returned '0': CMAKE_PREFIX_PATH=/opt/ros/humble /usr/bin/cmake --install /home/deepblue/ros2_autonomous_cpp/build/usb_cam_driver
[0.283s] Level 1:colcon.colcon_core.environment:checking '/home/deepblue/ros2_autonomous_cpp/install/usb_cam_driver' for CMake config files
[0.283s] Level 1:colcon.colcon_core.shell:create_environment_hook('usb_cam_driver', 'cmake_prefix_path')
[0.284s] INFO:colcon.colcon_core.shell:Creating environment hook '/home/deepblue/ros2_autonomous_cpp/install/usb_cam_driver/share/usb_cam_driver/hook/cmake_prefix_path.ps1'
[0.284s] INFO:colcon.colcon_core.shell:Creating environment descriptor '/home/deepblue/ros2_autonomous_cpp/install/usb_cam_driver/share/usb_cam_driver/hook/cmake_prefix_path.dsv'
[0.284s] INFO:colcon.colcon_core.shell:Creating environment hook '/home/deepblue/ros2_autonomous_cpp/install/usb_cam_driver/share/usb_cam_driver/hook/cmake_prefix_path.sh'
[0.284s] Level 1:colcon.colcon_core.environment:checking '/home/deepblue/ros2_autonomous_cpp/install/usb_cam_driver/bin'
[0.284s] Level 1:colcon.colcon_core.environment:checking '/home/deepblue/ros2_autonomous_cpp/install/usb_cam_driver/lib/pkgconfig/usb_cam_driver.pc'
[0.284s] Level 1:colcon.colcon_core.environment:checking '/home/deepblue/ros2_autonomous_cpp/install/usb_cam_driver/lib/python3.10/site-packages'
[0.285s] Level 1:colcon.colcon_core.environment:checking '/home/deepblue/ros2_autonomous_cpp/install/usb_cam_driver/bin'
[0.285s] INFO:colcon.colcon_core.shell:Creating package script '/home/deepblue/ros2_autonomous_cpp/install/usb_cam_driver/share/usb_cam_driver/package.ps1'
[0.285s] INFO:colcon.colcon_core.shell:Creating package descriptor '/home/deepblue/ros2_autonomous_cpp/install/usb_cam_driver/share/usb_cam_driver/package.dsv'
[0.285s] INFO:colcon.colcon_core.shell:Creating package script '/home/deepblue/ros2_autonomous_cpp/install/usb_cam_driver/share/usb_cam_driver/package.sh'
[0.285s] INFO:colcon.colcon_core.shell:Creating package script '/home/deepblue/ros2_autonomous_cpp/install/usb_cam_driver/share/usb_cam_driver/package.bash'
[0.285s] INFO:colcon.colcon_core.shell:Creating package script '/home/deepblue/ros2_autonomous_cpp/install/usb_cam_driver/share/usb_cam_driver/package.zsh'
[0.286s] Level 1:colcon.colcon_core.environment:create_file_with_runtime_dependencies(/home/deepblue/ros2_autonomous_cpp/install/usb_cam_driver/share/colcon-core/packages/usb_cam_driver)
[0.286s] Level 1:colcon.colcon_core.environment:create_environment_scripts_only(usb_cam_driver)
[0.286s] Level 1:colcon.colcon_core.environment:checking '/home/deepblue/ros2_autonomous_cpp/install/usb_cam_driver' for CMake module files
[0.286s] Level 1:colcon.colcon_core.environment:checking '/home/deepblue/ros2_autonomous_cpp/install/usb_cam_driver' for CMake config files
[0.286s] Level 1:colcon.colcon_core.shell:create_environment_hook('usb_cam_driver', 'cmake_prefix_path')
[0.286s] INFO:colcon.colcon_core.shell:Creating environment hook '/home/deepblue/ros2_autonomous_cpp/install/usb_cam_driver/share/usb_cam_driver/hook/cmake_prefix_path.ps1'
[0.287s] INFO:colcon.colcon_core.shell:Creating environment descriptor '/home/deepblue/ros2_autonomous_cpp/install/usb_cam_driver/share/usb_cam_driver/hook/cmake_prefix_path.dsv'
[0.287s] INFO:colcon.colcon_core.shell:Creating environment hook '/home/deepblue/ros2_autonomous_cpp/install/usb_cam_driver/share/usb_cam_driver/hook/cmake_prefix_path.sh'
[0.287s] Level 1:colcon.colcon_core.environment:checking '/home/deepblue/ros2_autonomous_cpp/install/usb_cam_driver/bin'
[0.287s] Level 1:colcon.colcon_core.environment:checking '/home/deepblue/ros2_autonomous_cpp/install/usb_cam_driver/lib/pkgconfig/usb_cam_driver.pc'
[0.287s] Level 1:colcon.colcon_core.environment:checking '/home/deepblue/ros2_autonomous_cpp/install/usb_cam_driver/lib/python3.10/site-packages'
[0.287s] Level 1:colcon.colcon_core.environment:checking '/home/deepblue/ros2_autonomous_cpp/install/usb_cam_driver/bin'
[0.288s] INFO:colcon.colcon_core.shell:Creating package script '/home/deepblue/ros2_autonomous_cpp/install/usb_cam_driver/share/usb_cam_driver/package.ps1'
[0.288s] INFO:colcon.colcon_core.shell:Creating package descriptor '/home/deepblue/ros2_autonomous_cpp/install/usb_cam_driver/share/usb_cam_driver/package.dsv'
[0.288s] INFO:colcon.colcon_core.shell:Creating package script '/home/deepblue/ros2_autonomous_cpp/install/usb_cam_driver/share/usb_cam_driver/package.sh'
[0.288s] INFO:colcon.colcon_core.shell:Creating package script '/home/deepblue/ros2_autonomous_cpp/install/usb_cam_driver/share/usb_cam_driver/package.bash'
[0.289s] INFO:colcon.colcon_core.shell:Creating package script '/home/deepblue/ros2_autonomous_cpp/install/usb_cam_driver/share/usb_cam_driver/package.zsh'
[0.289s] Level 1:colcon.colcon_core.environment:create_file_with_runtime_dependencies(/home/deepblue/ros2_autonomous_cpp/install/usb_cam_driver/share/colcon-core/packages/usb_cam_driver)
[0.361s] Level 1:colcon.colcon_core.environment:create_environment_scripts_only(ultrasonic_driver)
[0.361s] Level 1:colcon.colcon_core.environment:checking '/home/deepblue/ros2_autonomous_cpp/install/ultrasonic_driver' for CMake module files
[0.362s] DEBUG:colcon.colcon_core.event_handler.log_command:Invoked command in '/home/deepblue/ros2_autonomous_cpp/build/ultrasonic_driver' returned '0': CMAKE_PREFIX_PATH=/opt/ros/humble /usr/bin/cmake --install /home/deepblue/ros2_autonomous_cpp/build/ultrasonic_driver
[0.362s] Level 1:colcon.colcon_core.environment:checking '/home/deepblue/ros2_autonomous_cpp/install/ultrasonic_driver' for CMake config files
[0.362s] Level 1:colcon.colcon_core.shell:create_environment_hook('ultrasonic_driver', 'cmake_prefix_path')
[0.362s] INFO:colcon.colcon_core.shell:Creating environment hook '/home/deepblue/ros2_autonomous_cpp/install/ultrasonic_driver/share/ultrasonic_driver/hook/cmake_prefix_path.ps1'
[0.362s] INFO:colcon.colcon_core.shell:Creating environment descriptor '/home/deepblue/ros2_autonomous_cpp/install/ultrasonic_driver/share/ultrasonic_driver/hook/cmake_prefix_path.dsv'
[0.362s] INFO:colcon.colcon_core.shell:Creating environment hook '/home/deepblue/ros2_autonomous_cpp/install/ultrasonic_driver/share/ultrasonic_driver/hook/cmake_prefix_path.sh'
[0.363s] Level 1:colcon.colcon_core.environment:checking '/home/deepblue/ros2_autonomous_cpp/install/ultrasonic_driver/lib'
[0.363s] Level 1:colcon.colcon_core.environment:checking '/home/deepblue/ros2_autonomous_cpp/install/ultrasonic_driver/bin'
[0.363s] Level 1:colcon.colcon_core.environment:checking '/home/deepblue/ros2_autonomous_cpp/install/ultrasonic_driver/lib/pkgconfig/ultrasonic_driver.pc'
[0.363s] Level 1:colcon.colcon_core.environment:checking '/home/deepblue/ros2_autonomous_cpp/install/ultrasonic_driver/lib/python3.10/site-packages'
[0.363s] Level 1:colcon.colcon_core.environment:checking '/home/deepblue/ros2_autonomous_cpp/install/ultrasonic_driver/bin'
[0.363s] INFO:colcon.colcon_core.shell:Creating package script '/home/deepblue/ros2_autonomous_cpp/install/ultrasonic_driver/share/ultrasonic_driver/package.ps1'
[0.364s] INFO:colcon.colcon_core.shell:Creating package descriptor '/home/deepblue/ros2_autonomous_cpp/install/ultrasonic_driver/share/ultrasonic_driver/package.dsv'
[0.364s] INFO:colcon.colcon_core.shell:Creating package script '/home/deepblue/ros2_autonomous_cpp/install/ultrasonic_driver/share/ultrasonic_driver/package.sh'
[0.364s] INFO:colcon.colcon_core.shell:Creating package script '/home/deepblue/ros2_autonomous_cpp/install/ultrasonic_driver/share/ultrasonic_driver/package.bash'
[0.364s] INFO:colcon.colcon_core.shell:Creating package script '/home/deepblue/ros2_autonomous_cpp/install/ultrasonic_driver/share/ultrasonic_driver/package.zsh'
[0.364s] Level 1:colcon.colcon_core.environment:create_file_with_runtime_dependencies(/home/deepblue/ros2_autonomous_cpp/install/ultrasonic_driver/share/colcon-core/packages/ultrasonic_driver)
[0.365s] Level 1:colcon.colcon_core.environment:create_environment_scripts_only(ultrasonic_driver)
[0.365s] Level 1:colcon.colcon_core.environment:checking '/home/deepblue/ros2_autonomous_cpp/install/ultrasonic_driver' for CMake module files
[0.365s] Level 1:colcon.colcon_core.environment:checking '/home/deepblue/ros2_autonomous_cpp/install/ultrasonic_driver' for CMake config files
[0.365s] Level 1:colcon.colcon_core.shell:create_environment_hook('ultrasonic_driver', 'cmake_prefix_path')
[0.365s] INFO:colcon.colcon_core.shell:Creating environment hook '/home/deepblue/ros2_autonomous_cpp/install/ultrasonic_driver/share/ultrasonic_driver/hook/cmake_prefix_path.ps1'
[0.365s] INFO:colcon.colcon_core.shell:Creating environment descriptor '/home/deepblue/ros2_autonomous_cpp/install/ultrasonic_driver/share/ultrasonic_driver/hook/cmake_prefix_path.dsv'
[0.366s] INFO:colcon.colcon_core.shell:Creating environment hook '/home/deepblue/ros2_autonomous_cpp/install/ultrasonic_driver/share/ultrasonic_driver/hook/cmake_prefix_path.sh'
[0.366s] Level 1:colcon.colcon_core.environment:checking '/home/deepblue/ros2_autonomous_cpp/install/ultrasonic_driver/lib'
[0.366s] Level 1:colcon.colcon_core.environment:checking '/home/deepblue/ros2_autonomous_cpp/install/ultrasonic_driver/bin'
[0.366s] Level 1:colcon.colcon_core.environment:checking '/home/deepblue/ros2_autonomous_cpp/install/ultrasonic_driver/lib/pkgconfig/ultrasonic_driver.pc'
[0.366s] Level 1:colcon.colcon_core.environment:checking '/home/deepblue/ros2_autonomous_cpp/install/ultrasonic_driver/lib/python3.10/site-packages'
[0.366s] Level 1:colcon.colcon_core.environment:checking '/home/deepblue/ros2_autonomous_cpp/install/ultrasonic_driver/bin'
[0.366s] INFO:colcon.colcon_core.shell:Creating package script '/home/deepblue/ros2_autonomous_cpp/install/ultrasonic_driver/share/ultrasonic_driver/package.ps1'
[0.367s] INFO:colcon.colcon_core.shell:Creating package descriptor '/home/deepblue/ros2_autonomous_cpp/install/ultrasonic_driver/share/ultrasonic_driver/package.dsv'
[0.367s] INFO:colcon.colcon_core.shell:Creating package script '/home/deepblue/ros2_autonomous_cpp/install/ultrasonic_driver/share/ultrasonic_driver/package.sh'
[0.368s] INFO:colcon.colcon_core.shell:Creating package script '/home/deepblue/ros2_autonomous_cpp/install/ultrasonic_driver/share/ultrasonic_driver/package.bash'
[0.368s] INFO:colcon.colcon_core.shell:Creating package script '/home/deepblue/ros2_autonomous_cpp/install/ultrasonic_driver/share/ultrasonic_driver/package.zsh'
[0.368s] Level 1:colcon.colcon_core.environment:create_file_with_runtime_dependencies(/home/deepblue/ros2_autonomous_cpp/install/ultrasonic_driver/share/colcon-core/packages/ultrasonic_driver)
[0.381s] Level 1:colcon.colcon_core.environment:create_environment_scripts_only(arduino_driver)
[0.381s] Level 1:colcon.colcon_core.environment:checking '/home/deepblue/ros2_autonomous_cpp/install/arduino_driver' for CMake module files
[0.382s] DEBUG:colcon.colcon_core.event_handler.log_command:Invoked command in '/home/deepblue/ros2_autonomous_cpp/build/arduino_driver' returned '0': CMAKE_PREFIX_PATH=/opt/ros/humble /usr/bin/cmake --install /home/deepblue/ros2_autonomous_cpp/build/arduino_driver
[0.382s] Level 1:colcon.colcon_core.environment:checking '/home/deepblue/ros2_autonomous_cpp/install/arduino_driver' for CMake config files
[0.382s] Level 1:colcon.colcon_core.shell:create_environment_hook('arduino_driver', 'cmake_prefix_path')
[0.382s] INFO:colcon.colcon_core.shell:Creating environment hook '/home/deepblue/ros2_autonomous_cpp/install/arduino_driver/share/arduino_driver/hook/cmake_prefix_path.ps1'
[0.383s] INFO:colcon.colcon_core.shell:Creating environment descriptor '/home/deepblue/ros2_autonomous_cpp/install/arduino_driver/share/arduino_driver/hook/cmake_prefix_path.dsv'
[0.383s] INFO:colcon.colcon_core.shell:Creating environment hook '/home/deepblue/ros2_autonomous_cpp/install/arduino_driver/share/arduino_driver/hook/cmake_prefix_path.sh'
[0.383s] Level 1:colcon.colcon_core.environment:checking '/home/deepblue/ros2_autonomous_cpp/install/arduino_driver/lib'
[0.383s] Level 1:colcon.colcon_core.environment:checking '/home/deepblue/ros2_autonomous_cpp/install/arduino_driver/bin'
[0.383s] Level 1:colcon.colcon_core.environment:checking '/home/deepblue/ros2_autonomous_cpp/install/arduino_driver/lib/pkgconfig/arduino_driver.pc'
[0.383s] Level 1:colcon.colcon_core.environment:checking '/home/deepblue/ros2_autonomous_cpp/install/arduino_driver/lib/python3.10/site-packages'
[0.383s] Level 1:colcon.colcon_core.environment:checking '/home/deepblue/ros2_autonomous_cpp/install/arduino_driver/bin'
[0.384s] INFO:colcon.colcon_core.shell:Creating package script '/home/deepblue/ros2_autonomous_cpp/install/arduino_driver/share/arduino_driver/package.ps1'
[0.384s] INFO:colcon.colcon_core.shell:Creating package descriptor '/home/deepblue/ros2_autonomous_cpp/install/arduino_driver/share/arduino_driver/package.dsv'
[0.384s] INFO:colcon.colcon_core.shell:Creating package script '/home/deepblue/ros2_autonomous_cpp/install/arduino_driver/share/arduino_driver/package.sh'
[0.384s] INFO:colcon.colcon_core.shell:Creating package script '/home/deepblue/ros2_autonomous_cpp/install/arduino_driver/share/arduino_driver/package.bash'
[0.384s] INFO:colcon.colcon_core.shell:Creating package script '/home/deepblue/ros2_autonomous_cpp/install/arduino_driver/share/arduino_driver/package.zsh'
[0.385s] Level 1:colcon.colcon_core.environment:create_file_with_runtime_dependencies(/home/deepblue/ros2_autonomous_cpp/install/arduino_driver/share/colcon-core/packages/arduino_driver)
[0.385s] Level 1:colcon.colcon_core.environment:create_environment_scripts_only(arduino_driver)
[0.385s] Level 1:colcon.colcon_core.environment:checking '/home/deepblue/ros2_autonomous_cpp/install/arduino_driver' for CMake module files
[0.385s] Level 1:colcon.colcon_core.environment:checking '/home/deepblue/ros2_autonomous_cpp/install/arduino_driver' for CMake config files
[0.385s] Level 1:colcon.colcon_core.shell:create_environment_hook('arduino_driver', 'cmake_prefix_path')
[0.385s] INFO:colcon.colcon_core.shell:Creating environment hook '/home/deepblue/ros2_autonomous_cpp/install/arduino_driver/share/arduino_driver/hook/cmake_prefix_path.ps1'
[0.386s] INFO:colcon.colcon_core.shell:Creating environment descriptor '/home/deepblue/ros2_autonomous_cpp/install/arduino_driver/share/arduino_driver/hook/cmake_prefix_path.dsv'
[0.386s] INFO:colcon.colcon_core.shell:Creating environment hook '/home/deepblue/ros2_autonomous_cpp/install/arduino_driver/share/arduino_driver/hook/cmake_prefix_path.sh'
[0.386s] Level 1:colcon.colcon_core.environment:checking '/home/deepblue/ros2_autonomous_cpp/install/arduino_driver/lib'
[0.386s] Level 1:colcon.colcon_core.environment:checking '/home/deepblue/ros2_autonomous_cpp/install/arduino_driver/bin'
[0.386s] Level 1:colcon.colcon_core.environment:checking '/home/deepblue/ros2_autonomous_cpp/install/arduino_driver/lib/pkgconfig/arduino_driver.pc'
[0.386s] Level 1:colcon.colcon_core.environment:checking '/home/deepblue/ros2_autonomous_cpp/install/arduino_driver/lib/python3.10/site-packages'
[0.387s] Level 1:colcon.colcon_core.environment:checking '/home/deepblue/ros2_autonomous_cpp/install/arduino_driver/bin'
[0.387s] INFO:colcon.colcon_core.shell:Creating package script '/home/deepblue/ros2_autonomous_cpp/install/arduino_driver/share/arduino_driver/package.ps1'
[0.387s] INFO:colcon.colcon_core.shell:Creating package descriptor '/home/deepblue/ros2_autonomous_cpp/install/arduino_driver/share/arduino_driver/package.dsv'
[0.387s] INFO:colcon.colcon_core.shell:Creating package script '/home/deepblue/ros2_autonomous_cpp/install/arduino_driver/share/arduino_driver/package.sh'
[0.387s] INFO:colcon.colcon_core.shell:Creating package script '/home/deepblue/ros2_autonomous_cpp/install/arduino_driver/share/arduino_driver/package.bash'
[0.387s] INFO:colcon.colcon_core.shell:Creating package script '/home/deepblue/ros2_autonomous_cpp/install/arduino_driver/share/arduino_driver/package.zsh'
[0.388s] Level 1:colcon.colcon_core.environment:create_file_with_runtime_dependencies(/home/deepblue/ros2_autonomous_cpp/install/arduino_driver/share/colcon-core/packages/arduino_driver)
[0.388s] Level 1:colcon.colcon_core.environment:create_environment_scripts_only(decision)
[0.388s] Level 1:colcon.colcon_core.environment:checking '/home/deepblue/ros2_autonomous_cpp/install/decision' for CMake module files
[0.389s] DEBUG:colcon.colcon_core.event_handler.log_command:Invoked command in '/home/deepblue/ros2_autonomous_cpp/build/decision' returned '0': CMAKE_PREFIX_PATH=/opt/ros/humble /usr/bin/cmake --install /home/deepblue/ros2_autonomous_cpp/build/decision
[0.389s] Level 1:colcon.colcon_core.environment:checking '/home/deepblue/ros2_autonomous_cpp/install/decision' for CMake config files
[0.389s] Level 1:colcon.colcon_core.shell:create_environment_hook('decision', 'cmake_prefix_path')
[0.389s] INFO:colcon.colcon_core.shell:Creating environment hook '/home/deepblue/ros2_autonomous_cpp/install/decision/share/decision/hook/cmake_prefix_path.ps1'
[0.389s] INFO:colcon.colcon_core.shell:Creating environment descriptor '/home/deepblue/ros2_autonomous_cpp/install/decision/share/decision/hook/cmake_prefix_path.dsv'
[0.389s] INFO:colcon.colcon_core.shell:Creating environment hook '/home/deepblue/ros2_autonomous_cpp/install/decision/share/decision/hook/cmake_prefix_path.sh'
[0.390s] Level 1:colcon.colcon_core.environment:checking '/home/deepblue/ros2_autonomous_cpp/install/decision/lib'
[0.390s] Level 1:colcon.colcon_core.environment:checking '/home/deepblue/ros2_autonomous_cpp/install/decision/bin'
[0.390s] Level 1:colcon.colcon_core.environment:checking '/home/deepblue/ros2_autonomous_cpp/install/decision/lib/pkgconfig/decision.pc'
[0.390s] Level 1:colcon.colcon_core.environment:checking '/home/deepblue/ros2_autonomous_cpp/install/decision/lib/python3.10/site-packages'
[0.390s] Level 1:colcon.colcon_core.environment:checking '/home/deepblue/ros2_autonomous_cpp/install/decision/bin'
[0.390s] INFO:colcon.colcon_core.shell:Creating package script '/home/deepblue/ros2_autonomous_cpp/install/decision/share/decision/package.ps1'
[0.390s] INFO:colcon.colcon_core.shell:Creating package descriptor '/home/deepblue/ros2_autonomous_cpp/install/decision/share/decision/package.dsv'
[0.390s] INFO:colcon.colcon_core.shell:Creating package script '/home/deepblue/ros2_autonomous_cpp/install/decision/share/decision/package.sh'
[0.391s] INFO:colcon.colcon_core.shell:Creating package script '/home/deepblue/ros2_autonomous_cpp/install/decision/share/decision/package.bash'
[0.391s] INFO:colcon.colcon_core.shell:Creating package script '/home/deepblue/ros2_autonomous_cpp/install/decision/share/decision/package.zsh'
[0.391s] Level 1:colcon.colcon_core.environment:create_file_with_runtime_dependencies(/home/deepblue/ros2_autonomous_cpp/install/decision/share/colcon-core/packages/decision)
[0.391s] Level 1:colcon.colcon_core.environment:create_environment_scripts_only(decision)
[0.391s] Level 1:colcon.colcon_core.environment:checking '/home/deepblue/ros2_autonomous_cpp/install/decision' for CMake module files
[0.391s] Level 1:colcon.colcon_core.environment:checking '/home/deepblue/ros2_autonomous_cpp/install/decision' for CMake config files
[0.391s] Level 1:colcon.colcon_core.shell:create_environment_hook('decision', 'cmake_prefix_path')
[0.392s] INFO:colcon.colcon_core.shell:Creating environment hook '/home/deepblue/ros2_autonomous_cpp/install/decision/share/decision/hook/cmake_prefix_path.ps1'
[0.392s] INFO:colcon.colcon_core.shell:Creating environment descriptor '/home/deepblue/ros2_autonomous_cpp/install/decision/share/decision/hook/cmake_prefix_path.dsv'
[0.392s] INFO:colcon.colcon_core.shell:Creating environment hook '/home/deepblue/ros2_autonomous_cpp/install/decision/share/decision/hook/cmake_prefix_path.sh'
[0.392s] Level 1:colcon.colcon_core.environment:checking '/home/deepblue/ros2_autonomous_cpp/install/decision/lib'
[0.392s] Level 1:colcon.colcon_core.environment:checking '/home/deepblue/ros2_autonomous_cpp/install/decision/bin'
[0.392s] Level 1:colcon.colcon_core.environment:checking '/home/deepblue/ros2_autonomous_cpp/install/decision/lib/pkgconfig/decision.pc'
[0.392s] Level 1:colcon.colcon_core.environment:checking '/home/deepblue/ros2_autonomous_cpp/install/decision/lib/python3.10/site-packages'
[0.393s] Level 1:colcon.colcon_core.environment:checking '/home/deepblue/ros2_autonomous_cpp/install/decision/bin'
[0.393s] INFO:colcon.colcon_core.shell:Creating package script '/home/deepblue/ros2_autonomous_cpp/install/decision/share/decision/package.ps1'
[0.393s] INFO:colcon.colcon_core.shell:Creating package descriptor '/home/deepblue/ros2_autonomous_cpp/install/decision/share/decision/package.dsv'
[0.393s] INFO:colcon.colcon_core.shell:Creating package script '/home/deepblue/ros2_autonomous_cpp/install/decision/share/decision/package.sh'
[0.393s] INFO:colcon.colcon_core.shell:Creating package script '/home/deepblue/ros2_autonomous_cpp/install/decision/share/decision/package.bash'
[0.394s] INFO:colcon.colcon_core.shell:Creating package script '/home/deepblue/ros2_autonomous_cpp/install/decision/share/decision/package.zsh'
[0.394s] Level 1:colcon.colcon_core.environment:create_file_with_runtime_dependencies(/home/deepblue/ros2_autonomous_cpp/install/decision/share/colcon-core/packages/decision)
[0.394s] INFO:colcon.colcon_ros.task.ament_cmake.build:Building ROS package in '/home/deepblue/ros2_autonomous_cpp/src/bringup' with build type 'ament_cmake'
[0.394s] INFO:colcon.colcon_cmake.task.cmake.build:Building CMake package in '/home/deepblue/ros2_autonomous_cpp/src/bringup'
[0.394s] INFO:colcon.colcon_core.shell:Skip shell extension 'powershell' for command environment: Not usable outside of PowerShell
[0.394s] DEBUG:colcon.colcon_core.shell:Skip shell extension 'dsv' for command environment
[0.402s] DEBUG:colcon.colcon_core.event_handler.log_command:Invoking command in '/home/deepblue/ros2_autonomous_cpp/build/bringup': AMENT_PREFIX_PATH=/home/deepblue/ros2_autonomous_cpp/install/usb_cam_driver:/home/deepblue/ros2_autonomous_cpp/install/ultrasonic_driver:/home/deepblue/ros2_autonomous_cpp/install/rplidar_driver:/home/deepblue/ros2_autonomous_cpp/install/decision:/home/deepblue/ros2_autonomous_cpp/install/arduino_driver:${AMENT_PREFIX_PATH} CMAKE_PREFIX_PATH=/home/deepblue/ros2_autonomous_cpp/install/usb_cam_driver:/home/deepblue/ros2_autonomous_cpp/install/ultrasonic_driver:/home/deepblue/ros2_autonomous_cpp/install/rplidar_driver:/home/deepblue/ros2_autonomous_cpp/install/decision:/home/deepblue/ros2_autonomous_cpp/install/arduino_driver:/opt/ros/humble /usr/bin/cmake /home/deepblue/ros2_autonomous_cpp/src/bringup -DAMENT_CMAKE_SYMLINK_INSTALL=1 -DCMAKE_INSTALL_PREFIX=/home/deepblue/ros2_autonomous_cpp/install/bringup
[0.788s] DEBUG:colcon.colcon_core.event_handler.log_command:Invoked command in '/home/deepblue/ros2_autonomous_cpp/build/bringup' returned '0': AMENT_PREFIX_PATH=/home/deepblue/ros2_autonomous_cpp/install/usb_cam_driver:/home/deepblue/ros2_autonomous_cpp/install/ultrasonic_driver:/home/deepblue/ros2_autonomous_cpp/install/rplidar_driver:/home/deepblue/ros2_autonomous_cpp/install/decision:/home/deepblue/ros2_autonomous_cpp/install/arduino_driver:${AMENT_PREFIX_PATH} CMAKE_PREFIX_PATH=/home/deepblue/ros2_autonomous_cpp/install/usb_cam_driver:/home/deepblue/ros2_autonomous_cpp/install/ultrasonic_driver:/home/deepblue/ros2_autonomous_cpp/install/rplidar_driver:/home/deepblue/ros2_autonomous_cpp/install/decision:/home/deepblue/ros2_autonomous_cpp/install/arduino_driver:/opt/ros/humble /usr/bin/cmake /home/deepblue/ros2_autonomous_cpp/src/bringup -DAMENT_CMAKE_SYMLINK_INSTALL=1 -DCMAKE_INSTALL_PREFIX=/home/deepblue/ros2_autonomous_cpp/install/bringup
[0.788s] DEBUG:colcon.colcon_core.event_handler.log_command:Invoking command in '/home/deepblue/ros2_autonomous_cpp/build/bringup': AMENT_PREFIX_PATH=/home/deepblue/ros2_autonomous_cpp/install/usb_cam_driver:/home/deepblue/ros2_autonomous_cpp/install/ultrasonic_driver:/home/deepblue/ros2_autonomous_cpp/install/rplidar_driver:/home/deepblue/ros2_autonomous_cpp/install/decision:/home/deepblue/ros2_autonomous_cpp/install/arduino_driver:${AMENT_PREFIX_PATH} CMAKE_PREFIX_PATH=/home/deepblue/ros2_autonomous_cpp/install/usb_cam_driver:/home/deepblue/ros2_autonomous_cpp/install/ultrasonic_driver:/home/deepblue/ros2_autonomous_cpp/install/rplidar_driver:/home/deepblue/ros2_autonomous_cpp/install/decision:/home/deepblue/ros2_autonomous_cpp/install/arduino_driver:/opt/ros/humble /usr/bin/cmake --build /home/deepblue/ros2_autonomous_cpp/build/bringup -- -j16 -l16
[0.814s] DEBUG:colcon.colcon_core.event_handler.log_command:Invoked command in '/home/deepblue/ros2_autonomous_cpp/build/bringup' returned '0': AMENT_PREFIX_PATH=/home/deepblue/ros2_autonomous_cpp/install/usb_cam_driver:/home/deepblue/ros2_autonomous_cpp/install/ultrasonic_driver:/home/deepblue/ros2_autonomous_cpp/install/rplidar_driver:/home/deepblue/ros2_autonomous_cpp/install/decision:/home/deepblue/ros2_autonomous_cpp/install/arduino_driver:${AMENT_PREFIX_PATH} CMAKE_PREFIX_PATH=/home/deepblue/ros2_autonomous_cpp/install/usb_cam_driver:/home/deepblue/ros2_autonomous_cpp/install/ultrasonic_driver:/home/deepblue/ros2_autonomous_cpp/install/rplidar_driver:/home/deepblue/ros2_autonomous_cpp/install/decision:/home/deepblue/ros2_autonomous_cpp/install/arduino_driver:/opt/ros/humble /usr/bin/cmake --build /home/deepblue/ros2_autonomous_cpp/build/bringup -- -j16 -l16
[0.814s] DEBUG:colcon.colcon_core.event_handler.log_command:Invoking command in '/home/deepblue/ros2_autonomous_cpp/build/bringup': AMENT_PREFIX_PATH=/home/deepblue/ros2_autonomous_cpp/install/usb_cam_driver:/home/deepblue/ros2_autonomous_cpp/install/ultrasonic_driver:/home/deepblue/ros2_autonomous_cpp/install/rplidar_driver:/home/deepblue/ros2_autonomous_cpp/install/decision:/home/deepblue/ros2_autonomous_cpp/install/arduino_driver:${AMENT_PREFIX_PATH} CMAKE_PREFIX_PATH=/home/deepblue/ros2_autonomous_cpp/install/usb_cam_driver:/home/deepblue/ros2_autonomous_cpp/install/ultrasonic_driver:/home/deepblue/ros2_autonomous_cpp/install/rplidar_driver:/home/deepblue/ros2_autonomous_cpp/install/decision:/home/deepblue/ros2_autonomous_cpp/install/arduino_driver:/opt/ros/humble /usr/bin/cmake --install /home/deepblue/ros2_autonomous_cpp/build/bringup
[0.924s] Level 1:colcon.colcon_core.environment:create_environment_scripts_only(bringup)
[0.924s] Level 1:colcon.colcon_core.environment:checking '/home/deepblue/ros2_autonomous_cpp/install/bringup' for CMake module files
[0.925s] DEBUG:colcon.colcon_core.event_handler.log_command:Invoked command in '/home/deepblue/ros2_autonomous_cpp/build/bringup' returned '0': AMENT_PREFIX_PATH=/home/deepblue/ros2_autonomous_cpp/install/usb_cam_driver:/home/deepblue/ros2_autonomous_cpp/install/ultrasonic_driver:/home/deepblue/ros2_autonomous_cpp/install/rplidar_driver:/home/deepblue/ros2_autonomous_cpp/install/decision:/home/deepblue/ros2_autonomous_cpp/install/arduino_driver:${AMENT_PREFIX_PATH} CMAKE_PREFIX_PATH=/home/deepblue/ros2_autonomous_cpp/install/usb_cam_driver:/home/deepblue/ros2_autonomous_cpp/install/ultrasonic_driver:/home/deepblue/ros2_autonomous_cpp/install/rplidar_driver:/home/deepblue/ros2_autonomous_cpp/install/decision:/home/deepblue/ros2_autonomous_cpp/install/arduino_driver:/opt/ros/humble /usr/bin/cmake --install /home/deepblue/ros2_autonomous_cpp/build/bringup
[0.925s] Level 1:colcon.colcon_core.environment:checking '/home/deepblue/ros2_autonomous_cpp/install/bringup' for CMake config files
[0.925s] Level 1:colcon.colcon_core.shell:create_environment_hook('bringup', 'cmake_prefix_path')
[0.925s] INFO:colcon.colcon_core.shell:Creating environment hook '/home/deepblue/ros2_autonomous_cpp/install/bringup/share/bringup/hook/cmake_prefix_path.ps1'
[0.926s] INFO:colcon.colcon_core.shell:Creating environment descriptor '/home/deepblue/ros2_autonomous_cpp/install/bringup/share/bringup/hook/cmake_prefix_path.dsv'
[0.926s] INFO:colcon.colcon_core.shell:Creating environment hook '/home/deepblue/ros2_autonomous_cpp/install/bringup/share/bringup/hook/cmake_prefix_path.sh'
[0.926s] Level 1:colcon.colcon_core.environment:checking '/home/deepblue/ros2_autonomous_cpp/install/bringup/bin'
[0.926s] Level 1:colcon.colcon_core.environment:checking '/home/deepblue/ros2_autonomous_cpp/install/bringup/lib/pkgconfig/bringup.pc'
[0.926s] Level 1:colcon.colcon_core.environment:checking '/home/deepblue/ros2_autonomous_cpp/install/bringup/lib/python3.10/site-packages'
[0.927s] Level 1:colcon.colcon_core.environment:checking '/home/deepblue/ros2_autonomous_cpp/install/bringup/bin'
[0.927s] INFO:colcon.colcon_core.shell:Creating package script '/home/deepblue/ros2_autonomous_cpp/install/bringup/share/bringup/package.ps1'
[0.927s] INFO:colcon.colcon_core.shell:Creating package descriptor '/home/deepblue/ros2_autonomous_cpp/install/bringup/share/bringup/package.dsv'
[0.928s] INFO:colcon.colcon_core.shell:Creating package script '/home/deepblue/ros2_autonomous_cpp/install/bringup/share/bringup/package.sh'
[0.928s] INFO:colcon.colcon_core.shell:Creating package script '/home/deepblue/ros2_autonomous_cpp/install/bringup/share/bringup/package.bash'
[0.928s] INFO:colcon.colcon_core.shell:Creating package script '/home/deepblue/ros2_autonomous_cpp/install/bringup/share/bringup/package.zsh'
[0.928s] Level 1:colcon.colcon_core.environment:create_file_with_runtime_dependencies(/home/deepblue/ros2_autonomous_cpp/install/bringup/share/colcon-core/packages/bringup)
[0.928s] Level 1:colcon.colcon_core.environment:create_environment_scripts_only(bringup)
[0.928s] Level 1:colcon.colcon_core.environment:checking '/home/deepblue/ros2_autonomous_cpp/install/bringup' for CMake module files
[0.929s] Level 1:colcon.colcon_core.environment:checking '/home/deepblue/ros2_autonomous_cpp/install/bringup' for CMake config files
[0.929s] Level 1:colcon.colcon_core.shell:create_environment_hook('bringup', 'cmake_prefix_path')
[0.929s] INFO:colcon.colcon_core.shell:Creating environment hook '/home/deepblue/ros2_autonomous_cpp/install/bringup/share/bringup/hook/cmake_prefix_path.ps1'
[0.929s] INFO:colcon.colcon_core.shell:Creating environment descriptor '/home/deepblue/ros2_autonomous_cpp/install/bringup/share/bringup/hook/cmake_prefix_path.dsv'
[0.929s] INFO:colcon.colcon_core.shell:Creating environment hook '/home/deepblue/ros2_autonomous_cpp/install/bringup/share/bringup/hook/cmake_prefix_path.sh'
[0.929s] Level 1:colcon.colcon_core.environment:checking '/home/deepblue/ros2_autonomous_cpp/install/bringup/bin'
[0.929s] Level 1:colcon.colcon_core.environment:checking '/home/deepblue/ros2_autonomous_cpp/install/bringup/lib/pkgconfig/bringup.pc'
[0.929s] Level 1:colcon.colcon_core.environment:checking '/home/deepblue/ros2_autonomous_cpp/install/bringup/lib/python3.10/site-packages'
[0.930s] Level 1:colcon.colcon_core.environment:checking '/home/deepblue/ros2_autonomous_cpp/install/bringup/bin'
[0.930s] INFO:colcon.colcon_core.shell:Creating package script '/home/deepblue/ros2_autonomous_cpp/install/bringup/share/bringup/package.ps1'
[0.930s] INFO:colcon.colcon_core.shell:Creating package descriptor '/home/deepblue/ros2_autonomous_cpp/install/bringup/share/bringup/package.dsv'
[0.930s] INFO:colcon.colcon_core.shell:Creating package script '/home/deepblue/ros2_autonomous_cpp/install/bringup/share/bringup/package.sh'
[0.930s] INFO:colcon.colcon_core.shell:Creating package script '/home/deepblue/ros2_autonomous_cpp/install/bringup/share/bringup/package.bash'
[0.930s] INFO:colcon.colcon_core.shell:Creating package script '/home/deepblue/ros2_autonomous_cpp/install/bringup/share/bringup/package.zsh'
[0.931s] Level 1:colcon.colcon_core.environment:create_file_with_runtime_dependencies(/home/deepblue/ros2_autonomous_cpp/install/bringup/share/colcon-core/packages/bringup)
[0.931s] DEBUG:colcon.colcon_parallel_executor.executor.parallel:closing loop
[0.931s] DEBUG:colcon.colcon_parallel_executor.executor.parallel:loop closed
[0.931s] DEBUG:colcon.colcon_parallel_executor.executor.parallel:run_until_complete finished with '0'
[0.931s] DEBUG:colcon.colcon_core.event_reactor:joining thread
[0.935s] INFO:colcon.colcon_core.plugin_system:Skipping extension 'colcon_notification.desktop_notification.terminal_notifier': Not used on non-Darwin systems
[0.935s] INFO:colcon.colcon_core.plugin_system:Skipping extension 'colcon_notification.desktop_notification.win32': Not used on non-Windows systems
[0.935s] INFO:colcon.colcon_notification.desktop_notification:Sending desktop notification using 'notify2'
[0.943s] DEBUG:colcon.colcon_core.event_reactor:joined thread
[0.944s] INFO:colcon.colcon_core.shell:Creating prefix script '/home/deepblue/ros2_autonomous_cpp/install/local_setup.ps1'
[0.944s] INFO:colcon.colcon_core.shell:Creating prefix util module '/home/deepblue/ros2_autonomous_cpp/install/_local_setup_util_ps1.py'
[0.945s] INFO:colcon.colcon_core.shell:Creating prefix chain script '/home/deepblue/ros2_autonomous_cpp/install/setup.ps1'
[0.946s] INFO:colcon.colcon_core.shell:Creating prefix script '/home/deepblue/ros2_autonomous_cpp/install/local_setup.sh'
[0.946s] INFO:colcon.colcon_core.shell:Creating prefix util module '/home/deepblue/ros2_autonomous_cpp/install/_local_setup_util_sh.py'
[0.946s] INFO:colcon.colcon_core.shell:Creating prefix chain script '/home/deepblue/ros2_autonomous_cpp/install/setup.sh'
[0.947s] INFO:colcon.colcon_core.shell:Creating prefix script '/home/deepblue/ros2_autonomous_cpp/install/local_setup.bash'
[0.948s] INFO:colcon.colcon_core.shell:Creating prefix chain script '/home/deepblue/ros2_autonomous_cpp/install/setup.bash'
[0.948s] INFO:colcon.colcon_core.shell:Creating prefix script '/home/deepblue/ros2_autonomous_cpp/install/local_setup.zsh'
[0.948s] INFO:colcon.colcon_core.shell:Creating prefix chain script '/home/deepblue/ros2_autonomous_cpp/install/setup.zsh'
