[0.014s] Invoking command in '/home/deepblue/ros2_autonomous_cpp/build/decision': CMAKE_PREFIX_PATH=/opt/ros/humble /usr/bin/cmake /home/deepblue/ros2_autonomous_cpp/src/decision -DAMENT_CMAKE_SYMLINK_INSTALL=1 -DCMAKE_INSTALL_PREFIX=/home/deepblue/ros2_autonomous_cpp/install/decision
[0.023s] -- Found ament_cmake: 1.3.12 (/opt/ros/humble/share/ament_cmake/cmake)
[0.093s] -- Override CMake install command with custom implementation using symlinks instead of copying resources
[0.098s] -- Found rclcpp: 16.0.17 (/opt/ros/humble/share/rclcpp/cmake)
[0.115s] -- Found rosidl_generator_c: 3.1.8 (/opt/ros/humble/share/rosidl_generator_c/cmake)
[0.116s] -- Found rosidl_adapter: 3.1.8 (/opt/ros/humble/share/rosidl_adapter/cmake)
[0.119s] -- Found rosidl_generator_cpp: 3.1.8 (/opt/ros/humble/share/rosidl_generator_cpp/cmake)
[0.124s] -- Using all available rosidl_typesupport_c: rosidl_typesupport_fastrtps_c;rosidl_typesupport_introspection_c
[0.130s] -- Using all available rosidl_typesupport_cpp: rosidl_typesupport_fastrtps_cpp;rosidl_typesupport_introspection_cpp
[0.145s] -- Found rmw_implementation_cmake: 6.1.2 (/opt/ros/humble/share/rmw_implementation_cmake/cmake)
[0.146s] -- Found rmw_fastrtps_cpp: 6.2.9 (/opt/ros/humble/share/rmw_fastrtps_cpp/cmake)
[0.205s] -- Using RMW implementation 'rmw_fastrtps_cpp' as default
[0.233s] -- Found rclpy: 3.3.19 (/opt/ros/humble/share/rclpy/cmake)
[0.233s] -- Found sensor_msgs: 4.9.0 (/opt/ros/humble/share/sensor_msgs/cmake)
[0.248s] -- Found ackermann_msgs: 2.0.2 (/opt/ros/humble/share/ackermann_msgs/cmake)
[0.260s] -- Found ament_lint_auto: 0.12.14 (/opt/ros/humble/share/ament_lint_auto/cmake)
[0.310s] -- Added test 'copyright' to check source files copyright and LICENSE
[0.310s] -- Added test 'cppcheck' to perform static code analysis on C / C++ code
[0.310s] -- Configured cppcheck include dirs: $<BUILD_INTERFACE:/home/deepblue/ros2_autonomous_cpp/src/decision/include>
[0.310s] -- Configured cppcheck exclude dirs and/or files: 
[0.311s] -- Added test 'cpplint' to check C / C++ code against the Google style
[0.311s] -- Configured cpplint exclude dirs and/or files: 
[0.311s] -- Added test 'flake8' to check Python code syntax and style conventions
[0.311s] -- Added test 'lint_cmake' to check CMake code style
[0.311s] -- Added test 'pep257' to check Python code against some of the docstring style conventions in PEP 257
[0.312s] -- Added test 'uncrustify' to check C / C++ code style
[0.312s] -- Configured uncrustify additional arguments: 
[0.312s] -- Added test 'xmllint' to check XML markup files
[0.314s] -- Configuring done
[0.320s] -- Generating done
[0.324s] -- Build files have been written to: /home/deepblue/ros2_autonomous_cpp/build/decision
[0.330s] Invoked command in '/home/deepblue/ros2_autonomous_cpp/build/decision' returned '0': CMAKE_PREFIX_PATH=/opt/ros/humble /usr/bin/cmake /home/deepblue/ros2_autonomous_cpp/src/decision -DAMENT_CMAKE_SYMLINK_INSTALL=1 -DCMAKE_INSTALL_PREFIX=/home/deepblue/ros2_autonomous_cpp/install/decision
[0.331s] Invoking command in '/home/deepblue/ros2_autonomous_cpp/build/decision': CMAKE_PREFIX_PATH=/opt/ros/humble /usr/bin/cmake --build /home/deepblue/ros2_autonomous_cpp/build/decision -- -j16 -l16
[0.370s] [ 50%] Building CXX object CMakeFiles/lidar_obstacle_node.dir/src/lidar_obstacle_node.cpp.o
[0.370s] [ 50%] Building CXX object CMakeFiles/decision_node.dir/src/decision_node.cpp.o
[5.991s] [ 75%] Linking CXX executable lidar_obstacle_node
[6.221s] [ 75%] Built target lidar_obstacle_node
[9.030s] [100%] Linking CXX executable decision_node
[9.404s] [100%] Built target decision_node
