[0.013s] Invoking command in '/home/deepblue/ros2_autonomous_cpp/build/rplidar_driver': CMAKE_PREFIX_PATH=/opt/ros/humble /usr/bin/cmake --build /home/deepblue/ros2_autonomous_cpp/build/rplidar_driver -- -j16 -l16
[0.034s] Invoked command in '/home/deepblue/ros2_autonomous_cpp/build/rplidar_driver' returned '0': CMAKE_PREFIX_PATH=/opt/ros/humble /usr/bin/cmake --build /home/deepblue/ros2_autonomous_cpp/build/rplidar_driver -- -j16 -l16
[0.041s] Invoking command in '/home/deepblue/ros2_autonomous_cpp/build/rplidar_driver': CMAKE_PREFIX_PATH=/opt/ros/humble /usr/bin/cmake --install /home/deepblue/ros2_autonomous_cpp/build/rplidar_driver
[0.046s] -- Install configuration: ""
[0.046s] -- Execute custom install script
[0.046s] -- Up-to-date symlink: /home/deepblue/ros2_autonomous_cpp/install/rplidar_driver/share/rplidar_driver//launch/rplidar.launch
[0.046s] -- Up-to-date symlink: /home/deepblue/ros2_autonomous_cpp/install/rplidar_driver/share/rplidar_driver//config/rplidar.yaml
[0.046s] -- Up-to-date symlink: /home/deepblue/ros2_autonomous_cpp/install/rplidar_driver/share/ament_index/resource_index/package_run_dependencies/rplidar_driver
[0.046s] -- Up-to-date symlink: /home/deepblue/ros2_autonomous_cpp/install/rplidar_driver/share/ament_index/resource_index/parent_prefix_path/rplidar_driver
[0.046s] -- Up-to-date symlink: /home/deepblue/ros2_autonomous_cpp/install/rplidar_driver/share/rplidar_driver/environment/ament_prefix_path.sh
[0.046s] -- Up-to-date symlink: /home/deepblue/ros2_autonomous_cpp/install/rplidar_driver/share/rplidar_driver/environment/ament_prefix_path.dsv
[0.046s] -- Up-to-date symlink: /home/deepblue/ros2_autonomous_cpp/install/rplidar_driver/share/rplidar_driver/environment/path.sh
[0.046s] -- Up-to-date symlink: /home/deepblue/ros2_autonomous_cpp/install/rplidar_driver/share/rplidar_driver/environment/path.dsv
[0.046s] -- Up-to-date symlink: /home/deepblue/ros2_autonomous_cpp/install/rplidar_driver/share/rplidar_driver/local_setup.bash
[0.046s] -- Up-to-date symlink: /home/deepblue/ros2_autonomous_cpp/install/rplidar_driver/share/rplidar_driver/local_setup.sh
[0.046s] -- Up-to-date symlink: /home/deepblue/ros2_autonomous_cpp/install/rplidar_driver/share/rplidar_driver/local_setup.zsh
[0.046s] -- Up-to-date symlink: /home/deepblue/ros2_autonomous_cpp/install/rplidar_driver/share/rplidar_driver/local_setup.dsv
[0.046s] -- Symlinking: /home/deepblue/ros2_autonomous_cpp/install/rplidar_driver/share/rplidar_driver/package.dsv
[0.051s] -- Up-to-date symlink: /home/deepblue/ros2_autonomous_cpp/install/rplidar_driver/share/ament_index/resource_index/packages/rplidar_driver
[0.051s] -- Up-to-date symlink: /home/deepblue/ros2_autonomous_cpp/install/rplidar_driver/share/rplidar_driver/cmake/rplidar_driverConfig.cmake
[0.051s] -- Up-to-date symlink: /home/deepblue/ros2_autonomous_cpp/install/rplidar_driver/share/rplidar_driver/cmake/rplidar_driverConfig-version.cmake
[0.051s] -- Up-to-date symlink: /home/deepblue/ros2_autonomous_cpp/install/rplidar_driver/share/rplidar_driver/package.xml
[0.053s] Invoked command in '/home/deepblue/ros2_autonomous_cpp/build/rplidar_driver' returned '0': CMAKE_PREFIX_PATH=/opt/ros/humble /usr/bin/cmake --install /home/deepblue/ros2_autonomous_cpp/build/rplidar_driver
