[0.013s] Invoking command in '/home/deepblue/ros2_autonomous_cpp/build/common': CMAKE_PREFIX_PATH=/opt/ros/humble /usr/bin/cmake /home/deepblue/ros2_autonomous_cpp/src/common -DCMAKE_INSTALL_PREFIX=/home/deepblue/ros2_autonomous_cpp/install/common
[0.018s] -- Found ament_cmake: 1.3.12 (/opt/ros/humble/share/ament_cmake/cmake)
[0.108s] -- Override CMake install command with custom implementation using symlinks instead of copying resources
[0.108s] -- Found rclpy: 3.3.19 (/opt/ros/humble/share/rclpy/cmake)
[0.108s] -- Found ament_lint_auto: 0.12.14 (/opt/ros/humble/share/ament_lint_auto/cmake)
[0.149s] -- Added test 'copyright' to check source files copyright and LICENSE
[0.152s] -- Added test 'flake8' to check Python code syntax and style conventions
[0.152s] -- Added test 'lint_cmake' to check CMake code style
[0.152s] -- Added test 'pep257' to check Python code against some of the docstring style conventions in PEP 257
[0.152s] -- Added test 'xmllint' to check XML markup files
[0.152s] -- Configuring done
[0.153s] -- Generating done
[0.154s] -- Build files have been written to: /home/deepblue/ros2_autonomous_cpp/build/common
[0.155s] Invoked command in '/home/deepblue/ros2_autonomous_cpp/build/common' returned '0': CMAKE_PREFIX_PATH=/opt/ros/humble /usr/bin/cmake /home/deepblue/ros2_autonomous_cpp/src/common -DCMAKE_INSTALL_PREFIX=/home/deepblue/ros2_autonomous_cpp/install/common
[0.156s] Invoking command in '/home/deepblue/ros2_autonomous_cpp/build/common': CMAKE_PREFIX_PATH=/opt/ros/humble /usr/bin/cmake --build /home/deepblue/ros2_autonomous_cpp/build/common -- -j16 -l16
[0.175s] Invoked command in '/home/deepblue/ros2_autonomous_cpp/build/common' returned '0': CMAKE_PREFIX_PATH=/opt/ros/humble /usr/bin/cmake --build /home/deepblue/ros2_autonomous_cpp/build/common -- -j16 -l16
[0.176s] Invoking command in '/home/deepblue/ros2_autonomous_cpp/build/common': CMAKE_PREFIX_PATH=/opt/ros/humble /usr/bin/cmake --install /home/deepblue/ros2_autonomous_cpp/build/common
[0.180s] -- Install configuration: ""
[0.181s] -- Execute custom install script
[0.181s] -- Up-to-date symlink: /home/deepblue/ros2_autonomous_cpp/install/common/lib/common/lidar_monitor.py
[0.181s] -- Up-to-date symlink: /home/deepblue/ros2_autonomous_cpp/install/common/lib/common/ultrasonic_monitor.py
[0.181s] -- Up-to-date symlink: /home/deepblue/ros2_autonomous_cpp/install/common/share/common//launch/sensor_debug.launch
[0.181s] -- Up-to-date symlink: /home/deepblue/ros2_autonomous_cpp/install/common/share/ament_index/resource_index/package_run_dependencies/common
[0.181s] -- Up-to-date symlink: /home/deepblue/ros2_autonomous_cpp/install/common/share/ament_index/resource_index/parent_prefix_path/common
[0.181s] -- Up-to-date symlink: /home/deepblue/ros2_autonomous_cpp/install/common/share/common/environment/ament_prefix_path.sh
[0.181s] -- Up-to-date symlink: /home/deepblue/ros2_autonomous_cpp/install/common/share/common/environment/ament_prefix_path.dsv
[0.181s] -- Up-to-date symlink: /home/deepblue/ros2_autonomous_cpp/install/common/share/common/environment/path.sh
[0.181s] -- Up-to-date symlink: /home/deepblue/ros2_autonomous_cpp/install/common/share/common/environment/path.dsv
[0.181s] -- Up-to-date symlink: /home/deepblue/ros2_autonomous_cpp/install/common/share/common/local_setup.bash
[0.181s] -- Up-to-date symlink: /home/deepblue/ros2_autonomous_cpp/install/common/share/common/local_setup.sh
[0.182s] -- Up-to-date symlink: /home/deepblue/ros2_autonomous_cpp/install/common/share/common/local_setup.zsh
[0.182s] -- Up-to-date symlink: /home/deepblue/ros2_autonomous_cpp/install/common/share/common/local_setup.dsv
[0.182s] -- Symlinking: /home/deepblue/ros2_autonomous_cpp/install/common/share/common/package.dsv
[0.187s] -- Up-to-date symlink: /home/deepblue/ros2_autonomous_cpp/install/common/share/ament_index/resource_index/packages/common
[0.187s] -- Up-to-date symlink: /home/deepblue/ros2_autonomous_cpp/install/common/share/common/cmake/commonConfig.cmake
[0.187s] -- Up-to-date symlink: /home/deepblue/ros2_autonomous_cpp/install/common/share/common/cmake/commonConfig-version.cmake
[0.187s] -- Up-to-date symlink: /home/deepblue/ros2_autonomous_cpp/install/common/share/common/package.xml
[0.196s] Invoked command in '/home/deepblue/ros2_autonomous_cpp/build/common' returned '0': CMAKE_PREFIX_PATH=/opt/ros/humble /usr/bin/cmake --install /home/deepblue/ros2_autonomous_cpp/build/common
