[0.012s] Invoking command in '/home/deepblue/ros2_autonomous_cpp/build/ultrasonic_driver': CMAKE_PREFIX_PATH=/opt/ros/humble /usr/bin/cmake /home/deepblue/ros2_autonomous_cpp/src/drivers/ultrasonic_driver -DCMAKE_INSTALL_PREFIX=/home/deepblue/ros2_autonomous_cpp/install/ultrasonic_driver
[0.018s] -- Found ament_cmake: 1.3.12 (/opt/ros/humble/share/ament_cmake/cmake)
[0.111s] -- Override CMake install command with custom implementation using symlinks instead of copying resources
[0.111s] -- Found rclcpp: 16.0.17 (/opt/ros/humble/share/rclcpp/cmake)
[0.117s] -- Found rosidl_generator_c: 3.1.8 (/opt/ros/humble/share/rosidl_generator_c/cmake)
[0.119s] -- Found rosidl_adapter: 3.1.8 (/opt/ros/humble/share/rosidl_adapter/cmake)
[0.121s] -- Found rosidl_generator_cpp: 3.1.8 (/opt/ros/humble/share/rosidl_generator_cpp/cmake)
[0.126s] -- Using all available rosidl_typesupport_c: rosidl_typesupport_fastrtps_c;rosidl_typesupport_introspection_c
[0.132s] -- Using all available rosidl_typesupport_cpp: rosidl_typesupport_fastrtps_cpp;rosidl_typesupport_introspection_cpp
[0.147s] -- Found rmw_implementation_cmake: 6.1.2 (/opt/ros/humble/share/rmw_implementation_cmake/cmake)
[0.148s] -- Found rmw_fastrtps_cpp: 6.2.9 (/opt/ros/humble/share/rmw_fastrtps_cpp/cmake)
[0.210s] -- Using RMW implementation 'rmw_fastrtps_cpp' as default
[0.231s] -- Found rclpy: 3.3.19 (/opt/ros/humble/share/rclpy/cmake)
[0.232s] -- Found ament_lint_auto: 0.12.14 (/opt/ros/humble/share/ament_lint_auto/cmake)
[0.275s] -- Added test 'copyright' to check source files copyright and LICENSE
[0.275s] -- Added test 'cppcheck' to perform static code analysis on C / C++ code
[0.275s] -- Configured cppcheck include dirs: $<BUILD_INTERFACE:/home/deepblue/ros2_autonomous_cpp/src/drivers/ultrasonic_driver/include>
[0.275s] -- Configured cppcheck exclude dirs and/or files: 
[0.276s] -- Added test 'cpplint' to check C / C++ code against the Google style
[0.276s] -- Configured cpplint exclude dirs and/or files: 
[0.276s] -- Added test 'flake8' to check Python code syntax and style conventions
[0.276s] -- Added test 'lint_cmake' to check CMake code style
[0.276s] -- Added test 'pep257' to check Python code against some of the docstring style conventions in PEP 257
[0.277s] -- Added test 'uncrustify' to check C / C++ code style
[0.277s] -- Configured uncrustify additional arguments: 
[0.277s] -- Added test 'xmllint' to check XML markup files
[0.277s] -- Configuring done
[0.283s] -- Generating done
[0.285s] -- Build files have been written to: /home/deepblue/ros2_autonomous_cpp/build/ultrasonic_driver
[0.291s] Invoked command in '/home/deepblue/ros2_autonomous_cpp/build/ultrasonic_driver' returned '0': CMAKE_PREFIX_PATH=/opt/ros/humble /usr/bin/cmake /home/deepblue/ros2_autonomous_cpp/src/drivers/ultrasonic_driver -DCMAKE_INSTALL_PREFIX=/home/deepblue/ros2_autonomous_cpp/install/ultrasonic_driver
[0.292s] Invoking command in '/home/deepblue/ros2_autonomous_cpp/build/ultrasonic_driver': CMAKE_PREFIX_PATH=/opt/ros/humble /usr/bin/cmake --build /home/deepblue/ros2_autonomous_cpp/build/ultrasonic_driver -- -j16 -l16
[0.321s] Consolidate compiler generated dependencies of target ultrasonic_processor_node
[0.330s] [100%] Built target ultrasonic_processor_node
[0.337s] Invoked command in '/home/deepblue/ros2_autonomous_cpp/build/ultrasonic_driver' returned '0': CMAKE_PREFIX_PATH=/opt/ros/humble /usr/bin/cmake --build /home/deepblue/ros2_autonomous_cpp/build/ultrasonic_driver -- -j16 -l16
[0.338s] Invoking command in '/home/deepblue/ros2_autonomous_cpp/build/ultrasonic_driver': CMAKE_PREFIX_PATH=/opt/ros/humble /usr/bin/cmake --install /home/deepblue/ros2_autonomous_cpp/build/ultrasonic_driver
[0.343s] -- Install configuration: ""
[0.343s] -- Execute custom install script
[0.343s] -- Up-to-date symlink: /home/deepblue/ros2_autonomous_cpp/install/ultrasonic_driver/lib/ultrasonic_driver/ultrasonic_processor_node
[0.344s] -- Up-to-date symlink: /home/deepblue/ros2_autonomous_cpp/install/ultrasonic_driver/lib/ultrasonic_driver/ultrasonic_processor_node.py
[0.344s] -- Up-to-date symlink: /home/deepblue/ros2_autonomous_cpp/install/ultrasonic_driver/include/ultrasonic_driver/ultrasonic_processor_node.hpp
[0.344s] -- Up-to-date symlink: /home/deepblue/ros2_autonomous_cpp/install/ultrasonic_driver/share/ultrasonic_driver//config/ultrasonic.yaml
[0.344s] -- Up-to-date symlink: /home/deepblue/ros2_autonomous_cpp/install/ultrasonic_driver/share/ament_index/resource_index/package_run_dependencies/ultrasonic_driver
[0.344s] -- Up-to-date symlink: /home/deepblue/ros2_autonomous_cpp/install/ultrasonic_driver/share/ament_index/resource_index/parent_prefix_path/ultrasonic_driver
[0.344s] -- Up-to-date symlink: /home/deepblue/ros2_autonomous_cpp/install/ultrasonic_driver/share/ultrasonic_driver/environment/ament_prefix_path.sh
[0.344s] -- Up-to-date symlink: /home/deepblue/ros2_autonomous_cpp/install/ultrasonic_driver/share/ultrasonic_driver/environment/ament_prefix_path.dsv
[0.345s] -- Up-to-date symlink: /home/deepblue/ros2_autonomous_cpp/install/ultrasonic_driver/share/ultrasonic_driver/environment/path.sh
[0.345s] -- Up-to-date symlink: /home/deepblue/ros2_autonomous_cpp/install/ultrasonic_driver/share/ultrasonic_driver/environment/path.dsv
[0.345s] -- Up-to-date symlink: /home/deepblue/ros2_autonomous_cpp/install/ultrasonic_driver/share/ultrasonic_driver/local_setup.bash
[0.345s] -- Up-to-date symlink: /home/deepblue/ros2_autonomous_cpp/install/ultrasonic_driver/share/ultrasonic_driver/local_setup.sh
[0.345s] -- Up-to-date symlink: /home/deepblue/ros2_autonomous_cpp/install/ultrasonic_driver/share/ultrasonic_driver/local_setup.zsh
[0.345s] -- Up-to-date symlink: /home/deepblue/ros2_autonomous_cpp/install/ultrasonic_driver/share/ultrasonic_driver/local_setup.dsv
[0.345s] -- Symlinking: /home/deepblue/ros2_autonomous_cpp/install/ultrasonic_driver/share/ultrasonic_driver/package.dsv
[0.350s] -- Up-to-date symlink: /home/deepblue/ros2_autonomous_cpp/install/ultrasonic_driver/share/ament_index/resource_index/packages/ultrasonic_driver
[0.350s] -- Up-to-date symlink: /home/deepblue/ros2_autonomous_cpp/install/ultrasonic_driver/share/ultrasonic_driver/cmake/ultrasonic_driverConfig.cmake
[0.350s] -- Up-to-date symlink: /home/deepblue/ros2_autonomous_cpp/install/ultrasonic_driver/share/ultrasonic_driver/cmake/ultrasonic_driverConfig-version.cmake
[0.350s] -- Up-to-date symlink: /home/deepblue/ros2_autonomous_cpp/install/ultrasonic_driver/share/ultrasonic_driver/package.xml
[0.352s] Invoked command in '/home/deepblue/ros2_autonomous_cpp/build/ultrasonic_driver' returned '0': CMAKE_PREFIX_PATH=/opt/ros/humble /usr/bin/cmake --install /home/deepblue/ros2_autonomous_cpp/build/ultrasonic_driver
