[100%] Built target arduino_bridge_node
-- Install configuration: ""
-- Execute custom install script
-- Up-to-date symlink: /home/deepblue/ros2_autonomous_cpp/install/arduino_driver/lib/arduino_driver/arduino_bridge_node
-- Up-to-date symlink: /home/deepblue/ros2_autonomous_cpp/install/arduino_driver/lib/arduino_driver/arduino_bridge_node.py
-- Up-to-date symlink: /home/deepblue/ros2_autonomous_cpp/install/arduino_driver/include/arduino_driver/arduino_bridge_node.hpp
-- Up-to-date symlink: /home/deepblue/ros2_autonomous_cpp/install/arduino_driver/include/arduino_driver/serial_protocol.hpp
-- Up-to-date symlink: /home/deepblue/ros2_autonomous_cpp/install/arduino_driver/share/arduino_driver//config/arduino.yaml
-- Up-to-date symlink: /home/deepblue/ros2_autonomous_cpp/install/arduino_driver/share/arduino_driver//ino/motor_control/motor_control.ino
-- Up-to-date symlink: /home/deepblue/ros2_autonomous_cpp/install/arduino_driver/share/arduino_driver//ino/motor_control_with_feedback/motor_control_with_feedback.ino
-- Up-to-date symlink: /home/deepblue/ros2_autonomous_cpp/install/arduino_driver/share/ament_index/resource_index/package_run_dependencies/arduino_driver
-- Up-to-date symlink: /home/deepblue/ros2_autonomous_cpp/install/arduino_driver/share/ament_index/resource_index/parent_prefix_path/arduino_driver
-- Up-to-date symlink: /home/deepblue/ros2_autonomous_cpp/install/arduino_driver/share/arduino_driver/environment/ament_prefix_path.sh
-- Up-to-date symlink: /home/deepblue/ros2_autonomous_cpp/install/arduino_driver/share/arduino_driver/environment/ament_prefix_path.dsv
-- Up-to-date symlink: /home/deepblue/ros2_autonomous_cpp/install/arduino_driver/share/arduino_driver/environment/path.sh
-- Up-to-date symlink: /home/deepblue/ros2_autonomous_cpp/install/arduino_driver/share/arduino_driver/environment/path.dsv
-- Up-to-date symlink: /home/deepblue/ros2_autonomous_cpp/install/arduino_driver/share/arduino_driver/local_setup.bash
-- Up-to-date symlink: /home/deepblue/ros2_autonomous_cpp/install/arduino_driver/share/arduino_driver/local_setup.sh
-- Up-to-date symlink: /home/deepblue/ros2_autonomous_cpp/install/arduino_driver/share/arduino_driver/local_setup.zsh
-- Up-to-date symlink: /home/deepblue/ros2_autonomous_cpp/install/arduino_driver/share/arduino_driver/local_setup.dsv
-- Symlinking: /home/deepblue/ros2_autonomous_cpp/install/arduino_driver/share/arduino_driver/package.dsv
-- Up-to-date symlink: /home/deepblue/ros2_autonomous_cpp/install/arduino_driver/share/ament_index/resource_index/packages/arduino_driver
-- Up-to-date symlink: /home/deepblue/ros2_autonomous_cpp/install/arduino_driver/share/arduino_driver/cmake/arduino_driverConfig.cmake
-- Up-to-date symlink: /home/deepblue/ros2_autonomous_cpp/install/arduino_driver/share/arduino_driver/cmake/arduino_driverConfig-version.cmake
-- Up-to-date symlink: /home/deepblue/ros2_autonomous_cpp/install/arduino_driver/share/arduino_driver/package.xml
