[0.057s] DEBUG:colcon:Command line arguments: ['/usr/bin/colcon', 'build', '--symlink-install']
[0.057s] DEBUG:colcon:Parsed command line arguments: Namespace(log_base=None, log_level=None, verb_name='build', build_base='build', install_base='install', merge_install=False, symlink_install=True, test_result_base=None, continue_on_error=False, executor='parallel', parallel_workers=16, event_handlers=None, ignore_user_meta=False, metas=['./colcon.meta'], base_paths=['.'], packages_ignore=None, packages_ignore_regex=None, paths=None, packages_up_to=None, packages_up_to_regex=None, packages_above=None, packages_above_and_dependencies=None, packages_above_depth=None, packages_select_by_dep=None, packages_skip_by_dep=None, packages_skip_up_to=None, packages_select_build_failed=False, packages_skip_build_finished=False, packages_select_test_failures=False, packages_skip_test_passed=False, packages_select=None, packages_skip=None, packages_select_regex=None, packages_skip_regex=None, packages_start=None, packages_end=None, allow_overriding=[], cmake_args=None, cmake_target=None, cmake_target_skip_unavailable=False, cmake_clean_cache=False, cmake_clean_first=False, cmake_force_configure=False, ament_cmake_args=None, catkin_cmake_args=None, catkin_skip_building_tests=False, verb_parser=<colcon_defaults.argument_parser.defaults.DefaultArgumentsDecorator object at 0x742e5921bbe0>, verb_extension=<colcon_core.verb.build.BuildVerb object at 0x742e5921b670>, main=<bound method BuildVerb.main of <colcon_core.verb.build.BuildVerb object at 0x742e5921b670>>)
[0.130s] Level 1:colcon.colcon_core.package_discovery:discover_packages(colcon_meta) check parameters
[0.130s] Level 1:colcon.colcon_core.package_discovery:discover_packages(recursive) check parameters
[0.130s] Level 1:colcon.colcon_core.package_discovery:discover_packages(ignore) check parameters
[0.130s] Level 1:colcon.colcon_core.package_discovery:discover_packages(path) check parameters
[0.130s] Level 1:colcon.colcon_core.package_discovery:discover_packages(colcon_meta) discover
[0.130s] Level 1:colcon.colcon_core.package_discovery:discover_packages(recursive) discover
[0.130s] INFO:colcon.colcon_core.package_discovery:Crawling recursively for packages in '/home/deepblue/ros2_autonomous_cpp'
[0.130s] Level 1:colcon.colcon_core.package_identification:_identify(.) by extensions ['ignore', 'ignore_ament_install']
[0.130s] Level 1:colcon.colcon_core.package_identification:_identify(.) by extension 'ignore'
[0.130s] Level 1:colcon.colcon_core.package_identification:_identify(.) by extension 'ignore_ament_install'
[0.130s] Level 1:colcon.colcon_core.package_identification:_identify(.) by extensions ['colcon_pkg']
[0.130s] Level 1:colcon.colcon_core.package_identification:_identify(.) by extension 'colcon_pkg'
[0.130s] Level 1:colcon.colcon_core.package_identification:_identify(.) by extensions ['colcon_meta']
[0.130s] Level 1:colcon.colcon_core.package_identification:_identify(.) by extension 'colcon_meta'
[0.130s] Level 1:colcon.colcon_core.package_identification:_identify(.) by extensions ['ros']
[0.130s] Level 1:colcon.colcon_core.package_identification:_identify(.) by extension 'ros'
[0.137s] Level 1:colcon.colcon_core.package_identification:_identify(.) by extensions ['cmake', 'python']
[0.137s] Level 1:colcon.colcon_core.package_identification:_identify(.) by extension 'cmake'
[0.137s] Level 1:colcon.colcon_core.package_identification:_identify(.) by extension 'python'
[0.137s] Level 1:colcon.colcon_core.package_identification:_identify(.) by extensions ['python_setup_py']
[0.137s] Level 1:colcon.colcon_core.package_identification:_identify(.) by extension 'python_setup_py'
[0.137s] Level 1:colcon.colcon_core.package_identification:_identify(build) by extensions ['ignore', 'ignore_ament_install']
[0.137s] Level 1:colcon.colcon_core.package_identification:_identify(build) by extension 'ignore'
[0.137s] Level 1:colcon.colcon_core.package_identification:_identify(build) ignored
[0.137s] Level 1:colcon.colcon_core.package_identification:_identify(install) by extensions ['ignore', 'ignore_ament_install']
[0.137s] Level 1:colcon.colcon_core.package_identification:_identify(install) by extension 'ignore'
[0.137s] Level 1:colcon.colcon_core.package_identification:_identify(install) ignored
[0.137s] Level 1:colcon.colcon_core.package_identification:_identify(log) by extensions ['ignore', 'ignore_ament_install']
[0.137s] Level 1:colcon.colcon_core.package_identification:_identify(log) by extension 'ignore'
[0.137s] Level 1:colcon.colcon_core.package_identification:_identify(log) ignored
[0.138s] Level 1:colcon.colcon_core.package_identification:_identify(src) by extensions ['ignore', 'ignore_ament_install']
[0.138s] Level 1:colcon.colcon_core.package_identification:_identify(src) by extension 'ignore'
[0.138s] Level 1:colcon.colcon_core.package_identification:_identify(src) by extension 'ignore_ament_install'
[0.138s] Level 1:colcon.colcon_core.package_identification:_identify(src) by extensions ['colcon_pkg']
[0.138s] Level 1:colcon.colcon_core.package_identification:_identify(src) by extension 'colcon_pkg'
[0.138s] Level 1:colcon.colcon_core.package_identification:_identify(src) by extensions ['colcon_meta']
[0.138s] Level 1:colcon.colcon_core.package_identification:_identify(src) by extension 'colcon_meta'
[0.138s] Level 1:colcon.colcon_core.package_identification:_identify(src) by extensions ['ros']
[0.138s] Level 1:colcon.colcon_core.package_identification:_identify(src) by extension 'ros'
[0.138s] Level 1:colcon.colcon_core.package_identification:_identify(src) by extensions ['cmake', 'python']
[0.138s] Level 1:colcon.colcon_core.package_identification:_identify(src) by extension 'cmake'
[0.138s] Level 1:colcon.colcon_core.package_identification:_identify(src) by extension 'python'
[0.138s] Level 1:colcon.colcon_core.package_identification:_identify(src) by extensions ['python_setup_py']
[0.138s] Level 1:colcon.colcon_core.package_identification:_identify(src) by extension 'python_setup_py'
[0.138s] Level 1:colcon.colcon_core.package_identification:_identify(src/bringup) by extensions ['ignore', 'ignore_ament_install']
[0.138s] Level 1:colcon.colcon_core.package_identification:_identify(src/bringup) by extension 'ignore'
[0.138s] Level 1:colcon.colcon_core.package_identification:_identify(src/bringup) by extension 'ignore_ament_install'
[0.138s] Level 1:colcon.colcon_core.package_identification:_identify(src/bringup) by extensions ['colcon_pkg']
[0.138s] Level 1:colcon.colcon_core.package_identification:_identify(src/bringup) by extension 'colcon_pkg'
[0.138s] Level 1:colcon.colcon_core.package_identification:_identify(src/bringup) by extensions ['colcon_meta']
[0.138s] Level 1:colcon.colcon_core.package_identification:_identify(src/bringup) by extension 'colcon_meta'
[0.138s] Level 1:colcon.colcon_core.package_identification:_identify(src/bringup) by extensions ['ros']
[0.138s] Level 1:colcon.colcon_core.package_identification:_identify(src/bringup) by extension 'ros'
[0.139s] DEBUG:colcon.colcon_core.package_identification:Package 'src/bringup' with type 'ros.ament_cmake' and name 'bringup'
[0.139s] Level 1:colcon.colcon_core.package_identification:_identify(src/common) by extensions ['ignore', 'ignore_ament_install']
[0.140s] Level 1:colcon.colcon_core.package_identification:_identify(src/common) by extension 'ignore'
[0.140s] Level 1:colcon.colcon_core.package_identification:_identify(src/common) by extension 'ignore_ament_install'
[0.140s] Level 1:colcon.colcon_core.package_identification:_identify(src/common) by extensions ['colcon_pkg']
[0.140s] Level 1:colcon.colcon_core.package_identification:_identify(src/common) by extension 'colcon_pkg'
[0.140s] Level 1:colcon.colcon_core.package_identification:_identify(src/common) by extensions ['colcon_meta']
[0.140s] Level 1:colcon.colcon_core.package_identification:_identify(src/common) by extension 'colcon_meta'
[0.140s] Level 1:colcon.colcon_core.package_identification:_identify(src/common) by extensions ['ros']
[0.140s] Level 1:colcon.colcon_core.package_identification:_identify(src/common) by extension 'ros'
[0.140s] DEBUG:colcon.colcon_core.package_identification:Package 'src/common' with type 'ros.ament_cmake' and name 'common'
[0.140s] Level 1:colcon.colcon_core.package_identification:_identify(src/decision) by extensions ['ignore', 'ignore_ament_install']
[0.140s] Level 1:colcon.colcon_core.package_identification:_identify(src/decision) by extension 'ignore'
[0.140s] Level 1:colcon.colcon_core.package_identification:_identify(src/decision) by extension 'ignore_ament_install'
[0.140s] Level 1:colcon.colcon_core.package_identification:_identify(src/decision) by extensions ['colcon_pkg']
[0.140s] Level 1:colcon.colcon_core.package_identification:_identify(src/decision) by extension 'colcon_pkg'
[0.140s] Level 1:colcon.colcon_core.package_identification:_identify(src/decision) by extensions ['colcon_meta']
[0.140s] Level 1:colcon.colcon_core.package_identification:_identify(src/decision) by extension 'colcon_meta'
[0.140s] Level 1:colcon.colcon_core.package_identification:_identify(src/decision) by extensions ['ros']
[0.140s] Level 1:colcon.colcon_core.package_identification:_identify(src/decision) by extension 'ros'
[0.141s] DEBUG:colcon.colcon_core.package_identification:Package 'src/decision' with type 'ros.ament_cmake' and name 'decision'
[0.141s] Level 1:colcon.colcon_core.package_identification:_identify(src/drivers) by extensions ['ignore', 'ignore_ament_install']
[0.141s] Level 1:colcon.colcon_core.package_identification:_identify(src/drivers) by extension 'ignore'
[0.141s] Level 1:colcon.colcon_core.package_identification:_identify(src/drivers) by extension 'ignore_ament_install'
[0.141s] Level 1:colcon.colcon_core.package_identification:_identify(src/drivers) by extensions ['colcon_pkg']
[0.141s] Level 1:colcon.colcon_core.package_identification:_identify(src/drivers) by extension 'colcon_pkg'
[0.141s] Level 1:colcon.colcon_core.package_identification:_identify(src/drivers) by extensions ['colcon_meta']
[0.141s] Level 1:colcon.colcon_core.package_identification:_identify(src/drivers) by extension 'colcon_meta'
[0.141s] Level 1:colcon.colcon_core.package_identification:_identify(src/drivers) by extensions ['ros']
[0.141s] Level 1:colcon.colcon_core.package_identification:_identify(src/drivers) by extension 'ros'
[0.141s] Level 1:colcon.colcon_core.package_identification:_identify(src/drivers) by extensions ['cmake', 'python']
[0.141s] Level 1:colcon.colcon_core.package_identification:_identify(src/drivers) by extension 'cmake'
[0.141s] Level 1:colcon.colcon_core.package_identification:_identify(src/drivers) by extension 'python'
[0.141s] Level 1:colcon.colcon_core.package_identification:_identify(src/drivers) by extensions ['python_setup_py']
[0.141s] Level 1:colcon.colcon_core.package_identification:_identify(src/drivers) by extension 'python_setup_py'
[0.141s] Level 1:colcon.colcon_core.package_identification:_identify(src/drivers/arduino_driver) by extensions ['ignore', 'ignore_ament_install']
[0.141s] Level 1:colcon.colcon_core.package_identification:_identify(src/drivers/arduino_driver) by extension 'ignore'
[0.141s] Level 1:colcon.colcon_core.package_identification:_identify(src/drivers/arduino_driver) by extension 'ignore_ament_install'
[0.141s] Level 1:colcon.colcon_core.package_identification:_identify(src/drivers/arduino_driver) by extensions ['colcon_pkg']
[0.141s] Level 1:colcon.colcon_core.package_identification:_identify(src/drivers/arduino_driver) by extension 'colcon_pkg'
[0.141s] Level 1:colcon.colcon_core.package_identification:_identify(src/drivers/arduino_driver) by extensions ['colcon_meta']
[0.141s] Level 1:colcon.colcon_core.package_identification:_identify(src/drivers/arduino_driver) by extension 'colcon_meta'
[0.141s] Level 1:colcon.colcon_core.package_identification:_identify(src/drivers/arduino_driver) by extensions ['ros']
[0.141s] Level 1:colcon.colcon_core.package_identification:_identify(src/drivers/arduino_driver) by extension 'ros'
[0.142s] DEBUG:colcon.colcon_core.package_identification:Package 'src/drivers/arduino_driver' with type 'ros.ament_cmake' and name 'arduino_driver'
[0.142s] Level 1:colcon.colcon_core.package_identification:_identify(src/drivers/rplidar_driver) by extensions ['ignore', 'ignore_ament_install']
[0.142s] Level 1:colcon.colcon_core.package_identification:_identify(src/drivers/rplidar_driver) by extension 'ignore'
[0.142s] Level 1:colcon.colcon_core.package_identification:_identify(src/drivers/rplidar_driver) by extension 'ignore_ament_install'
[0.142s] Level 1:colcon.colcon_core.package_identification:_identify(src/drivers/rplidar_driver) by extensions ['colcon_pkg']
[0.142s] Level 1:colcon.colcon_core.package_identification:_identify(src/drivers/rplidar_driver) by extension 'colcon_pkg'
[0.142s] Level 1:colcon.colcon_core.package_identification:_identify(src/drivers/rplidar_driver) by extensions ['colcon_meta']
[0.142s] Level 1:colcon.colcon_core.package_identification:_identify(src/drivers/rplidar_driver) by extension 'colcon_meta'
[0.142s] Level 1:colcon.colcon_core.package_identification:_identify(src/drivers/rplidar_driver) by extensions ['ros']
[0.142s] Level 1:colcon.colcon_core.package_identification:_identify(src/drivers/rplidar_driver) by extension 'ros'
[0.142s] DEBUG:colcon.colcon_core.package_identification:Package 'src/drivers/rplidar_driver' with type 'ros.ament_cmake' and name 'rplidar_driver'
[0.142s] Level 1:colcon.colcon_core.package_identification:_identify(src/drivers/ultrasonic_driver) by extensions ['ignore', 'ignore_ament_install']
[0.142s] Level 1:colcon.colcon_core.package_identification:_identify(src/drivers/ultrasonic_driver) by extension 'ignore'
[0.142s] Level 1:colcon.colcon_core.package_identification:_identify(src/drivers/ultrasonic_driver) by extension 'ignore_ament_install'
[0.142s] Level 1:colcon.colcon_core.package_identification:_identify(src/drivers/ultrasonic_driver) by extensions ['colcon_pkg']
[0.142s] Level 1:colcon.colcon_core.package_identification:_identify(src/drivers/ultrasonic_driver) by extension 'colcon_pkg'
[0.142s] Level 1:colcon.colcon_core.package_identification:_identify(src/drivers/ultrasonic_driver) by extensions ['colcon_meta']
[0.142s] Level 1:colcon.colcon_core.package_identification:_identify(src/drivers/ultrasonic_driver) by extension 'colcon_meta'
[0.142s] Level 1:colcon.colcon_core.package_identification:_identify(src/drivers/ultrasonic_driver) by extensions ['ros']
[0.142s] Level 1:colcon.colcon_core.package_identification:_identify(src/drivers/ultrasonic_driver) by extension 'ros'
[0.143s] DEBUG:colcon.colcon_core.package_identification:Package 'src/drivers/ultrasonic_driver' with type 'ros.ament_cmake' and name 'ultrasonic_driver'
[0.143s] Level 1:colcon.colcon_core.package_identification:_identify(src/drivers/usb_cam_driver) by extensions ['ignore', 'ignore_ament_install']
[0.143s] Level 1:colcon.colcon_core.package_identification:_identify(src/drivers/usb_cam_driver) by extension 'ignore'
[0.143s] Level 1:colcon.colcon_core.package_identification:_identify(src/drivers/usb_cam_driver) by extension 'ignore_ament_install'
[0.143s] Level 1:colcon.colcon_core.package_identification:_identify(src/drivers/usb_cam_driver) by extensions ['colcon_pkg']
[0.143s] Level 1:colcon.colcon_core.package_identification:_identify(src/drivers/usb_cam_driver) by extension 'colcon_pkg'
[0.143s] Level 1:colcon.colcon_core.package_identification:_identify(src/drivers/usb_cam_driver) by extensions ['colcon_meta']
[0.143s] Level 1:colcon.colcon_core.package_identification:_identify(src/drivers/usb_cam_driver) by extension 'colcon_meta'
[0.143s] Level 1:colcon.colcon_core.package_identification:_identify(src/drivers/usb_cam_driver) by extensions ['ros']
[0.143s] Level 1:colcon.colcon_core.package_identification:_identify(src/drivers/usb_cam_driver) by extension 'ros'
[0.143s] DEBUG:colcon.colcon_core.package_identification:Package 'src/drivers/usb_cam_driver' with type 'ros.ament_cmake' and name 'usb_cam_driver'
[0.143s] Level 1:colcon.colcon_core.package_identification:_identify(src/perception_pkg) by extensions ['ignore', 'ignore_ament_install']
[0.143s] Level 1:colcon.colcon_core.package_identification:_identify(src/perception_pkg) by extension 'ignore'
[0.143s] Level 1:colcon.colcon_core.package_identification:_identify(src/perception_pkg) by extension 'ignore_ament_install'
[0.143s] Level 1:colcon.colcon_core.package_identification:_identify(src/perception_pkg) by extensions ['colcon_pkg']
[0.143s] Level 1:colcon.colcon_core.package_identification:_identify(src/perception_pkg) by extension 'colcon_pkg'
[0.143s] Level 1:colcon.colcon_core.package_identification:_identify(src/perception_pkg) by extensions ['colcon_meta']
[0.143s] Level 1:colcon.colcon_core.package_identification:_identify(src/perception_pkg) by extension 'colcon_meta'
[0.143s] Level 1:colcon.colcon_core.package_identification:_identify(src/perception_pkg) by extensions ['ros']
[0.143s] Level 1:colcon.colcon_core.package_identification:_identify(src/perception_pkg) by extension 'ros'
[0.144s] DEBUG:colcon.colcon_core.package_identification:Package 'src/perception_pkg' with type 'ros.ament_cmake' and name 'perception_pkg'
[0.144s] Level 1:colcon.colcon_core.package_discovery:discover_packages(recursive) using defaults
[0.144s] Level 1:colcon.colcon_core.package_discovery:discover_packages(ignore) discover
[0.144s] Level 1:colcon.colcon_core.package_discovery:discover_packages(ignore) using defaults
[0.144s] Level 1:colcon.colcon_core.package_discovery:discover_packages(path) discover
[0.144s] Level 1:colcon.colcon_core.package_discovery:discover_packages(path) using defaults
[0.156s] Level 1:colcon.colcon_core.package_discovery:discover_packages(prefix_path) check parameters
[0.156s] Level 1:colcon.colcon_core.package_discovery:discover_packages(prefix_path) discover
[0.157s] DEBUG:colcon.colcon_installed_package_information.package_discovery:Found 280 installed packages in /opt/ros/humble
[0.168s] Level 1:colcon.colcon_core.package_discovery:discover_packages(prefix_path) using defaults
[0.186s] Level 5:colcon.colcon_core.verb:set package 'arduino_driver' build argument 'cmake_args' from command line to 'None'
[0.186s] Level 5:colcon.colcon_core.verb:set package 'arduino_driver' build argument 'cmake_target' from command line to 'None'
[0.186s] Level 5:colcon.colcon_core.verb:set package 'arduino_driver' build argument 'cmake_target_skip_unavailable' from command line to 'False'
[0.186s] Level 5:colcon.colcon_core.verb:set package 'arduino_driver' build argument 'cmake_clean_cache' from command line to 'False'
[0.186s] Level 5:colcon.colcon_core.verb:set package 'arduino_driver' build argument 'cmake_clean_first' from command line to 'False'
[0.186s] Level 5:colcon.colcon_core.verb:set package 'arduino_driver' build argument 'cmake_force_configure' from command line to 'False'
[0.186s] Level 5:colcon.colcon_core.verb:set package 'arduino_driver' build argument 'ament_cmake_args' from command line to 'None'
[0.186s] Level 5:colcon.colcon_core.verb:set package 'arduino_driver' build argument 'catkin_cmake_args' from command line to 'None'
[0.186s] Level 5:colcon.colcon_core.verb:set package 'arduino_driver' build argument 'catkin_skip_building_tests' from command line to 'False'
[0.186s] DEBUG:colcon.colcon_core.verb:Building package 'arduino_driver' with the following arguments: {'ament_cmake_args': None, 'build_base': '/home/deepblue/ros2_autonomous_cpp/build/arduino_driver', 'catkin_cmake_args': None, 'catkin_skip_building_tests': False, 'cmake_args': None, 'cmake_clean_cache': False, 'cmake_clean_first': False, 'cmake_force_configure': False, 'cmake_target': None, 'cmake_target_skip_unavailable': False, 'install_base': '/home/deepblue/ros2_autonomous_cpp/install/arduino_driver', 'merge_install': False, 'path': '/home/deepblue/ros2_autonomous_cpp/src/drivers/arduino_driver', 'symlink_install': True, 'test_result_base': None}
[0.187s] Level 5:colcon.colcon_core.verb:set package 'common' build argument 'cmake_args' from command line to 'None'
[0.187s] Level 5:colcon.colcon_core.verb:set package 'common' build argument 'cmake_target' from command line to 'None'
[0.187s] Level 5:colcon.colcon_core.verb:set package 'common' build argument 'cmake_target_skip_unavailable' from command line to 'False'
[0.187s] Level 5:colcon.colcon_core.verb:set package 'common' build argument 'cmake_clean_cache' from command line to 'False'
[0.187s] Level 5:colcon.colcon_core.verb:set package 'common' build argument 'cmake_clean_first' from command line to 'False'
[0.187s] Level 5:colcon.colcon_core.verb:set package 'common' build argument 'cmake_force_configure' from command line to 'False'
[0.187s] Level 5:colcon.colcon_core.verb:set package 'common' build argument 'ament_cmake_args' from command line to 'None'
[0.187s] Level 5:colcon.colcon_core.verb:set package 'common' build argument 'catkin_cmake_args' from command line to 'None'
[0.187s] Level 5:colcon.colcon_core.verb:set package 'common' build argument 'catkin_skip_building_tests' from command line to 'False'
[0.187s] DEBUG:colcon.colcon_core.verb:Building package 'common' with the following arguments: {'ament_cmake_args': None, 'build_base': '/home/deepblue/ros2_autonomous_cpp/build/common', 'catkin_cmake_args': None, 'catkin_skip_building_tests': False, 'cmake_args': None, 'cmake_clean_cache': False, 'cmake_clean_first': False, 'cmake_force_configure': False, 'cmake_target': None, 'cmake_target_skip_unavailable': False, 'install_base': '/home/deepblue/ros2_autonomous_cpp/install/common', 'merge_install': False, 'path': '/home/deepblue/ros2_autonomous_cpp/src/common', 'symlink_install': True, 'test_result_base': None}
[0.187s] Level 5:colcon.colcon_core.verb:set package 'decision' build argument 'cmake_args' from command line to 'None'
[0.187s] Level 5:colcon.colcon_core.verb:set package 'decision' build argument 'cmake_target' from command line to 'None'
[0.187s] Level 5:colcon.colcon_core.verb:set package 'decision' build argument 'cmake_target_skip_unavailable' from command line to 'False'
[0.187s] Level 5:colcon.colcon_core.verb:set package 'decision' build argument 'cmake_clean_cache' from command line to 'False'
[0.187s] Level 5:colcon.colcon_core.verb:set package 'decision' build argument 'cmake_clean_first' from command line to 'False'
[0.187s] Level 5:colcon.colcon_core.verb:set package 'decision' build argument 'cmake_force_configure' from command line to 'False'
[0.187s] Level 5:colcon.colcon_core.verb:set package 'decision' build argument 'ament_cmake_args' from command line to 'None'
[0.187s] Level 5:colcon.colcon_core.verb:set package 'decision' build argument 'catkin_cmake_args' from command line to 'None'
[0.187s] Level 5:colcon.colcon_core.verb:set package 'decision' build argument 'catkin_skip_building_tests' from command line to 'False'
[0.187s] DEBUG:colcon.colcon_core.verb:Building package 'decision' with the following arguments: {'ament_cmake_args': None, 'build_base': '/home/deepblue/ros2_autonomous_cpp/build/decision', 'catkin_cmake_args': None, 'catkin_skip_building_tests': False, 'cmake_args': None, 'cmake_clean_cache': False, 'cmake_clean_first': False, 'cmake_force_configure': False, 'cmake_target': None, 'cmake_target_skip_unavailable': False, 'install_base': '/home/deepblue/ros2_autonomous_cpp/install/decision', 'merge_install': False, 'path': '/home/deepblue/ros2_autonomous_cpp/src/decision', 'symlink_install': True, 'test_result_base': None}
[0.187s] Level 5:colcon.colcon_core.verb:set package 'perception_pkg' build argument 'cmake_args' from command line to 'None'
[0.187s] Level 5:colcon.colcon_core.verb:set package 'perception_pkg' build argument 'cmake_target' from command line to 'None'
[0.187s] Level 5:colcon.colcon_core.verb:set package 'perception_pkg' build argument 'cmake_target_skip_unavailable' from command line to 'False'
[0.187s] Level 5:colcon.colcon_core.verb:set package 'perception_pkg' build argument 'cmake_clean_cache' from command line to 'False'
[0.187s] Level 5:colcon.colcon_core.verb:set package 'perception_pkg' build argument 'cmake_clean_first' from command line to 'False'
[0.187s] Level 5:colcon.colcon_core.verb:set package 'perception_pkg' build argument 'cmake_force_configure' from command line to 'False'
[0.187s] Level 5:colcon.colcon_core.verb:set package 'perception_pkg' build argument 'ament_cmake_args' from command line to 'None'
[0.187s] Level 5:colcon.colcon_core.verb:set package 'perception_pkg' build argument 'catkin_cmake_args' from command line to 'None'
[0.187s] Level 5:colcon.colcon_core.verb:set package 'perception_pkg' build argument 'catkin_skip_building_tests' from command line to 'False'
[0.187s] DEBUG:colcon.colcon_core.verb:Building package 'perception_pkg' with the following arguments: {'ament_cmake_args': None, 'build_base': '/home/deepblue/ros2_autonomous_cpp/build/perception_pkg', 'catkin_cmake_args': None, 'catkin_skip_building_tests': False, 'cmake_args': None, 'cmake_clean_cache': False, 'cmake_clean_first': False, 'cmake_force_configure': False, 'cmake_target': None, 'cmake_target_skip_unavailable': False, 'install_base': '/home/deepblue/ros2_autonomous_cpp/install/perception_pkg', 'merge_install': False, 'path': '/home/deepblue/ros2_autonomous_cpp/src/perception_pkg', 'symlink_install': True, 'test_result_base': None}
[0.187s] Level 5:colcon.colcon_core.verb:set package 'rplidar_driver' build argument 'cmake_args' from command line to 'None'
[0.187s] Level 5:colcon.colcon_core.verb:set package 'rplidar_driver' build argument 'cmake_target' from command line to 'None'
[0.187s] Level 5:colcon.colcon_core.verb:set package 'rplidar_driver' build argument 'cmake_target_skip_unavailable' from command line to 'False'
[0.187s] Level 5:colcon.colcon_core.verb:set package 'rplidar_driver' build argument 'cmake_clean_cache' from command line to 'False'
[0.187s] Level 5:colcon.colcon_core.verb:set package 'rplidar_driver' build argument 'cmake_clean_first' from command line to 'False'
[0.187s] Level 5:colcon.colcon_core.verb:set package 'rplidar_driver' build argument 'cmake_force_configure' from command line to 'False'
[0.187s] Level 5:colcon.colcon_core.verb:set package 'rplidar_driver' build argument 'ament_cmake_args' from command line to 'None'
[0.187s] Level 5:colcon.colcon_core.verb:set package 'rplidar_driver' build argument 'catkin_cmake_args' from command line to 'None'
[0.187s] Level 5:colcon.colcon_core.verb:set package 'rplidar_driver' build argument 'catkin_skip_building_tests' from command line to 'False'
[0.187s] DEBUG:colcon.colcon_core.verb:Building package 'rplidar_driver' with the following arguments: {'ament_cmake_args': None, 'build_base': '/home/deepblue/ros2_autonomous_cpp/build/rplidar_driver', 'catkin_cmake_args': None, 'catkin_skip_building_tests': False, 'cmake_args': None, 'cmake_clean_cache': False, 'cmake_clean_first': False, 'cmake_force_configure': False, 'cmake_target': None, 'cmake_target_skip_unavailable': False, 'install_base': '/home/deepblue/ros2_autonomous_cpp/install/rplidar_driver', 'merge_install': False, 'path': '/home/deepblue/ros2_autonomous_cpp/src/drivers/rplidar_driver', 'symlink_install': True, 'test_result_base': None}
[0.188s] Level 5:colcon.colcon_core.verb:set package 'ultrasonic_driver' build argument 'cmake_args' from command line to 'None'
[0.188s] Level 5:colcon.colcon_core.verb:set package 'ultrasonic_driver' build argument 'cmake_target' from command line to 'None'
[0.188s] Level 5:colcon.colcon_core.verb:set package 'ultrasonic_driver' build argument 'cmake_target_skip_unavailable' from command line to 'False'
[0.188s] Level 5:colcon.colcon_core.verb:set package 'ultrasonic_driver' build argument 'cmake_clean_cache' from command line to 'False'
[0.188s] Level 5:colcon.colcon_core.verb:set package 'ultrasonic_driver' build argument 'cmake_clean_first' from command line to 'False'
[0.188s] Level 5:colcon.colcon_core.verb:set package 'ultrasonic_driver' build argument 'cmake_force_configure' from command line to 'False'
[0.188s] Level 5:colcon.colcon_core.verb:set package 'ultrasonic_driver' build argument 'ament_cmake_args' from command line to 'None'
[0.188s] Level 5:colcon.colcon_core.verb:set package 'ultrasonic_driver' build argument 'catkin_cmake_args' from command line to 'None'
[0.188s] Level 5:colcon.colcon_core.verb:set package 'ultrasonic_driver' build argument 'catkin_skip_building_tests' from command line to 'False'
[0.188s] DEBUG:colcon.colcon_core.verb:Building package 'ultrasonic_driver' with the following arguments: {'ament_cmake_args': None, 'build_base': '/home/deepblue/ros2_autonomous_cpp/build/ultrasonic_driver', 'catkin_cmake_args': None, 'catkin_skip_building_tests': False, 'cmake_args': None, 'cmake_clean_cache': False, 'cmake_clean_first': False, 'cmake_force_configure': False, 'cmake_target': None, 'cmake_target_skip_unavailable': False, 'install_base': '/home/deepblue/ros2_autonomous_cpp/install/ultrasonic_driver', 'merge_install': False, 'path': '/home/deepblue/ros2_autonomous_cpp/src/drivers/ultrasonic_driver', 'symlink_install': True, 'test_result_base': None}
[0.188s] Level 5:colcon.colcon_core.verb:set package 'usb_cam_driver' build argument 'cmake_args' from command line to 'None'
[0.188s] Level 5:colcon.colcon_core.verb:set package 'usb_cam_driver' build argument 'cmake_target' from command line to 'None'
[0.188s] Level 5:colcon.colcon_core.verb:set package 'usb_cam_driver' build argument 'cmake_target_skip_unavailable' from command line to 'False'
[0.188s] Level 5:colcon.colcon_core.verb:set package 'usb_cam_driver' build argument 'cmake_clean_cache' from command line to 'False'
[0.188s] Level 5:colcon.colcon_core.verb:set package 'usb_cam_driver' build argument 'cmake_clean_first' from command line to 'False'
[0.188s] Level 5:colcon.colcon_core.verb:set package 'usb_cam_driver' build argument 'cmake_force_configure' from command line to 'False'
[0.188s] Level 5:colcon.colcon_core.verb:set package 'usb_cam_driver' build argument 'ament_cmake_args' from command line to 'None'
[0.188s] Level 5:colcon.colcon_core.verb:set package 'usb_cam_driver' build argument 'catkin_cmake_args' from command line to 'None'
[0.188s] Level 5:colcon.colcon_core.verb:set package 'usb_cam_driver' build argument 'catkin_skip_building_tests' from command line to 'False'
[0.188s] DEBUG:colcon.colcon_core.verb:Building package 'usb_cam_driver' with the following arguments: {'ament_cmake_args': None, 'build_base': '/home/deepblue/ros2_autonomous_cpp/build/usb_cam_driver', 'catkin_cmake_args': None, 'catkin_skip_building_tests': False, 'cmake_args': None, 'cmake_clean_cache': False, 'cmake_clean_first': False, 'cmake_force_configure': False, 'cmake_target': None, 'cmake_target_skip_unavailable': False, 'install_base': '/home/deepblue/ros2_autonomous_cpp/install/usb_cam_driver', 'merge_install': False, 'path': '/home/deepblue/ros2_autonomous_cpp/src/drivers/usb_cam_driver', 'symlink_install': True, 'test_result_base': None}
[0.188s] Level 5:colcon.colcon_core.verb:set package 'bringup' build argument 'cmake_args' from command line to 'None'
[0.188s] Level 5:colcon.colcon_core.verb:set package 'bringup' build argument 'cmake_target' from command line to 'None'
[0.188s] Level 5:colcon.colcon_core.verb:set package 'bringup' build argument 'cmake_target_skip_unavailable' from command line to 'False'
[0.188s] Level 5:colcon.colcon_core.verb:set package 'bringup' build argument 'cmake_clean_cache' from command line to 'False'
[0.188s] Level 5:colcon.colcon_core.verb:set package 'bringup' build argument 'cmake_clean_first' from command line to 'False'
[0.188s] Level 5:colcon.colcon_core.verb:set package 'bringup' build argument 'cmake_force_configure' from command line to 'False'
[0.188s] Level 5:colcon.colcon_core.verb:set package 'bringup' build argument 'ament_cmake_args' from command line to 'None'
[0.188s] Level 5:colcon.colcon_core.verb:set package 'bringup' build argument 'catkin_cmake_args' from command line to 'None'
[0.188s] Level 5:colcon.colcon_core.verb:set package 'bringup' build argument 'catkin_skip_building_tests' from command line to 'False'
[0.188s] DEBUG:colcon.colcon_core.verb:Building package 'bringup' with the following arguments: {'ament_cmake_args': None, 'build_base': '/home/deepblue/ros2_autonomous_cpp/build/bringup', 'catkin_cmake_args': None, 'catkin_skip_building_tests': False, 'cmake_args': None, 'cmake_clean_cache': False, 'cmake_clean_first': False, 'cmake_force_configure': False, 'cmake_target': None, 'cmake_target_skip_unavailable': False, 'install_base': '/home/deepblue/ros2_autonomous_cpp/install/bringup', 'merge_install': False, 'path': '/home/deepblue/ros2_autonomous_cpp/src/bringup', 'symlink_install': True, 'test_result_base': None}
[0.188s] INFO:colcon.colcon_core.executor:Executing jobs using 'parallel' executor
[0.189s] DEBUG:colcon.colcon_parallel_executor.executor.parallel:run_until_complete
[0.189s] INFO:colcon.colcon_ros.task.ament_cmake.build:Building ROS package in '/home/deepblue/ros2_autonomous_cpp/src/drivers/arduino_driver' with build type 'ament_cmake'
[0.189s] INFO:colcon.colcon_cmake.task.cmake.build:Building CMake package in '/home/deepblue/ros2_autonomous_cpp/src/drivers/arduino_driver'
[0.191s] INFO:colcon.colcon_core.plugin_system:Skipping extension 'colcon_core.shell.bat': Not used on non-Windows systems
[0.191s] INFO:colcon.colcon_core.shell:Skip shell extension 'powershell' for command environment: Not usable outside of PowerShell
[0.191s] DEBUG:colcon.colcon_core.shell:Skip shell extension 'dsv' for command environment
[0.192s] INFO:colcon.colcon_ros.task.ament_cmake.build:Building ROS package in '/home/deepblue/ros2_autonomous_cpp/src/decision' with build type 'ament_cmake'
[0.193s] INFO:colcon.colcon_cmake.task.cmake.build:Building CMake package in '/home/deepblue/ros2_autonomous_cpp/src/decision'
[0.193s] INFO:colcon.colcon_core.shell:Skip shell extension 'powershell' for command environment: Not usable outside of PowerShell
[0.193s] DEBUG:colcon.colcon_core.shell:Skip shell extension 'dsv' for command environment
[0.195s] INFO:colcon.colcon_ros.task.ament_cmake.build:Building ROS package in '/home/deepblue/ros2_autonomous_cpp/src/perception_pkg' with build type 'ament_cmake'
[0.195s] INFO:colcon.colcon_cmake.task.cmake.build:Building CMake package in '/home/deepblue/ros2_autonomous_cpp/src/perception_pkg'
[0.195s] INFO:colcon.colcon_core.shell:Skip shell extension 'powershell' for command environment: Not usable outside of PowerShell
[0.195s] DEBUG:colcon.colcon_core.shell:Skip shell extension 'dsv' for command environment
[0.197s] INFO:colcon.colcon_ros.task.ament_cmake.build:Building ROS package in '/home/deepblue/ros2_autonomous_cpp/src/drivers/rplidar_driver' with build type 'ament_cmake'
[0.197s] INFO:colcon.colcon_cmake.task.cmake.build:Building CMake package in '/home/deepblue/ros2_autonomous_cpp/src/drivers/rplidar_driver'
[0.197s] INFO:colcon.colcon_core.shell:Skip shell extension 'powershell' for command environment: Not usable outside of PowerShell
[0.197s] DEBUG:colcon.colcon_core.shell:Skip shell extension 'dsv' for command environment
[0.198s] INFO:colcon.colcon_ros.task.ament_cmake.build:Building ROS package in '/home/deepblue/ros2_autonomous_cpp/src/drivers/ultrasonic_driver' with build type 'ament_cmake'
[0.198s] INFO:colcon.colcon_cmake.task.cmake.build:Building CMake package in '/home/deepblue/ros2_autonomous_cpp/src/drivers/ultrasonic_driver'
[0.198s] INFO:colcon.colcon_core.shell:Skip shell extension 'powershell' for command environment: Not usable outside of PowerShell
[0.198s] DEBUG:colcon.colcon_core.shell:Skip shell extension 'dsv' for command environment
[0.200s] INFO:colcon.colcon_ros.task.ament_cmake.build:Building ROS package in '/home/deepblue/ros2_autonomous_cpp/src/drivers/usb_cam_driver' with build type 'ament_cmake'
[0.200s] INFO:colcon.colcon_cmake.task.cmake.build:Building CMake package in '/home/deepblue/ros2_autonomous_cpp/src/drivers/usb_cam_driver'
[0.201s] INFO:colcon.colcon_core.shell:Skip shell extension 'powershell' for command environment: Not usable outside of PowerShell
[0.201s] DEBUG:colcon.colcon_core.shell:Skip shell extension 'dsv' for command environment
[0.202s] INFO:colcon.colcon_ros.task.ament_cmake.build:Building ROS package in '/home/deepblue/ros2_autonomous_cpp/src/common' with build type 'ament_cmake'
[0.202s] INFO:colcon.colcon_cmake.task.cmake.build:Building CMake package in '/home/deepblue/ros2_autonomous_cpp/src/common'
[0.202s] INFO:colcon.colcon_core.shell:Skip shell extension 'powershell' for command environment: Not usable outside of PowerShell
[0.202s] DEBUG:colcon.colcon_core.shell:Skip shell extension 'dsv' for command environment
[0.207s] DEBUG:colcon.colcon_core.event_handler.log_command:Invoking command in '/home/deepblue/ros2_autonomous_cpp/build/arduino_driver': CMAKE_PREFIX_PATH=/opt/ros/humble /usr/bin/cmake /home/deepblue/ros2_autonomous_cpp/src/drivers/arduino_driver -DAMENT_CMAKE_SYMLINK_INSTALL=1 -DCMAKE_INSTALL_PREFIX=/home/deepblue/ros2_autonomous_cpp/install/arduino_driver
[0.207s] DEBUG:colcon.colcon_core.event_handler.log_command:Invoking command in '/home/deepblue/ros2_autonomous_cpp/build/decision': CMAKE_PREFIX_PATH=/opt/ros/humble /usr/bin/cmake /home/deepblue/ros2_autonomous_cpp/src/decision -DAMENT_CMAKE_SYMLINK_INSTALL=1 -DCMAKE_INSTALL_PREFIX=/home/deepblue/ros2_autonomous_cpp/install/decision
[0.209s] DEBUG:colcon.colcon_core.event_handler.log_command:Invoking command in '/home/deepblue/ros2_autonomous_cpp/build/perception_pkg': CMAKE_PREFIX_PATH=/opt/ros/humble /usr/bin/cmake --build /home/deepblue/ros2_autonomous_cpp/build/perception_pkg -- -j16 -l16
[0.211s] DEBUG:colcon.colcon_core.event_handler.log_command:Invoking command in '/home/deepblue/ros2_autonomous_cpp/build/rplidar_driver': CMAKE_PREFIX_PATH=/opt/ros/humble /usr/bin/cmake --build /home/deepblue/ros2_autonomous_cpp/build/rplidar_driver -- -j16 -l16
[0.213s] DEBUG:colcon.colcon_core.event_handler.log_command:Invoking command in '/home/deepblue/ros2_autonomous_cpp/build/ultrasonic_driver': CMAKE_PREFIX_PATH=/opt/ros/humble /usr/bin/cmake --build /home/deepblue/ros2_autonomous_cpp/build/ultrasonic_driver -- -j16 -l16
[0.214s] DEBUG:colcon.colcon_core.event_handler.log_command:Invoking command in '/home/deepblue/ros2_autonomous_cpp/build/usb_cam_driver': CMAKE_PREFIX_PATH=/opt/ros/humble /usr/bin/cmake --build /home/deepblue/ros2_autonomous_cpp/build/usb_cam_driver -- -j16 -l16
[0.216s] DEBUG:colcon.colcon_core.event_handler.log_command:Invoking command in '/home/deepblue/ros2_autonomous_cpp/build/common': CMAKE_PREFIX_PATH=/opt/ros/humble /usr/bin/cmake --build /home/deepblue/ros2_autonomous_cpp/build/common -- -j16 -l16
[0.231s] DEBUG:colcon.colcon_core.event_handler.log_command:Invoked command in '/home/deepblue/ros2_autonomous_cpp/build/rplidar_driver' returned '0': CMAKE_PREFIX_PATH=/opt/ros/humble /usr/bin/cmake --build /home/deepblue/ros2_autonomous_cpp/build/rplidar_driver -- -j16 -l16
[0.238s] DEBUG:colcon.colcon_core.event_handler.log_command:Invoking command in '/home/deepblue/ros2_autonomous_cpp/build/rplidar_driver': CMAKE_PREFIX_PATH=/opt/ros/humble /usr/bin/cmake --install /home/deepblue/ros2_autonomous_cpp/build/rplidar_driver
[0.239s] DEBUG:colcon.colcon_core.event_handler.log_command:Invoked command in '/home/deepblue/ros2_autonomous_cpp/build/common' returned '0': CMAKE_PREFIX_PATH=/opt/ros/humble /usr/bin/cmake --build /home/deepblue/ros2_autonomous_cpp/build/common -- -j16 -l16
[0.240s] DEBUG:colcon.colcon_core.event_handler.log_command:Invoking command in '/home/deepblue/ros2_autonomous_cpp/build/common': CMAKE_PREFIX_PATH=/opt/ros/humble /usr/bin/cmake --install /home/deepblue/ros2_autonomous_cpp/build/common
[0.241s] DEBUG:colcon.colcon_core.event_handler.log_command:Invoked command in '/home/deepblue/ros2_autonomous_cpp/build/usb_cam_driver' returned '0': CMAKE_PREFIX_PATH=/opt/ros/humble /usr/bin/cmake --build /home/deepblue/ros2_autonomous_cpp/build/usb_cam_driver -- -j16 -l16
[0.242s] DEBUG:colcon.colcon_core.event_handler.log_command:Invoking command in '/home/deepblue/ros2_autonomous_cpp/build/usb_cam_driver': CMAKE_PREFIX_PATH=/opt/ros/humble /usr/bin/cmake --install /home/deepblue/ros2_autonomous_cpp/build/usb_cam_driver
[0.250s] Level 1:colcon.colcon_core.environment:create_environment_scripts_only(rplidar_driver)
[0.250s] DEBUG:colcon.colcon_core.event_handler.log_command:Invoked command in '/home/deepblue/ros2_autonomous_cpp/build/rplidar_driver' returned '0': CMAKE_PREFIX_PATH=/opt/ros/humble /usr/bin/cmake --install /home/deepblue/ros2_autonomous_cpp/build/rplidar_driver
[0.251s] Level 1:colcon.colcon_core.environment:checking '/home/deepblue/ros2_autonomous_cpp/install/rplidar_driver' for CMake module files
[0.252s] Level 1:colcon.colcon_core.environment:checking '/home/deepblue/ros2_autonomous_cpp/install/rplidar_driver' for CMake config files
[0.252s] Level 1:colcon.colcon_core.shell:create_environment_hook('rplidar_driver', 'cmake_prefix_path')
[0.252s] INFO:colcon.colcon_core.shell:Creating environment hook '/home/deepblue/ros2_autonomous_cpp/install/rplidar_driver/share/rplidar_driver/hook/cmake_prefix_path.ps1'
[0.252s] INFO:colcon.colcon_core.shell:Creating environment descriptor '/home/deepblue/ros2_autonomous_cpp/install/rplidar_driver/share/rplidar_driver/hook/cmake_prefix_path.dsv'
[0.253s] INFO:colcon.colcon_core.shell:Creating environment hook '/home/deepblue/ros2_autonomous_cpp/install/rplidar_driver/share/rplidar_driver/hook/cmake_prefix_path.sh'
[0.253s] Level 1:colcon.colcon_core.environment:checking '/home/deepblue/ros2_autonomous_cpp/install/rplidar_driver/bin'
[0.253s] Level 1:colcon.colcon_core.environment:checking '/home/deepblue/ros2_autonomous_cpp/install/rplidar_driver/lib/pkgconfig/rplidar_driver.pc'
[0.253s] Level 1:colcon.colcon_core.environment:checking '/home/deepblue/ros2_autonomous_cpp/install/rplidar_driver/lib/python3.10/site-packages'
[0.253s] Level 1:colcon.colcon_core.environment:checking '/home/deepblue/ros2_autonomous_cpp/install/rplidar_driver/bin'
[0.254s] INFO:colcon.colcon_core.shell:Creating package script '/home/deepblue/ros2_autonomous_cpp/install/rplidar_driver/share/rplidar_driver/package.ps1'
[0.254s] INFO:colcon.colcon_core.shell:Creating package descriptor '/home/deepblue/ros2_autonomous_cpp/install/rplidar_driver/share/rplidar_driver/package.dsv'
[0.254s] INFO:colcon.colcon_core.shell:Creating package script '/home/deepblue/ros2_autonomous_cpp/install/rplidar_driver/share/rplidar_driver/package.sh'
[0.255s] INFO:colcon.colcon_core.shell:Creating package script '/home/deepblue/ros2_autonomous_cpp/install/rplidar_driver/share/rplidar_driver/package.bash'
[0.255s] INFO:colcon.colcon_core.shell:Creating package script '/home/deepblue/ros2_autonomous_cpp/install/rplidar_driver/share/rplidar_driver/package.zsh'
[0.255s] Level 1:colcon.colcon_core.environment:create_file_with_runtime_dependencies(/home/deepblue/ros2_autonomous_cpp/install/rplidar_driver/share/colcon-core/packages/rplidar_driver)
[0.256s] Level 1:colcon.colcon_core.environment:create_environment_scripts_only(rplidar_driver)
[0.256s] Level 1:colcon.colcon_core.environment:checking '/home/deepblue/ros2_autonomous_cpp/install/rplidar_driver' for CMake module files
[0.256s] Level 1:colcon.colcon_core.environment:checking '/home/deepblue/ros2_autonomous_cpp/install/rplidar_driver' for CMake config files
[0.256s] Level 1:colcon.colcon_core.shell:create_environment_hook('rplidar_driver', 'cmake_prefix_path')
[0.256s] INFO:colcon.colcon_core.shell:Creating environment hook '/home/deepblue/ros2_autonomous_cpp/install/rplidar_driver/share/rplidar_driver/hook/cmake_prefix_path.ps1'
[0.256s] INFO:colcon.colcon_core.shell:Creating environment descriptor '/home/deepblue/ros2_autonomous_cpp/install/rplidar_driver/share/rplidar_driver/hook/cmake_prefix_path.dsv'
[0.256s] INFO:colcon.colcon_core.shell:Creating environment hook '/home/deepblue/ros2_autonomous_cpp/install/rplidar_driver/share/rplidar_driver/hook/cmake_prefix_path.sh'
[0.257s] Level 1:colcon.colcon_core.environment:checking '/home/deepblue/ros2_autonomous_cpp/install/rplidar_driver/bin'
[0.257s] Level 1:colcon.colcon_core.environment:checking '/home/deepblue/ros2_autonomous_cpp/install/rplidar_driver/lib/pkgconfig/rplidar_driver.pc'
[0.257s] Level 1:colcon.colcon_core.environment:checking '/home/deepblue/ros2_autonomous_cpp/install/rplidar_driver/lib/python3.10/site-packages'
[0.257s] Level 1:colcon.colcon_core.environment:checking '/home/deepblue/ros2_autonomous_cpp/install/rplidar_driver/bin'
[0.257s] INFO:colcon.colcon_core.shell:Creating package script '/home/deepblue/ros2_autonomous_cpp/install/rplidar_driver/share/rplidar_driver/package.ps1'
[0.257s] INFO:colcon.colcon_core.shell:Creating package descriptor '/home/deepblue/ros2_autonomous_cpp/install/rplidar_driver/share/rplidar_driver/package.dsv'
[0.258s] INFO:colcon.colcon_core.shell:Creating package script '/home/deepblue/ros2_autonomous_cpp/install/rplidar_driver/share/rplidar_driver/package.sh'
[0.258s] INFO:colcon.colcon_core.shell:Creating package script '/home/deepblue/ros2_autonomous_cpp/install/rplidar_driver/share/rplidar_driver/package.bash'
[0.258s] INFO:colcon.colcon_core.shell:Creating package script '/home/deepblue/ros2_autonomous_cpp/install/rplidar_driver/share/rplidar_driver/package.zsh'
[0.258s] Level 1:colcon.colcon_core.environment:create_file_with_runtime_dependencies(/home/deepblue/ros2_autonomous_cpp/install/rplidar_driver/share/colcon-core/packages/rplidar_driver)
[0.259s] Level 1:colcon.colcon_core.environment:create_environment_scripts_only(common)
[0.259s] Level 1:colcon.colcon_core.environment:checking '/home/deepblue/ros2_autonomous_cpp/install/common' for CMake module files
[0.260s] DEBUG:colcon.colcon_core.event_handler.log_command:Invoked command in '/home/deepblue/ros2_autonomous_cpp/build/common' returned '0': CMAKE_PREFIX_PATH=/opt/ros/humble /usr/bin/cmake --install /home/deepblue/ros2_autonomous_cpp/build/common
[0.260s] Level 1:colcon.colcon_core.environment:checking '/home/deepblue/ros2_autonomous_cpp/install/common' for CMake config files
[0.260s] Level 1:colcon.colcon_core.shell:create_environment_hook('common', 'cmake_prefix_path')
[0.260s] INFO:colcon.colcon_core.shell:Creating environment hook '/home/deepblue/ros2_autonomous_cpp/install/common/share/common/hook/cmake_prefix_path.ps1'
[0.261s] INFO:colcon.colcon_core.shell:Creating environment descriptor '/home/deepblue/ros2_autonomous_cpp/install/common/share/common/hook/cmake_prefix_path.dsv'
[0.261s] INFO:colcon.colcon_core.shell:Creating environment hook '/home/deepblue/ros2_autonomous_cpp/install/common/share/common/hook/cmake_prefix_path.sh'
[0.261s] Level 1:colcon.colcon_core.environment:checking '/home/deepblue/ros2_autonomous_cpp/install/common/lib'
[0.261s] Level 1:colcon.colcon_core.environment:checking '/home/deepblue/ros2_autonomous_cpp/install/common/bin'
[0.261s] Level 1:colcon.colcon_core.environment:checking '/home/deepblue/ros2_autonomous_cpp/install/common/lib/pkgconfig/common.pc'
[0.262s] Level 1:colcon.colcon_core.environment:checking '/home/deepblue/ros2_autonomous_cpp/install/common/lib/python3.10/site-packages'
[0.262s] Level 1:colcon.colcon_core.environment:checking '/home/deepblue/ros2_autonomous_cpp/install/common/bin'
[0.262s] INFO:colcon.colcon_core.shell:Creating package script '/home/deepblue/ros2_autonomous_cpp/install/common/share/common/package.ps1'
[0.262s] INFO:colcon.colcon_core.shell:Creating package descriptor '/home/deepblue/ros2_autonomous_cpp/install/common/share/common/package.dsv'
[0.263s] INFO:colcon.colcon_core.shell:Creating package script '/home/deepblue/ros2_autonomous_cpp/install/common/share/common/package.sh'
[0.263s] INFO:colcon.colcon_core.shell:Creating package script '/home/deepblue/ros2_autonomous_cpp/install/common/share/common/package.bash'
[0.263s] INFO:colcon.colcon_core.shell:Creating package script '/home/deepblue/ros2_autonomous_cpp/install/common/share/common/package.zsh'
[0.263s] Level 1:colcon.colcon_core.environment:create_file_with_runtime_dependencies(/home/deepblue/ros2_autonomous_cpp/install/common/share/colcon-core/packages/common)
[0.264s] Level 1:colcon.colcon_core.environment:create_environment_scripts_only(common)
[0.264s] Level 1:colcon.colcon_core.environment:checking '/home/deepblue/ros2_autonomous_cpp/install/common' for CMake module files
[0.264s] Level 1:colcon.colcon_core.environment:checking '/home/deepblue/ros2_autonomous_cpp/install/common' for CMake config files
[0.264s] Level 1:colcon.colcon_core.shell:create_environment_hook('common', 'cmake_prefix_path')
[0.264s] INFO:colcon.colcon_core.shell:Creating environment hook '/home/deepblue/ros2_autonomous_cpp/install/common/share/common/hook/cmake_prefix_path.ps1'
[0.264s] INFO:colcon.colcon_core.shell:Creating environment descriptor '/home/deepblue/ros2_autonomous_cpp/install/common/share/common/hook/cmake_prefix_path.dsv'
[0.265s] INFO:colcon.colcon_core.shell:Creating environment hook '/home/deepblue/ros2_autonomous_cpp/install/common/share/common/hook/cmake_prefix_path.sh'
[0.265s] Level 1:colcon.colcon_core.environment:checking '/home/deepblue/ros2_autonomous_cpp/install/common/lib'
[0.265s] Level 1:colcon.colcon_core.environment:checking '/home/deepblue/ros2_autonomous_cpp/install/common/bin'
[0.266s] Level 1:colcon.colcon_core.environment:checking '/home/deepblue/ros2_autonomous_cpp/install/common/lib/pkgconfig/common.pc'
[0.266s] Level 1:colcon.colcon_core.environment:checking '/home/deepblue/ros2_autonomous_cpp/install/common/lib/python3.10/site-packages'
[0.266s] Level 1:colcon.colcon_core.environment:checking '/home/deepblue/ros2_autonomous_cpp/install/common/bin'
[0.266s] INFO:colcon.colcon_core.shell:Creating package script '/home/deepblue/ros2_autonomous_cpp/install/common/share/common/package.ps1'
[0.266s] INFO:colcon.colcon_core.shell:Creating package descriptor '/home/deepblue/ros2_autonomous_cpp/install/common/share/common/package.dsv'
[0.267s] INFO:colcon.colcon_core.shell:Creating package script '/home/deepblue/ros2_autonomous_cpp/install/common/share/common/package.sh'
[0.267s] INFO:colcon.colcon_core.shell:Creating package script '/home/deepblue/ros2_autonomous_cpp/install/common/share/common/package.bash'
[0.267s] INFO:colcon.colcon_core.shell:Creating package script '/home/deepblue/ros2_autonomous_cpp/install/common/share/common/package.zsh'
[0.267s] Level 1:colcon.colcon_core.environment:create_file_with_runtime_dependencies(/home/deepblue/ros2_autonomous_cpp/install/common/share/colcon-core/packages/common)
[0.267s] Level 1:colcon.colcon_core.environment:create_environment_scripts_only(usb_cam_driver)
[0.267s] Level 1:colcon.colcon_core.environment:checking '/home/deepblue/ros2_autonomous_cpp/install/usb_cam_driver' for CMake module files
[0.268s] Level 1:colcon.colcon_core.environment:checking '/home/deepblue/ros2_autonomous_cpp/install/usb_cam_driver' for CMake config files
[0.268s] DEBUG:colcon.colcon_core.event_handler.log_command:Invoked command in '/home/deepblue/ros2_autonomous_cpp/build/usb_cam_driver' returned '0': CMAKE_PREFIX_PATH=/opt/ros/humble /usr/bin/cmake --install /home/deepblue/ros2_autonomous_cpp/build/usb_cam_driver
[0.268s] Level 1:colcon.colcon_core.shell:create_environment_hook('usb_cam_driver', 'cmake_prefix_path')
[0.268s] INFO:colcon.colcon_core.shell:Creating environment hook '/home/deepblue/ros2_autonomous_cpp/install/usb_cam_driver/share/usb_cam_driver/hook/cmake_prefix_path.ps1'
[0.269s] INFO:colcon.colcon_core.shell:Creating environment descriptor '/home/deepblue/ros2_autonomous_cpp/install/usb_cam_driver/share/usb_cam_driver/hook/cmake_prefix_path.dsv'
[0.269s] INFO:colcon.colcon_core.shell:Creating environment hook '/home/deepblue/ros2_autonomous_cpp/install/usb_cam_driver/share/usb_cam_driver/hook/cmake_prefix_path.sh'
[0.269s] Level 1:colcon.colcon_core.environment:checking '/home/deepblue/ros2_autonomous_cpp/install/usb_cam_driver/bin'
[0.269s] Level 1:colcon.colcon_core.environment:checking '/home/deepblue/ros2_autonomous_cpp/install/usb_cam_driver/lib/pkgconfig/usb_cam_driver.pc'
[0.269s] Level 1:colcon.colcon_core.environment:checking '/home/deepblue/ros2_autonomous_cpp/install/usb_cam_driver/lib/python3.10/site-packages'
[0.270s] Level 1:colcon.colcon_core.environment:checking '/home/deepblue/ros2_autonomous_cpp/install/usb_cam_driver/bin'
[0.270s] INFO:colcon.colcon_core.shell:Creating package script '/home/deepblue/ros2_autonomous_cpp/install/usb_cam_driver/share/usb_cam_driver/package.ps1'
[0.270s] INFO:colcon.colcon_core.shell:Creating package descriptor '/home/deepblue/ros2_autonomous_cpp/install/usb_cam_driver/share/usb_cam_driver/package.dsv'
[0.270s] INFO:colcon.colcon_core.shell:Creating package script '/home/deepblue/ros2_autonomous_cpp/install/usb_cam_driver/share/usb_cam_driver/package.sh'
[0.271s] INFO:colcon.colcon_core.shell:Creating package script '/home/deepblue/ros2_autonomous_cpp/install/usb_cam_driver/share/usb_cam_driver/package.bash'
[0.271s] INFO:colcon.colcon_core.shell:Creating package script '/home/deepblue/ros2_autonomous_cpp/install/usb_cam_driver/share/usb_cam_driver/package.zsh'
[0.271s] Level 1:colcon.colcon_core.environment:create_file_with_runtime_dependencies(/home/deepblue/ros2_autonomous_cpp/install/usb_cam_driver/share/colcon-core/packages/usb_cam_driver)
[0.271s] Level 1:colcon.colcon_core.environment:create_environment_scripts_only(usb_cam_driver)
[0.271s] Level 1:colcon.colcon_core.environment:checking '/home/deepblue/ros2_autonomous_cpp/install/usb_cam_driver' for CMake module files
[0.272s] Level 1:colcon.colcon_core.environment:checking '/home/deepblue/ros2_autonomous_cpp/install/usb_cam_driver' for CMake config files
[0.272s] Level 1:colcon.colcon_core.shell:create_environment_hook('usb_cam_driver', 'cmake_prefix_path')
[0.272s] INFO:colcon.colcon_core.shell:Creating environment hook '/home/deepblue/ros2_autonomous_cpp/install/usb_cam_driver/share/usb_cam_driver/hook/cmake_prefix_path.ps1'
[0.272s] INFO:colcon.colcon_core.shell:Creating environment descriptor '/home/deepblue/ros2_autonomous_cpp/install/usb_cam_driver/share/usb_cam_driver/hook/cmake_prefix_path.dsv'
[0.272s] INFO:colcon.colcon_core.shell:Creating environment hook '/home/deepblue/ros2_autonomous_cpp/install/usb_cam_driver/share/usb_cam_driver/hook/cmake_prefix_path.sh'
[0.272s] Level 1:colcon.colcon_core.environment:checking '/home/deepblue/ros2_autonomous_cpp/install/usb_cam_driver/bin'
[0.272s] Level 1:colcon.colcon_core.environment:checking '/home/deepblue/ros2_autonomous_cpp/install/usb_cam_driver/lib/pkgconfig/usb_cam_driver.pc'
[0.273s] Level 1:colcon.colcon_core.environment:checking '/home/deepblue/ros2_autonomous_cpp/install/usb_cam_driver/lib/python3.10/site-packages'
[0.273s] Level 1:colcon.colcon_core.environment:checking '/home/deepblue/ros2_autonomous_cpp/install/usb_cam_driver/bin'
[0.273s] INFO:colcon.colcon_core.shell:Creating package script '/home/deepblue/ros2_autonomous_cpp/install/usb_cam_driver/share/usb_cam_driver/package.ps1'
[0.273s] INFO:colcon.colcon_core.shell:Creating package descriptor '/home/deepblue/ros2_autonomous_cpp/install/usb_cam_driver/share/usb_cam_driver/package.dsv'
[0.273s] INFO:colcon.colcon_core.shell:Creating package script '/home/deepblue/ros2_autonomous_cpp/install/usb_cam_driver/share/usb_cam_driver/package.sh'
[0.274s] INFO:colcon.colcon_core.shell:Creating package script '/home/deepblue/ros2_autonomous_cpp/install/usb_cam_driver/share/usb_cam_driver/package.bash'
[0.274s] INFO:colcon.colcon_core.shell:Creating package script '/home/deepblue/ros2_autonomous_cpp/install/usb_cam_driver/share/usb_cam_driver/package.zsh'
[0.274s] Level 1:colcon.colcon_core.environment:create_file_with_runtime_dependencies(/home/deepblue/ros2_autonomous_cpp/install/usb_cam_driver/share/colcon-core/packages/usb_cam_driver)
[0.523s] DEBUG:colcon.colcon_core.event_handler.log_command:Invoked command in '/home/deepblue/ros2_autonomous_cpp/build/decision' returned '0': CMAKE_PREFIX_PATH=/opt/ros/humble /usr/bin/cmake /home/deepblue/ros2_autonomous_cpp/src/decision -DAMENT_CMAKE_SYMLINK_INSTALL=1 -DCMAKE_INSTALL_PREFIX=/home/deepblue/ros2_autonomous_cpp/install/decision
[0.524s] DEBUG:colcon.colcon_core.event_handler.log_command:Invoking command in '/home/deepblue/ros2_autonomous_cpp/build/decision': CMAKE_PREFIX_PATH=/opt/ros/humble /usr/bin/cmake --build /home/deepblue/ros2_autonomous_cpp/build/decision -- -j16 -l16
[0.554s] DEBUG:colcon.colcon_core.event_handler.log_command:Invoked command in '/home/deepblue/ros2_autonomous_cpp/build/arduino_driver' returned '0': CMAKE_PREFIX_PATH=/opt/ros/humble /usr/bin/cmake /home/deepblue/ros2_autonomous_cpp/src/drivers/arduino_driver -DAMENT_CMAKE_SYMLINK_INSTALL=1 -DCMAKE_INSTALL_PREFIX=/home/deepblue/ros2_autonomous_cpp/install/arduino_driver
[0.556s] DEBUG:colcon.colcon_core.event_handler.log_command:Invoking command in '/home/deepblue/ros2_autonomous_cpp/build/arduino_driver': CMAKE_PREFIX_PATH=/opt/ros/humble /usr/bin/cmake --build /home/deepblue/ros2_autonomous_cpp/build/arduino_driver -- -j16 -l16
[4.668s] DEBUG:colcon.colcon_core.event_handler.log_command:Invoked command in '/home/deepblue/ros2_autonomous_cpp/build/perception_pkg' returned '2': CMAKE_PREFIX_PATH=/opt/ros/humble /usr/bin/cmake --build /home/deepblue/ros2_autonomous_cpp/build/perception_pkg -- -j16 -l16
[4.668s] Level 1:colcon.colcon_core.environment:create_environment_scripts_only(perception_pkg)
[4.668s] Level 1:colcon.colcon_core.environment:checking '/home/deepblue/ros2_autonomous_cpp/install/perception_pkg' for CMake module files
[4.668s] Level 1:colcon.colcon_core.environment:checking '/home/deepblue/ros2_autonomous_cpp/install/perception_pkg' for CMake config files
[4.668s] Level 1:colcon.colcon_core.environment:checking '/home/deepblue/ros2_autonomous_cpp/install/perception_pkg/bin'
[4.668s] Level 1:colcon.colcon_core.environment:checking '/home/deepblue/ros2_autonomous_cpp/install/perception_pkg/lib/pkgconfig/perception_pkg.pc'
[4.669s] Level 1:colcon.colcon_core.environment:checking '/home/deepblue/ros2_autonomous_cpp/install/perception_pkg/lib/python3.10/site-packages'
[4.669s] Level 1:colcon.colcon_core.environment:checking '/home/deepblue/ros2_autonomous_cpp/install/perception_pkg/bin'
[4.669s] INFO:colcon.colcon_core.shell:Creating package script '/home/deepblue/ros2_autonomous_cpp/install/perception_pkg/share/perception_pkg/package.ps1'
[4.669s] INFO:colcon.colcon_core.shell:Creating package descriptor '/home/deepblue/ros2_autonomous_cpp/install/perception_pkg/share/perception_pkg/package.dsv'
[4.670s] INFO:colcon.colcon_core.shell:Creating package script '/home/deepblue/ros2_autonomous_cpp/install/perception_pkg/share/perception_pkg/package.sh'
[4.670s] INFO:colcon.colcon_core.shell:Creating package script '/home/deepblue/ros2_autonomous_cpp/install/perception_pkg/share/perception_pkg/package.bash'
[4.670s] INFO:colcon.colcon_core.shell:Creating package script '/home/deepblue/ros2_autonomous_cpp/install/perception_pkg/share/perception_pkg/package.zsh'
[4.670s] Level 1:colcon.colcon_core.environment:create_file_with_runtime_dependencies(/home/deepblue/ros2_autonomous_cpp/install/perception_pkg/share/colcon-core/packages/perception_pkg)
[9.615s] DEBUG:colcon.colcon_parallel_executor.executor.parallel:closing loop
[9.615s] DEBUG:colcon.colcon_parallel_executor.executor.parallel:loop closed
[9.615s] DEBUG:colcon.colcon_parallel_executor.executor.parallel:run_until_complete finished with '2'
[9.615s] DEBUG:colcon.colcon_core.event_reactor:joining thread
[9.620s] INFO:colcon.colcon_core.plugin_system:Skipping extension 'colcon_notification.desktop_notification.terminal_notifier': Not used on non-Darwin systems
[9.620s] INFO:colcon.colcon_core.plugin_system:Skipping extension 'colcon_notification.desktop_notification.win32': Not used on non-Windows systems
[9.620s] INFO:colcon.colcon_notification.desktop_notification:Sending desktop notification using 'notify2'
[9.628s] DEBUG:colcon.colcon_core.event_reactor:joined thread
[9.629s] INFO:colcon.colcon_core.shell:Creating prefix script '/home/deepblue/ros2_autonomous_cpp/install/local_setup.ps1'
[9.630s] INFO:colcon.colcon_core.shell:Creating prefix util module '/home/deepblue/ros2_autonomous_cpp/install/_local_setup_util_ps1.py'
[9.631s] INFO:colcon.colcon_core.shell:Creating prefix chain script '/home/deepblue/ros2_autonomous_cpp/install/setup.ps1'
[9.631s] INFO:colcon.colcon_core.shell:Creating prefix script '/home/deepblue/ros2_autonomous_cpp/install/local_setup.sh'
[9.632s] INFO:colcon.colcon_core.shell:Creating prefix util module '/home/deepblue/ros2_autonomous_cpp/install/_local_setup_util_sh.py'
[9.632s] INFO:colcon.colcon_core.shell:Creating prefix chain script '/home/deepblue/ros2_autonomous_cpp/install/setup.sh'
[9.633s] INFO:colcon.colcon_core.shell:Creating prefix script '/home/deepblue/ros2_autonomous_cpp/install/local_setup.bash'
[9.633s] INFO:colcon.colcon_core.shell:Creating prefix chain script '/home/deepblue/ros2_autonomous_cpp/install/setup.bash'
[9.634s] INFO:colcon.colcon_core.shell:Creating prefix script '/home/deepblue/ros2_autonomous_cpp/install/local_setup.zsh'
[9.634s] INFO:colcon.colcon_core.shell:Creating prefix chain script '/home/deepblue/ros2_autonomous_cpp/install/setup.zsh'
