[0.014s] Invoking command in '/home/deepblue/ros2_autonomous_cpp/build/arduino_driver': CMAKE_PREFIX_PATH=/opt/ros/humble /usr/bin/cmake /home/deepblue/ros2_autonomous_cpp/src/drivers/arduino_driver -DCMAKE_INSTALL_PREFIX=/home/deepblue/ros2_autonomous_cpp/install/arduino_driver
[0.022s] -- Found ament_cmake: 1.3.12 (/opt/ros/humble/share/ament_cmake/cmake)
[0.118s] -- Override CMake install command with custom implementation using symlinks instead of copying resources
[0.118s] -- Found rclcpp: 16.0.17 (/opt/ros/humble/share/rclcpp/cmake)
[0.127s] -- Found rosidl_generator_c: 3.1.8 (/opt/ros/humble/share/rosidl_generator_c/cmake)
[0.129s] -- Found rosidl_adapter: 3.1.8 (/opt/ros/humble/share/rosidl_adapter/cmake)
[0.133s] -- Found rosidl_generator_cpp: 3.1.8 (/opt/ros/humble/share/rosidl_generator_cpp/cmake)
[0.137s] -- Using all available rosidl_typesupport_c: rosidl_typesupport_fastrtps_c;rosidl_typesupport_introspection_c
[0.143s] -- Using all available rosidl_typesupport_cpp: rosidl_typesupport_fastrtps_cpp;rosidl_typesupport_introspection_cpp
[0.162s] -- Found rmw_implementation_cmake: 6.1.2 (/opt/ros/humble/share/rmw_implementation_cmake/cmake)
[0.162s] -- Found rmw_fastrtps_cpp: 6.2.9 (/opt/ros/humble/share/rmw_fastrtps_cpp/cmake)
[0.218s] -- Using RMW implementation 'rmw_fastrtps_cpp' as default
[0.244s] -- Found rclpy: 3.3.19 (/opt/ros/humble/share/rclpy/cmake)
[0.245s] -- Found ackermann_msgs: 2.0.2 (/opt/ros/humble/share/ackermann_msgs/cmake)
[0.259s] -- Found ament_lint_auto: 0.12.14 (/opt/ros/humble/share/ament_lint_auto/cmake)
[0.301s] -- Added test 'copyright' to check source files copyright and LICENSE
[0.302s] -- Added test 'cppcheck' to perform static code analysis on C / C++ code
[0.302s] -- Configured cppcheck include dirs: $<BUILD_INTERFACE:/home/deepblue/ros2_autonomous_cpp/src/drivers/arduino_driver/include>
[0.302s] -- Configured cppcheck exclude dirs and/or files: 
[0.303s] -- Added test 'cpplint' to check C / C++ code against the Google style
[0.303s] -- Configured cpplint exclude dirs and/or files: 
[0.303s] -- Added test 'flake8' to check Python code syntax and style conventions
[0.303s] -- Added test 'lint_cmake' to check CMake code style
[0.307s] -- Added test 'pep257' to check Python code against some of the docstring style conventions in PEP 257
[0.307s] -- Added test 'uncrustify' to check C / C++ code style
[0.307s] -- Configured uncrustify additional arguments: 
[0.307s] -- Added test 'xmllint' to check XML markup files
[0.307s] -- Configuring done
[0.311s] -- Generating done
[0.313s] -- Build files have been written to: /home/deepblue/ros2_autonomous_cpp/build/arduino_driver
[0.319s] Invoked command in '/home/deepblue/ros2_autonomous_cpp/build/arduino_driver' returned '0': CMAKE_PREFIX_PATH=/opt/ros/humble /usr/bin/cmake /home/deepblue/ros2_autonomous_cpp/src/drivers/arduino_driver -DCMAKE_INSTALL_PREFIX=/home/deepblue/ros2_autonomous_cpp/install/arduino_driver
[0.320s] Invoking command in '/home/deepblue/ros2_autonomous_cpp/build/arduino_driver': CMAKE_PREFIX_PATH=/opt/ros/humble /usr/bin/cmake --build /home/deepblue/ros2_autonomous_cpp/build/arduino_driver -- -j16 -l16
[0.346s] Consolidate compiler generated dependencies of target arduino_bridge_node
[0.357s] [100%] Built target arduino_bridge_node
[0.367s] Invoked command in '/home/deepblue/ros2_autonomous_cpp/build/arduino_driver' returned '0': CMAKE_PREFIX_PATH=/opt/ros/humble /usr/bin/cmake --build /home/deepblue/ros2_autonomous_cpp/build/arduino_driver -- -j16 -l16
[0.367s] Invoking command in '/home/deepblue/ros2_autonomous_cpp/build/arduino_driver': CMAKE_PREFIX_PATH=/opt/ros/humble /usr/bin/cmake --install /home/deepblue/ros2_autonomous_cpp/build/arduino_driver
[0.370s] -- Install configuration: ""
[0.370s] -- Execute custom install script
[0.370s] -- Up-to-date symlink: /home/deepblue/ros2_autonomous_cpp/install/arduino_driver/lib/arduino_driver/arduino_bridge_node
[0.370s] -- Up-to-date symlink: /home/deepblue/ros2_autonomous_cpp/install/arduino_driver/lib/arduino_driver/arduino_bridge_node.py
[0.370s] -- Up-to-date symlink: /home/deepblue/ros2_autonomous_cpp/install/arduino_driver/include/arduino_driver/arduino_bridge_node.hpp
[0.370s] -- Up-to-date symlink: /home/deepblue/ros2_autonomous_cpp/install/arduino_driver/include/arduino_driver/serial_protocol.hpp
[0.370s] -- Up-to-date symlink: /home/deepblue/ros2_autonomous_cpp/install/arduino_driver/share/arduino_driver//config/arduino.yaml
[0.371s] -- Up-to-date symlink: /home/deepblue/ros2_autonomous_cpp/install/arduino_driver/share/arduino_driver//ino/motor_control/motor_control.ino
[0.371s] -- Up-to-date symlink: /home/deepblue/ros2_autonomous_cpp/install/arduino_driver/share/arduino_driver//ino/motor_control_with_feedback/motor_control_with_feedback.ino
[0.371s] -- Up-to-date symlink: /home/deepblue/ros2_autonomous_cpp/install/arduino_driver/share/ament_index/resource_index/package_run_dependencies/arduino_driver
[0.371s] -- Up-to-date symlink: /home/deepblue/ros2_autonomous_cpp/install/arduino_driver/share/ament_index/resource_index/parent_prefix_path/arduino_driver
[0.371s] -- Up-to-date symlink: /home/deepblue/ros2_autonomous_cpp/install/arduino_driver/share/arduino_driver/environment/ament_prefix_path.sh
[0.371s] -- Up-to-date symlink: /home/deepblue/ros2_autonomous_cpp/install/arduino_driver/share/arduino_driver/environment/ament_prefix_path.dsv
[0.371s] -- Up-to-date symlink: /home/deepblue/ros2_autonomous_cpp/install/arduino_driver/share/arduino_driver/environment/path.sh
[0.371s] -- Up-to-date symlink: /home/deepblue/ros2_autonomous_cpp/install/arduino_driver/share/arduino_driver/environment/path.dsv
[0.371s] -- Up-to-date symlink: /home/deepblue/ros2_autonomous_cpp/install/arduino_driver/share/arduino_driver/local_setup.bash
[0.371s] -- Up-to-date symlink: /home/deepblue/ros2_autonomous_cpp/install/arduino_driver/share/arduino_driver/local_setup.sh
[0.371s] -- Up-to-date symlink: /home/deepblue/ros2_autonomous_cpp/install/arduino_driver/share/arduino_driver/local_setup.zsh
[0.371s] -- Up-to-date symlink: /home/deepblue/ros2_autonomous_cpp/install/arduino_driver/share/arduino_driver/local_setup.dsv
[0.371s] -- Symlinking: /home/deepblue/ros2_autonomous_cpp/install/arduino_driver/share/arduino_driver/package.dsv
[0.377s] -- Up-to-date symlink: /home/deepblue/ros2_autonomous_cpp/install/arduino_driver/share/ament_index/resource_index/packages/arduino_driver
[0.377s] -- Up-to-date symlink: /home/deepblue/ros2_autonomous_cpp/install/arduino_driver/share/arduino_driver/cmake/arduino_driverConfig.cmake
[0.377s] -- Up-to-date symlink: /home/deepblue/ros2_autonomous_cpp/install/arduino_driver/share/arduino_driver/cmake/arduino_driverConfig-version.cmake
[0.377s] -- Up-to-date symlink: /home/deepblue/ros2_autonomous_cpp/install/arduino_driver/share/arduino_driver/package.xml
[0.379s] Invoked command in '/home/deepblue/ros2_autonomous_cpp/build/arduino_driver' returned '0': CMAKE_PREFIX_PATH=/opt/ros/humble /usr/bin/cmake --install /home/deepblue/ros2_autonomous_cpp/build/arduino_driver
