-- Install configuration: ""
-- Execute custom install script
-- Up-to-date symlink: /home/deepblue/ros2_autonomous_cpp/install/rplidar_driver/share/rplidar_driver//launch/rplidar.launch
-- Symlinking: /home/deepblue/ros2_autonomous_cpp/install/rplidar_driver/share/rplidar_driver//launch/rplidar_launch.py
-- Up-to-date symlink: /home/deepblue/ros2_autonomous_cpp/install/rplidar_driver/share/rplidar_driver//config/rplidar.yaml
-- Up-to-date symlink: /home/deepblue/ros2_autonomous_cpp/install/rplidar_driver/share/ament_index/resource_index/package_run_dependencies/rplidar_driver
-- Up-to-date symlink: /home/deepblue/ros2_autonomous_cpp/install/rplidar_driver/share/ament_index/resource_index/parent_prefix_path/rplidar_driver
-- Up-to-date symlink: /home/deepblue/ros2_autonomous_cpp/install/rplidar_driver/share/rplidar_driver/environment/ament_prefix_path.sh
-- Up-to-date symlink: /home/deepblue/ros2_autonomous_cpp/install/rplidar_driver/share/rplidar_driver/environment/ament_prefix_path.dsv
-- Up-to-date symlink: /home/deepblue/ros2_autonomous_cpp/install/rplidar_driver/share/rplidar_driver/environment/path.sh
-- Up-to-date symlink: /home/deepblue/ros2_autonomous_cpp/install/rplidar_driver/share/rplidar_driver/environment/path.dsv
-- Up-to-date symlink: /home/deepblue/ros2_autonomous_cpp/install/rplidar_driver/share/rplidar_driver/local_setup.bash
-- Up-to-date symlink: /home/deepblue/ros2_autonomous_cpp/install/rplidar_driver/share/rplidar_driver/local_setup.sh
-- Up-to-date symlink: /home/deepblue/ros2_autonomous_cpp/install/rplidar_driver/share/rplidar_driver/local_setup.zsh
-- Up-to-date symlink: /home/deepblue/ros2_autonomous_cpp/install/rplidar_driver/share/rplidar_driver/local_setup.dsv
-- Symlinking: /home/deepblue/ros2_autonomous_cpp/install/rplidar_driver/share/rplidar_driver/package.dsv
-- Up-to-date symlink: /home/deepblue/ros2_autonomous_cpp/install/rplidar_driver/share/ament_index/resource_index/packages/rplidar_driver
-- Up-to-date symlink: /home/deepblue/ros2_autonomous_cpp/install/rplidar_driver/share/rplidar_driver/cmake/rplidar_driverConfig.cmake
-- Up-to-date symlink: /home/deepblue/ros2_autonomous_cpp/install/rplidar_driver/share/rplidar_driver/cmake/rplidar_driverConfig-version.cmake
-- Up-to-date symlink: /home/deepblue/ros2_autonomous_cpp/install/rplidar_driver/share/rplidar_driver/package.xml
