-- The C compiler identification is GNU 11.4.0
-- The CXX compiler identification is GNU 11.4.0
-- Detecting C compiler ABI info
-- Detecting C compiler ABI info - done
-- Check for working C compiler: /usr/bin/cc - skipped
-- Detecting C compile features
-- Detecting C compile features - done
-- Detecting CXX compiler ABI info
-- Detecting CXX compiler ABI info - done
-- Check for working CXX compiler: /usr/bin/c++ - skipped
-- Detecting CXX compile features
-- Detecting CXX compile features - done
-- Found ament_cmake: 1.3.12 (/opt/ros/humble/share/ament_cmake/cmake)
-- Found Python3: /usr/bin/python3 (found version "3.10.12") found components: Interpreter 
-- Override CMake install command with custom implementation using symlinks instead of copying resources
-- Found ament_lint_auto: 0.12.14 (/opt/ros/humble/share/ament_lint_auto/cmake)
-- Added test 'copyright' to check source files copyright and LICENSE
-- Added test 'lint_cmake' to check CMake code style
-- Added test 'xmllint' to check XML markup files
-- Configuring done
-- Generating done
-- Build files have been written to: /home/deepblue/ros2_autonomous_cpp/build/bringup
-- Install configuration: ""
-- Execute custom install script
-- Symlinking: /home/deepblue/ros2_autonomous_cpp/install/bringup/share/bringup//launch/mission.launch
-- Symlinking: /home/deepblue/ros2_autonomous_cpp/install/bringup/share/bringup//launch/obstacle.launch
-- Symlinking: /home/deepblue/ros2_autonomous_cpp/install/bringup/share/bringup//launch/parking.launch
-- Symlinking: /home/deepblue/ros2_autonomous_cpp/install/bringup/share/bringup//launch/track.launch
-- Symlinking: /home/deepblue/ros2_autonomous_cpp/install/bringup/share/ament_index/resource_index/package_run_dependencies/bringup
-- Symlinking: /home/deepblue/ros2_autonomous_cpp/install/bringup/share/ament_index/resource_index/parent_prefix_path/bringup
-- Symlinking: /home/deepblue/ros2_autonomous_cpp/install/bringup/share/bringup/environment/ament_prefix_path.sh
-- Symlinking: /home/deepblue/ros2_autonomous_cpp/install/bringup/share/bringup/environment/ament_prefix_path.dsv
-- Symlinking: /home/deepblue/ros2_autonomous_cpp/install/bringup/share/bringup/environment/path.sh
-- Symlinking: /home/deepblue/ros2_autonomous_cpp/install/bringup/share/bringup/environment/path.dsv
-- Symlinking: /home/deepblue/ros2_autonomous_cpp/install/bringup/share/bringup/local_setup.bash
-- Symlinking: /home/deepblue/ros2_autonomous_cpp/install/bringup/share/bringup/local_setup.sh
-- Symlinking: /home/deepblue/ros2_autonomous_cpp/install/bringup/share/bringup/local_setup.zsh
-- Symlinking: /home/deepblue/ros2_autonomous_cpp/install/bringup/share/bringup/local_setup.dsv
-- Symlinking: /home/deepblue/ros2_autonomous_cpp/install/bringup/share/bringup/package.dsv
-- Symlinking: /home/deepblue/ros2_autonomous_cpp/install/bringup/share/ament_index/resource_index/packages/bringup
-- Symlinking: /home/deepblue/ros2_autonomous_cpp/install/bringup/share/bringup/cmake/bringupConfig.cmake
-- Symlinking: /home/deepblue/ros2_autonomous_cpp/install/bringup/share/bringup/cmake/bringupConfig-version.cmake
-- Symlinking: /home/deepblue/ros2_autonomous_cpp/install/bringup/share/bringup/package.xml
