[0.008s] Invoking command in '/home/deepblue/ros2_autonomous_cpp/build/bringup': AMENT_PREFIX_PATH=/home/deepblue/ros2_autonomous_cpp/install/usb_cam_driver:/home/deepblue/ros2_autonomous_cpp/install/ultrasonic_driver:/home/deepblue/ros2_autonomous_cpp/install/rplidar_driver:/home/deepblue/ros2_autonomous_cpp/install/decision:/home/deepblue/ros2_autonomous_cpp/install/arduino_driver:${AMENT_PREFIX_PATH} CMAKE_PREFIX_PATH=/home/deepblue/ros2_autonomous_cpp/install/usb_cam_driver:/home/deepblue/ros2_autonomous_cpp/install/ultrasonic_driver:/home/deepblue/ros2_autonomous_cpp/install/rplidar_driver:/home/deepblue/ros2_autonomous_cpp/install/decision:/home/deepblue/ros2_autonomous_cpp/install/arduino_driver:/opt/ros/humble /usr/bin/cmake /home/deepblue/ros2_autonomous_cpp/src/bringup -DAMENT_CMAKE_SYMLINK_INSTALL=1 -DCMAKE_INSTALL_PREFIX=/home/deepblue/ros2_autonomous_cpp/install/bringup
[0.046s] -- The C compiler identification is GNU 11.4.0
[0.082s] -- The CXX compiler identification is GNU 11.4.0
[0.087s] -- Detecting C compiler ABI info
[0.132s] -- Detecting C compiler ABI info - done
[0.136s] -- Check for working C compiler: /usr/bin/cc - skipped
[0.136s] -- Detecting C compile features
[0.137s] -- Detecting C compile features - done
[0.138s] -- Detecting CXX compiler ABI info
[0.191s] -- Detecting CXX compiler ABI info - done
[0.195s] -- Check for working CXX compiler: /usr/bin/c++ - skipped
[0.195s] -- Detecting CXX compile features
[0.195s] -- Detecting CXX compile features - done
[0.196s] -- Found ament_cmake: 1.3.12 (/opt/ros/humble/share/ament_cmake/cmake)
[0.287s] -- Found Python3: /usr/bin/python3 (found version "3.10.12") found components: Interpreter 
[0.324s] -- Override CMake install command with custom implementation using symlinks instead of copying resources
[0.339s] -- Found ament_lint_auto: 0.12.14 (/opt/ros/humble/share/ament_lint_auto/cmake)
[0.387s] -- Added test 'copyright' to check source files copyright and LICENSE
[0.387s] -- Added test 'lint_cmake' to check CMake code style
[0.388s] -- Added test 'xmllint' to check XML markup files
[0.388s] -- Configuring done
[0.389s] -- Generating done
[0.390s] -- Build files have been written to: /home/deepblue/ros2_autonomous_cpp/build/bringup
[0.393s] Invoked command in '/home/deepblue/ros2_autonomous_cpp/build/bringup' returned '0': AMENT_PREFIX_PATH=/home/deepblue/ros2_autonomous_cpp/install/usb_cam_driver:/home/deepblue/ros2_autonomous_cpp/install/ultrasonic_driver:/home/deepblue/ros2_autonomous_cpp/install/rplidar_driver:/home/deepblue/ros2_autonomous_cpp/install/decision:/home/deepblue/ros2_autonomous_cpp/install/arduino_driver:${AMENT_PREFIX_PATH} CMAKE_PREFIX_PATH=/home/deepblue/ros2_autonomous_cpp/install/usb_cam_driver:/home/deepblue/ros2_autonomous_cpp/install/ultrasonic_driver:/home/deepblue/ros2_autonomous_cpp/install/rplidar_driver:/home/deepblue/ros2_autonomous_cpp/install/decision:/home/deepblue/ros2_autonomous_cpp/install/arduino_driver:/opt/ros/humble /usr/bin/cmake /home/deepblue/ros2_autonomous_cpp/src/bringup -DAMENT_CMAKE_SYMLINK_INSTALL=1 -DCMAKE_INSTALL_PREFIX=/home/deepblue/ros2_autonomous_cpp/install/bringup
[0.394s] Invoking command in '/home/deepblue/ros2_autonomous_cpp/build/bringup': AMENT_PREFIX_PATH=/home/deepblue/ros2_autonomous_cpp/install/usb_cam_driver:/home/deepblue/ros2_autonomous_cpp/install/ultrasonic_driver:/home/deepblue/ros2_autonomous_cpp/install/rplidar_driver:/home/deepblue/ros2_autonomous_cpp/install/decision:/home/deepblue/ros2_autonomous_cpp/install/arduino_driver:${AMENT_PREFIX_PATH} CMAKE_PREFIX_PATH=/home/deepblue/ros2_autonomous_cpp/install/usb_cam_driver:/home/deepblue/ros2_autonomous_cpp/install/ultrasonic_driver:/home/deepblue/ros2_autonomous_cpp/install/rplidar_driver:/home/deepblue/ros2_autonomous_cpp/install/decision:/home/deepblue/ros2_autonomous_cpp/install/arduino_driver:/opt/ros/humble /usr/bin/cmake --build /home/deepblue/ros2_autonomous_cpp/build/bringup -- -j16 -l16
[0.419s] Invoked command in '/home/deepblue/ros2_autonomous_cpp/build/bringup' returned '0': AMENT_PREFIX_PATH=/home/deepblue/ros2_autonomous_cpp/install/usb_cam_driver:/home/deepblue/ros2_autonomous_cpp/install/ultrasonic_driver:/home/deepblue/ros2_autonomous_cpp/install/rplidar_driver:/home/deepblue/ros2_autonomous_cpp/install/decision:/home/deepblue/ros2_autonomous_cpp/install/arduino_driver:${AMENT_PREFIX_PATH} CMAKE_PREFIX_PATH=/home/deepblue/ros2_autonomous_cpp/install/usb_cam_driver:/home/deepblue/ros2_autonomous_cpp/install/ultrasonic_driver:/home/deepblue/ros2_autonomous_cpp/install/rplidar_driver:/home/deepblue/ros2_autonomous_cpp/install/decision:/home/deepblue/ros2_autonomous_cpp/install/arduino_driver:/opt/ros/humble /usr/bin/cmake --build /home/deepblue/ros2_autonomous_cpp/build/bringup -- -j16 -l16
[0.420s] Invoking command in '/home/deepblue/ros2_autonomous_cpp/build/bringup': AMENT_PREFIX_PATH=/home/deepblue/ros2_autonomous_cpp/install/usb_cam_driver:/home/deepblue/ros2_autonomous_cpp/install/ultrasonic_driver:/home/deepblue/ros2_autonomous_cpp/install/rplidar_driver:/home/deepblue/ros2_autonomous_cpp/install/decision:/home/deepblue/ros2_autonomous_cpp/install/arduino_driver:${AMENT_PREFIX_PATH} CMAKE_PREFIX_PATH=/home/deepblue/ros2_autonomous_cpp/install/usb_cam_driver:/home/deepblue/ros2_autonomous_cpp/install/ultrasonic_driver:/home/deepblue/ros2_autonomous_cpp/install/rplidar_driver:/home/deepblue/ros2_autonomous_cpp/install/decision:/home/deepblue/ros2_autonomous_cpp/install/arduino_driver:/opt/ros/humble /usr/bin/cmake --install /home/deepblue/ros2_autonomous_cpp/build/bringup
[0.424s] -- Install configuration: ""
[0.425s] -- Execute custom install script
[0.425s] -- Symlinking: /home/deepblue/ros2_autonomous_cpp/install/bringup/share/bringup//launch/mission.launch
[0.431s] -- Symlinking: /home/deepblue/ros2_autonomous_cpp/install/bringup/share/bringup//launch/obstacle.launch
[0.437s] -- Symlinking: /home/deepblue/ros2_autonomous_cpp/install/bringup/share/bringup//launch/parking.launch
[0.441s] -- Symlinking: /home/deepblue/ros2_autonomous_cpp/install/bringup/share/bringup//launch/track.launch
[0.448s] -- Symlinking: /home/deepblue/ros2_autonomous_cpp/install/bringup/share/ament_index/resource_index/package_run_dependencies/bringup
[0.453s] -- Symlinking: /home/deepblue/ros2_autonomous_cpp/install/bringup/share/ament_index/resource_index/parent_prefix_path/bringup
[0.459s] -- Symlinking: /home/deepblue/ros2_autonomous_cpp/install/bringup/share/bringup/environment/ament_prefix_path.sh
[0.465s] -- Symlinking: /home/deepblue/ros2_autonomous_cpp/install/bringup/share/bringup/environment/ament_prefix_path.dsv
[0.471s] -- Symlinking: /home/deepblue/ros2_autonomous_cpp/install/bringup/share/bringup/environment/path.sh
[0.476s] -- Symlinking: /home/deepblue/ros2_autonomous_cpp/install/bringup/share/bringup/environment/path.dsv
[0.481s] -- Symlinking: /home/deepblue/ros2_autonomous_cpp/install/bringup/share/bringup/local_setup.bash
[0.487s] -- Symlinking: /home/deepblue/ros2_autonomous_cpp/install/bringup/share/bringup/local_setup.sh
[0.492s] -- Symlinking: /home/deepblue/ros2_autonomous_cpp/install/bringup/share/bringup/local_setup.zsh
[0.497s] -- Symlinking: /home/deepblue/ros2_autonomous_cpp/install/bringup/share/bringup/local_setup.dsv
[0.501s] -- Symlinking: /home/deepblue/ros2_autonomous_cpp/install/bringup/share/bringup/package.dsv
[0.507s] -- Symlinking: /home/deepblue/ros2_autonomous_cpp/install/bringup/share/ament_index/resource_index/packages/bringup
[0.512s] -- Symlinking: /home/deepblue/ros2_autonomous_cpp/install/bringup/share/bringup/cmake/bringupConfig.cmake
[0.518s] -- Symlinking: /home/deepblue/ros2_autonomous_cpp/install/bringup/share/bringup/cmake/bringupConfig-version.cmake
[0.523s] -- Symlinking: /home/deepblue/ros2_autonomous_cpp/install/bringup/share/bringup/package.xml
[0.530s] Invoked command in '/home/deepblue/ros2_autonomous_cpp/build/bringup' returned '0': AMENT_PREFIX_PATH=/home/deepblue/ros2_autonomous_cpp/install/usb_cam_driver:/home/deepblue/ros2_autonomous_cpp/install/ultrasonic_driver:/home/deepblue/ros2_autonomous_cpp/install/rplidar_driver:/home/deepblue/ros2_autonomous_cpp/install/decision:/home/deepblue/ros2_autonomous_cpp/install/arduino_driver:${AMENT_PREFIX_PATH} CMAKE_PREFIX_PATH=/home/deepblue/ros2_autonomous_cpp/install/usb_cam_driver:/home/deepblue/ros2_autonomous_cpp/install/ultrasonic_driver:/home/deepblue/ros2_autonomous_cpp/install/rplidar_driver:/home/deepblue/ros2_autonomous_cpp/install/decision:/home/deepblue/ros2_autonomous_cpp/install/arduino_driver:/opt/ros/humble /usr/bin/cmake --install /home/deepblue/ros2_autonomous_cpp/build/bringup
