[0.009s] Invoking command in '/home/deepblue/ros2_autonomous_cpp/build/ultrasonic_driver': CMAKE_PREFIX_PATH=/opt/ros/humble /usr/bin/cmake /home/deepblue/ros2_autonomous_cpp/src/drivers/ultrasonic_driver -DAMENT_CMAKE_SYMLINK_INSTALL=1 -DCMAKE_INSTALL_PREFIX=/home/deepblue/ros2_autonomous_cpp/install/ultrasonic_driver
[0.045s] -- The C compiler identification is GNU 11.4.0
[0.079s] -- The CXX compiler identification is GNU 11.4.0
[0.084s] -- Detecting C compiler ABI info
[0.122s] -- Detecting C compiler ABI info - done
[0.127s] -- Check for working C compiler: /usr/bin/cc - skipped
[0.127s] -- Detecting C compile features
[0.127s] -- Detecting C compile features - done
[0.129s] -- Detecting CXX compiler ABI info
[0.173s] -- Detecting CXX compiler ABI info - done
[0.178s] -- Check for working CXX compiler: /usr/bin/c++ - skipped
[0.179s] -- Detecting CXX compile features
[0.179s] -- Detecting CXX compile features - done
[0.180s] -- Found ament_cmake: 1.3.12 (/opt/ros/humble/share/ament_cmake/cmake)
[0.282s] -- Found Python3: /usr/bin/python3 (found version "3.10.12") found components: Interpreter 
[0.330s] -- Override CMake install command with custom implementation using symlinks instead of copying resources
[0.342s] -- Found rclcpp: 16.0.17 (/opt/ros/humble/share/rclcpp/cmake)
[0.360s] -- Found rosidl_generator_c: 3.1.8 (/opt/ros/humble/share/rosidl_generator_c/cmake)
[0.362s] -- Found rosidl_adapter: 3.1.8 (/opt/ros/humble/share/rosidl_adapter/cmake)
[0.366s] -- Found rosidl_generator_cpp: 3.1.8 (/opt/ros/humble/share/rosidl_generator_cpp/cmake)
[0.371s] -- Using all available rosidl_typesupport_c: rosidl_typesupport_fastrtps_c;rosidl_typesupport_introspection_c
[0.378s] -- Using all available rosidl_typesupport_cpp: rosidl_typesupport_fastrtps_cpp;rosidl_typesupport_introspection_cpp
[0.397s] -- Found rmw_implementation_cmake: 6.1.2 (/opt/ros/humble/share/rmw_implementation_cmake/cmake)
[0.398s] -- Found rmw_fastrtps_cpp: 6.2.9 (/opt/ros/humble/share/rmw_fastrtps_cpp/cmake)
[0.442s] -- Found OpenSSL: /usr/lib/x86_64-linux-gnu/libcrypto.so (found version "3.0.2")  
[0.460s] -- Found FastRTPS: /opt/ros/humble/include  
[0.485s] -- Using RMW implementation 'rmw_fastrtps_cpp' as default
[0.489s] -- Looking for pthread.h
[0.533s] -- Looking for pthread.h - found
[0.533s] -- Performing Test CMAKE_HAVE_LIBC_PTHREAD
[0.570s] -- Performing Test CMAKE_HAVE_LIBC_PTHREAD - Success
[0.570s] -- Found Threads: TRUE  
[0.597s] -- Found rclpy: 3.3.19 (/opt/ros/humble/share/rclpy/cmake)
[0.598s] -- Found ament_lint_auto: 0.12.14 (/opt/ros/humble/share/ament_lint_auto/cmake)
[0.642s] -- Added test 'copyright' to check source files copyright and LICENSE
[0.643s] -- Added test 'cppcheck' to perform static code analysis on C / C++ code
[0.643s] -- Configured cppcheck include dirs: $<BUILD_INTERFACE:/home/deepblue/ros2_autonomous_cpp/src/drivers/ultrasonic_driver/include>
[0.643s] -- Configured cppcheck exclude dirs and/or files: 
[0.643s] -- Added test 'cpplint' to check C / C++ code against the Google style
[0.643s] -- Configured cpplint exclude dirs and/or files: 
[0.643s] -- Added test 'flake8' to check Python code syntax and style conventions
[0.644s] -- Added test 'lint_cmake' to check CMake code style
[0.644s] -- Added test 'pep257' to check Python code against some of the docstring style conventions in PEP 257
[0.644s] -- Added test 'uncrustify' to check C / C++ code style
[0.644s] -- Configured uncrustify additional arguments: 
[0.644s] -- Added test 'xmllint' to check XML markup files
[0.645s] -- Configuring done
[0.649s] -- Generating done
[0.651s] -- Build files have been written to: /home/deepblue/ros2_autonomous_cpp/build/ultrasonic_driver
