[100%] Built target ultrasonic_processor_node
-- Install configuration: ""
-- Execute custom install script
-- Up-to-date symlink: /home/deepblue/ros2_autonomous_cpp/install/ultrasonic_driver/lib/ultrasonic_driver/ultrasonic_processor_node
-- Up-to-date symlink: /home/deepblue/ros2_autonomous_cpp/install/ultrasonic_driver/lib/ultrasonic_driver/ultrasonic_processor_node.py
-- Up-to-date symlink: /home/deepblue/ros2_autonomous_cpp/install/ultrasonic_driver/include/ultrasonic_driver/ultrasonic_processor_node.hpp
-- Up-to-date symlink: /home/deepblue/ros2_autonomous_cpp/install/ultrasonic_driver/share/ultrasonic_driver//config/ultrasonic.yaml
-- Up-to-date symlink: /home/deepblue/ros2_autonomous_cpp/install/ultrasonic_driver/share/ament_index/resource_index/package_run_dependencies/ultrasonic_driver
-- Up-to-date symlink: /home/deepblue/ros2_autonomous_cpp/install/ultrasonic_driver/share/ament_index/resource_index/parent_prefix_path/ultrasonic_driver
-- Up-to-date symlink: /home/deepblue/ros2_autonomous_cpp/install/ultrasonic_driver/share/ultrasonic_driver/environment/ament_prefix_path.sh
-- Up-to-date symlink: /home/deepblue/ros2_autonomous_cpp/install/ultrasonic_driver/share/ultrasonic_driver/environment/ament_prefix_path.dsv
-- Up-to-date symlink: /home/deepblue/ros2_autonomous_cpp/install/ultrasonic_driver/share/ultrasonic_driver/environment/path.sh
-- Up-to-date symlink: /home/deepblue/ros2_autonomous_cpp/install/ultrasonic_driver/share/ultrasonic_driver/environment/path.dsv
-- Up-to-date symlink: /home/deepblue/ros2_autonomous_cpp/install/ultrasonic_driver/share/ultrasonic_driver/local_setup.bash
-- Up-to-date symlink: /home/deepblue/ros2_autonomous_cpp/install/ultrasonic_driver/share/ultrasonic_driver/local_setup.sh
-- Up-to-date symlink: /home/deepblue/ros2_autonomous_cpp/install/ultrasonic_driver/share/ultrasonic_driver/local_setup.zsh
-- Up-to-date symlink: /home/deepblue/ros2_autonomous_cpp/install/ultrasonic_driver/share/ultrasonic_driver/local_setup.dsv
-- Symlinking: /home/deepblue/ros2_autonomous_cpp/install/ultrasonic_driver/share/ultrasonic_driver/package.dsv
-- Up-to-date symlink: /home/deepblue/ros2_autonomous_cpp/install/ultrasonic_driver/share/ament_index/resource_index/packages/ultrasonic_driver
-- Up-to-date symlink: /home/deepblue/ros2_autonomous_cpp/install/ultrasonic_driver/share/ultrasonic_driver/cmake/ultrasonic_driverConfig.cmake
-- Up-to-date symlink: /home/deepblue/ros2_autonomous_cpp/install/ultrasonic_driver/share/ultrasonic_driver/cmake/ultrasonic_driverConfig-version.cmake
-- Up-to-date symlink: /home/deepblue/ros2_autonomous_cpp/install/ultrasonic_driver/share/ultrasonic_driver/package.xml
