[0.065s] DEBUG:colcon:Command line arguments: ['/usr/bin/colcon', 'build']
[0.065s] DEBUG:colcon:Parsed command line arguments: Namespace(log_base=None, log_level=None, verb_name='build', build_base='build', install_base='install', merge_install=False, symlink_install=False, test_result_base=None, continue_on_error=False, executor='parallel', parallel_workers=16, event_handlers=None, ignore_user_meta=False, metas=['./colcon.meta'], base_paths=['.'], packages_ignore=None, packages_ignore_regex=None, paths=None, packages_up_to=None, packages_up_to_regex=None, packages_above=None, packages_above_and_dependencies=None, packages_above_depth=None, packages_select_by_dep=None, packages_skip_by_dep=None, packages_skip_up_to=None, packages_select_build_failed=False, packages_skip_build_finished=False, packages_select_test_failures=False, packages_skip_test_passed=False, packages_select=None, packages_skip=None, packages_select_regex=None, packages_skip_regex=None, packages_start=None, packages_end=None, allow_overriding=[], cmake_args=None, cmake_target=None, cmake_target_skip_unavailable=False, cmake_clean_cache=False, cmake_clean_first=False, cmake_force_configure=False, ament_cmake_args=None, catkin_cmake_args=None, catkin_skip_building_tests=False, verb_parser=<colcon_defaults.argument_parser.defaults.DefaultArgumentsDecorator object at 0x7c37fe31fbe0>, verb_extension=<colcon_core.verb.build.BuildVerb object at 0x7c37fe31f670>, main=<bound method BuildVerb.main of <colcon_core.verb.build.BuildVerb object at 0x7c37fe31f670>>)
[0.140s] Level 1:colcon.colcon_core.package_discovery:discover_packages(colcon_meta) check parameters
[0.140s] Level 1:colcon.colcon_core.package_discovery:discover_packages(recursive) check parameters
[0.140s] Level 1:colcon.colcon_core.package_discovery:discover_packages(ignore) check parameters
[0.140s] Level 1:colcon.colcon_core.package_discovery:discover_packages(path) check parameters
[0.140s] Level 1:colcon.colcon_core.package_discovery:discover_packages(colcon_meta) discover
[0.140s] Level 1:colcon.colcon_core.package_discovery:discover_packages(recursive) discover
[0.140s] INFO:colcon.colcon_core.package_discovery:Crawling recursively for packages in '/home/deepblue/ros2_autonomous_cpp'
[0.140s] Level 1:colcon.colcon_core.package_identification:_identify(.) by extensions ['ignore', 'ignore_ament_install']
[0.140s] Level 1:colcon.colcon_core.package_identification:_identify(.) by extension 'ignore'
[0.140s] Level 1:colcon.colcon_core.package_identification:_identify(.) by extension 'ignore_ament_install'
[0.140s] Level 1:colcon.colcon_core.package_identification:_identify(.) by extensions ['colcon_pkg']
[0.140s] Level 1:colcon.colcon_core.package_identification:_identify(.) by extension 'colcon_pkg'
[0.140s] Level 1:colcon.colcon_core.package_identification:_identify(.) by extensions ['colcon_meta']
[0.140s] Level 1:colcon.colcon_core.package_identification:_identify(.) by extension 'colcon_meta'
[0.140s] Level 1:colcon.colcon_core.package_identification:_identify(.) by extensions ['ros']
[0.140s] Level 1:colcon.colcon_core.package_identification:_identify(.) by extension 'ros'
[0.147s] Level 1:colcon.colcon_core.package_identification:_identify(.) by extensions ['cmake', 'python']
[0.147s] Level 1:colcon.colcon_core.package_identification:_identify(.) by extension 'cmake'
[0.147s] Level 1:colcon.colcon_core.package_identification:_identify(.) by extension 'python'
[0.147s] Level 1:colcon.colcon_core.package_identification:_identify(.) by extensions ['python_setup_py']
[0.147s] Level 1:colcon.colcon_core.package_identification:_identify(.) by extension 'python_setup_py'
[0.147s] Level 1:colcon.colcon_core.package_identification:_identify(build) by extensions ['ignore', 'ignore_ament_install']
[0.147s] Level 1:colcon.colcon_core.package_identification:_identify(build) by extension 'ignore'
[0.147s] Level 1:colcon.colcon_core.package_identification:_identify(build) ignored
[0.147s] Level 1:colcon.colcon_core.package_identification:_identify(install) by extensions ['ignore', 'ignore_ament_install']
[0.147s] Level 1:colcon.colcon_core.package_identification:_identify(install) by extension 'ignore'
[0.147s] Level 1:colcon.colcon_core.package_identification:_identify(install) ignored
[0.147s] Level 1:colcon.colcon_core.package_identification:_identify(log) by extensions ['ignore', 'ignore_ament_install']
[0.147s] Level 1:colcon.colcon_core.package_identification:_identify(log) by extension 'ignore'
[0.147s] Level 1:colcon.colcon_core.package_identification:_identify(log) ignored
[0.147s] Level 1:colcon.colcon_core.package_identification:_identify(src) by extensions ['ignore', 'ignore_ament_install']
[0.147s] Level 1:colcon.colcon_core.package_identification:_identify(src) by extension 'ignore'
[0.147s] Level 1:colcon.colcon_core.package_identification:_identify(src) by extension 'ignore_ament_install'
[0.147s] Level 1:colcon.colcon_core.package_identification:_identify(src) by extensions ['colcon_pkg']
[0.147s] Level 1:colcon.colcon_core.package_identification:_identify(src) by extension 'colcon_pkg'
[0.147s] Level 1:colcon.colcon_core.package_identification:_identify(src) by extensions ['colcon_meta']
[0.147s] Level 1:colcon.colcon_core.package_identification:_identify(src) by extension 'colcon_meta'
[0.147s] Level 1:colcon.colcon_core.package_identification:_identify(src) by extensions ['ros']
[0.147s] Level 1:colcon.colcon_core.package_identification:_identify(src) by extension 'ros'
[0.147s] Level 1:colcon.colcon_core.package_identification:_identify(src) by extensions ['cmake', 'python']
[0.147s] Level 1:colcon.colcon_core.package_identification:_identify(src) by extension 'cmake'
[0.147s] Level 1:colcon.colcon_core.package_identification:_identify(src) by extension 'python'
[0.147s] Level 1:colcon.colcon_core.package_identification:_identify(src) by extensions ['python_setup_py']
[0.147s] Level 1:colcon.colcon_core.package_identification:_identify(src) by extension 'python_setup_py'
[0.148s] Level 1:colcon.colcon_core.package_identification:_identify(src/bringup) by extensions ['ignore', 'ignore_ament_install']
[0.148s] Level 1:colcon.colcon_core.package_identification:_identify(src/bringup) by extension 'ignore'
[0.148s] Level 1:colcon.colcon_core.package_identification:_identify(src/bringup) by extension 'ignore_ament_install'
[0.148s] Level 1:colcon.colcon_core.package_identification:_identify(src/bringup) by extensions ['colcon_pkg']
[0.148s] Level 1:colcon.colcon_core.package_identification:_identify(src/bringup) by extension 'colcon_pkg'
[0.148s] Level 1:colcon.colcon_core.package_identification:_identify(src/bringup) by extensions ['colcon_meta']
[0.148s] Level 1:colcon.colcon_core.package_identification:_identify(src/bringup) by extension 'colcon_meta'
[0.148s] Level 1:colcon.colcon_core.package_identification:_identify(src/bringup) by extensions ['ros']
[0.148s] Level 1:colcon.colcon_core.package_identification:_identify(src/bringup) by extension 'ros'
[0.149s] DEBUG:colcon.colcon_core.package_identification:Package 'src/bringup' with type 'ros.ament_cmake' and name 'bringup'
[0.149s] Level 1:colcon.colcon_core.package_identification:_identify(src/common) by extensions ['ignore', 'ignore_ament_install']
[0.149s] Level 1:colcon.colcon_core.package_identification:_identify(src/common) by extension 'ignore'
[0.149s] Level 1:colcon.colcon_core.package_identification:_identify(src/common) by extension 'ignore_ament_install'
[0.149s] Level 1:colcon.colcon_core.package_identification:_identify(src/common) by extensions ['colcon_pkg']
[0.149s] Level 1:colcon.colcon_core.package_identification:_identify(src/common) by extension 'colcon_pkg'
[0.149s] Level 1:colcon.colcon_core.package_identification:_identify(src/common) by extensions ['colcon_meta']
[0.149s] Level 1:colcon.colcon_core.package_identification:_identify(src/common) by extension 'colcon_meta'
[0.149s] Level 1:colcon.colcon_core.package_identification:_identify(src/common) by extensions ['ros']
[0.149s] Level 1:colcon.colcon_core.package_identification:_identify(src/common) by extension 'ros'
[0.150s] DEBUG:colcon.colcon_core.package_identification:Package 'src/common' with type 'ros.ament_cmake' and name 'common'
[0.150s] Level 1:colcon.colcon_core.package_identification:_identify(src/decision) by extensions ['ignore', 'ignore_ament_install']
[0.150s] Level 1:colcon.colcon_core.package_identification:_identify(src/decision) by extension 'ignore'
[0.150s] Level 1:colcon.colcon_core.package_identification:_identify(src/decision) by extension 'ignore_ament_install'
[0.150s] Level 1:colcon.colcon_core.package_identification:_identify(src/decision) by extensions ['colcon_pkg']
[0.150s] Level 1:colcon.colcon_core.package_identification:_identify(src/decision) by extension 'colcon_pkg'
[0.150s] Level 1:colcon.colcon_core.package_identification:_identify(src/decision) by extensions ['colcon_meta']
[0.150s] Level 1:colcon.colcon_core.package_identification:_identify(src/decision) by extension 'colcon_meta'
[0.150s] Level 1:colcon.colcon_core.package_identification:_identify(src/decision) by extensions ['ros']
[0.150s] Level 1:colcon.colcon_core.package_identification:_identify(src/decision) by extension 'ros'
[0.150s] DEBUG:colcon.colcon_core.package_identification:Package 'src/decision' with type 'ros.ament_cmake' and name 'decision'
[0.150s] Level 1:colcon.colcon_core.package_identification:_identify(src/drivers) by extensions ['ignore', 'ignore_ament_install']
[0.150s] Level 1:colcon.colcon_core.package_identification:_identify(src/drivers) by extension 'ignore'
[0.150s] Level 1:colcon.colcon_core.package_identification:_identify(src/drivers) by extension 'ignore_ament_install'
[0.151s] Level 1:colcon.colcon_core.package_identification:_identify(src/drivers) by extensions ['colcon_pkg']
[0.151s] Level 1:colcon.colcon_core.package_identification:_identify(src/drivers) by extension 'colcon_pkg'
[0.151s] Level 1:colcon.colcon_core.package_identification:_identify(src/drivers) by extensions ['colcon_meta']
[0.151s] Level 1:colcon.colcon_core.package_identification:_identify(src/drivers) by extension 'colcon_meta'
[0.151s] Level 1:colcon.colcon_core.package_identification:_identify(src/drivers) by extensions ['ros']
[0.151s] Level 1:colcon.colcon_core.package_identification:_identify(src/drivers) by extension 'ros'
[0.151s] Level 1:colcon.colcon_core.package_identification:_identify(src/drivers) by extensions ['cmake', 'python']
[0.151s] Level 1:colcon.colcon_core.package_identification:_identify(src/drivers) by extension 'cmake'
[0.151s] Level 1:colcon.colcon_core.package_identification:_identify(src/drivers) by extension 'python'
[0.151s] Level 1:colcon.colcon_core.package_identification:_identify(src/drivers) by extensions ['python_setup_py']
[0.151s] Level 1:colcon.colcon_core.package_identification:_identify(src/drivers) by extension 'python_setup_py'
[0.151s] Level 1:colcon.colcon_core.package_identification:_identify(src/drivers/arduino_driver) by extensions ['ignore', 'ignore_ament_install']
[0.151s] Level 1:colcon.colcon_core.package_identification:_identify(src/drivers/arduino_driver) by extension 'ignore'
[0.151s] Level 1:colcon.colcon_core.package_identification:_identify(src/drivers/arduino_driver) by extension 'ignore_ament_install'
[0.151s] Level 1:colcon.colcon_core.package_identification:_identify(src/drivers/arduino_driver) by extensions ['colcon_pkg']
[0.151s] Level 1:colcon.colcon_core.package_identification:_identify(src/drivers/arduino_driver) by extension 'colcon_pkg'
[0.151s] Level 1:colcon.colcon_core.package_identification:_identify(src/drivers/arduino_driver) by extensions ['colcon_meta']
[0.151s] Level 1:colcon.colcon_core.package_identification:_identify(src/drivers/arduino_driver) by extension 'colcon_meta'
[0.151s] Level 1:colcon.colcon_core.package_identification:_identify(src/drivers/arduino_driver) by extensions ['ros']
[0.151s] Level 1:colcon.colcon_core.package_identification:_identify(src/drivers/arduino_driver) by extension 'ros'
[0.151s] DEBUG:colcon.colcon_core.package_identification:Package 'src/drivers/arduino_driver' with type 'ros.ament_cmake' and name 'arduino_driver'
[0.151s] Level 1:colcon.colcon_core.package_identification:_identify(src/drivers/rplidar_driver) by extensions ['ignore', 'ignore_ament_install']
[0.151s] Level 1:colcon.colcon_core.package_identification:_identify(src/drivers/rplidar_driver) by extension 'ignore'
[0.151s] Level 1:colcon.colcon_core.package_identification:_identify(src/drivers/rplidar_driver) by extension 'ignore_ament_install'
[0.151s] Level 1:colcon.colcon_core.package_identification:_identify(src/drivers/rplidar_driver) by extensions ['colcon_pkg']
[0.151s] Level 1:colcon.colcon_core.package_identification:_identify(src/drivers/rplidar_driver) by extension 'colcon_pkg'
[0.151s] Level 1:colcon.colcon_core.package_identification:_identify(src/drivers/rplidar_driver) by extensions ['colcon_meta']
[0.151s] Level 1:colcon.colcon_core.package_identification:_identify(src/drivers/rplidar_driver) by extension 'colcon_meta'
[0.151s] Level 1:colcon.colcon_core.package_identification:_identify(src/drivers/rplidar_driver) by extensions ['ros']
[0.152s] Level 1:colcon.colcon_core.package_identification:_identify(src/drivers/rplidar_driver) by extension 'ros'
[0.152s] DEBUG:colcon.colcon_core.package_identification:Package 'src/drivers/rplidar_driver' with type 'ros.ament_cmake' and name 'rplidar_driver'
[0.152s] Level 1:colcon.colcon_core.package_identification:_identify(src/drivers/ultrasonic_driver) by extensions ['ignore', 'ignore_ament_install']
[0.152s] Level 1:colcon.colcon_core.package_identification:_identify(src/drivers/ultrasonic_driver) by extension 'ignore'
[0.152s] Level 1:colcon.colcon_core.package_identification:_identify(src/drivers/ultrasonic_driver) by extension 'ignore_ament_install'
[0.152s] Level 1:colcon.colcon_core.package_identification:_identify(src/drivers/ultrasonic_driver) by extensions ['colcon_pkg']
[0.152s] Level 1:colcon.colcon_core.package_identification:_identify(src/drivers/ultrasonic_driver) by extension 'colcon_pkg'
[0.152s] Level 1:colcon.colcon_core.package_identification:_identify(src/drivers/ultrasonic_driver) by extensions ['colcon_meta']
[0.152s] Level 1:colcon.colcon_core.package_identification:_identify(src/drivers/ultrasonic_driver) by extension 'colcon_meta'
[0.152s] Level 1:colcon.colcon_core.package_identification:_identify(src/drivers/ultrasonic_driver) by extensions ['ros']
[0.152s] Level 1:colcon.colcon_core.package_identification:_identify(src/drivers/ultrasonic_driver) by extension 'ros'
[0.152s] DEBUG:colcon.colcon_core.package_identification:Package 'src/drivers/ultrasonic_driver' with type 'ros.ament_cmake' and name 'ultrasonic_driver'
[0.152s] Level 1:colcon.colcon_core.package_identification:_identify(src/drivers/usb_cam_driver) by extensions ['ignore', 'ignore_ament_install']
[0.152s] Level 1:colcon.colcon_core.package_identification:_identify(src/drivers/usb_cam_driver) by extension 'ignore'
[0.152s] Level 1:colcon.colcon_core.package_identification:_identify(src/drivers/usb_cam_driver) by extension 'ignore_ament_install'
[0.152s] Level 1:colcon.colcon_core.package_identification:_identify(src/drivers/usb_cam_driver) by extensions ['colcon_pkg']
[0.152s] Level 1:colcon.colcon_core.package_identification:_identify(src/drivers/usb_cam_driver) by extension 'colcon_pkg'
[0.152s] Level 1:colcon.colcon_core.package_identification:_identify(src/drivers/usb_cam_driver) by extensions ['colcon_meta']
[0.152s] Level 1:colcon.colcon_core.package_identification:_identify(src/drivers/usb_cam_driver) by extension 'colcon_meta'
[0.152s] Level 1:colcon.colcon_core.package_identification:_identify(src/drivers/usb_cam_driver) by extensions ['ros']
[0.152s] Level 1:colcon.colcon_core.package_identification:_identify(src/drivers/usb_cam_driver) by extension 'ros'
[0.153s] DEBUG:colcon.colcon_core.package_identification:Package 'src/drivers/usb_cam_driver' with type 'ros.ament_cmake' and name 'usb_cam_driver'
[0.153s] Level 1:colcon.colcon_core.package_identification:_identify(src/perception_pkg) by extensions ['ignore', 'ignore_ament_install']
[0.153s] Level 1:colcon.colcon_core.package_identification:_identify(src/perception_pkg) by extension 'ignore'
[0.153s] Level 1:colcon.colcon_core.package_identification:_identify(src/perception_pkg) by extension 'ignore_ament_install'
[0.153s] Level 1:colcon.colcon_core.package_identification:_identify(src/perception_pkg) by extensions ['colcon_pkg']
[0.153s] Level 1:colcon.colcon_core.package_identification:_identify(src/perception_pkg) by extension 'colcon_pkg'
[0.153s] Level 1:colcon.colcon_core.package_identification:_identify(src/perception_pkg) by extensions ['colcon_meta']
[0.153s] Level 1:colcon.colcon_core.package_identification:_identify(src/perception_pkg) by extension 'colcon_meta'
[0.153s] Level 1:colcon.colcon_core.package_identification:_identify(src/perception_pkg) by extensions ['ros']
[0.153s] Level 1:colcon.colcon_core.package_identification:_identify(src/perception_pkg) by extension 'ros'
[0.154s] DEBUG:colcon.colcon_core.package_identification:Package 'src/perception_pkg' with type 'ros.ament_cmake' and name 'perception_pkg'
[0.154s] Level 1:colcon.colcon_core.package_discovery:discover_packages(recursive) using defaults
[0.154s] Level 1:colcon.colcon_core.package_discovery:discover_packages(ignore) discover
[0.154s] Level 1:colcon.colcon_core.package_discovery:discover_packages(ignore) using defaults
[0.154s] Level 1:colcon.colcon_core.package_discovery:discover_packages(path) discover
[0.154s] Level 1:colcon.colcon_core.package_discovery:discover_packages(path) using defaults
[0.166s] Level 1:colcon.colcon_core.package_discovery:discover_packages(prefix_path) check parameters
[0.166s] Level 1:colcon.colcon_core.package_discovery:discover_packages(prefix_path) discover
[0.167s] DEBUG:colcon.colcon_installed_package_information.package_discovery:Found 280 installed packages in /opt/ros/humble
[0.178s] Level 1:colcon.colcon_core.package_discovery:discover_packages(prefix_path) using defaults
[0.196s] Level 5:colcon.colcon_core.verb:set package 'arduino_driver' build argument 'cmake_args' from command line to 'None'
[0.196s] Level 5:colcon.colcon_core.verb:set package 'arduino_driver' build argument 'cmake_target' from command line to 'None'
[0.196s] Level 5:colcon.colcon_core.verb:set package 'arduino_driver' build argument 'cmake_target_skip_unavailable' from command line to 'False'
[0.196s] Level 5:colcon.colcon_core.verb:set package 'arduino_driver' build argument 'cmake_clean_cache' from command line to 'False'
[0.196s] Level 5:colcon.colcon_core.verb:set package 'arduino_driver' build argument 'cmake_clean_first' from command line to 'False'
[0.196s] Level 5:colcon.colcon_core.verb:set package 'arduino_driver' build argument 'cmake_force_configure' from command line to 'False'
[0.196s] Level 5:colcon.colcon_core.verb:set package 'arduino_driver' build argument 'ament_cmake_args' from command line to 'None'
[0.196s] Level 5:colcon.colcon_core.verb:set package 'arduino_driver' build argument 'catkin_cmake_args' from command line to 'None'
[0.196s] Level 5:colcon.colcon_core.verb:set package 'arduino_driver' build argument 'catkin_skip_building_tests' from command line to 'False'
[0.196s] DEBUG:colcon.colcon_core.verb:Building package 'arduino_driver' with the following arguments: {'ament_cmake_args': None, 'build_base': '/home/deepblue/ros2_autonomous_cpp/build/arduino_driver', 'catkin_cmake_args': None, 'catkin_skip_building_tests': False, 'cmake_args': None, 'cmake_clean_cache': False, 'cmake_clean_first': False, 'cmake_force_configure': False, 'cmake_target': None, 'cmake_target_skip_unavailable': False, 'install_base': '/home/deepblue/ros2_autonomous_cpp/install/arduino_driver', 'merge_install': False, 'path': '/home/deepblue/ros2_autonomous_cpp/src/drivers/arduino_driver', 'symlink_install': False, 'test_result_base': None}
[0.196s] Level 5:colcon.colcon_core.verb:set package 'common' build argument 'cmake_args' from command line to 'None'
[0.196s] Level 5:colcon.colcon_core.verb:set package 'common' build argument 'cmake_target' from command line to 'None'
[0.196s] Level 5:colcon.colcon_core.verb:set package 'common' build argument 'cmake_target_skip_unavailable' from command line to 'False'
[0.196s] Level 5:colcon.colcon_core.verb:set package 'common' build argument 'cmake_clean_cache' from command line to 'False'
[0.196s] Level 5:colcon.colcon_core.verb:set package 'common' build argument 'cmake_clean_first' from command line to 'False'
[0.196s] Level 5:colcon.colcon_core.verb:set package 'common' build argument 'cmake_force_configure' from command line to 'False'
[0.196s] Level 5:colcon.colcon_core.verb:set package 'common' build argument 'ament_cmake_args' from command line to 'None'
[0.196s] Level 5:colcon.colcon_core.verb:set package 'common' build argument 'catkin_cmake_args' from command line to 'None'
[0.196s] Level 5:colcon.colcon_core.verb:set package 'common' build argument 'catkin_skip_building_tests' from command line to 'False'
[0.196s] DEBUG:colcon.colcon_core.verb:Building package 'common' with the following arguments: {'ament_cmake_args': None, 'build_base': '/home/deepblue/ros2_autonomous_cpp/build/common', 'catkin_cmake_args': None, 'catkin_skip_building_tests': False, 'cmake_args': None, 'cmake_clean_cache': False, 'cmake_clean_first': False, 'cmake_force_configure': False, 'cmake_target': None, 'cmake_target_skip_unavailable': False, 'install_base': '/home/deepblue/ros2_autonomous_cpp/install/common', 'merge_install': False, 'path': '/home/deepblue/ros2_autonomous_cpp/src/common', 'symlink_install': False, 'test_result_base': None}
[0.196s] Level 5:colcon.colcon_core.verb:set package 'decision' build argument 'cmake_args' from command line to 'None'
[0.196s] Level 5:colcon.colcon_core.verb:set package 'decision' build argument 'cmake_target' from command line to 'None'
[0.196s] Level 5:colcon.colcon_core.verb:set package 'decision' build argument 'cmake_target_skip_unavailable' from command line to 'False'
[0.196s] Level 5:colcon.colcon_core.verb:set package 'decision' build argument 'cmake_clean_cache' from command line to 'False'
[0.196s] Level 5:colcon.colcon_core.verb:set package 'decision' build argument 'cmake_clean_first' from command line to 'False'
[0.196s] Level 5:colcon.colcon_core.verb:set package 'decision' build argument 'cmake_force_configure' from command line to 'False'
[0.196s] Level 5:colcon.colcon_core.verb:set package 'decision' build argument 'ament_cmake_args' from command line to 'None'
[0.196s] Level 5:colcon.colcon_core.verb:set package 'decision' build argument 'catkin_cmake_args' from command line to 'None'
[0.196s] Level 5:colcon.colcon_core.verb:set package 'decision' build argument 'catkin_skip_building_tests' from command line to 'False'
[0.196s] DEBUG:colcon.colcon_core.verb:Building package 'decision' with the following arguments: {'ament_cmake_args': None, 'build_base': '/home/deepblue/ros2_autonomous_cpp/build/decision', 'catkin_cmake_args': None, 'catkin_skip_building_tests': False, 'cmake_args': None, 'cmake_clean_cache': False, 'cmake_clean_first': False, 'cmake_force_configure': False, 'cmake_target': None, 'cmake_target_skip_unavailable': False, 'install_base': '/home/deepblue/ros2_autonomous_cpp/install/decision', 'merge_install': False, 'path': '/home/deepblue/ros2_autonomous_cpp/src/decision', 'symlink_install': False, 'test_result_base': None}
[0.196s] Level 5:colcon.colcon_core.verb:set package 'perception_pkg' build argument 'cmake_args' from command line to 'None'
[0.196s] Level 5:colcon.colcon_core.verb:set package 'perception_pkg' build argument 'cmake_target' from command line to 'None'
[0.197s] Level 5:colcon.colcon_core.verb:set package 'perception_pkg' build argument 'cmake_target_skip_unavailable' from command line to 'False'
[0.197s] Level 5:colcon.colcon_core.verb:set package 'perception_pkg' build argument 'cmake_clean_cache' from command line to 'False'
[0.197s] Level 5:colcon.colcon_core.verb:set package 'perception_pkg' build argument 'cmake_clean_first' from command line to 'False'
[0.197s] Level 5:colcon.colcon_core.verb:set package 'perception_pkg' build argument 'cmake_force_configure' from command line to 'False'
[0.197s] Level 5:colcon.colcon_core.verb:set package 'perception_pkg' build argument 'ament_cmake_args' from command line to 'None'
[0.197s] Level 5:colcon.colcon_core.verb:set package 'perception_pkg' build argument 'catkin_cmake_args' from command line to 'None'
[0.197s] Level 5:colcon.colcon_core.verb:set package 'perception_pkg' build argument 'catkin_skip_building_tests' from command line to 'False'
[0.197s] DEBUG:colcon.colcon_core.verb:Building package 'perception_pkg' with the following arguments: {'ament_cmake_args': None, 'build_base': '/home/deepblue/ros2_autonomous_cpp/build/perception_pkg', 'catkin_cmake_args': None, 'catkin_skip_building_tests': False, 'cmake_args': None, 'cmake_clean_cache': False, 'cmake_clean_first': False, 'cmake_force_configure': False, 'cmake_target': None, 'cmake_target_skip_unavailable': False, 'install_base': '/home/deepblue/ros2_autonomous_cpp/install/perception_pkg', 'merge_install': False, 'path': '/home/deepblue/ros2_autonomous_cpp/src/perception_pkg', 'symlink_install': False, 'test_result_base': None}
[0.197s] Level 5:colcon.colcon_core.verb:set package 'rplidar_driver' build argument 'cmake_args' from command line to 'None'
[0.197s] Level 5:colcon.colcon_core.verb:set package 'rplidar_driver' build argument 'cmake_target' from command line to 'None'
[0.197s] Level 5:colcon.colcon_core.verb:set package 'rplidar_driver' build argument 'cmake_target_skip_unavailable' from command line to 'False'
[0.197s] Level 5:colcon.colcon_core.verb:set package 'rplidar_driver' build argument 'cmake_clean_cache' from command line to 'False'
[0.197s] Level 5:colcon.colcon_core.verb:set package 'rplidar_driver' build argument 'cmake_clean_first' from command line to 'False'
[0.197s] Level 5:colcon.colcon_core.verb:set package 'rplidar_driver' build argument 'cmake_force_configure' from command line to 'False'
[0.197s] Level 5:colcon.colcon_core.verb:set package 'rplidar_driver' build argument 'ament_cmake_args' from command line to 'None'
[0.197s] Level 5:colcon.colcon_core.verb:set package 'rplidar_driver' build argument 'catkin_cmake_args' from command line to 'None'
[0.197s] Level 5:colcon.colcon_core.verb:set package 'rplidar_driver' build argument 'catkin_skip_building_tests' from command line to 'False'
[0.197s] DEBUG:colcon.colcon_core.verb:Building package 'rplidar_driver' with the following arguments: {'ament_cmake_args': None, 'build_base': '/home/deepblue/ros2_autonomous_cpp/build/rplidar_driver', 'catkin_cmake_args': None, 'catkin_skip_building_tests': False, 'cmake_args': None, 'cmake_clean_cache': False, 'cmake_clean_first': False, 'cmake_force_configure': False, 'cmake_target': None, 'cmake_target_skip_unavailable': False, 'install_base': '/home/deepblue/ros2_autonomous_cpp/install/rplidar_driver', 'merge_install': False, 'path': '/home/deepblue/ros2_autonomous_cpp/src/drivers/rplidar_driver', 'symlink_install': False, 'test_result_base': None}
[0.197s] Level 5:colcon.colcon_core.verb:set package 'ultrasonic_driver' build argument 'cmake_args' from command line to 'None'
[0.197s] Level 5:colcon.colcon_core.verb:set package 'ultrasonic_driver' build argument 'cmake_target' from command line to 'None'
[0.197s] Level 5:colcon.colcon_core.verb:set package 'ultrasonic_driver' build argument 'cmake_target_skip_unavailable' from command line to 'False'
[0.197s] Level 5:colcon.colcon_core.verb:set package 'ultrasonic_driver' build argument 'cmake_clean_cache' from command line to 'False'
[0.197s] Level 5:colcon.colcon_core.verb:set package 'ultrasonic_driver' build argument 'cmake_clean_first' from command line to 'False'
[0.197s] Level 5:colcon.colcon_core.verb:set package 'ultrasonic_driver' build argument 'cmake_force_configure' from command line to 'False'
[0.197s] Level 5:colcon.colcon_core.verb:set package 'ultrasonic_driver' build argument 'ament_cmake_args' from command line to 'None'
[0.197s] Level 5:colcon.colcon_core.verb:set package 'ultrasonic_driver' build argument 'catkin_cmake_args' from command line to 'None'
[0.197s] Level 5:colcon.colcon_core.verb:set package 'ultrasonic_driver' build argument 'catkin_skip_building_tests' from command line to 'False'
[0.197s] DEBUG:colcon.colcon_core.verb:Building package 'ultrasonic_driver' with the following arguments: {'ament_cmake_args': None, 'build_base': '/home/deepblue/ros2_autonomous_cpp/build/ultrasonic_driver', 'catkin_cmake_args': None, 'catkin_skip_building_tests': False, 'cmake_args': None, 'cmake_clean_cache': False, 'cmake_clean_first': False, 'cmake_force_configure': False, 'cmake_target': None, 'cmake_target_skip_unavailable': False, 'install_base': '/home/deepblue/ros2_autonomous_cpp/install/ultrasonic_driver', 'merge_install': False, 'path': '/home/deepblue/ros2_autonomous_cpp/src/drivers/ultrasonic_driver', 'symlink_install': False, 'test_result_base': None}
[0.197s] Level 5:colcon.colcon_core.verb:set package 'usb_cam_driver' build argument 'cmake_args' from command line to 'None'
[0.197s] Level 5:colcon.colcon_core.verb:set package 'usb_cam_driver' build argument 'cmake_target' from command line to 'None'
[0.197s] Level 5:colcon.colcon_core.verb:set package 'usb_cam_driver' build argument 'cmake_target_skip_unavailable' from command line to 'False'
[0.197s] Level 5:colcon.colcon_core.verb:set package 'usb_cam_driver' build argument 'cmake_clean_cache' from command line to 'False'
[0.197s] Level 5:colcon.colcon_core.verb:set package 'usb_cam_driver' build argument 'cmake_clean_first' from command line to 'False'
[0.197s] Level 5:colcon.colcon_core.verb:set package 'usb_cam_driver' build argument 'cmake_force_configure' from command line to 'False'
[0.197s] Level 5:colcon.colcon_core.verb:set package 'usb_cam_driver' build argument 'ament_cmake_args' from command line to 'None'
[0.197s] Level 5:colcon.colcon_core.verb:set package 'usb_cam_driver' build argument 'catkin_cmake_args' from command line to 'None'
[0.197s] Level 5:colcon.colcon_core.verb:set package 'usb_cam_driver' build argument 'catkin_skip_building_tests' from command line to 'False'
[0.197s] DEBUG:colcon.colcon_core.verb:Building package 'usb_cam_driver' with the following arguments: {'ament_cmake_args': None, 'build_base': '/home/deepblue/ros2_autonomous_cpp/build/usb_cam_driver', 'catkin_cmake_args': None, 'catkin_skip_building_tests': False, 'cmake_args': None, 'cmake_clean_cache': False, 'cmake_clean_first': False, 'cmake_force_configure': False, 'cmake_target': None, 'cmake_target_skip_unavailable': False, 'install_base': '/home/deepblue/ros2_autonomous_cpp/install/usb_cam_driver', 'merge_install': False, 'path': '/home/deepblue/ros2_autonomous_cpp/src/drivers/usb_cam_driver', 'symlink_install': False, 'test_result_base': None}
[0.197s] Level 5:colcon.colcon_core.verb:set package 'bringup' build argument 'cmake_args' from command line to 'None'
[0.197s] Level 5:colcon.colcon_core.verb:set package 'bringup' build argument 'cmake_target' from command line to 'None'
[0.197s] Level 5:colcon.colcon_core.verb:set package 'bringup' build argument 'cmake_target_skip_unavailable' from command line to 'False'
[0.197s] Level 5:colcon.colcon_core.verb:set package 'bringup' build argument 'cmake_clean_cache' from command line to 'False'
[0.197s] Level 5:colcon.colcon_core.verb:set package 'bringup' build argument 'cmake_clean_first' from command line to 'False'
[0.197s] Level 5:colcon.colcon_core.verb:set package 'bringup' build argument 'cmake_force_configure' from command line to 'False'
[0.197s] Level 5:colcon.colcon_core.verb:set package 'bringup' build argument 'ament_cmake_args' from command line to 'None'
[0.197s] Level 5:colcon.colcon_core.verb:set package 'bringup' build argument 'catkin_cmake_args' from command line to 'None'
[0.198s] Level 5:colcon.colcon_core.verb:set package 'bringup' build argument 'catkin_skip_building_tests' from command line to 'False'
[0.198s] DEBUG:colcon.colcon_core.verb:Building package 'bringup' with the following arguments: {'ament_cmake_args': None, 'build_base': '/home/deepblue/ros2_autonomous_cpp/build/bringup', 'catkin_cmake_args': None, 'catkin_skip_building_tests': False, 'cmake_args': None, 'cmake_clean_cache': False, 'cmake_clean_first': False, 'cmake_force_configure': False, 'cmake_target': None, 'cmake_target_skip_unavailable': False, 'install_base': '/home/deepblue/ros2_autonomous_cpp/install/bringup', 'merge_install': False, 'path': '/home/deepblue/ros2_autonomous_cpp/src/bringup', 'symlink_install': False, 'test_result_base': None}
[0.198s] INFO:colcon.colcon_core.executor:Executing jobs using 'parallel' executor
[0.198s] DEBUG:colcon.colcon_parallel_executor.executor.parallel:run_until_complete
[0.199s] INFO:colcon.colcon_ros.task.ament_cmake.build:Building ROS package in '/home/deepblue/ros2_autonomous_cpp/src/drivers/arduino_driver' with build type 'ament_cmake'
[0.199s] INFO:colcon.colcon_cmake.task.cmake.build:Building CMake package in '/home/deepblue/ros2_autonomous_cpp/src/drivers/arduino_driver'
[0.200s] INFO:colcon.colcon_core.plugin_system:Skipping extension 'colcon_core.shell.bat': Not used on non-Windows systems
[0.200s] INFO:colcon.colcon_core.shell:Skip shell extension 'powershell' for command environment: Not usable outside of PowerShell
[0.200s] DEBUG:colcon.colcon_core.shell:Skip shell extension 'dsv' for command environment
[0.202s] INFO:colcon.colcon_ros.task.ament_cmake.build:Building ROS package in '/home/deepblue/ros2_autonomous_cpp/src/decision' with build type 'ament_cmake'
[0.202s] INFO:colcon.colcon_cmake.task.cmake.build:Building CMake package in '/home/deepblue/ros2_autonomous_cpp/src/decision'
[0.202s] INFO:colcon.colcon_core.shell:Skip shell extension 'powershell' for command environment: Not usable outside of PowerShell
[0.202s] DEBUG:colcon.colcon_core.shell:Skip shell extension 'dsv' for command environment
[0.203s] INFO:colcon.colcon_ros.task.ament_cmake.build:Building ROS package in '/home/deepblue/ros2_autonomous_cpp/src/perception_pkg' with build type 'ament_cmake'
[0.203s] INFO:colcon.colcon_cmake.task.cmake.build:Building CMake package in '/home/deepblue/ros2_autonomous_cpp/src/perception_pkg'
[0.203s] INFO:colcon.colcon_core.shell:Skip shell extension 'powershell' for command environment: Not usable outside of PowerShell
[0.203s] DEBUG:colcon.colcon_core.shell:Skip shell extension 'dsv' for command environment
[0.205s] INFO:colcon.colcon_ros.task.ament_cmake.build:Building ROS package in '/home/deepblue/ros2_autonomous_cpp/src/drivers/rplidar_driver' with build type 'ament_cmake'
[0.205s] INFO:colcon.colcon_cmake.task.cmake.build:Building CMake package in '/home/deepblue/ros2_autonomous_cpp/src/drivers/rplidar_driver'
[0.205s] INFO:colcon.colcon_core.shell:Skip shell extension 'powershell' for command environment: Not usable outside of PowerShell
[0.205s] DEBUG:colcon.colcon_core.shell:Skip shell extension 'dsv' for command environment
[0.206s] INFO:colcon.colcon_ros.task.ament_cmake.build:Building ROS package in '/home/deepblue/ros2_autonomous_cpp/src/drivers/ultrasonic_driver' with build type 'ament_cmake'
[0.206s] INFO:colcon.colcon_cmake.task.cmake.build:Building CMake package in '/home/deepblue/ros2_autonomous_cpp/src/drivers/ultrasonic_driver'
[0.206s] INFO:colcon.colcon_core.shell:Skip shell extension 'powershell' for command environment: Not usable outside of PowerShell
[0.206s] DEBUG:colcon.colcon_core.shell:Skip shell extension 'dsv' for command environment
[0.208s] INFO:colcon.colcon_ros.task.ament_cmake.build:Building ROS package in '/home/deepblue/ros2_autonomous_cpp/src/drivers/usb_cam_driver' with build type 'ament_cmake'
[0.208s] INFO:colcon.colcon_cmake.task.cmake.build:Building CMake package in '/home/deepblue/ros2_autonomous_cpp/src/drivers/usb_cam_driver'
[0.208s] INFO:colcon.colcon_core.shell:Skip shell extension 'powershell' for command environment: Not usable outside of PowerShell
[0.208s] DEBUG:colcon.colcon_core.shell:Skip shell extension 'dsv' for command environment
[0.209s] INFO:colcon.colcon_ros.task.ament_cmake.build:Building ROS package in '/home/deepblue/ros2_autonomous_cpp/src/common' with build type 'ament_cmake'
[0.209s] INFO:colcon.colcon_cmake.task.cmake.build:Building CMake package in '/home/deepblue/ros2_autonomous_cpp/src/common'
[0.209s] INFO:colcon.colcon_core.shell:Skip shell extension 'powershell' for command environment: Not usable outside of PowerShell
[0.209s] DEBUG:colcon.colcon_core.shell:Skip shell extension 'dsv' for command environment
[0.213s] DEBUG:colcon.colcon_core.event_handler.log_command:Invoking command in '/home/deepblue/ros2_autonomous_cpp/build/arduino_driver': CMAKE_PREFIX_PATH=/opt/ros/humble /usr/bin/cmake /home/deepblue/ros2_autonomous_cpp/src/drivers/arduino_driver -DCMAKE_INSTALL_PREFIX=/home/deepblue/ros2_autonomous_cpp/install/arduino_driver
[0.214s] DEBUG:colcon.colcon_core.event_handler.log_command:Invoking command in '/home/deepblue/ros2_autonomous_cpp/build/decision': CMAKE_PREFIX_PATH=/opt/ros/humble /usr/bin/cmake /home/deepblue/ros2_autonomous_cpp/src/decision -DCMAKE_INSTALL_PREFIX=/home/deepblue/ros2_autonomous_cpp/install/decision
[0.215s] DEBUG:colcon.colcon_core.event_handler.log_command:Invoking command in '/home/deepblue/ros2_autonomous_cpp/build/perception_pkg': CMAKE_PREFIX_PATH=/opt/ros/humble /usr/bin/cmake --build /home/deepblue/ros2_autonomous_cpp/build/perception_pkg -- -j16 -l16
[0.217s] DEBUG:colcon.colcon_core.event_handler.log_command:Invoking command in '/home/deepblue/ros2_autonomous_cpp/build/rplidar_driver': CMAKE_PREFIX_PATH=/opt/ros/humble /usr/bin/cmake /home/deepblue/ros2_autonomous_cpp/src/drivers/rplidar_driver -DCMAKE_INSTALL_PREFIX=/home/deepblue/ros2_autonomous_cpp/install/rplidar_driver
[0.219s] DEBUG:colcon.colcon_core.event_handler.log_command:Invoking command in '/home/deepblue/ros2_autonomous_cpp/build/ultrasonic_driver': CMAKE_PREFIX_PATH=/opt/ros/humble /usr/bin/cmake /home/deepblue/ros2_autonomous_cpp/src/drivers/ultrasonic_driver -DCMAKE_INSTALL_PREFIX=/home/deepblue/ros2_autonomous_cpp/install/ultrasonic_driver
[0.221s] DEBUG:colcon.colcon_core.event_handler.log_command:Invoking command in '/home/deepblue/ros2_autonomous_cpp/build/usb_cam_driver': CMAKE_PREFIX_PATH=/opt/ros/humble /usr/bin/cmake /home/deepblue/ros2_autonomous_cpp/src/drivers/usb_cam_driver -DCMAKE_INSTALL_PREFIX=/home/deepblue/ros2_autonomous_cpp/install/usb_cam_driver
[0.222s] DEBUG:colcon.colcon_core.event_handler.log_command:Invoking command in '/home/deepblue/ros2_autonomous_cpp/build/common': CMAKE_PREFIX_PATH=/opt/ros/humble /usr/bin/cmake /home/deepblue/ros2_autonomous_cpp/src/common -DCMAKE_INSTALL_PREFIX=/home/deepblue/ros2_autonomous_cpp/install/common
[0.278s] DEBUG:colcon.colcon_core.event_handler.log_command:Invoked command in '/home/deepblue/ros2_autonomous_cpp/build/perception_pkg' returned '0': CMAKE_PREFIX_PATH=/opt/ros/humble /usr/bin/cmake --build /home/deepblue/ros2_autonomous_cpp/build/perception_pkg -- -j16 -l16
[0.286s] DEBUG:colcon.colcon_core.event_handler.log_command:Invoking command in '/home/deepblue/ros2_autonomous_cpp/build/perception_pkg': CMAKE_PREFIX_PATH=/opt/ros/humble /usr/bin/cmake --install /home/deepblue/ros2_autonomous_cpp/build/perception_pkg
[0.303s] Level 1:colcon.colcon_core.environment:create_environment_scripts_only(perception_pkg)
[0.303s] DEBUG:colcon.colcon_core.event_handler.log_command:Invoked command in '/home/deepblue/ros2_autonomous_cpp/build/perception_pkg' returned '0': CMAKE_PREFIX_PATH=/opt/ros/humble /usr/bin/cmake --install /home/deepblue/ros2_autonomous_cpp/build/perception_pkg
[0.305s] Level 1:colcon.colcon_core.environment:checking '/home/deepblue/ros2_autonomous_cpp/install/perception_pkg' for CMake module files
[0.306s] Level 1:colcon.colcon_core.environment:checking '/home/deepblue/ros2_autonomous_cpp/install/perception_pkg' for CMake config files
[0.306s] Level 1:colcon.colcon_core.shell:create_environment_hook('perception_pkg', 'cmake_prefix_path')
[0.306s] INFO:colcon.colcon_core.shell:Creating environment hook '/home/deepblue/ros2_autonomous_cpp/install/perception_pkg/share/perception_pkg/hook/cmake_prefix_path.ps1'
[0.307s] INFO:colcon.colcon_core.shell:Creating environment descriptor '/home/deepblue/ros2_autonomous_cpp/install/perception_pkg/share/perception_pkg/hook/cmake_prefix_path.dsv'
[0.307s] INFO:colcon.colcon_core.shell:Creating environment hook '/home/deepblue/ros2_autonomous_cpp/install/perception_pkg/share/perception_pkg/hook/cmake_prefix_path.sh'
[0.308s] Level 1:colcon.colcon_core.environment:checking '/home/deepblue/ros2_autonomous_cpp/install/perception_pkg/lib'
[0.308s] Level 1:colcon.colcon_core.shell:create_environment_hook('perception_pkg', 'ld_library_path_lib')
[0.308s] INFO:colcon.colcon_core.shell:Creating environment hook '/home/deepblue/ros2_autonomous_cpp/install/perception_pkg/share/perception_pkg/hook/ld_library_path_lib.ps1'
[0.309s] INFO:colcon.colcon_core.shell:Creating environment descriptor '/home/deepblue/ros2_autonomous_cpp/install/perception_pkg/share/perception_pkg/hook/ld_library_path_lib.dsv'
[0.309s] INFO:colcon.colcon_core.shell:Creating environment hook '/home/deepblue/ros2_autonomous_cpp/install/perception_pkg/share/perception_pkg/hook/ld_library_path_lib.sh'
[0.309s] Level 1:colcon.colcon_core.environment:checking '/home/deepblue/ros2_autonomous_cpp/install/perception_pkg/bin'
[0.309s] Level 1:colcon.colcon_core.environment:checking '/home/deepblue/ros2_autonomous_cpp/install/perception_pkg/lib/pkgconfig/perception_pkg.pc'
[0.309s] Level 1:colcon.colcon_core.environment:checking '/home/deepblue/ros2_autonomous_cpp/install/perception_pkg/lib/python3.10/site-packages'
[0.310s] Level 1:colcon.colcon_core.environment:checking '/home/deepblue/ros2_autonomous_cpp/install/perception_pkg/bin'
[0.310s] INFO:colcon.colcon_core.shell:Creating package script '/home/deepblue/ros2_autonomous_cpp/install/perception_pkg/share/perception_pkg/package.ps1'
[0.310s] INFO:colcon.colcon_core.shell:Creating package descriptor '/home/deepblue/ros2_autonomous_cpp/install/perception_pkg/share/perception_pkg/package.dsv'
[0.311s] INFO:colcon.colcon_core.shell:Creating package script '/home/deepblue/ros2_autonomous_cpp/install/perception_pkg/share/perception_pkg/package.sh'
[0.311s] INFO:colcon.colcon_core.shell:Creating package script '/home/deepblue/ros2_autonomous_cpp/install/perception_pkg/share/perception_pkg/package.bash'
[0.311s] INFO:colcon.colcon_core.shell:Creating package script '/home/deepblue/ros2_autonomous_cpp/install/perception_pkg/share/perception_pkg/package.zsh'
[0.312s] Level 1:colcon.colcon_core.environment:create_file_with_runtime_dependencies(/home/deepblue/ros2_autonomous_cpp/install/perception_pkg/share/colcon-core/packages/perception_pkg)
[0.312s] Level 1:colcon.colcon_core.environment:create_environment_scripts_only(perception_pkg)
[0.312s] Level 1:colcon.colcon_core.environment:checking '/home/deepblue/ros2_autonomous_cpp/install/perception_pkg' for CMake module files
[0.313s] Level 1:colcon.colcon_core.environment:checking '/home/deepblue/ros2_autonomous_cpp/install/perception_pkg' for CMake config files
[0.313s] Level 1:colcon.colcon_core.shell:create_environment_hook('perception_pkg', 'cmake_prefix_path')
[0.313s] INFO:colcon.colcon_core.shell:Creating environment hook '/home/deepblue/ros2_autonomous_cpp/install/perception_pkg/share/perception_pkg/hook/cmake_prefix_path.ps1'
[0.313s] INFO:colcon.colcon_core.shell:Creating environment descriptor '/home/deepblue/ros2_autonomous_cpp/install/perception_pkg/share/perception_pkg/hook/cmake_prefix_path.dsv'
[0.314s] INFO:colcon.colcon_core.shell:Creating environment hook '/home/deepblue/ros2_autonomous_cpp/install/perception_pkg/share/perception_pkg/hook/cmake_prefix_path.sh'
[0.314s] Level 1:colcon.colcon_core.environment:checking '/home/deepblue/ros2_autonomous_cpp/install/perception_pkg/lib'
[0.314s] Level 1:colcon.colcon_core.shell:create_environment_hook('perception_pkg', 'ld_library_path_lib')
[0.314s] INFO:colcon.colcon_core.shell:Creating environment hook '/home/deepblue/ros2_autonomous_cpp/install/perception_pkg/share/perception_pkg/hook/ld_library_path_lib.ps1'
[0.314s] INFO:colcon.colcon_core.shell:Creating environment descriptor '/home/deepblue/ros2_autonomous_cpp/install/perception_pkg/share/perception_pkg/hook/ld_library_path_lib.dsv'
[0.315s] INFO:colcon.colcon_core.shell:Creating environment hook '/home/deepblue/ros2_autonomous_cpp/install/perception_pkg/share/perception_pkg/hook/ld_library_path_lib.sh'
[0.315s] Level 1:colcon.colcon_core.environment:checking '/home/deepblue/ros2_autonomous_cpp/install/perception_pkg/bin'
[0.315s] Level 1:colcon.colcon_core.environment:checking '/home/deepblue/ros2_autonomous_cpp/install/perception_pkg/lib/pkgconfig/perception_pkg.pc'
[0.315s] Level 1:colcon.colcon_core.environment:checking '/home/deepblue/ros2_autonomous_cpp/install/perception_pkg/lib/python3.10/site-packages'
[0.315s] Level 1:colcon.colcon_core.environment:checking '/home/deepblue/ros2_autonomous_cpp/install/perception_pkg/bin'
[0.316s] INFO:colcon.colcon_core.shell:Creating package script '/home/deepblue/ros2_autonomous_cpp/install/perception_pkg/share/perception_pkg/package.ps1'
[0.316s] INFO:colcon.colcon_core.shell:Creating package descriptor '/home/deepblue/ros2_autonomous_cpp/install/perception_pkg/share/perception_pkg/package.dsv'
[0.316s] INFO:colcon.colcon_core.shell:Creating package script '/home/deepblue/ros2_autonomous_cpp/install/perception_pkg/share/perception_pkg/package.sh'
[0.316s] INFO:colcon.colcon_core.shell:Creating package script '/home/deepblue/ros2_autonomous_cpp/install/perception_pkg/share/perception_pkg/package.bash'
[0.317s] INFO:colcon.colcon_core.shell:Creating package script '/home/deepblue/ros2_autonomous_cpp/install/perception_pkg/share/perception_pkg/package.zsh'
[0.317s] Level 1:colcon.colcon_core.environment:create_file_with_runtime_dependencies(/home/deepblue/ros2_autonomous_cpp/install/perception_pkg/share/colcon-core/packages/perception_pkg)
[0.359s] DEBUG:colcon.colcon_core.event_handler.log_command:Invoked command in '/home/deepblue/ros2_autonomous_cpp/build/rplidar_driver' returned '0': CMAKE_PREFIX_PATH=/opt/ros/humble /usr/bin/cmake /home/deepblue/ros2_autonomous_cpp/src/drivers/rplidar_driver -DCMAKE_INSTALL_PREFIX=/home/deepblue/ros2_autonomous_cpp/install/rplidar_driver
[0.360s] DEBUG:colcon.colcon_core.event_handler.log_command:Invoking command in '/home/deepblue/ros2_autonomous_cpp/build/rplidar_driver': CMAKE_PREFIX_PATH=/opt/ros/humble /usr/bin/cmake --build /home/deepblue/ros2_autonomous_cpp/build/rplidar_driver -- -j16 -l16
[0.362s] DEBUG:colcon.colcon_core.event_handler.log_command:Invoked command in '/home/deepblue/ros2_autonomous_cpp/build/usb_cam_driver' returned '0': CMAKE_PREFIX_PATH=/opt/ros/humble /usr/bin/cmake /home/deepblue/ros2_autonomous_cpp/src/drivers/usb_cam_driver -DCMAKE_INSTALL_PREFIX=/home/deepblue/ros2_autonomous_cpp/install/usb_cam_driver
[0.364s] DEBUG:colcon.colcon_core.event_handler.log_command:Invoking command in '/home/deepblue/ros2_autonomous_cpp/build/usb_cam_driver': CMAKE_PREFIX_PATH=/opt/ros/humble /usr/bin/cmake --build /home/deepblue/ros2_autonomous_cpp/build/usb_cam_driver -- -j16 -l16
[0.365s] DEBUG:colcon.colcon_core.event_handler.log_command:Invoked command in '/home/deepblue/ros2_autonomous_cpp/build/common' returned '0': CMAKE_PREFIX_PATH=/opt/ros/humble /usr/bin/cmake /home/deepblue/ros2_autonomous_cpp/src/common -DCMAKE_INSTALL_PREFIX=/home/deepblue/ros2_autonomous_cpp/install/common
[0.366s] DEBUG:colcon.colcon_core.event_handler.log_command:Invoking command in '/home/deepblue/ros2_autonomous_cpp/build/common': CMAKE_PREFIX_PATH=/opt/ros/humble /usr/bin/cmake --build /home/deepblue/ros2_autonomous_cpp/build/common -- -j16 -l16
[0.382s] DEBUG:colcon.colcon_core.event_handler.log_command:Invoked command in '/home/deepblue/ros2_autonomous_cpp/build/rplidar_driver' returned '0': CMAKE_PREFIX_PATH=/opt/ros/humble /usr/bin/cmake --build /home/deepblue/ros2_autonomous_cpp/build/rplidar_driver -- -j16 -l16
[0.384s] DEBUG:colcon.colcon_core.event_handler.log_command:Invoking command in '/home/deepblue/ros2_autonomous_cpp/build/rplidar_driver': CMAKE_PREFIX_PATH=/opt/ros/humble /usr/bin/cmake --install /home/deepblue/ros2_autonomous_cpp/build/rplidar_driver
[0.385s] DEBUG:colcon.colcon_core.event_handler.log_command:Invoked command in '/home/deepblue/ros2_autonomous_cpp/build/common' returned '0': CMAKE_PREFIX_PATH=/opt/ros/humble /usr/bin/cmake --build /home/deepblue/ros2_autonomous_cpp/build/common -- -j16 -l16
[0.386s] DEBUG:colcon.colcon_core.event_handler.log_command:Invoking command in '/home/deepblue/ros2_autonomous_cpp/build/common': CMAKE_PREFIX_PATH=/opt/ros/humble /usr/bin/cmake --install /home/deepblue/ros2_autonomous_cpp/build/common
[0.386s] DEBUG:colcon.colcon_core.event_handler.log_command:Invoked command in '/home/deepblue/ros2_autonomous_cpp/build/usb_cam_driver' returned '0': CMAKE_PREFIX_PATH=/opt/ros/humble /usr/bin/cmake --build /home/deepblue/ros2_autonomous_cpp/build/usb_cam_driver -- -j16 -l16
[0.387s] DEBUG:colcon.colcon_core.event_handler.log_command:Invoking command in '/home/deepblue/ros2_autonomous_cpp/build/usb_cam_driver': CMAKE_PREFIX_PATH=/opt/ros/humble /usr/bin/cmake --install /home/deepblue/ros2_autonomous_cpp/build/usb_cam_driver
[0.397s] Level 1:colcon.colcon_core.environment:create_environment_scripts_only(rplidar_driver)
[0.397s] DEBUG:colcon.colcon_core.event_handler.log_command:Invoked command in '/home/deepblue/ros2_autonomous_cpp/build/rplidar_driver' returned '0': CMAKE_PREFIX_PATH=/opt/ros/humble /usr/bin/cmake --install /home/deepblue/ros2_autonomous_cpp/build/rplidar_driver
[0.398s] Level 1:colcon.colcon_core.environment:checking '/home/deepblue/ros2_autonomous_cpp/install/rplidar_driver' for CMake module files
[0.398s] Level 1:colcon.colcon_core.environment:checking '/home/deepblue/ros2_autonomous_cpp/install/rplidar_driver' for CMake config files
[0.398s] Level 1:colcon.colcon_core.shell:create_environment_hook('rplidar_driver', 'cmake_prefix_path')
[0.398s] INFO:colcon.colcon_core.shell:Creating environment hook '/home/deepblue/ros2_autonomous_cpp/install/rplidar_driver/share/rplidar_driver/hook/cmake_prefix_path.ps1'
[0.399s] INFO:colcon.colcon_core.shell:Creating environment descriptor '/home/deepblue/ros2_autonomous_cpp/install/rplidar_driver/share/rplidar_driver/hook/cmake_prefix_path.dsv'
[0.399s] INFO:colcon.colcon_core.shell:Creating environment hook '/home/deepblue/ros2_autonomous_cpp/install/rplidar_driver/share/rplidar_driver/hook/cmake_prefix_path.sh'
[0.399s] Level 1:colcon.colcon_core.environment:checking '/home/deepblue/ros2_autonomous_cpp/install/rplidar_driver/bin'
[0.399s] Level 1:colcon.colcon_core.environment:checking '/home/deepblue/ros2_autonomous_cpp/install/rplidar_driver/lib/pkgconfig/rplidar_driver.pc'
[0.399s] Level 1:colcon.colcon_core.environment:checking '/home/deepblue/ros2_autonomous_cpp/install/rplidar_driver/lib/python3.10/site-packages'
[0.400s] Level 1:colcon.colcon_core.environment:checking '/home/deepblue/ros2_autonomous_cpp/install/rplidar_driver/bin'
[0.400s] INFO:colcon.colcon_core.shell:Creating package script '/home/deepblue/ros2_autonomous_cpp/install/rplidar_driver/share/rplidar_driver/package.ps1'
[0.400s] INFO:colcon.colcon_core.shell:Creating package descriptor '/home/deepblue/ros2_autonomous_cpp/install/rplidar_driver/share/rplidar_driver/package.dsv'
[0.400s] INFO:colcon.colcon_core.shell:Creating package script '/home/deepblue/ros2_autonomous_cpp/install/rplidar_driver/share/rplidar_driver/package.sh'
[0.401s] INFO:colcon.colcon_core.shell:Creating package script '/home/deepblue/ros2_autonomous_cpp/install/rplidar_driver/share/rplidar_driver/package.bash'
[0.401s] INFO:colcon.colcon_core.shell:Creating package script '/home/deepblue/ros2_autonomous_cpp/install/rplidar_driver/share/rplidar_driver/package.zsh'
[0.401s] Level 1:colcon.colcon_core.environment:create_file_with_runtime_dependencies(/home/deepblue/ros2_autonomous_cpp/install/rplidar_driver/share/colcon-core/packages/rplidar_driver)
[0.401s] Level 1:colcon.colcon_core.environment:create_environment_scripts_only(rplidar_driver)
[0.401s] Level 1:colcon.colcon_core.environment:checking '/home/deepblue/ros2_autonomous_cpp/install/rplidar_driver' for CMake module files
[0.401s] Level 1:colcon.colcon_core.environment:checking '/home/deepblue/ros2_autonomous_cpp/install/rplidar_driver' for CMake config files
[0.402s] Level 1:colcon.colcon_core.shell:create_environment_hook('rplidar_driver', 'cmake_prefix_path')
[0.402s] INFO:colcon.colcon_core.shell:Creating environment hook '/home/deepblue/ros2_autonomous_cpp/install/rplidar_driver/share/rplidar_driver/hook/cmake_prefix_path.ps1'
[0.402s] INFO:colcon.colcon_core.shell:Creating environment descriptor '/home/deepblue/ros2_autonomous_cpp/install/rplidar_driver/share/rplidar_driver/hook/cmake_prefix_path.dsv'
[0.402s] INFO:colcon.colcon_core.shell:Creating environment hook '/home/deepblue/ros2_autonomous_cpp/install/rplidar_driver/share/rplidar_driver/hook/cmake_prefix_path.sh'
[0.402s] Level 1:colcon.colcon_core.environment:checking '/home/deepblue/ros2_autonomous_cpp/install/rplidar_driver/bin'
[0.402s] Level 1:colcon.colcon_core.environment:checking '/home/deepblue/ros2_autonomous_cpp/install/rplidar_driver/lib/pkgconfig/rplidar_driver.pc'
[0.402s] Level 1:colcon.colcon_core.environment:checking '/home/deepblue/ros2_autonomous_cpp/install/rplidar_driver/lib/python3.10/site-packages'
[0.403s] Level 1:colcon.colcon_core.environment:checking '/home/deepblue/ros2_autonomous_cpp/install/rplidar_driver/bin'
[0.403s] INFO:colcon.colcon_core.shell:Creating package script '/home/deepblue/ros2_autonomous_cpp/install/rplidar_driver/share/rplidar_driver/package.ps1'
[0.403s] INFO:colcon.colcon_core.shell:Creating package descriptor '/home/deepblue/ros2_autonomous_cpp/install/rplidar_driver/share/rplidar_driver/package.dsv'
[0.403s] INFO:colcon.colcon_core.shell:Creating package script '/home/deepblue/ros2_autonomous_cpp/install/rplidar_driver/share/rplidar_driver/package.sh'
[0.403s] INFO:colcon.colcon_core.shell:Creating package script '/home/deepblue/ros2_autonomous_cpp/install/rplidar_driver/share/rplidar_driver/package.bash'
[0.403s] INFO:colcon.colcon_core.shell:Creating package script '/home/deepblue/ros2_autonomous_cpp/install/rplidar_driver/share/rplidar_driver/package.zsh'
[0.404s] Level 1:colcon.colcon_core.environment:create_file_with_runtime_dependencies(/home/deepblue/ros2_autonomous_cpp/install/rplidar_driver/share/colcon-core/packages/rplidar_driver)
[0.404s] Level 1:colcon.colcon_core.environment:create_environment_scripts_only(common)
[0.404s] Level 1:colcon.colcon_core.environment:checking '/home/deepblue/ros2_autonomous_cpp/install/common' for CMake module files
[0.405s] DEBUG:colcon.colcon_core.event_handler.log_command:Invoked command in '/home/deepblue/ros2_autonomous_cpp/build/common' returned '0': CMAKE_PREFIX_PATH=/opt/ros/humble /usr/bin/cmake --install /home/deepblue/ros2_autonomous_cpp/build/common
[0.405s] Level 1:colcon.colcon_core.environment:checking '/home/deepblue/ros2_autonomous_cpp/install/common' for CMake config files
[0.405s] Level 1:colcon.colcon_core.shell:create_environment_hook('common', 'cmake_prefix_path')
[0.405s] INFO:colcon.colcon_core.shell:Creating environment hook '/home/deepblue/ros2_autonomous_cpp/install/common/share/common/hook/cmake_prefix_path.ps1'
[0.405s] INFO:colcon.colcon_core.shell:Creating environment descriptor '/home/deepblue/ros2_autonomous_cpp/install/common/share/common/hook/cmake_prefix_path.dsv'
[0.406s] INFO:colcon.colcon_core.shell:Creating environment hook '/home/deepblue/ros2_autonomous_cpp/install/common/share/common/hook/cmake_prefix_path.sh'
[0.406s] Level 1:colcon.colcon_core.environment:checking '/home/deepblue/ros2_autonomous_cpp/install/common/lib'
[0.406s] Level 1:colcon.colcon_core.environment:checking '/home/deepblue/ros2_autonomous_cpp/install/common/bin'
[0.406s] Level 1:colcon.colcon_core.environment:checking '/home/deepblue/ros2_autonomous_cpp/install/common/lib/pkgconfig/common.pc'
[0.406s] Level 1:colcon.colcon_core.environment:checking '/home/deepblue/ros2_autonomous_cpp/install/common/lib/python3.10/site-packages'
[0.406s] Level 1:colcon.colcon_core.environment:checking '/home/deepblue/ros2_autonomous_cpp/install/common/bin'
[0.406s] INFO:colcon.colcon_core.shell:Creating package script '/home/deepblue/ros2_autonomous_cpp/install/common/share/common/package.ps1'
[0.407s] INFO:colcon.colcon_core.shell:Creating package descriptor '/home/deepblue/ros2_autonomous_cpp/install/common/share/common/package.dsv'
[0.407s] INFO:colcon.colcon_core.shell:Creating package script '/home/deepblue/ros2_autonomous_cpp/install/common/share/common/package.sh'
[0.407s] INFO:colcon.colcon_core.shell:Creating package script '/home/deepblue/ros2_autonomous_cpp/install/common/share/common/package.bash'
[0.407s] INFO:colcon.colcon_core.shell:Creating package script '/home/deepblue/ros2_autonomous_cpp/install/common/share/common/package.zsh'
[0.407s] Level 1:colcon.colcon_core.environment:create_file_with_runtime_dependencies(/home/deepblue/ros2_autonomous_cpp/install/common/share/colcon-core/packages/common)
[0.408s] Level 1:colcon.colcon_core.environment:create_environment_scripts_only(common)
[0.408s] Level 1:colcon.colcon_core.environment:checking '/home/deepblue/ros2_autonomous_cpp/install/common' for CMake module files
[0.408s] Level 1:colcon.colcon_core.environment:checking '/home/deepblue/ros2_autonomous_cpp/install/common' for CMake config files
[0.408s] Level 1:colcon.colcon_core.shell:create_environment_hook('common', 'cmake_prefix_path')
[0.408s] INFO:colcon.colcon_core.shell:Creating environment hook '/home/deepblue/ros2_autonomous_cpp/install/common/share/common/hook/cmake_prefix_path.ps1'
[0.408s] INFO:colcon.colcon_core.shell:Creating environment descriptor '/home/deepblue/ros2_autonomous_cpp/install/common/share/common/hook/cmake_prefix_path.dsv'
[0.409s] INFO:colcon.colcon_core.shell:Creating environment hook '/home/deepblue/ros2_autonomous_cpp/install/common/share/common/hook/cmake_prefix_path.sh'
[0.409s] Level 1:colcon.colcon_core.environment:checking '/home/deepblue/ros2_autonomous_cpp/install/common/lib'
[0.409s] Level 1:colcon.colcon_core.environment:checking '/home/deepblue/ros2_autonomous_cpp/install/common/bin'
[0.409s] Level 1:colcon.colcon_core.environment:checking '/home/deepblue/ros2_autonomous_cpp/install/common/lib/pkgconfig/common.pc'
[0.409s] Level 1:colcon.colcon_core.environment:checking '/home/deepblue/ros2_autonomous_cpp/install/common/lib/python3.10/site-packages'
[0.409s] Level 1:colcon.colcon_core.environment:checking '/home/deepblue/ros2_autonomous_cpp/install/common/bin'
[0.409s] INFO:colcon.colcon_core.shell:Creating package script '/home/deepblue/ros2_autonomous_cpp/install/common/share/common/package.ps1'
[0.410s] INFO:colcon.colcon_core.shell:Creating package descriptor '/home/deepblue/ros2_autonomous_cpp/install/common/share/common/package.dsv'
[0.410s] INFO:colcon.colcon_core.shell:Creating package script '/home/deepblue/ros2_autonomous_cpp/install/common/share/common/package.sh'
[0.410s] INFO:colcon.colcon_core.shell:Creating package script '/home/deepblue/ros2_autonomous_cpp/install/common/share/common/package.bash'
[0.410s] INFO:colcon.colcon_core.shell:Creating package script '/home/deepblue/ros2_autonomous_cpp/install/common/share/common/package.zsh'
[0.410s] Level 1:colcon.colcon_core.environment:create_file_with_runtime_dependencies(/home/deepblue/ros2_autonomous_cpp/install/common/share/colcon-core/packages/common)
[0.410s] Level 1:colcon.colcon_core.environment:create_environment_scripts_only(usb_cam_driver)
[0.411s] Level 1:colcon.colcon_core.environment:checking '/home/deepblue/ros2_autonomous_cpp/install/usb_cam_driver' for CMake module files
[0.411s] DEBUG:colcon.colcon_core.event_handler.log_command:Invoked command in '/home/deepblue/ros2_autonomous_cpp/build/usb_cam_driver' returned '0': CMAKE_PREFIX_PATH=/opt/ros/humble /usr/bin/cmake --install /home/deepblue/ros2_autonomous_cpp/build/usb_cam_driver
[0.411s] Level 1:colcon.colcon_core.environment:checking '/home/deepblue/ros2_autonomous_cpp/install/usb_cam_driver' for CMake config files
[0.411s] Level 1:colcon.colcon_core.shell:create_environment_hook('usb_cam_driver', 'cmake_prefix_path')
[0.411s] INFO:colcon.colcon_core.shell:Creating environment hook '/home/deepblue/ros2_autonomous_cpp/install/usb_cam_driver/share/usb_cam_driver/hook/cmake_prefix_path.ps1'
[0.412s] INFO:colcon.colcon_core.shell:Creating environment descriptor '/home/deepblue/ros2_autonomous_cpp/install/usb_cam_driver/share/usb_cam_driver/hook/cmake_prefix_path.dsv'
[0.412s] INFO:colcon.colcon_core.shell:Creating environment hook '/home/deepblue/ros2_autonomous_cpp/install/usb_cam_driver/share/usb_cam_driver/hook/cmake_prefix_path.sh'
[0.412s] Level 1:colcon.colcon_core.environment:checking '/home/deepblue/ros2_autonomous_cpp/install/usb_cam_driver/bin'
[0.412s] Level 1:colcon.colcon_core.environment:checking '/home/deepblue/ros2_autonomous_cpp/install/usb_cam_driver/lib/pkgconfig/usb_cam_driver.pc'
[0.412s] Level 1:colcon.colcon_core.environment:checking '/home/deepblue/ros2_autonomous_cpp/install/usb_cam_driver/lib/python3.10/site-packages'
[0.412s] Level 1:colcon.colcon_core.environment:checking '/home/deepblue/ros2_autonomous_cpp/install/usb_cam_driver/bin'
[0.413s] INFO:colcon.colcon_core.shell:Creating package script '/home/deepblue/ros2_autonomous_cpp/install/usb_cam_driver/share/usb_cam_driver/package.ps1'
[0.413s] INFO:colcon.colcon_core.shell:Creating package descriptor '/home/deepblue/ros2_autonomous_cpp/install/usb_cam_driver/share/usb_cam_driver/package.dsv'
[0.413s] INFO:colcon.colcon_core.shell:Creating package script '/home/deepblue/ros2_autonomous_cpp/install/usb_cam_driver/share/usb_cam_driver/package.sh'
[0.413s] INFO:colcon.colcon_core.shell:Creating package script '/home/deepblue/ros2_autonomous_cpp/install/usb_cam_driver/share/usb_cam_driver/package.bash'
[0.413s] INFO:colcon.colcon_core.shell:Creating package script '/home/deepblue/ros2_autonomous_cpp/install/usb_cam_driver/share/usb_cam_driver/package.zsh'
[0.414s] Level 1:colcon.colcon_core.environment:create_file_with_runtime_dependencies(/home/deepblue/ros2_autonomous_cpp/install/usb_cam_driver/share/colcon-core/packages/usb_cam_driver)
[0.414s] Level 1:colcon.colcon_core.environment:create_environment_scripts_only(usb_cam_driver)
[0.414s] Level 1:colcon.colcon_core.environment:checking '/home/deepblue/ros2_autonomous_cpp/install/usb_cam_driver' for CMake module files
[0.414s] Level 1:colcon.colcon_core.environment:checking '/home/deepblue/ros2_autonomous_cpp/install/usb_cam_driver' for CMake config files
[0.414s] Level 1:colcon.colcon_core.shell:create_environment_hook('usb_cam_driver', 'cmake_prefix_path')
[0.414s] INFO:colcon.colcon_core.shell:Creating environment hook '/home/deepblue/ros2_autonomous_cpp/install/usb_cam_driver/share/usb_cam_driver/hook/cmake_prefix_path.ps1'
[0.414s] INFO:colcon.colcon_core.shell:Creating environment descriptor '/home/deepblue/ros2_autonomous_cpp/install/usb_cam_driver/share/usb_cam_driver/hook/cmake_prefix_path.dsv'
[0.415s] INFO:colcon.colcon_core.shell:Creating environment hook '/home/deepblue/ros2_autonomous_cpp/install/usb_cam_driver/share/usb_cam_driver/hook/cmake_prefix_path.sh'
[0.415s] Level 1:colcon.colcon_core.environment:checking '/home/deepblue/ros2_autonomous_cpp/install/usb_cam_driver/bin'
[0.415s] Level 1:colcon.colcon_core.environment:checking '/home/deepblue/ros2_autonomous_cpp/install/usb_cam_driver/lib/pkgconfig/usb_cam_driver.pc'
[0.415s] Level 1:colcon.colcon_core.environment:checking '/home/deepblue/ros2_autonomous_cpp/install/usb_cam_driver/lib/python3.10/site-packages'
[0.415s] Level 1:colcon.colcon_core.environment:checking '/home/deepblue/ros2_autonomous_cpp/install/usb_cam_driver/bin'
[0.415s] INFO:colcon.colcon_core.shell:Creating package script '/home/deepblue/ros2_autonomous_cpp/install/usb_cam_driver/share/usb_cam_driver/package.ps1'
[0.416s] INFO:colcon.colcon_core.shell:Creating package descriptor '/home/deepblue/ros2_autonomous_cpp/install/usb_cam_driver/share/usb_cam_driver/package.dsv'
[0.416s] INFO:colcon.colcon_core.shell:Creating package script '/home/deepblue/ros2_autonomous_cpp/install/usb_cam_driver/share/usb_cam_driver/package.sh'
[0.416s] INFO:colcon.colcon_core.shell:Creating package script '/home/deepblue/ros2_autonomous_cpp/install/usb_cam_driver/share/usb_cam_driver/package.bash'
[0.416s] INFO:colcon.colcon_core.shell:Creating package script '/home/deepblue/ros2_autonomous_cpp/install/usb_cam_driver/share/usb_cam_driver/package.zsh'
[0.416s] Level 1:colcon.colcon_core.environment:create_file_with_runtime_dependencies(/home/deepblue/ros2_autonomous_cpp/install/usb_cam_driver/share/colcon-core/packages/usb_cam_driver)
[0.497s] DEBUG:colcon.colcon_core.event_handler.log_command:Invoked command in '/home/deepblue/ros2_autonomous_cpp/build/ultrasonic_driver' returned '0': CMAKE_PREFIX_PATH=/opt/ros/humble /usr/bin/cmake /home/deepblue/ros2_autonomous_cpp/src/drivers/ultrasonic_driver -DCMAKE_INSTALL_PREFIX=/home/deepblue/ros2_autonomous_cpp/install/ultrasonic_driver
[0.499s] DEBUG:colcon.colcon_core.event_handler.log_command:Invoking command in '/home/deepblue/ros2_autonomous_cpp/build/ultrasonic_driver': CMAKE_PREFIX_PATH=/opt/ros/humble /usr/bin/cmake --build /home/deepblue/ros2_autonomous_cpp/build/ultrasonic_driver -- -j16 -l16
[0.518s] DEBUG:colcon.colcon_core.event_handler.log_command:Invoked command in '/home/deepblue/ros2_autonomous_cpp/build/arduino_driver' returned '0': CMAKE_PREFIX_PATH=/opt/ros/humble /usr/bin/cmake /home/deepblue/ros2_autonomous_cpp/src/drivers/arduino_driver -DCMAKE_INSTALL_PREFIX=/home/deepblue/ros2_autonomous_cpp/install/arduino_driver
[0.519s] DEBUG:colcon.colcon_core.event_handler.log_command:Invoking command in '/home/deepblue/ros2_autonomous_cpp/build/arduino_driver': CMAKE_PREFIX_PATH=/opt/ros/humble /usr/bin/cmake --build /home/deepblue/ros2_autonomous_cpp/build/arduino_driver -- -j16 -l16
[0.542s] DEBUG:colcon.colcon_core.event_handler.log_command:Invoked command in '/home/deepblue/ros2_autonomous_cpp/build/decision' returned '0': CMAKE_PREFIX_PATH=/opt/ros/humble /usr/bin/cmake /home/deepblue/ros2_autonomous_cpp/src/decision -DCMAKE_INSTALL_PREFIX=/home/deepblue/ros2_autonomous_cpp/install/decision
[0.542s] DEBUG:colcon.colcon_core.event_handler.log_command:Invoking command in '/home/deepblue/ros2_autonomous_cpp/build/decision': CMAKE_PREFIX_PATH=/opt/ros/humble /usr/bin/cmake --build /home/deepblue/ros2_autonomous_cpp/build/decision -- -j16 -l16
[0.544s] DEBUG:colcon.colcon_core.event_handler.log_command:Invoked command in '/home/deepblue/ros2_autonomous_cpp/build/ultrasonic_driver' returned '0': CMAKE_PREFIX_PATH=/opt/ros/humble /usr/bin/cmake --build /home/deepblue/ros2_autonomous_cpp/build/ultrasonic_driver -- -j16 -l16
[0.544s] DEBUG:colcon.colcon_core.event_handler.log_command:Invoking command in '/home/deepblue/ros2_autonomous_cpp/build/ultrasonic_driver': CMAKE_PREFIX_PATH=/opt/ros/humble /usr/bin/cmake --install /home/deepblue/ros2_autonomous_cpp/build/ultrasonic_driver
[0.558s] Level 1:colcon.colcon_core.environment:create_environment_scripts_only(ultrasonic_driver)
[0.558s] DEBUG:colcon.colcon_core.event_handler.log_command:Invoked command in '/home/deepblue/ros2_autonomous_cpp/build/ultrasonic_driver' returned '0': CMAKE_PREFIX_PATH=/opt/ros/humble /usr/bin/cmake --install /home/deepblue/ros2_autonomous_cpp/build/ultrasonic_driver
[0.558s] Level 1:colcon.colcon_core.environment:checking '/home/deepblue/ros2_autonomous_cpp/install/ultrasonic_driver' for CMake module files
[0.559s] Level 1:colcon.colcon_core.environment:checking '/home/deepblue/ros2_autonomous_cpp/install/ultrasonic_driver' for CMake config files
[0.559s] Level 1:colcon.colcon_core.shell:create_environment_hook('ultrasonic_driver', 'cmake_prefix_path')
[0.559s] INFO:colcon.colcon_core.shell:Creating environment hook '/home/deepblue/ros2_autonomous_cpp/install/ultrasonic_driver/share/ultrasonic_driver/hook/cmake_prefix_path.ps1'
[0.559s] INFO:colcon.colcon_core.shell:Creating environment descriptor '/home/deepblue/ros2_autonomous_cpp/install/ultrasonic_driver/share/ultrasonic_driver/hook/cmake_prefix_path.dsv'
[0.559s] INFO:colcon.colcon_core.shell:Creating environment hook '/home/deepblue/ros2_autonomous_cpp/install/ultrasonic_driver/share/ultrasonic_driver/hook/cmake_prefix_path.sh'
[0.560s] Level 1:colcon.colcon_core.environment:checking '/home/deepblue/ros2_autonomous_cpp/install/ultrasonic_driver/lib'
[0.560s] Level 1:colcon.colcon_core.environment:checking '/home/deepblue/ros2_autonomous_cpp/install/ultrasonic_driver/bin'
[0.560s] Level 1:colcon.colcon_core.environment:checking '/home/deepblue/ros2_autonomous_cpp/install/ultrasonic_driver/lib/pkgconfig/ultrasonic_driver.pc'
[0.560s] Level 1:colcon.colcon_core.environment:checking '/home/deepblue/ros2_autonomous_cpp/install/ultrasonic_driver/lib/python3.10/site-packages'
[0.560s] Level 1:colcon.colcon_core.environment:checking '/home/deepblue/ros2_autonomous_cpp/install/ultrasonic_driver/bin'
[0.560s] INFO:colcon.colcon_core.shell:Creating package script '/home/deepblue/ros2_autonomous_cpp/install/ultrasonic_driver/share/ultrasonic_driver/package.ps1'
[0.561s] INFO:colcon.colcon_core.shell:Creating package descriptor '/home/deepblue/ros2_autonomous_cpp/install/ultrasonic_driver/share/ultrasonic_driver/package.dsv'
[0.561s] INFO:colcon.colcon_core.shell:Creating package script '/home/deepblue/ros2_autonomous_cpp/install/ultrasonic_driver/share/ultrasonic_driver/package.sh'
[0.561s] INFO:colcon.colcon_core.shell:Creating package script '/home/deepblue/ros2_autonomous_cpp/install/ultrasonic_driver/share/ultrasonic_driver/package.bash'
[0.561s] INFO:colcon.colcon_core.shell:Creating package script '/home/deepblue/ros2_autonomous_cpp/install/ultrasonic_driver/share/ultrasonic_driver/package.zsh'
[0.561s] Level 1:colcon.colcon_core.environment:create_file_with_runtime_dependencies(/home/deepblue/ros2_autonomous_cpp/install/ultrasonic_driver/share/colcon-core/packages/ultrasonic_driver)
[0.561s] Level 1:colcon.colcon_core.environment:create_environment_scripts_only(ultrasonic_driver)
[0.562s] Level 1:colcon.colcon_core.environment:checking '/home/deepblue/ros2_autonomous_cpp/install/ultrasonic_driver' for CMake module files
[0.562s] Level 1:colcon.colcon_core.environment:checking '/home/deepblue/ros2_autonomous_cpp/install/ultrasonic_driver' for CMake config files
[0.562s] Level 1:colcon.colcon_core.shell:create_environment_hook('ultrasonic_driver', 'cmake_prefix_path')
[0.562s] INFO:colcon.colcon_core.shell:Creating environment hook '/home/deepblue/ros2_autonomous_cpp/install/ultrasonic_driver/share/ultrasonic_driver/hook/cmake_prefix_path.ps1'
[0.562s] INFO:colcon.colcon_core.shell:Creating environment descriptor '/home/deepblue/ros2_autonomous_cpp/install/ultrasonic_driver/share/ultrasonic_driver/hook/cmake_prefix_path.dsv'
[0.562s] INFO:colcon.colcon_core.shell:Creating environment hook '/home/deepblue/ros2_autonomous_cpp/install/ultrasonic_driver/share/ultrasonic_driver/hook/cmake_prefix_path.sh'
[0.563s] Level 1:colcon.colcon_core.environment:checking '/home/deepblue/ros2_autonomous_cpp/install/ultrasonic_driver/lib'
[0.563s] Level 1:colcon.colcon_core.environment:checking '/home/deepblue/ros2_autonomous_cpp/install/ultrasonic_driver/bin'
[0.563s] Level 1:colcon.colcon_core.environment:checking '/home/deepblue/ros2_autonomous_cpp/install/ultrasonic_driver/lib/pkgconfig/ultrasonic_driver.pc'
[0.563s] Level 1:colcon.colcon_core.environment:checking '/home/deepblue/ros2_autonomous_cpp/install/ultrasonic_driver/lib/python3.10/site-packages'
[0.563s] Level 1:colcon.colcon_core.environment:checking '/home/deepblue/ros2_autonomous_cpp/install/ultrasonic_driver/bin'
[0.563s] INFO:colcon.colcon_core.shell:Creating package script '/home/deepblue/ros2_autonomous_cpp/install/ultrasonic_driver/share/ultrasonic_driver/package.ps1'
[0.563s] INFO:colcon.colcon_core.shell:Creating package descriptor '/home/deepblue/ros2_autonomous_cpp/install/ultrasonic_driver/share/ultrasonic_driver/package.dsv'
[0.564s] INFO:colcon.colcon_core.shell:Creating package script '/home/deepblue/ros2_autonomous_cpp/install/ultrasonic_driver/share/ultrasonic_driver/package.sh'
[0.564s] INFO:colcon.colcon_core.shell:Creating package script '/home/deepblue/ros2_autonomous_cpp/install/ultrasonic_driver/share/ultrasonic_driver/package.bash'
[0.564s] INFO:colcon.colcon_core.shell:Creating package script '/home/deepblue/ros2_autonomous_cpp/install/ultrasonic_driver/share/ultrasonic_driver/package.zsh'
[0.564s] Level 1:colcon.colcon_core.environment:create_file_with_runtime_dependencies(/home/deepblue/ros2_autonomous_cpp/install/ultrasonic_driver/share/colcon-core/packages/ultrasonic_driver)
[0.566s] DEBUG:colcon.colcon_core.event_handler.log_command:Invoked command in '/home/deepblue/ros2_autonomous_cpp/build/arduino_driver' returned '0': CMAKE_PREFIX_PATH=/opt/ros/humble /usr/bin/cmake --build /home/deepblue/ros2_autonomous_cpp/build/arduino_driver -- -j16 -l16
[0.566s] DEBUG:colcon.colcon_core.event_handler.log_command:Invoking command in '/home/deepblue/ros2_autonomous_cpp/build/arduino_driver': CMAKE_PREFIX_PATH=/opt/ros/humble /usr/bin/cmake --install /home/deepblue/ros2_autonomous_cpp/build/arduino_driver
[0.577s] Level 1:colcon.colcon_core.environment:create_environment_scripts_only(arduino_driver)
[0.578s] Level 1:colcon.colcon_core.environment:checking '/home/deepblue/ros2_autonomous_cpp/install/arduino_driver' for CMake module files
[0.578s] DEBUG:colcon.colcon_core.event_handler.log_command:Invoked command in '/home/deepblue/ros2_autonomous_cpp/build/arduino_driver' returned '0': CMAKE_PREFIX_PATH=/opt/ros/humble /usr/bin/cmake --install /home/deepblue/ros2_autonomous_cpp/build/arduino_driver
[0.578s] Level 1:colcon.colcon_core.environment:checking '/home/deepblue/ros2_autonomous_cpp/install/arduino_driver' for CMake config files
[0.578s] Level 1:colcon.colcon_core.shell:create_environment_hook('arduino_driver', 'cmake_prefix_path')
[0.578s] INFO:colcon.colcon_core.shell:Creating environment hook '/home/deepblue/ros2_autonomous_cpp/install/arduino_driver/share/arduino_driver/hook/cmake_prefix_path.ps1'
[0.579s] INFO:colcon.colcon_core.shell:Creating environment descriptor '/home/deepblue/ros2_autonomous_cpp/install/arduino_driver/share/arduino_driver/hook/cmake_prefix_path.dsv'
[0.579s] INFO:colcon.colcon_core.shell:Creating environment hook '/home/deepblue/ros2_autonomous_cpp/install/arduino_driver/share/arduino_driver/hook/cmake_prefix_path.sh'
[0.579s] Level 1:colcon.colcon_core.environment:checking '/home/deepblue/ros2_autonomous_cpp/install/arduino_driver/lib'
[0.579s] Level 1:colcon.colcon_core.environment:checking '/home/deepblue/ros2_autonomous_cpp/install/arduino_driver/bin'
[0.579s] Level 1:colcon.colcon_core.environment:checking '/home/deepblue/ros2_autonomous_cpp/install/arduino_driver/lib/pkgconfig/arduino_driver.pc'
[0.580s] Level 1:colcon.colcon_core.environment:checking '/home/deepblue/ros2_autonomous_cpp/install/arduino_driver/lib/python3.10/site-packages'
[0.580s] Level 1:colcon.colcon_core.environment:checking '/home/deepblue/ros2_autonomous_cpp/install/arduino_driver/bin'
[0.580s] INFO:colcon.colcon_core.shell:Creating package script '/home/deepblue/ros2_autonomous_cpp/install/arduino_driver/share/arduino_driver/package.ps1'
[0.580s] INFO:colcon.colcon_core.shell:Creating package descriptor '/home/deepblue/ros2_autonomous_cpp/install/arduino_driver/share/arduino_driver/package.dsv'
[0.580s] INFO:colcon.colcon_core.shell:Creating package script '/home/deepblue/ros2_autonomous_cpp/install/arduino_driver/share/arduino_driver/package.sh'
[0.580s] INFO:colcon.colcon_core.shell:Creating package script '/home/deepblue/ros2_autonomous_cpp/install/arduino_driver/share/arduino_driver/package.bash'
[0.581s] INFO:colcon.colcon_core.shell:Creating package script '/home/deepblue/ros2_autonomous_cpp/install/arduino_driver/share/arduino_driver/package.zsh'
[0.581s] Level 1:colcon.colcon_core.environment:create_file_with_runtime_dependencies(/home/deepblue/ros2_autonomous_cpp/install/arduino_driver/share/colcon-core/packages/arduino_driver)
[0.581s] Level 1:colcon.colcon_core.environment:create_environment_scripts_only(arduino_driver)
[0.581s] Level 1:colcon.colcon_core.environment:checking '/home/deepblue/ros2_autonomous_cpp/install/arduino_driver' for CMake module files
[0.581s] Level 1:colcon.colcon_core.environment:checking '/home/deepblue/ros2_autonomous_cpp/install/arduino_driver' for CMake config files
[0.581s] Level 1:colcon.colcon_core.shell:create_environment_hook('arduino_driver', 'cmake_prefix_path')
[0.582s] INFO:colcon.colcon_core.shell:Creating environment hook '/home/deepblue/ros2_autonomous_cpp/install/arduino_driver/share/arduino_driver/hook/cmake_prefix_path.ps1'
[0.582s] INFO:colcon.colcon_core.shell:Creating environment descriptor '/home/deepblue/ros2_autonomous_cpp/install/arduino_driver/share/arduino_driver/hook/cmake_prefix_path.dsv'
[0.582s] INFO:colcon.colcon_core.shell:Creating environment hook '/home/deepblue/ros2_autonomous_cpp/install/arduino_driver/share/arduino_driver/hook/cmake_prefix_path.sh'
[0.582s] Level 1:colcon.colcon_core.environment:checking '/home/deepblue/ros2_autonomous_cpp/install/arduino_driver/lib'
[0.582s] Level 1:colcon.colcon_core.environment:checking '/home/deepblue/ros2_autonomous_cpp/install/arduino_driver/bin'
[0.582s] Level 1:colcon.colcon_core.environment:checking '/home/deepblue/ros2_autonomous_cpp/install/arduino_driver/lib/pkgconfig/arduino_driver.pc'
[0.583s] Level 1:colcon.colcon_core.environment:checking '/home/deepblue/ros2_autonomous_cpp/install/arduino_driver/lib/python3.10/site-packages'
[0.583s] Level 1:colcon.colcon_core.environment:checking '/home/deepblue/ros2_autonomous_cpp/install/arduino_driver/bin'
[0.583s] INFO:colcon.colcon_core.shell:Creating package script '/home/deepblue/ros2_autonomous_cpp/install/arduino_driver/share/arduino_driver/package.ps1'
[0.583s] INFO:colcon.colcon_core.shell:Creating package descriptor '/home/deepblue/ros2_autonomous_cpp/install/arduino_driver/share/arduino_driver/package.dsv'
[0.583s] INFO:colcon.colcon_core.shell:Creating package script '/home/deepblue/ros2_autonomous_cpp/install/arduino_driver/share/arduino_driver/package.sh'
[0.583s] INFO:colcon.colcon_core.shell:Creating package script '/home/deepblue/ros2_autonomous_cpp/install/arduino_driver/share/arduino_driver/package.bash'
[0.584s] INFO:colcon.colcon_core.shell:Creating package script '/home/deepblue/ros2_autonomous_cpp/install/arduino_driver/share/arduino_driver/package.zsh'
[0.584s] Level 1:colcon.colcon_core.environment:create_file_with_runtime_dependencies(/home/deepblue/ros2_autonomous_cpp/install/arduino_driver/share/colcon-core/packages/arduino_driver)
[0.585s] DEBUG:colcon.colcon_core.event_handler.log_command:Invoked command in '/home/deepblue/ros2_autonomous_cpp/build/decision' returned '0': CMAKE_PREFIX_PATH=/opt/ros/humble /usr/bin/cmake --build /home/deepblue/ros2_autonomous_cpp/build/decision -- -j16 -l16
[0.586s] DEBUG:colcon.colcon_core.event_handler.log_command:Invoking command in '/home/deepblue/ros2_autonomous_cpp/build/decision': CMAKE_PREFIX_PATH=/opt/ros/humble /usr/bin/cmake --install /home/deepblue/ros2_autonomous_cpp/build/decision
[0.598s] Level 1:colcon.colcon_core.environment:create_environment_scripts_only(decision)
[0.598s] Level 1:colcon.colcon_core.environment:checking '/home/deepblue/ros2_autonomous_cpp/install/decision' for CMake module files
[0.599s] DEBUG:colcon.colcon_core.event_handler.log_command:Invoked command in '/home/deepblue/ros2_autonomous_cpp/build/decision' returned '0': CMAKE_PREFIX_PATH=/opt/ros/humble /usr/bin/cmake --install /home/deepblue/ros2_autonomous_cpp/build/decision
[0.599s] Level 1:colcon.colcon_core.environment:checking '/home/deepblue/ros2_autonomous_cpp/install/decision' for CMake config files
[0.599s] Level 1:colcon.colcon_core.shell:create_environment_hook('decision', 'cmake_prefix_path')
[0.599s] INFO:colcon.colcon_core.shell:Creating environment hook '/home/deepblue/ros2_autonomous_cpp/install/decision/share/decision/hook/cmake_prefix_path.ps1'
[0.599s] INFO:colcon.colcon_core.shell:Creating environment descriptor '/home/deepblue/ros2_autonomous_cpp/install/decision/share/decision/hook/cmake_prefix_path.dsv'
[0.600s] INFO:colcon.colcon_core.shell:Creating environment hook '/home/deepblue/ros2_autonomous_cpp/install/decision/share/decision/hook/cmake_prefix_path.sh'
[0.600s] Level 1:colcon.colcon_core.environment:checking '/home/deepblue/ros2_autonomous_cpp/install/decision/lib'
[0.600s] Level 1:colcon.colcon_core.environment:checking '/home/deepblue/ros2_autonomous_cpp/install/decision/bin'
[0.600s] Level 1:colcon.colcon_core.environment:checking '/home/deepblue/ros2_autonomous_cpp/install/decision/lib/pkgconfig/decision.pc'
[0.600s] Level 1:colcon.colcon_core.environment:checking '/home/deepblue/ros2_autonomous_cpp/install/decision/lib/python3.10/site-packages'
[0.600s] Level 1:colcon.colcon_core.environment:checking '/home/deepblue/ros2_autonomous_cpp/install/decision/bin'
[0.601s] INFO:colcon.colcon_core.shell:Creating package script '/home/deepblue/ros2_autonomous_cpp/install/decision/share/decision/package.ps1'
[0.601s] INFO:colcon.colcon_core.shell:Creating package descriptor '/home/deepblue/ros2_autonomous_cpp/install/decision/share/decision/package.dsv'
[0.601s] INFO:colcon.colcon_core.shell:Creating package script '/home/deepblue/ros2_autonomous_cpp/install/decision/share/decision/package.sh'
[0.601s] INFO:colcon.colcon_core.shell:Creating package script '/home/deepblue/ros2_autonomous_cpp/install/decision/share/decision/package.bash'
[0.601s] INFO:colcon.colcon_core.shell:Creating package script '/home/deepblue/ros2_autonomous_cpp/install/decision/share/decision/package.zsh'
[0.601s] Level 1:colcon.colcon_core.environment:create_file_with_runtime_dependencies(/home/deepblue/ros2_autonomous_cpp/install/decision/share/colcon-core/packages/decision)
[0.602s] Level 1:colcon.colcon_core.environment:create_environment_scripts_only(decision)
[0.602s] Level 1:colcon.colcon_core.environment:checking '/home/deepblue/ros2_autonomous_cpp/install/decision' for CMake module files
[0.602s] Level 1:colcon.colcon_core.environment:checking '/home/deepblue/ros2_autonomous_cpp/install/decision' for CMake config files
[0.602s] Level 1:colcon.colcon_core.shell:create_environment_hook('decision', 'cmake_prefix_path')
[0.602s] INFO:colcon.colcon_core.shell:Creating environment hook '/home/deepblue/ros2_autonomous_cpp/install/decision/share/decision/hook/cmake_prefix_path.ps1'
[0.602s] INFO:colcon.colcon_core.shell:Creating environment descriptor '/home/deepblue/ros2_autonomous_cpp/install/decision/share/decision/hook/cmake_prefix_path.dsv'
[0.602s] INFO:colcon.colcon_core.shell:Creating environment hook '/home/deepblue/ros2_autonomous_cpp/install/decision/share/decision/hook/cmake_prefix_path.sh'
[0.603s] Level 1:colcon.colcon_core.environment:checking '/home/deepblue/ros2_autonomous_cpp/install/decision/lib'
[0.603s] Level 1:colcon.colcon_core.environment:checking '/home/deepblue/ros2_autonomous_cpp/install/decision/bin'
[0.603s] Level 1:colcon.colcon_core.environment:checking '/home/deepblue/ros2_autonomous_cpp/install/decision/lib/pkgconfig/decision.pc'
[0.603s] Level 1:colcon.colcon_core.environment:checking '/home/deepblue/ros2_autonomous_cpp/install/decision/lib/python3.10/site-packages'
[0.603s] Level 1:colcon.colcon_core.environment:checking '/home/deepblue/ros2_autonomous_cpp/install/decision/bin'
[0.603s] INFO:colcon.colcon_core.shell:Creating package script '/home/deepblue/ros2_autonomous_cpp/install/decision/share/decision/package.ps1'
[0.603s] INFO:colcon.colcon_core.shell:Creating package descriptor '/home/deepblue/ros2_autonomous_cpp/install/decision/share/decision/package.dsv'
[0.604s] INFO:colcon.colcon_core.shell:Creating package script '/home/deepblue/ros2_autonomous_cpp/install/decision/share/decision/package.sh'
[0.604s] INFO:colcon.colcon_core.shell:Creating package script '/home/deepblue/ros2_autonomous_cpp/install/decision/share/decision/package.bash'
[0.604s] INFO:colcon.colcon_core.shell:Creating package script '/home/deepblue/ros2_autonomous_cpp/install/decision/share/decision/package.zsh'
[0.604s] Level 1:colcon.colcon_core.environment:create_file_with_runtime_dependencies(/home/deepblue/ros2_autonomous_cpp/install/decision/share/colcon-core/packages/decision)
[0.604s] INFO:colcon.colcon_ros.task.ament_cmake.build:Building ROS package in '/home/deepblue/ros2_autonomous_cpp/src/bringup' with build type 'ament_cmake'
[0.604s] INFO:colcon.colcon_cmake.task.cmake.build:Building CMake package in '/home/deepblue/ros2_autonomous_cpp/src/bringup'
[0.604s] INFO:colcon.colcon_core.shell:Skip shell extension 'powershell' for command environment: Not usable outside of PowerShell
[0.604s] DEBUG:colcon.colcon_core.shell:Skip shell extension 'dsv' for command environment
[0.614s] DEBUG:colcon.colcon_core.event_handler.log_command:Invoking command in '/home/deepblue/ros2_autonomous_cpp/build/bringup': AMENT_PREFIX_PATH=/home/deepblue/ros2_autonomous_cpp/install/usb_cam_driver:/home/deepblue/ros2_autonomous_cpp/install/ultrasonic_driver:/home/deepblue/ros2_autonomous_cpp/install/rplidar_driver:/home/deepblue/ros2_autonomous_cpp/install/perception_pkg:/home/deepblue/ros2_autonomous_cpp/install/decision:/home/deepblue/ros2_autonomous_cpp/install/arduino_driver:${AMENT_PREFIX_PATH} CMAKE_PREFIX_PATH=/home/deepblue/ros2_autonomous_cpp/install/usb_cam_driver:/home/deepblue/ros2_autonomous_cpp/install/ultrasonic_driver:/home/deepblue/ros2_autonomous_cpp/install/rplidar_driver:/home/deepblue/ros2_autonomous_cpp/install/perception_pkg:/home/deepblue/ros2_autonomous_cpp/install/decision:/home/deepblue/ros2_autonomous_cpp/install/arduino_driver:/opt/ros/humble LD_LIBRARY_PATH=/home/deepblue/ros2_autonomous_cpp/install/perception_pkg/lib:${LD_LIBRARY_PATH} /usr/bin/cmake /home/deepblue/ros2_autonomous_cpp/src/bringup -DCMAKE_INSTALL_PREFIX=/home/deepblue/ros2_autonomous_cpp/install/bringup
[0.742s] DEBUG:colcon.colcon_core.event_handler.log_command:Invoked command in '/home/deepblue/ros2_autonomous_cpp/build/bringup' returned '0': AMENT_PREFIX_PATH=/home/deepblue/ros2_autonomous_cpp/install/usb_cam_driver:/home/deepblue/ros2_autonomous_cpp/install/ultrasonic_driver:/home/deepblue/ros2_autonomous_cpp/install/rplidar_driver:/home/deepblue/ros2_autonomous_cpp/install/perception_pkg:/home/deepblue/ros2_autonomous_cpp/install/decision:/home/deepblue/ros2_autonomous_cpp/install/arduino_driver:${AMENT_PREFIX_PATH} CMAKE_PREFIX_PATH=/home/deepblue/ros2_autonomous_cpp/install/usb_cam_driver:/home/deepblue/ros2_autonomous_cpp/install/ultrasonic_driver:/home/deepblue/ros2_autonomous_cpp/install/rplidar_driver:/home/deepblue/ros2_autonomous_cpp/install/perception_pkg:/home/deepblue/ros2_autonomous_cpp/install/decision:/home/deepblue/ros2_autonomous_cpp/install/arduino_driver:/opt/ros/humble LD_LIBRARY_PATH=/home/deepblue/ros2_autonomous_cpp/install/perception_pkg/lib:${LD_LIBRARY_PATH} /usr/bin/cmake /home/deepblue/ros2_autonomous_cpp/src/bringup -DCMAKE_INSTALL_PREFIX=/home/deepblue/ros2_autonomous_cpp/install/bringup
[0.743s] DEBUG:colcon.colcon_core.event_handler.log_command:Invoking command in '/home/deepblue/ros2_autonomous_cpp/build/bringup': AMENT_PREFIX_PATH=/home/deepblue/ros2_autonomous_cpp/install/usb_cam_driver:/home/deepblue/ros2_autonomous_cpp/install/ultrasonic_driver:/home/deepblue/ros2_autonomous_cpp/install/rplidar_driver:/home/deepblue/ros2_autonomous_cpp/install/perception_pkg:/home/deepblue/ros2_autonomous_cpp/install/decision:/home/deepblue/ros2_autonomous_cpp/install/arduino_driver:${AMENT_PREFIX_PATH} CMAKE_PREFIX_PATH=/home/deepblue/ros2_autonomous_cpp/install/usb_cam_driver:/home/deepblue/ros2_autonomous_cpp/install/ultrasonic_driver:/home/deepblue/ros2_autonomous_cpp/install/rplidar_driver:/home/deepblue/ros2_autonomous_cpp/install/perception_pkg:/home/deepblue/ros2_autonomous_cpp/install/decision:/home/deepblue/ros2_autonomous_cpp/install/arduino_driver:/opt/ros/humble LD_LIBRARY_PATH=/home/deepblue/ros2_autonomous_cpp/install/perception_pkg/lib:${LD_LIBRARY_PATH} /usr/bin/cmake --build /home/deepblue/ros2_autonomous_cpp/build/bringup -- -j16 -l16
[0.766s] DEBUG:colcon.colcon_core.event_handler.log_command:Invoked command in '/home/deepblue/ros2_autonomous_cpp/build/bringup' returned '0': AMENT_PREFIX_PATH=/home/deepblue/ros2_autonomous_cpp/install/usb_cam_driver:/home/deepblue/ros2_autonomous_cpp/install/ultrasonic_driver:/home/deepblue/ros2_autonomous_cpp/install/rplidar_driver:/home/deepblue/ros2_autonomous_cpp/install/perception_pkg:/home/deepblue/ros2_autonomous_cpp/install/decision:/home/deepblue/ros2_autonomous_cpp/install/arduino_driver:${AMENT_PREFIX_PATH} CMAKE_PREFIX_PATH=/home/deepblue/ros2_autonomous_cpp/install/usb_cam_driver:/home/deepblue/ros2_autonomous_cpp/install/ultrasonic_driver:/home/deepblue/ros2_autonomous_cpp/install/rplidar_driver:/home/deepblue/ros2_autonomous_cpp/install/perception_pkg:/home/deepblue/ros2_autonomous_cpp/install/decision:/home/deepblue/ros2_autonomous_cpp/install/arduino_driver:/opt/ros/humble LD_LIBRARY_PATH=/home/deepblue/ros2_autonomous_cpp/install/perception_pkg/lib:${LD_LIBRARY_PATH} /usr/bin/cmake --build /home/deepblue/ros2_autonomous_cpp/build/bringup -- -j16 -l16
[0.767s] DEBUG:colcon.colcon_core.event_handler.log_command:Invoking command in '/home/deepblue/ros2_autonomous_cpp/build/bringup': AMENT_PREFIX_PATH=/home/deepblue/ros2_autonomous_cpp/install/usb_cam_driver:/home/deepblue/ros2_autonomous_cpp/install/ultrasonic_driver:/home/deepblue/ros2_autonomous_cpp/install/rplidar_driver:/home/deepblue/ros2_autonomous_cpp/install/perception_pkg:/home/deepblue/ros2_autonomous_cpp/install/decision:/home/deepblue/ros2_autonomous_cpp/install/arduino_driver:${AMENT_PREFIX_PATH} CMAKE_PREFIX_PATH=/home/deepblue/ros2_autonomous_cpp/install/usb_cam_driver:/home/deepblue/ros2_autonomous_cpp/install/ultrasonic_driver:/home/deepblue/ros2_autonomous_cpp/install/rplidar_driver:/home/deepblue/ros2_autonomous_cpp/install/perception_pkg:/home/deepblue/ros2_autonomous_cpp/install/decision:/home/deepblue/ros2_autonomous_cpp/install/arduino_driver:/opt/ros/humble LD_LIBRARY_PATH=/home/deepblue/ros2_autonomous_cpp/install/perception_pkg/lib:${LD_LIBRARY_PATH} /usr/bin/cmake --install /home/deepblue/ros2_autonomous_cpp/build/bringup
[0.782s] Level 1:colcon.colcon_core.environment:create_environment_scripts_only(bringup)
[0.782s] DEBUG:colcon.colcon_core.event_handler.log_command:Invoked command in '/home/deepblue/ros2_autonomous_cpp/build/bringup' returned '0': AMENT_PREFIX_PATH=/home/deepblue/ros2_autonomous_cpp/install/usb_cam_driver:/home/deepblue/ros2_autonomous_cpp/install/ultrasonic_driver:/home/deepblue/ros2_autonomous_cpp/install/rplidar_driver:/home/deepblue/ros2_autonomous_cpp/install/perception_pkg:/home/deepblue/ros2_autonomous_cpp/install/decision:/home/deepblue/ros2_autonomous_cpp/install/arduino_driver:${AMENT_PREFIX_PATH} CMAKE_PREFIX_PATH=/home/deepblue/ros2_autonomous_cpp/install/usb_cam_driver:/home/deepblue/ros2_autonomous_cpp/install/ultrasonic_driver:/home/deepblue/ros2_autonomous_cpp/install/rplidar_driver:/home/deepblue/ros2_autonomous_cpp/install/perception_pkg:/home/deepblue/ros2_autonomous_cpp/install/decision:/home/deepblue/ros2_autonomous_cpp/install/arduino_driver:/opt/ros/humble LD_LIBRARY_PATH=/home/deepblue/ros2_autonomous_cpp/install/perception_pkg/lib:${LD_LIBRARY_PATH} /usr/bin/cmake --install /home/deepblue/ros2_autonomous_cpp/build/bringup
[0.783s] Level 1:colcon.colcon_core.environment:checking '/home/deepblue/ros2_autonomous_cpp/install/bringup' for CMake module files
[0.783s] Level 1:colcon.colcon_core.environment:checking '/home/deepblue/ros2_autonomous_cpp/install/bringup' for CMake config files
[0.783s] Level 1:colcon.colcon_core.shell:create_environment_hook('bringup', 'cmake_prefix_path')
[0.783s] INFO:colcon.colcon_core.shell:Creating environment hook '/home/deepblue/ros2_autonomous_cpp/install/bringup/share/bringup/hook/cmake_prefix_path.ps1'
[0.784s] INFO:colcon.colcon_core.shell:Creating environment descriptor '/home/deepblue/ros2_autonomous_cpp/install/bringup/share/bringup/hook/cmake_prefix_path.dsv'
[0.784s] INFO:colcon.colcon_core.shell:Creating environment hook '/home/deepblue/ros2_autonomous_cpp/install/bringup/share/bringup/hook/cmake_prefix_path.sh'
[0.784s] Level 1:colcon.colcon_core.environment:checking '/home/deepblue/ros2_autonomous_cpp/install/bringup/bin'
[0.784s] Level 1:colcon.colcon_core.environment:checking '/home/deepblue/ros2_autonomous_cpp/install/bringup/lib/pkgconfig/bringup.pc'
[0.784s] Level 1:colcon.colcon_core.environment:checking '/home/deepblue/ros2_autonomous_cpp/install/bringup/lib/python3.10/site-packages'
[0.784s] Level 1:colcon.colcon_core.environment:checking '/home/deepblue/ros2_autonomous_cpp/install/bringup/bin'
[0.785s] INFO:colcon.colcon_core.shell:Creating package script '/home/deepblue/ros2_autonomous_cpp/install/bringup/share/bringup/package.ps1'
[0.785s] INFO:colcon.colcon_core.shell:Creating package descriptor '/home/deepblue/ros2_autonomous_cpp/install/bringup/share/bringup/package.dsv'
[0.785s] INFO:colcon.colcon_core.shell:Creating package script '/home/deepblue/ros2_autonomous_cpp/install/bringup/share/bringup/package.sh'
[0.785s] INFO:colcon.colcon_core.shell:Creating package script '/home/deepblue/ros2_autonomous_cpp/install/bringup/share/bringup/package.bash'
[0.785s] INFO:colcon.colcon_core.shell:Creating package script '/home/deepblue/ros2_autonomous_cpp/install/bringup/share/bringup/package.zsh'
[0.785s] Level 1:colcon.colcon_core.environment:create_file_with_runtime_dependencies(/home/deepblue/ros2_autonomous_cpp/install/bringup/share/colcon-core/packages/bringup)
[0.786s] Level 1:colcon.colcon_core.environment:create_environment_scripts_only(bringup)
[0.786s] Level 1:colcon.colcon_core.environment:checking '/home/deepblue/ros2_autonomous_cpp/install/bringup' for CMake module files
[0.786s] Level 1:colcon.colcon_core.environment:checking '/home/deepblue/ros2_autonomous_cpp/install/bringup' for CMake config files
[0.786s] Level 1:colcon.colcon_core.shell:create_environment_hook('bringup', 'cmake_prefix_path')
[0.786s] INFO:colcon.colcon_core.shell:Creating environment hook '/home/deepblue/ros2_autonomous_cpp/install/bringup/share/bringup/hook/cmake_prefix_path.ps1'
[0.786s] INFO:colcon.colcon_core.shell:Creating environment descriptor '/home/deepblue/ros2_autonomous_cpp/install/bringup/share/bringup/hook/cmake_prefix_path.dsv'
[0.786s] INFO:colcon.colcon_core.shell:Creating environment hook '/home/deepblue/ros2_autonomous_cpp/install/bringup/share/bringup/hook/cmake_prefix_path.sh'
[0.787s] Level 1:colcon.colcon_core.environment:checking '/home/deepblue/ros2_autonomous_cpp/install/bringup/bin'
[0.787s] Level 1:colcon.colcon_core.environment:checking '/home/deepblue/ros2_autonomous_cpp/install/bringup/lib/pkgconfig/bringup.pc'
[0.787s] Level 1:colcon.colcon_core.environment:checking '/home/deepblue/ros2_autonomous_cpp/install/bringup/lib/python3.10/site-packages'
[0.787s] Level 1:colcon.colcon_core.environment:checking '/home/deepblue/ros2_autonomous_cpp/install/bringup/bin'
[0.787s] INFO:colcon.colcon_core.shell:Creating package script '/home/deepblue/ros2_autonomous_cpp/install/bringup/share/bringup/package.ps1'
[0.787s] INFO:colcon.colcon_core.shell:Creating package descriptor '/home/deepblue/ros2_autonomous_cpp/install/bringup/share/bringup/package.dsv'
[0.787s] INFO:colcon.colcon_core.shell:Creating package script '/home/deepblue/ros2_autonomous_cpp/install/bringup/share/bringup/package.sh'
[0.788s] INFO:colcon.colcon_core.shell:Creating package script '/home/deepblue/ros2_autonomous_cpp/install/bringup/share/bringup/package.bash'
[0.788s] INFO:colcon.colcon_core.shell:Creating package script '/home/deepblue/ros2_autonomous_cpp/install/bringup/share/bringup/package.zsh'
[0.788s] Level 1:colcon.colcon_core.environment:create_file_with_runtime_dependencies(/home/deepblue/ros2_autonomous_cpp/install/bringup/share/colcon-core/packages/bringup)
[0.788s] DEBUG:colcon.colcon_parallel_executor.executor.parallel:closing loop
[0.788s] DEBUG:colcon.colcon_parallel_executor.executor.parallel:loop closed
[0.788s] DEBUG:colcon.colcon_parallel_executor.executor.parallel:run_until_complete finished with '0'
[0.788s] DEBUG:colcon.colcon_core.event_reactor:joining thread
[0.792s] INFO:colcon.colcon_core.plugin_system:Skipping extension 'colcon_notification.desktop_notification.terminal_notifier': Not used on non-Darwin systems
[0.792s] INFO:colcon.colcon_core.plugin_system:Skipping extension 'colcon_notification.desktop_notification.win32': Not used on non-Windows systems
[0.792s] INFO:colcon.colcon_notification.desktop_notification:Sending desktop notification using 'notify2'
[0.798s] DEBUG:colcon.colcon_core.event_reactor:joined thread
[0.798s] INFO:colcon.colcon_core.shell:Creating prefix script '/home/deepblue/ros2_autonomous_cpp/install/local_setup.ps1'
[0.799s] INFO:colcon.colcon_core.shell:Creating prefix util module '/home/deepblue/ros2_autonomous_cpp/install/_local_setup_util_ps1.py'
[0.799s] INFO:colcon.colcon_core.shell:Creating prefix chain script '/home/deepblue/ros2_autonomous_cpp/install/setup.ps1'
[0.800s] INFO:colcon.colcon_core.shell:Creating prefix script '/home/deepblue/ros2_autonomous_cpp/install/local_setup.sh'
[0.800s] INFO:colcon.colcon_core.shell:Creating prefix util module '/home/deepblue/ros2_autonomous_cpp/install/_local_setup_util_sh.py'
[0.800s] INFO:colcon.colcon_core.shell:Creating prefix chain script '/home/deepblue/ros2_autonomous_cpp/install/setup.sh'
[0.801s] INFO:colcon.colcon_core.shell:Creating prefix script '/home/deepblue/ros2_autonomous_cpp/install/local_setup.bash'
[0.801s] INFO:colcon.colcon_core.shell:Creating prefix chain script '/home/deepblue/ros2_autonomous_cpp/install/setup.bash'
[0.802s] INFO:colcon.colcon_core.shell:Creating prefix script '/home/deepblue/ros2_autonomous_cpp/install/local_setup.zsh'
[0.802s] INFO:colcon.colcon_core.shell:Creating prefix chain script '/home/deepblue/ros2_autonomous_cpp/install/setup.zsh'
