[0.010s] Invoking command in '/home/deepblue/ros2_autonomous_cpp/build/bringup': AMENT_PREFIX_PATH=/home/deepblue/ros2_autonomous_cpp/install/usb_cam_driver:/home/deepblue/ros2_autonomous_cpp/install/ultrasonic_driver:/home/deepblue/ros2_autonomous_cpp/install/rplidar_driver:/home/deepblue/ros2_autonomous_cpp/install/perception_pkg:/home/deepblue/ros2_autonomous_cpp/install/decision:/home/deepblue/ros2_autonomous_cpp/install/arduino_driver:${AMENT_PREFIX_PATH} CMAKE_PREFIX_PATH=/home/deepblue/ros2_autonomous_cpp/install/usb_cam_driver:/home/deepblue/ros2_autonomous_cpp/install/ultrasonic_driver:/home/deepblue/ros2_autonomous_cpp/install/rplidar_driver:/home/deepblue/ros2_autonomous_cpp/install/perception_pkg:/home/deepblue/ros2_autonomous_cpp/install/decision:/home/deepblue/ros2_autonomous_cpp/install/arduino_driver:/opt/ros/humble LD_LIBRARY_PATH=/home/deepblue/ros2_autonomous_cpp/install/perception_pkg/lib:${LD_LIBRARY_PATH} /usr/bin/cmake --build /home/deepblue/ros2_autonomous_cpp/build/bringup -- -j16 -l16
[0.036s] Invoked command in '/home/deepblue/ros2_autonomous_cpp/build/bringup' returned '0': AMENT_PREFIX_PATH=/home/deepblue/ros2_autonomous_cpp/install/usb_cam_driver:/home/deepblue/ros2_autonomous_cpp/install/ultrasonic_driver:/home/deepblue/ros2_autonomous_cpp/install/rplidar_driver:/home/deepblue/ros2_autonomous_cpp/install/perception_pkg:/home/deepblue/ros2_autonomous_cpp/install/decision:/home/deepblue/ros2_autonomous_cpp/install/arduino_driver:${AMENT_PREFIX_PATH} CMAKE_PREFIX_PATH=/home/deepblue/ros2_autonomous_cpp/install/usb_cam_driver:/home/deepblue/ros2_autonomous_cpp/install/ultrasonic_driver:/home/deepblue/ros2_autonomous_cpp/install/rplidar_driver:/home/deepblue/ros2_autonomous_cpp/install/perception_pkg:/home/deepblue/ros2_autonomous_cpp/install/decision:/home/deepblue/ros2_autonomous_cpp/install/arduino_driver:/opt/ros/humble LD_LIBRARY_PATH=/home/deepblue/ros2_autonomous_cpp/install/perception_pkg/lib:${LD_LIBRARY_PATH} /usr/bin/cmake --build /home/deepblue/ros2_autonomous_cpp/build/bringup -- -j16 -l16
[0.037s] Invoking command in '/home/deepblue/ros2_autonomous_cpp/build/bringup': AMENT_PREFIX_PATH=/home/deepblue/ros2_autonomous_cpp/install/usb_cam_driver:/home/deepblue/ros2_autonomous_cpp/install/ultrasonic_driver:/home/deepblue/ros2_autonomous_cpp/install/rplidar_driver:/home/deepblue/ros2_autonomous_cpp/install/perception_pkg:/home/deepblue/ros2_autonomous_cpp/install/decision:/home/deepblue/ros2_autonomous_cpp/install/arduino_driver:${AMENT_PREFIX_PATH} CMAKE_PREFIX_PATH=/home/deepblue/ros2_autonomous_cpp/install/usb_cam_driver:/home/deepblue/ros2_autonomous_cpp/install/ultrasonic_driver:/home/deepblue/ros2_autonomous_cpp/install/rplidar_driver:/home/deepblue/ros2_autonomous_cpp/install/perception_pkg:/home/deepblue/ros2_autonomous_cpp/install/decision:/home/deepblue/ros2_autonomous_cpp/install/arduino_driver:/opt/ros/humble LD_LIBRARY_PATH=/home/deepblue/ros2_autonomous_cpp/install/perception_pkg/lib:${LD_LIBRARY_PATH} /usr/bin/cmake --install /home/deepblue/ros2_autonomous_cpp/build/bringup
[0.042s] -- Install configuration: ""
[0.043s] -- Execute custom install script
[0.043s] -- Up-to-date symlink: /home/deepblue/ros2_autonomous_cpp/install/bringup/share/bringup//launch/mission.launch
[0.043s] -- Symlinking: /home/deepblue/ros2_autonomous_cpp/install/bringup/share/bringup//launch/mission_launch.py
[0.048s] -- Up-to-date symlink: /home/deepblue/ros2_autonomous_cpp/install/bringup/share/bringup//launch/obstacle.launch
[0.049s] -- Up-to-date symlink: /home/deepblue/ros2_autonomous_cpp/install/bringup/share/bringup//launch/parking.launch
[0.049s] -- Up-to-date symlink: /home/deepblue/ros2_autonomous_cpp/install/bringup/share/bringup//launch/track.launch
[0.049s] -- Symlinking: /home/deepblue/ros2_autonomous_cpp/install/bringup/share/bringup//launch/track_launch.py
[0.054s] -- Up-to-date symlink: /home/deepblue/ros2_autonomous_cpp/install/bringup/share/ament_index/resource_index/package_run_dependencies/bringup
[0.054s] -- Up-to-date symlink: /home/deepblue/ros2_autonomous_cpp/install/bringup/share/ament_index/resource_index/parent_prefix_path/bringup
[0.054s] -- Up-to-date symlink: /home/deepblue/ros2_autonomous_cpp/install/bringup/share/bringup/environment/ament_prefix_path.sh
[0.054s] -- Up-to-date symlink: /home/deepblue/ros2_autonomous_cpp/install/bringup/share/bringup/environment/ament_prefix_path.dsv
[0.054s] -- Up-to-date symlink: /home/deepblue/ros2_autonomous_cpp/install/bringup/share/bringup/environment/path.sh
[0.054s] -- Up-to-date symlink: /home/deepblue/ros2_autonomous_cpp/install/bringup/share/bringup/environment/path.dsv
[0.054s] -- Up-to-date symlink: /home/deepblue/ros2_autonomous_cpp/install/bringup/share/bringup/local_setup.bash
[0.054s] -- Up-to-date symlink: /home/deepblue/ros2_autonomous_cpp/install/bringup/share/bringup/local_setup.sh
[0.054s] -- Up-to-date symlink: /home/deepblue/ros2_autonomous_cpp/install/bringup/share/bringup/local_setup.zsh
[0.055s] -- Up-to-date symlink: /home/deepblue/ros2_autonomous_cpp/install/bringup/share/bringup/local_setup.dsv
[0.055s] -- Symlinking: /home/deepblue/ros2_autonomous_cpp/install/bringup/share/bringup/package.dsv
[0.060s] -- Up-to-date symlink: /home/deepblue/ros2_autonomous_cpp/install/bringup/share/ament_index/resource_index/packages/bringup
[0.061s] -- Up-to-date symlink: /home/deepblue/ros2_autonomous_cpp/install/bringup/share/bringup/cmake/bringupConfig.cmake
[0.061s] -- Up-to-date symlink: /home/deepblue/ros2_autonomous_cpp/install/bringup/share/bringup/cmake/bringupConfig-version.cmake
[0.061s] -- Up-to-date symlink: /home/deepblue/ros2_autonomous_cpp/install/bringup/share/bringup/package.xml
[0.063s] Invoked command in '/home/deepblue/ros2_autonomous_cpp/build/bringup' returned '0': AMENT_PREFIX_PATH=/home/deepblue/ros2_autonomous_cpp/install/usb_cam_driver:/home/deepblue/ros2_autonomous_cpp/install/ultrasonic_driver:/home/deepblue/ros2_autonomous_cpp/install/rplidar_driver:/home/deepblue/ros2_autonomous_cpp/install/perception_pkg:/home/deepblue/ros2_autonomous_cpp/install/decision:/home/deepblue/ros2_autonomous_cpp/install/arduino_driver:${AMENT_PREFIX_PATH} CMAKE_PREFIX_PATH=/home/deepblue/ros2_autonomous_cpp/install/usb_cam_driver:/home/deepblue/ros2_autonomous_cpp/install/ultrasonic_driver:/home/deepblue/ros2_autonomous_cpp/install/rplidar_driver:/home/deepblue/ros2_autonomous_cpp/install/perception_pkg:/home/deepblue/ros2_autonomous_cpp/install/decision:/home/deepblue/ros2_autonomous_cpp/install/arduino_driver:/opt/ros/humble LD_LIBRARY_PATH=/home/deepblue/ros2_autonomous_cpp/install/perception_pkg/lib:${LD_LIBRARY_PATH} /usr/bin/cmake --install /home/deepblue/ros2_autonomous_cpp/build/bringup
