[0.009s] Invoking command in '/home/deepblue/ros2_autonomous_cpp/build/usb_cam_driver': CMAKE_PREFIX_PATH=/opt/ros/humble /usr/bin/cmake /home/deepblue/ros2_autonomous_cpp/src/drivers/usb_cam_driver -DAMENT_CMAKE_SYMLINK_INSTALL=1 -DCMAKE_INSTALL_PREFIX=/home/deepblue/ros2_autonomous_cpp/install/usb_cam_driver
[0.044s] -- The C compiler identification is GNU 11.4.0
[0.075s] -- The CXX compiler identification is GNU 11.4.0
[0.079s] -- Detecting C compiler ABI info
[0.118s] -- Detecting C compiler ABI info - done
[0.123s] -- Check for working C compiler: /usr/bin/cc - skipped
[0.123s] -- Detecting C compile features
[0.124s] -- Detecting C compile features - done
[0.126s] -- Detecting CXX compiler ABI info
[0.171s] -- Detecting CXX compiler ABI info - done
[0.176s] -- Check for working CXX compiler: /usr/bin/c++ - skipped
[0.176s] -- Detecting CXX compile features
[0.176s] -- Detecting CXX compile features - done
[0.178s] -- Found ament_cmake: 1.3.12 (/opt/ros/humble/share/ament_cmake/cmake)
[0.276s] -- Found Python3: /usr/bin/python3 (found version "3.10.12") found components: Interpreter 
[0.319s] -- Override CMake install command with custom implementation using symlinks instead of copying resources
[0.332s] -- Found ament_lint_auto: 0.12.14 (/opt/ros/humble/share/ament_lint_auto/cmake)
[0.380s] -- Added test 'copyright' to check source files copyright and LICENSE
[0.381s] -- Added test 'lint_cmake' to check CMake code style
[0.382s] -- Added test 'xmllint' to check XML markup files
[0.382s] -- Configuring done
[0.386s] -- Generating done
[0.386s] -- Build files have been written to: /home/deepblue/ros2_autonomous_cpp/build/usb_cam_driver
[0.388s] Invoked command in '/home/deepblue/ros2_autonomous_cpp/build/usb_cam_driver' returned '0': CMAKE_PREFIX_PATH=/opt/ros/humble /usr/bin/cmake /home/deepblue/ros2_autonomous_cpp/src/drivers/usb_cam_driver -DAMENT_CMAKE_SYMLINK_INSTALL=1 -DCMAKE_INSTALL_PREFIX=/home/deepblue/ros2_autonomous_cpp/install/usb_cam_driver
[0.389s] Invoking command in '/home/deepblue/ros2_autonomous_cpp/build/usb_cam_driver': CMAKE_PREFIX_PATH=/opt/ros/humble /usr/bin/cmake --build /home/deepblue/ros2_autonomous_cpp/build/usb_cam_driver -- -j16 -l16
[0.416s] Invoked command in '/home/deepblue/ros2_autonomous_cpp/build/usb_cam_driver' returned '0': CMAKE_PREFIX_PATH=/opt/ros/humble /usr/bin/cmake --build /home/deepblue/ros2_autonomous_cpp/build/usb_cam_driver -- -j16 -l16
[0.418s] Invoking command in '/home/deepblue/ros2_autonomous_cpp/build/usb_cam_driver': CMAKE_PREFIX_PATH=/opt/ros/humble /usr/bin/cmake --install /home/deepblue/ros2_autonomous_cpp/build/usb_cam_driver
[0.421s] -- Install configuration: ""
[0.421s] -- Execute custom install script
[0.421s] -- Symlinking: /home/deepblue/ros2_autonomous_cpp/install/usb_cam_driver/share/usb_cam_driver//launch/usb_cam.launch
[0.426s] -- Symlinking: /home/deepblue/ros2_autonomous_cpp/install/usb_cam_driver/share/usb_cam_driver//config/usb_cam.yaml
[0.431s] -- Symlinking: /home/deepblue/ros2_autonomous_cpp/install/usb_cam_driver/share/ament_index/resource_index/package_run_dependencies/usb_cam_driver
[0.435s] -- Symlinking: /home/deepblue/ros2_autonomous_cpp/install/usb_cam_driver/share/ament_index/resource_index/parent_prefix_path/usb_cam_driver
[0.439s] -- Symlinking: /home/deepblue/ros2_autonomous_cpp/install/usb_cam_driver/share/usb_cam_driver/environment/ament_prefix_path.sh
[0.445s] -- Symlinking: /home/deepblue/ros2_autonomous_cpp/install/usb_cam_driver/share/usb_cam_driver/environment/ament_prefix_path.dsv
[0.450s] -- Symlinking: /home/deepblue/ros2_autonomous_cpp/install/usb_cam_driver/share/usb_cam_driver/environment/path.sh
[0.455s] -- Symlinking: /home/deepblue/ros2_autonomous_cpp/install/usb_cam_driver/share/usb_cam_driver/environment/path.dsv
[0.460s] -- Symlinking: /home/deepblue/ros2_autonomous_cpp/install/usb_cam_driver/share/usb_cam_driver/local_setup.bash
[0.465s] -- Symlinking: /home/deepblue/ros2_autonomous_cpp/install/usb_cam_driver/share/usb_cam_driver/local_setup.sh
[0.469s] -- Symlinking: /home/deepblue/ros2_autonomous_cpp/install/usb_cam_driver/share/usb_cam_driver/local_setup.zsh
[0.474s] -- Symlinking: /home/deepblue/ros2_autonomous_cpp/install/usb_cam_driver/share/usb_cam_driver/local_setup.dsv
[0.480s] -- Symlinking: /home/deepblue/ros2_autonomous_cpp/install/usb_cam_driver/share/usb_cam_driver/package.dsv
[0.484s] -- Symlinking: /home/deepblue/ros2_autonomous_cpp/install/usb_cam_driver/share/ament_index/resource_index/packages/usb_cam_driver
[0.489s] -- Symlinking: /home/deepblue/ros2_autonomous_cpp/install/usb_cam_driver/share/usb_cam_driver/cmake/usb_cam_driverConfig.cmake
[0.495s] -- Symlinking: /home/deepblue/ros2_autonomous_cpp/install/usb_cam_driver/share/usb_cam_driver/cmake/usb_cam_driverConfig-version.cmake
[0.499s] -- Symlinking: /home/deepblue/ros2_autonomous_cpp/install/usb_cam_driver/share/usb_cam_driver/package.xml
[0.505s] Invoked command in '/home/deepblue/ros2_autonomous_cpp/build/usb_cam_driver' returned '0': CMAKE_PREFIX_PATH=/opt/ros/humble /usr/bin/cmake --install /home/deepblue/ros2_autonomous_cpp/build/usb_cam_driver
