[0.015s] Invoking command in '/home/deepblue/ros2_autonomous_cpp/build/decision': CMAKE_PREFIX_PATH=/opt/ros/humble /usr/bin/cmake --build /home/deepblue/ros2_autonomous_cpp/build/decision -- -j16 -l16
[0.057s] [100%] Built target lidar_obstacle_node
[0.057s] [100%] Built target decision_node
[0.065s] Invoked command in '/home/deepblue/ros2_autonomous_cpp/build/decision' returned '0': CMAKE_PREFIX_PATH=/opt/ros/humble /usr/bin/cmake --build /home/deepblue/ros2_autonomous_cpp/build/decision -- -j16 -l16
[0.066s] Invoking command in '/home/deepblue/ros2_autonomous_cpp/build/decision': CMAKE_PREFIX_PATH=/opt/ros/humble /usr/bin/cmake --install /home/deepblue/ros2_autonomous_cpp/build/decision
[0.085s] -- Install configuration: ""
[0.085s] -- Execute custom install script
[0.085s] -- Up-to-date symlink: /home/deepblue/ros2_autonomous_cpp/install/decision/lib/decision/decision_node
[0.086s] -- Up-to-date symlink: /home/deepblue/ros2_autonomous_cpp/install/decision/lib/decision/lidar_obstacle_node
[0.086s] -- Up-to-date symlink: /home/deepblue/ros2_autonomous_cpp/install/decision/lib/decision/decision_node.py
[0.086s] -- Up-to-date symlink: /home/deepblue/ros2_autonomous_cpp/install/decision/lib/decision/decision_node_2026.py
[0.086s] -- Up-to-date symlink: /home/deepblue/ros2_autonomous_cpp/install/decision/lib/decision/decision_node_ai.py
[0.086s] -- Up-to-date symlink: /home/deepblue/ros2_autonomous_cpp/install/decision/lib/decision/lidar_obstacle_node.py
[0.086s] -- Up-to-date symlink: /home/deepblue/ros2_autonomous_cpp/install/decision/include/decision/decision_node.hpp
[0.086s] -- Up-to-date symlink: /home/deepblue/ros2_autonomous_cpp/install/decision/include/decision/lidar_obstacle_node.hpp
[0.086s] -- Up-to-date symlink: /home/deepblue/ros2_autonomous_cpp/install/decision/share/ament_index/resource_index/package_run_dependencies/decision
[0.086s] -- Up-to-date symlink: /home/deepblue/ros2_autonomous_cpp/install/decision/share/ament_index/resource_index/parent_prefix_path/decision
[0.086s] -- Up-to-date symlink: /home/deepblue/ros2_autonomous_cpp/install/decision/share/decision/environment/ament_prefix_path.sh
[0.087s] -- Up-to-date symlink: /home/deepblue/ros2_autonomous_cpp/install/decision/share/decision/environment/ament_prefix_path.dsv
[0.087s] -- Up-to-date symlink: /home/deepblue/ros2_autonomous_cpp/install/decision/share/decision/environment/path.sh
[0.087s] -- Up-to-date symlink: /home/deepblue/ros2_autonomous_cpp/install/decision/share/decision/environment/path.dsv
[0.087s] -- Up-to-date symlink: /home/deepblue/ros2_autonomous_cpp/install/decision/share/decision/local_setup.bash
[0.087s] -- Up-to-date symlink: /home/deepblue/ros2_autonomous_cpp/install/decision/share/decision/local_setup.sh
[0.087s] -- Up-to-date symlink: /home/deepblue/ros2_autonomous_cpp/install/decision/share/decision/local_setup.zsh
[0.087s] -- Up-to-date symlink: /home/deepblue/ros2_autonomous_cpp/install/decision/share/decision/local_setup.dsv
[0.087s] -- Symlinking: /home/deepblue/ros2_autonomous_cpp/install/decision/share/decision/package.dsv
[0.087s] -- Up-to-date symlink: /home/deepblue/ros2_autonomous_cpp/install/decision/share/ament_index/resource_index/packages/decision
[0.087s] -- Up-to-date symlink: /home/deepblue/ros2_autonomous_cpp/install/decision/share/decision/cmake/decisionConfig.cmake
[0.087s] -- Up-to-date symlink: /home/deepblue/ros2_autonomous_cpp/install/decision/share/decision/cmake/decisionConfig-version.cmake
[0.087s] -- Up-to-date symlink: /home/deepblue/ros2_autonomous_cpp/install/decision/share/decision/package.xml
[0.106s] Invoked command in '/home/deepblue/ros2_autonomous_cpp/build/decision' returned '0': CMAKE_PREFIX_PATH=/opt/ros/humble /usr/bin/cmake --install /home/deepblue/ros2_autonomous_cpp/build/decision
