[0.012s] Invoking command in '/home/deepblue/ros2_autonomous_cpp/build/rplidar_driver': CMAKE_PREFIX_PATH=/opt/ros/humble /usr/bin/cmake /home/deepblue/ros2_autonomous_cpp/src/drivers/rplidar_driver -DCMAKE_INSTALL_PREFIX=/home/deepblue/ros2_autonomous_cpp/install/rplidar_driver
[0.019s] -- Found ament_cmake: 1.3.12 (/opt/ros/humble/share/ament_cmake/cmake)
[0.094s] -- Override CMake install command with custom implementation using symlinks instead of copying resources
[0.113s] -- Found ament_lint_auto: 0.12.14 (/opt/ros/humble/share/ament_lint_auto/cmake)
[0.146s] -- Added test 'copyright' to check source files copyright and LICENSE
[0.147s] -- Added test 'lint_cmake' to check CMake code style
[0.147s] -- Added test 'xmllint' to check XML markup files
[0.148s] -- Configuring done
[0.150s] -- Generating done
[0.151s] -- Build files have been written to: /home/deepblue/ros2_autonomous_cpp/build/rplidar_driver
[0.154s] Invoked command in '/home/deepblue/ros2_autonomous_cpp/build/rplidar_driver' returned '0': CMAKE_PREFIX_PATH=/opt/ros/humble /usr/bin/cmake /home/deepblue/ros2_autonomous_cpp/src/drivers/rplidar_driver -DCMAKE_INSTALL_PREFIX=/home/deepblue/ros2_autonomous_cpp/install/rplidar_driver
[0.155s] Invoking command in '/home/deepblue/ros2_autonomous_cpp/build/rplidar_driver': CMAKE_PREFIX_PATH=/opt/ros/humble /usr/bin/cmake --build /home/deepblue/ros2_autonomous_cpp/build/rplidar_driver -- -j16 -l16
[0.177s] Invoked command in '/home/deepblue/ros2_autonomous_cpp/build/rplidar_driver' returned '0': CMAKE_PREFIX_PATH=/opt/ros/humble /usr/bin/cmake --build /home/deepblue/ros2_autonomous_cpp/build/rplidar_driver -- -j16 -l16
[0.179s] Invoking command in '/home/deepblue/ros2_autonomous_cpp/build/rplidar_driver': CMAKE_PREFIX_PATH=/opt/ros/humble /usr/bin/cmake --install /home/deepblue/ros2_autonomous_cpp/build/rplidar_driver
[0.184s] -- Install configuration: ""
[0.184s] -- Execute custom install script
[0.184s] -- Up-to-date symlink: /home/deepblue/ros2_autonomous_cpp/install/rplidar_driver/share/rplidar_driver//launch/rplidar.launch
[0.184s] -- Up-to-date symlink: /home/deepblue/ros2_autonomous_cpp/install/rplidar_driver/share/rplidar_driver//config/rplidar.yaml
[0.184s] -- Up-to-date symlink: /home/deepblue/ros2_autonomous_cpp/install/rplidar_driver/share/ament_index/resource_index/package_run_dependencies/rplidar_driver
[0.185s] -- Up-to-date symlink: /home/deepblue/ros2_autonomous_cpp/install/rplidar_driver/share/ament_index/resource_index/parent_prefix_path/rplidar_driver
[0.185s] -- Up-to-date symlink: /home/deepblue/ros2_autonomous_cpp/install/rplidar_driver/share/rplidar_driver/environment/ament_prefix_path.sh
[0.185s] -- Up-to-date symlink: /home/deepblue/ros2_autonomous_cpp/install/rplidar_driver/share/rplidar_driver/environment/ament_prefix_path.dsv
[0.185s] -- Up-to-date symlink: /home/deepblue/ros2_autonomous_cpp/install/rplidar_driver/share/rplidar_driver/environment/path.sh
[0.185s] -- Up-to-date symlink: /home/deepblue/ros2_autonomous_cpp/install/rplidar_driver/share/rplidar_driver/environment/path.dsv
[0.185s] -- Up-to-date symlink: /home/deepblue/ros2_autonomous_cpp/install/rplidar_driver/share/rplidar_driver/local_setup.bash
[0.185s] -- Up-to-date symlink: /home/deepblue/ros2_autonomous_cpp/install/rplidar_driver/share/rplidar_driver/local_setup.sh
[0.185s] -- Up-to-date symlink: /home/deepblue/ros2_autonomous_cpp/install/rplidar_driver/share/rplidar_driver/local_setup.zsh
[0.186s] -- Up-to-date symlink: /home/deepblue/ros2_autonomous_cpp/install/rplidar_driver/share/rplidar_driver/local_setup.dsv
[0.186s] -- Symlinking: /home/deepblue/ros2_autonomous_cpp/install/rplidar_driver/share/rplidar_driver/package.dsv
[0.191s] -- Up-to-date symlink: /home/deepblue/ros2_autonomous_cpp/install/rplidar_driver/share/ament_index/resource_index/packages/rplidar_driver
[0.191s] -- Up-to-date symlink: /home/deepblue/ros2_autonomous_cpp/install/rplidar_driver/share/rplidar_driver/cmake/rplidar_driverConfig.cmake
[0.191s] -- Up-to-date symlink: /home/deepblue/ros2_autonomous_cpp/install/rplidar_driver/share/rplidar_driver/cmake/rplidar_driverConfig-version.cmake
[0.191s] -- Up-to-date symlink: /home/deepblue/ros2_autonomous_cpp/install/rplidar_driver/share/rplidar_driver/package.xml
[0.192s] Invoked command in '/home/deepblue/ros2_autonomous_cpp/build/rplidar_driver' returned '0': CMAKE_PREFIX_PATH=/opt/ros/humble /usr/bin/cmake --install /home/deepblue/ros2_autonomous_cpp/build/rplidar_driver
