[0.016s] Invoking command in '/home/deepblue/ros2_autonomous_cpp/build/common': CMAKE_PREFIX_PATH=/opt/ros/humble /usr/bin/cmake --build /home/deepblue/ros2_autonomous_cpp/build/common -- -j16 -l16
[0.044s] Invoked command in '/home/deepblue/ros2_autonomous_cpp/build/common' returned '0': CMAKE_PREFIX_PATH=/opt/ros/humble /usr/bin/cmake --build /home/deepblue/ros2_autonomous_cpp/build/common -- -j16 -l16
[0.045s] Invoking command in '/home/deepblue/ros2_autonomous_cpp/build/common': CMAKE_PREFIX_PATH=/opt/ros/humble /usr/bin/cmake --install /home/deepblue/ros2_autonomous_cpp/build/common
[0.049s] -- Install configuration: ""
[0.049s] -- Execute custom install script
[0.050s] -- Up-to-date symlink: /home/deepblue/ros2_autonomous_cpp/install/common/lib/common/lidar_monitor.py
[0.050s] -- Up-to-date symlink: /home/deepblue/ros2_autonomous_cpp/install/common/lib/common/ultrasonic_monitor.py
[0.051s] -- Up-to-date symlink: /home/deepblue/ros2_autonomous_cpp/install/common/share/common//launch/sensor_debug.launch
[0.051s] -- Up-to-date symlink: /home/deepblue/ros2_autonomous_cpp/install/common/share/ament_index/resource_index/package_run_dependencies/common
[0.051s] -- Up-to-date symlink: /home/deepblue/ros2_autonomous_cpp/install/common/share/ament_index/resource_index/parent_prefix_path/common
[0.052s] -- Up-to-date symlink: /home/deepblue/ros2_autonomous_cpp/install/common/share/common/environment/ament_prefix_path.sh
[0.052s] -- Up-to-date symlink: /home/deepblue/ros2_autonomous_cpp/install/common/share/common/environment/ament_prefix_path.dsv
[0.052s] -- Up-to-date symlink: /home/deepblue/ros2_autonomous_cpp/install/common/share/common/environment/path.sh
[0.052s] -- Up-to-date symlink: /home/deepblue/ros2_autonomous_cpp/install/common/share/common/environment/path.dsv
[0.052s] -- Up-to-date symlink: /home/deepblue/ros2_autonomous_cpp/install/common/share/common/local_setup.bash
[0.053s] -- Up-to-date symlink: /home/deepblue/ros2_autonomous_cpp/install/common/share/common/local_setup.sh
[0.053s] -- Up-to-date symlink: /home/deepblue/ros2_autonomous_cpp/install/common/share/common/local_setup.zsh
[0.053s] -- Up-to-date symlink: /home/deepblue/ros2_autonomous_cpp/install/common/share/common/local_setup.dsv
[0.053s] -- Symlinking: /home/deepblue/ros2_autonomous_cpp/install/common/share/common/package.dsv
[0.060s] -- Up-to-date symlink: /home/deepblue/ros2_autonomous_cpp/install/common/share/ament_index/resource_index/packages/common
[0.060s] -- Up-to-date symlink: /home/deepblue/ros2_autonomous_cpp/install/common/share/common/cmake/commonConfig.cmake
[0.060s] -- Up-to-date symlink: /home/deepblue/ros2_autonomous_cpp/install/common/share/common/cmake/commonConfig-version.cmake
[0.060s] -- Up-to-date symlink: /home/deepblue/ros2_autonomous_cpp/install/common/share/common/package.xml
[0.062s] Invoked command in '/home/deepblue/ros2_autonomous_cpp/build/common' returned '0': CMAKE_PREFIX_PATH=/opt/ros/humble /usr/bin/cmake --install /home/deepblue/ros2_autonomous_cpp/build/common
