[0.013s] Invoking command in '/home/deepblue/ros2_autonomous_cpp/build/usb_cam_driver': CMAKE_PREFIX_PATH=/opt/ros/humble /usr/bin/cmake /home/deepblue/ros2_autonomous_cpp/src/drivers/usb_cam_driver -DCMAKE_INSTALL_PREFIX=/home/deepblue/ros2_autonomous_cpp/install/usb_cam_driver
[0.019s] -- Found ament_cmake: 1.3.12 (/opt/ros/humble/share/ament_cmake/cmake)
[0.110s] -- Override CMake install command with custom implementation using symlinks instead of copying resources
[0.110s] -- Found ament_lint_auto: 0.12.14 (/opt/ros/humble/share/ament_lint_auto/cmake)
[0.147s] -- Added test 'copyright' to check source files copyright and LICENSE
[0.149s] -- Added test 'lint_cmake' to check CMake code style
[0.149s] -- Added test 'xmllint' to check XML markup files
[0.150s] -- Configuring done
[0.153s] -- Generating done
[0.153s] -- Build files have been written to: /home/deepblue/ros2_autonomous_cpp/build/usb_cam_driver
[0.155s] Invoked command in '/home/deepblue/ros2_autonomous_cpp/build/usb_cam_driver' returned '0': CMAKE_PREFIX_PATH=/opt/ros/humble /usr/bin/cmake /home/deepblue/ros2_autonomous_cpp/src/drivers/usb_cam_driver -DCMAKE_INSTALL_PREFIX=/home/deepblue/ros2_autonomous_cpp/install/usb_cam_driver
[0.156s] Invoking command in '/home/deepblue/ros2_autonomous_cpp/build/usb_cam_driver': CMAKE_PREFIX_PATH=/opt/ros/humble /usr/bin/cmake --build /home/deepblue/ros2_autonomous_cpp/build/usb_cam_driver -- -j16 -l16
[0.178s] Invoked command in '/home/deepblue/ros2_autonomous_cpp/build/usb_cam_driver' returned '0': CMAKE_PREFIX_PATH=/opt/ros/humble /usr/bin/cmake --build /home/deepblue/ros2_autonomous_cpp/build/usb_cam_driver -- -j16 -l16
[0.179s] Invoking command in '/home/deepblue/ros2_autonomous_cpp/build/usb_cam_driver': CMAKE_PREFIX_PATH=/opt/ros/humble /usr/bin/cmake --install /home/deepblue/ros2_autonomous_cpp/build/usb_cam_driver
[0.184s] -- Install configuration: ""
[0.185s] -- Execute custom install script
[0.185s] -- Up-to-date symlink: /home/deepblue/ros2_autonomous_cpp/install/usb_cam_driver/share/usb_cam_driver//launch/usb_cam.launch
[0.185s] -- Up-to-date symlink: /home/deepblue/ros2_autonomous_cpp/install/usb_cam_driver/share/usb_cam_driver//config/usb_cam.yaml
[0.185s] -- Up-to-date symlink: /home/deepblue/ros2_autonomous_cpp/install/usb_cam_driver/share/ament_index/resource_index/package_run_dependencies/usb_cam_driver
[0.185s] -- Up-to-date symlink: /home/deepblue/ros2_autonomous_cpp/install/usb_cam_driver/share/ament_index/resource_index/parent_prefix_path/usb_cam_driver
[0.185s] -- Up-to-date symlink: /home/deepblue/ros2_autonomous_cpp/install/usb_cam_driver/share/usb_cam_driver/environment/ament_prefix_path.sh
[0.185s] -- Up-to-date symlink: /home/deepblue/ros2_autonomous_cpp/install/usb_cam_driver/share/usb_cam_driver/environment/ament_prefix_path.dsv
[0.185s] -- Up-to-date symlink: /home/deepblue/ros2_autonomous_cpp/install/usb_cam_driver/share/usb_cam_driver/environment/path.sh
[0.185s] -- Up-to-date symlink: /home/deepblue/ros2_autonomous_cpp/install/usb_cam_driver/share/usb_cam_driver/environment/path.dsv
[0.185s] -- Up-to-date symlink: /home/deepblue/ros2_autonomous_cpp/install/usb_cam_driver/share/usb_cam_driver/local_setup.bash
[0.185s] -- Up-to-date symlink: /home/deepblue/ros2_autonomous_cpp/install/usb_cam_driver/share/usb_cam_driver/local_setup.sh
[0.185s] -- Up-to-date symlink: /home/deepblue/ros2_autonomous_cpp/install/usb_cam_driver/share/usb_cam_driver/local_setup.zsh
[0.186s] -- Up-to-date symlink: /home/deepblue/ros2_autonomous_cpp/install/usb_cam_driver/share/usb_cam_driver/local_setup.dsv
[0.186s] -- Symlinking: /home/deepblue/ros2_autonomous_cpp/install/usb_cam_driver/share/usb_cam_driver/package.dsv
[0.197s] -- Up-to-date symlink: /home/deepblue/ros2_autonomous_cpp/install/usb_cam_driver/share/ament_index/resource_index/packages/usb_cam_driver
[0.197s] -- Up-to-date symlink: /home/deepblue/ros2_autonomous_cpp/install/usb_cam_driver/share/usb_cam_driver/cmake/usb_cam_driverConfig.cmake
[0.197s] -- Up-to-date symlink: /home/deepblue/ros2_autonomous_cpp/install/usb_cam_driver/share/usb_cam_driver/cmake/usb_cam_driverConfig-version.cmake
[0.197s] -- Up-to-date symlink: /home/deepblue/ros2_autonomous_cpp/install/usb_cam_driver/share/usb_cam_driver/package.xml
[0.203s] Invoked command in '/home/deepblue/ros2_autonomous_cpp/build/usb_cam_driver' returned '0': CMAKE_PREFIX_PATH=/opt/ros/humble /usr/bin/cmake --install /home/deepblue/ros2_autonomous_cpp/build/usb_cam_driver
